# Time-averaged data for fix 3
# TimeStep v_my_temp
100 121.176
200 124.22
300 125.266
400 124.512
500 123.445
600 123.38
700 123.825
800 124.175
900 123.764
1000 123.426
1100 123.529
1200 123.658
1300 123.548
1400 123.536
1500 123.699
1600 124.02
1700 124.025
1800 123.832
1900 123.795
2000 123.871
2100 123.918
2200 123.715
2300 123.46
2400 123.394
2500 123.462
2600 123.52
2700 123.475
2800 123.431
2900 123.451
3000 123.54
3100 123.591
3200 123.567
3300 123.455
3400 123.355
3500 123.448
3600 123.568
3700 123.556
3800 123.511
3900 123.521
4000 123.639
4100 123.865
4200 123.942
4300 123.963
4400 123.915
4500 123.882
4600 123.955
4700 124.076
4800 124.073
4900 124.066
5000 124.052
5100 124.081
5200 124.114
5300 124.168
5400 124.101
5500 124.06
5600 124.078
5700 124.16
5800 124.222
5900 124.23
6000 124.203
6100 124.175
6200 124.241
6300 124.317
6400 124.32
6500 124.289
6600 124.287
6700 124.318
6800 124.316
6900 124.247
7000 124.226
7100 124.272
7200 124.329
7300 124.32
7400 124.294
7500 124.271
7600 124.336
7700 124.385
7800 124.411
7900 124.402
8000 124.395
8100 124.368
8200 124.38
8300 124.418
8400 124.422
8500 124.373
8600 124.336
8700 124.333
8800 124.364
8900 124.379
9000 124.353
9100 124.319
9200 124.368
9300 124.412
9400 124.415
9500 124.409
9600 124.404
9700 124.406
9800 124.392
9900 124.376
10000 124.385
10100 124.41
10200 124.423
10300 124.38
10400 124.353
10500 124.357
10600 124.375
10700 124.375
10800 124.371
10900 124.369
11000 124.363
11100 124.356
11200 124.34
11300 124.341
11400 124.366
11500 124.386
11600 124.353
11700 124.314
11800 124.31
11900 124.32
12000 124.319
12100 124.294
12200 124.235
12300 124.21
12400 124.219
12500 124.23
12600 124.217
12700 124.191
12800 124.197
12900 124.228
13000 124.24
13100 124.223
13200 124.199
13300 124.194
13400 124.192
13500 124.193
13600 124.199
13700 124.178
13800 124.149
13900 124.151
14000 124.172
14100 124.185
14200 124.168
14300 124.159
14400 124.163
14500 124.159
14600 124.173
14700 124.201
14800 124.205
14900 124.188
15000 124.163
15100 124.167
15200 124.18
15300 124.18
15400 124.169
15500 124.165
15600 124.191
15700 124.216
15800 124.209
15900 124.192
16000 124.194
16100 124.201
16200 124.208
16300 124.214
16400 124.195
16500 124.179
16600 124.19
16700 124.216
16800 124.209
16900 124.185
17000 124.173
17100 124.17
17200 124.177
17300 124.19
17400 124.188
17500 124.157
17600 124.133
17700 124.139
17800 124.139
17900 124.133
18000 124.137
18100 124.16
18200 124.171
18300 124.161
18400 124.145
18500 124.142
18600 124.155
18700 124.168
18800 124.152
18900 124.127
19000 124.127
19100 124.14
19200 124.143
19300 124.126
19400 124.101
19500 124.108
19600 124.13
19700 124.134
19800 124.114
19900 124.109
20000 124.118
20100 124.118
20200 124.125
20300 124.125
20400 124.13
20500 124.118
20600 124.092
20700 124.096
20800 124.114
20900 124.117
21000 124.105
21100 124.094
21200 124.114
21300 124.129
21400 124.126
21500 124.118
21600 124.128
21700 124.142
21800 124.142
21900 124.124
22000 124.116
22100 124.136
22200 124.148
22300 124.148
22400 124.147
22500 124.15
22600 124.138
22700 124.114
22800 124.106
22900 124.12
23000 124.128
23100 124.12
23200 124.112
23300 124.108
23400 124.127
23500 124.14
23600 124.134
23700 124.123
23800 124.122
23900 124.127
24000 124.152
24100 124.185
24200 124.199
24300 124.194
24400 124.183
24500 124.184
24600 124.202
24700 124.206
24800 124.192
24900 124.182
25000 124.187
25100 124.199
25200 124.193
25300 124.176
25400 124.155
25500 124.152
25600 124.163
25700 124.167
25800 124.163
25900 124.146
26000 124.149
26100 124.16
26200 124.168
26300 124.162
26400 124.159
26500 124.168
26600 124.188
26700 124.197
26800 124.187
26900 124.181
27000 124.186
27100 124.199
27200 124.217
27300 124.206
27400 124.195
27500 124.202
27600 124.209
27700 124.207
27800 124.192
27900 124.179
28000 124.186
28100 124.192
28200 124.193
28300 124.188
28400 124.184
28500 124.187
28600 124.2
28700 124.206
28800 124.198
28900 124.186
29000 124.188
29100 124.193
29200 124.192
29300 124.19
29400 124.189
29500 124.201
29600 124.218
29700 124.217
29800 124.206
29900 124.204
30000 124.214
30100 124.213
30200 124.199
30300 124.167
30400 124.146
30500 124.139
30600 124.144
30700 124.149
30800 124.15
30900 124.134
31000 124.123
31100 124.127
31200 124.131
31300 124.135
31400 124.133
31500 124.119
31600 124.116
31700 124.127
31800 124.139
31900 124.132
32000 124.124
32100 124.13
32200 124.142
32300 124.137
32400 124.125
32500 124.125
32600 124.131
32700 124.144
32800 124.141
32900 124.128
33000 124.125
33100 124.131
33200 124.136
33300 124.13
33400 124.11
33500 124.088
33600 124.082
33700 124.084
33800 124.087
33900 124.093
34000 124.082
34100 124.068
34200 124.064
34300 124.068
34400 124.072
34500 124.069
34600 124.052
34700 124.058
34800 124.069
34900 124.068
35000 124.06
35100 124.059
35200 124.072
35300 124.086
35400 124.084
35500 124.076
35600 124.077
35700 124.082
35800 124.09
35900 124.077
36000 124.071
36100 124.069
36200 124.076
36300 124.078
36400 124.069
36500 124.054
36600 124.044
36700 124.05
36800 124.056
36900 124.053
37000 124.044
37100 124.037
37200 124.049
37300 124.056
37400 124.051
37500 124.047
37600 124.046
37700 124.065
37800 124.079
37900 124.085
38000 124.077
38100 124.077
38200 124.086
38300 124.095
38400 124.092
38500 124.082
38600 124.079
38700 124.087
38800 124.096
38900 124.099
39000 124.096
39100 124.095
39200 124.096
39300 124.11
39400 124.113
39500 124.108
39600 124.101
39700 124.105
39800 124.105
39900 124.104
40000 124.104
40100 124.101
40200 124.106
40300 124.117
40400 124.122
40500 124.115
40600 124.111
40700 124.114
40800 124.12
40900 124.139
41000 124.142
41100 124.139
41200 124.135
41300 124.138
41400 124.15
41500 124.153
41600 124.145
41700 124.139
41800 124.141
41900 124.147
42000 124.151
42100 124.151
42200 124.149
42300 124.148
42400 124.151
42500 124.157
42600 124.168
42700 124.166
42800 124.157
42900 124.154
43000 124.156
43100 124.161
43200 124.156
43300 124.144
43400 124.142
43500 124.143
43600 124.149
43700 124.146
43800 124.132
43900 124.122
44000 124.12
44100 124.123
44200 124.128
44300 124.124
44400 124.113
44500 124.106
44600 124.104
44700 124.108
44800 124.107
44900 124.1
45000 124.087
45100 124.079
45200 124.082
45300 124.083
45400 124.084
45500 124.075
45600 124.065
45700 124.068
45800 124.073
45900 124.076
46000 124.071
46100 124.067
46200 124.072
46300 124.088
46400 124.095
46500 124.093
46600 124.087
46700 124.09
46800 124.096
46900 124.107
47000 124.108
47100 124.1
47200 124.097
47300 124.099
47400 124.106
47500 124.104
47600 124.095
47700 124.093
47800 124.097
47900 124.102
48000 124.094
48100 124.083
48200 124.084
48300 124.091
48400 124.095
48500 124.088
48600 124.082
48700 124.084
48800 124.085
48900 124.087
49000 124.083
49100 124.078
49200 124.07
49300 124.07
49400 124.079
49500 124.079
49600 124.075
49700 124.07
49800 124.07
49900 124.069
50000 124.074
50100 124.08
50200 124.073
50300 124.067
50400 124.069
50500 124.075
50600 124.077
50700 124.073
50800 124.072
50900 124.073
51000 124.077
51100 124.074
51200 124.058
51300 124.04
51400 124.032
51500 124.031
51600 124.033
51700 124.038
51800 124.037
51900 124.028
52000 124.021
52100 124.019
52200 124.022
52300 124.022
52400 124.017
52500 124.01
52600 124.012
52700 124.019
52800 124.022
52900 124.016
53000 124.012
53100 124.015
53200 124.018
53300 124.018
53400 124.017
53500 124.017
53600 124.024
53700 124.036
53800 124.033
53900 124.03
54000 124.03
54100 124.035
54200 124.049
54300 124.056
54400 124.051
54500 124.046
54600 124.051
54700 124.056
54800 124.052
54900 124.043
55000 124.04
55100 124.044
55200 124.047
55300 124.045
55400 124.041
55500 124.043
55600 124.052
55700 124.058
55800 124.051
55900 124.047
56000 124.049
56100 124.052
56200 124.051
56300 124.042
56400 124.034
56500 124.033
56600 124.036
56700 124.038
56800 124.031
56900 124.022
57000 124.025
57100 124.03
57200 124.03
57300 124.027
57400 124.026
57500 124.034
57600 124.04
57700 124.036
57800 124.031
57900 124.03
58000 124.031
58100 124.033
58200 124.032
58300 124.018
58400 124.008
58500 124.003
58600 124.004
58700 124.008
58800 124.007
58900 123.998
59000 123.994
59100 123.999
59200 124.004
59300 124.001
59400 123.997
59500 123.999
59600 124.01
59700 124.015
59800 124.013
59900 124.009
60000 124.013
60100 124.023
60200 124.024
60300 124.021
60400 124.018
60500 124.019
60600 124.024
60700 124.024
60800 124.018
60900 124.014
61000 124.016
61100 124.019
61200 124.019
61300 124.009
61400 123.998
61500 123.995
61600 123.998
61700 123.998
61800 123.996
61900 123.995
62000 124
62100 124.001
62200 123.995
62300 123.991
62400 123.996
62500 124
62600 123.996
62700 123.993
62800 123.997
62900 124.007
63000 124.014
63100 124.011
63200 124.007
63300 124.011
63400 124.015
63500 124.013
63600 124.008
63700 124.004
63800 124.005
63900 124.007
64000 124.005
64100 124.004
64200 124.008
64300 124.013
64400 124.012
64500 124.006
64600 124.006
64700 124.014
64800 124.019
64900 124.02
65000 124.018
65100 124.016
65200 124.019
65300 124.028
65400 124.033
65500 124.028
65600 124.027
65700 124.031
65800 124.032
65900 124.026
66000 124.019
66100 124.016
66200 124.019
66300 124.021
66400 124.015
66500 124.014
66600 124.022
66700 124.027
66800 124.027
66900 124.024
67000 124.026
67100 124.026
67200 124.021
67300 124.012
67400 124.012
67500 124.016
67600 124.017
67700 124.015
67800 124.009
67900 124.008
68000 124.01
68100 124.017
68200 124.016
68300 124.013
68400 124.012
68500 124.013
68600 124.012
68700 124.019
68800 124.024
68900 124.026
69000 124.023
69100 124.019
69200 124.023
69300 124.03
69400 124.031
69500 124.03
69600 124.029
69700 124.032
69800 124.032
69900 124.028
70000 124.024
70100 124.025
70200 124.03
70300 124.034
70400 124.03
70500 124.028
70600 124.029
70700 124.031
70800 124.03
70900 124.025
71000 124.021
71100 124.021
71200 124.023
71300 124.024
71400 124.026
71500 124.022
71600 124.011
71700 123.999
71800 123.998
71900 124
72000 124.003
72100 124.001
72200 123.998
72300 123.997
72400 124.004
72500 124.007
72600 124.009
72700 124.007
72800 124.006
72900 124.007
73000 124.015
73100 124.022
73200 124.021
73300 124.019
73400 124.02
73500 124.023
73600 124.029
73700 124.03
73800 124.027
73900 124.023
74000 124.025
74100 124.03
74200 124.03
74300 124.031
74400 124.028
74500 124.028
74600 124.026
74700 124.022
74800 124.025
74900 124.03
75000 124.029
75100 124.026
75200 124.026
75300 124.026
75400 124.025
75500 124.029
75600 124.036
75700 124.04
75800 124.037
75900 124.035
76000 124.037
76100 124.042
76200 124.044
76300 124.039
76400 124.036
76500 124.037
76600 124.041
76700 124.043
76800 124.043
76900 124.042
77000 124.042
77100 124.045
77200 124.041
77300 124.034
77400 124.035
77500 124.039
77600 124.041
77700 124.038
77800 124.035
77900 124.039
78000 124.043
78100 124.046
78200 124.044
78300 124.042
78400 124.042
78500 124.043
78600 124.043
78700 124.042
78800 124.038
78900 124.034
79000 124.035
79100 124.038
79200 124.039
79300 124.036
79400 124.034
79500 124.042
79600 124.047
79700 124.048
79800 124.047
79900 124.047
80000 124.047
80100 124.043
80200 124.04
80300 124.043
80400 124.046
80500 124.047
80600 124.041
80700 124.038
80800 124.039
80900 124.04
81000 124.039
81100 124.036
81200 124.032
81300 124.032
81400 124.035
81500 124.039
81600 124.038
81700 124.032
81800 124.032
81900 124.034
82000 124.034
82100 124.032
82200 124.027
82300 124.024
82400 124.027
82500 124.031
82600 124.03
82700 124.029
82800 124.028
82900 124.028
83000 124.027
83100 124.027
83200 124.029
83300 124.034
83400 124.035
83500 124.032
83600 124.03
83700 124.031
83800 124.037
83900 124.04
84000 124.041
84100 124.04
84200 124.037
84300 124.04
84400 124.045
84500 124.048
84600 124.045
84700 124.043
84800 124.043
84900 124.047
85000 124.045
85100 124.037
85200 124.035
85300 124.035
85400 124.038
85500 124.037
85600 124.029
85700 124.025
85800 124.023
85900 124.026
86000 124.026
86100 124.022
86200 124.019
86300 124.022
86400 124.027
86500 124.026
86600 124.023
86700 124.022
86800 124.022
86900 124.024
87000 124.024
87100 124.023
87200 124.029
87300 124.037
87400 124.036
87500 124.033
87600 124.033
87700 124.038
87800 124.038
87900 124.033
88000 124.03
88100 124.029
88200 124.032
88300 124.033
88400 124.029
88500 124.021
88600 124.012
88700 124.01
88800 124.012
88900 124.014
89000 124.014
89100 124.009
89200 124.009
89300 124.014
89400 124.019
89500 124.02
89600 124.018
89700 124.018
89800 124.019
89900 124.027
90000 124.03
90100 124.027
90200 124.028
90300 124.028
90400 124.034
90500 124.037
90600 124.033
90700 124.03
90800 124.03
90900 124.032
91000 124.035
91100 124.034
91200 124.035
91300 124.033
91400 124.035
91500 124.043
91600 124.046
91700 124.045
91800 124.042
91900 124.044
92000 124.049
92100 124.047
92200 124.043
92300 124.042
92400 124.044
92500 124.046
92600 124.046
92700 124.041
92800 124.038
92900 124.04
93000 124.041
93100 124.041
93200 124.04
93300 124.039
93400 124.032
93500 124.029
93600 124.03
93700 124.031
93800 124.032
93900 124.026
94000 124.021
94100 124.021
94200 124.022
94300 124.023
94400 124.021
94500 124.015
94600 124.012
94700 124.016
94800 124.017
94900 124.015
95000 124.012
95100 124.015
95200 124.021
95300 124.022
95400 124.022
95500 124.02
95600 124.021
95700 124.028
95800 124.033
95900 124.034
96000 124.032
96100 124.032
96200 124.035
96300 124.038
96400 124.034
96500 124.031
96600 124.031
96700 124.032
96800 124.034
96900 124.033
97000 124.031
97100 124.034
97200 124.043
97300 124.046
97400 124.045
97500 124.044
97600 124.043
97700 124.047
97800 124.052
97900 124.049
98000 124.047
98100 124.047
98200 124.05
98300 124.052
98400 124.048
98500 124.043
98600 124.044
98700 124.045
98800 124.045
98900 124.042
99000 124.036
99100 124.034
99200 124.035
99300 124.034
99400 124.035
99500 124.039
99600 124.039
99700 124.035
99800 124.034
99900 124.038
100000 124.041
