# Time-averaged data for fix 1
# TimeStep v_my_vol
100 51230.2
200 51230.2
300 51230.2
400 51230.2
500 51230.2
600 51230.2
700 51230.2
800 51230.2
900 51230.2
1000 51230.2
1100 51230.2
1200 51230.2
1300 51230.2
1400 51230.2
1500 51230.2
1600 51230.2
1700 51230.2
1800 51230.2
1900 51230.2
2000 51230.2
2100 51230.2
2200 51230.2
2300 51230.2
2400 51230.2
2500 51230.2
2600 51230.2
2700 51230.2
2800 51230.2
2900 51230.2
3000 51230.2
3100 51230.2
3200 51230.2
3300 51230.2
3400 51230.2
3500 51230.2
3600 51230.2
3700 51230.2
3800 51230.2
3900 51230.2
4000 51230.2
4100 51230.2
4200 51230.2
4300 51230.2
4400 51230.2
4500 51230.2
4600 51230.2
4700 51230.2
4800 51230.2
4900 51230.2
5000 51230.2
5100 51230.2
5200 51230.2
5300 51230.2
5400 51230.2
5500 51230.2
5600 51230.2
5700 51230.2
5800 51230.2
5900 51230.2
6000 51230.2
6100 51230.2
6200 51230.2
6300 51230.2
6400 51230.2
6500 51230.2
6600 51230.2
6700 51230.2
6800 51230.2
6900 51230.2
7000 51230.2
7100 51230.2
7200 51230.2
7300 51230.2
7400 51230.2
7500 51230.2
7600 51230.2
7700 51230.2
7800 51230.2
7900 51230.2
8000 51230.2
8100 51230.2
8200 51230.2
8300 51230.2
8400 51230.2
8500 51230.2
8600 51230.2
8700 51230.2
8800 51230.2
8900 51230.2
9000 51230.2
9100 51230.2
9200 51230.2
9300 51230.2
9400 51230.2
9500 51230.2
9600 51230.2
9700 51230.2
9800 51230.2
9900 51230.2
10000 51230.2
10100 51230.2
10200 51230.2
10300 51230.2
10400 51230.2
10500 51230.2
10600 51230.2
10700 51230.2
10800 51230.2
10900 51230.2
11000 51230.2
11100 51230.2
11200 51230.2
11300 51230.2
11400 51230.2
11500 51230.2
11600 51230.2
11700 51230.2
11800 51230.2
11900 51230.2
12000 51230.2
12100 51230.2
12200 51230.2
12300 51230.2
12400 51230.2
12500 51230.2
12600 51230.2
12700 51230.2
12800 51230.2
12900 51230.2
13000 51230.2
13100 51230.2
13200 51230.2
13300 51230.2
13400 51230.2
13500 51230.2
13600 51230.2
13700 51230.2
13800 51230.2
13900 51230.2
14000 51230.2
14100 51230.2
14200 51230.2
14300 51230.2
14400 51230.2
14500 51230.2
14600 51230.2
14700 51230.2
14800 51230.2
14900 51230.2
15000 51230.2
15100 51230.2
15200 51230.2
15300 51230.2
15400 51230.2
15500 51230.2
15600 51230.2
15700 51230.2
15800 51230.2
15900 51230.2
16000 51230.2
16100 51230.2
16200 51230.2
16300 51230.2
16400 51230.2
16500 51230.2
16600 51230.2
16700 51230.2
16800 51230.2
16900 51230.2
17000 51230.2
17100 51230.2
17200 51230.2
17300 51230.2
17400 51230.2
17500 51230.2
17600 51230.2
17700 51230.2
17800 51230.2
17900 51230.2
18000 51230.2
18100 51230.2
18200 51230.2
18300 51230.2
18400 51230.2
18500 51230.2
18600 51230.2
18700 51230.2
18800 51230.2
18900 51230.2
19000 51230.2
19100 51230.2
19200 51230.2
19300 51230.2
19400 51230.2
19500 51230.2
19600 51230.2
19700 51230.2
19800 51230.2
19900 51230.2
20000 51230.2
20100 51230.2
20200 51230.2
20300 51230.2
20400 51230.2
20500 51230.2
20600 51230.2
20700 51230.2
20800 51230.2
20900 51230.2
21000 51230.2
21100 51230.2
21200 51230.2
21300 51230.2
21400 51230.2
21500 51230.2
21600 51230.2
21700 51230.2
21800 51230.2
21900 51230.2
22000 51230.2
22100 51230.2
22200 51230.2
22300 51230.2
22400 51230.2
22500 51230.2
22600 51230.2
22700 51230.2
22800 51230.2
22900 51230.2
23000 51230.2
23100 51230.2
23200 51230.2
23300 51230.2
23400 51230.2
23500 51230.2
23600 51230.2
23700 51230.2
23800 51230.2
23900 51230.2
24000 51230.2
24100 51230.2
24200 51230.2
24300 51230.2
24400 51230.2
24500 51230.2
24600 51230.2
24700 51230.2
24800 51230.2
24900 51230.2
25000 51230.2
25100 51230.2
25200 51230.2
25300 51230.2
25400 51230.2
25500 51230.2
25600 51230.2
25700 51230.2
25800 51230.2
25900 51230.2
26000 51230.2
26100 51230.2
26200 51230.2
26300 51230.2
26400 51230.2
26500 51230.2
26600 51230.2
26700 51230.2
26800 51230.2
26900 51230.2
27000 51230.2
27100 51230.2
27200 51230.2
27300 51230.2
27400 51230.2
27500 51230.2
27600 51230.2
27700 51230.2
27800 51230.2
27900 51230.2
28000 51230.2
28100 51230.2
28200 51230.2
28300 51230.2
28400 51230.2
28500 51230.2
28600 51230.2
28700 51230.2
28800 51230.2
28900 51230.2
29000 51230.2
29100 51230.2
29200 51230.2
29300 51230.2
29400 51230.2
29500 51230.2
29600 51230.2
29700 51230.2
29800 51230.2
29900 51230.2
30000 51230.2
30100 51230.2
30200 51230.2
30300 51230.2
30400 51230.2
30500 51230.2
30600 51230.2
30700 51230.2
30800 51230.2
30900 51230.2
31000 51230.2
31100 51230.2
31200 51230.2
31300 51230.2
31400 51230.2
31500 51230.2
31600 51230.2
31700 51230.2
31800 51230.2
31900 51230.2
32000 51230.2
32100 51230.2
32200 51230.2
32300 51230.2
32400 51230.2
32500 51230.2
32600 51230.2
32700 51230.2
32800 51230.2
32900 51230.2
33000 51230.2
33100 51230.2
33200 51230.2
33300 51230.2
33400 51230.2
33500 51230.2
33600 51230.2
33700 51230.2
33800 51230.2
33900 51230.2
34000 51230.2
34100 51230.2
34200 51230.2
34300 51230.2
34400 51230.2
34500 51230.2
34600 51230.2
34700 51230.2
34800 51230.2
34900 51230.2
35000 51230.2
35100 51230.2
35200 51230.2
35300 51230.2
35400 51230.2
35500 51230.2
35600 51230.2
35700 51230.2
35800 51230.2
35900 51230.2
36000 51230.2
36100 51230.2
36200 51230.2
36300 51230.2
36400 51230.2
36500 51230.2
36600 51230.2
36700 51230.2
36800 51230.2
36900 51230.2
37000 51230.2
37100 51230.2
37200 51230.2
37300 51230.2
37400 51230.2
37500 51230.2
37600 51230.2
37700 51230.2
37800 51230.2
37900 51230.2
38000 51230.2
38100 51230.2
38200 51230.2
38300 51230.2
38400 51230.2
38500 51230.2
38600 51230.2
38700 51230.2
38800 51230.2
38900 51230.2
39000 51230.2
39100 51230.2
39200 51230.2
39300 51230.2
39400 51230.2
39500 51230.2
39600 51230.2
39700 51230.2
39800 51230.2
39900 51230.2
40000 51230.2
40100 51230.2
40200 51230.2
40300 51230.2
40400 51230.2
40500 51230.2
40600 51230.2
40700 51230.2
40800 51230.2
40900 51230.2
41000 51230.2
41100 51230.2
41200 51230.2
41300 51230.2
41400 51230.2
41500 51230.2
41600 51230.2
41700 51230.2
41800 51230.2
41900 51230.2
42000 51230.2
42100 51230.2
42200 51230.2
42300 51230.2
42400 51230.2
42500 51230.2
42600 51230.2
42700 51230.2
42800 51230.2
42900 51230.2
43000 51230.2
43100 51230.2
43200 51230.2
43300 51230.2
43400 51230.2
43500 51230.2
43600 51230.2
43700 51230.2
43800 51230.2
43900 51230.2
44000 51230.2
44100 51230.2
44200 51230.2
44300 51230.2
44400 51230.2
44500 51230.2
44600 51230.2
44700 51230.2
44800 51230.2
44900 51230.2
45000 51230.2
45100 51230.2
45200 51230.2
45300 51230.2
45400 51230.2
45500 51230.2
45600 51230.2
45700 51230.2
45800 51230.2
45900 51230.2
46000 51230.2
46100 51230.2
46200 51230.2
46300 51230.2
46400 51230.2
46500 51230.2
46600 51230.2
46700 51230.2
46800 51230.2
46900 51230.2
47000 51230.2
47100 51230.2
47200 51230.2
47300 51230.2
47400 51230.2
47500 51230.2
47600 51230.2
47700 51230.2
47800 51230.2
47900 51230.2
48000 51230.2
48100 51230.2
48200 51230.2
48300 51230.2
48400 51230.2
48500 51230.2
48600 51230.2
48700 51230.2
48800 51230.2
48900 51230.2
49000 51230.2
49100 51230.2
49200 51230.2
49300 51230.2
49400 51230.2
49500 51230.2
49600 51230.2
49700 51230.2
49800 51230.2
49900 51230.2
50000 51230.2
50100 51230.2
50200 51230.2
50300 51230.2
50400 51230.2
50500 51230.2
50600 51230.2
50700 51230.2
50800 51230.2
50900 51230.2
51000 51230.2
51100 51230.2
51200 51230.2
51300 51230.2
51400 51230.2
51500 51230.2
51600 51230.2
51700 51230.2
51800 51230.2
51900 51230.2
52000 51230.2
52100 51230.2
52200 51230.2
52300 51230.2
52400 51230.2
52500 51230.2
52600 51230.2
52700 51230.2
52800 51230.2
52900 51230.2
53000 51230.2
53100 51230.2
53200 51230.2
53300 51230.2
53400 51230.2
53500 51230.2
53600 51230.2
53700 51230.2
53800 51230.2
53900 51230.2
54000 51230.2
54100 51230.2
54200 51230.2
54300 51230.2
54400 51230.2
54500 51230.2
54600 51230.2
54700 51230.2
54800 51230.2
54900 51230.2
55000 51230.2
55100 51230.2
55200 51230.2
55300 51230.2
55400 51230.2
55500 51230.2
55600 51230.2
55700 51230.2
55800 51230.2
55900 51230.2
56000 51230.2
56100 51230.2
56200 51230.2
56300 51230.2
56400 51230.2
56500 51230.2
56600 51230.2
56700 51230.2
56800 51230.2
56900 51230.2
57000 51230.2
57100 51230.2
57200 51230.2
57300 51230.2
57400 51230.2
57500 51230.2
57600 51230.2
57700 51230.2
57800 51230.2
57900 51230.2
58000 51230.2
58100 51230.2
58200 51230.2
58300 51230.2
58400 51230.2
58500 51230.2
58600 51230.2
58700 51230.2
58800 51230.2
58900 51230.2
59000 51230.2
59100 51230.2
59200 51230.2
59300 51230.2
59400 51230.2
59500 51230.2
59600 51230.2
59700 51230.2
59800 51230.2
59900 51230.2
60000 51230.2
60100 51230.2
60200 51230.2
60300 51230.2
60400 51230.2
60500 51230.2
60600 51230.2
60700 51230.2
60800 51230.2
60900 51230.2
61000 51230.2
61100 51230.2
61200 51230.2
61300 51230.2
61400 51230.2
61500 51230.2
61600 51230.2
61700 51230.2
61800 51230.2
61900 51230.2
62000 51230.2
62100 51230.2
62200 51230.2
62300 51230.2
62400 51230.2
62500 51230.2
62600 51230.2
62700 51230.2
62800 51230.2
62900 51230.2
63000 51230.2
63100 51230.2
63200 51230.2
63300 51230.2
63400 51230.2
63500 51230.2
63600 51230.2
63700 51230.2
63800 51230.2
63900 51230.2
64000 51230.2
64100 51230.2
64200 51230.2
64300 51230.2
64400 51230.2
64500 51230.2
64600 51230.2
64700 51230.2
64800 51230.2
64900 51230.2
65000 51230.2
65100 51230.2
65200 51230.2
65300 51230.2
65400 51230.2
65500 51230.2
65600 51230.2
65700 51230.2
65800 51230.2
65900 51230.2
66000 51230.2
66100 51230.2
66200 51230.2
66300 51230.2
66400 51230.2
66500 51230.2
66600 51230.2
66700 51230.2
66800 51230.2
66900 51230.2
67000 51230.2
67100 51230.2
67200 51230.2
67300 51230.2
67400 51230.2
67500 51230.2
67600 51230.2
67700 51230.2
67800 51230.2
67900 51230.2
68000 51230.2
68100 51230.2
68200 51230.2
68300 51230.2
68400 51230.2
68500 51230.2
68600 51230.2
68700 51230.2
68800 51230.2
68900 51230.2
69000 51230.2
69100 51230.2
69200 51230.2
69300 51230.2
69400 51230.2
69500 51230.2
69600 51230.2
69700 51230.2
69800 51230.2
69900 51230.2
70000 51230.2
70100 51230.2
70200 51230.2
70300 51230.2
70400 51230.2
70500 51230.2
70600 51230.2
70700 51230.2
70800 51230.2
70900 51230.2
71000 51230.2
71100 51230.2
71200 51230.2
71300 51230.2
71400 51230.2
71500 51230.2
71600 51230.2
71700 51230.2
71800 51230.2
71900 51230.2
72000 51230.2
72100 51230.2
72200 51230.2
72300 51230.2
72400 51230.2
72500 51230.2
72600 51230.2
72700 51230.2
72800 51230.2
72900 51230.2
73000 51230.2
73100 51230.2
73200 51230.2
73300 51230.2
73400 51230.2
73500 51230.2
73600 51230.2
73700 51230.2
73800 51230.2
73900 51230.2
74000 51230.2
74100 51230.2
74200 51230.2
74300 51230.2
74400 51230.2
74500 51230.2
74600 51230.2
74700 51230.2
74800 51230.2
74900 51230.2
75000 51230.2
75100 51230.2
75200 51230.2
75300 51230.2
75400 51230.2
75500 51230.2
75600 51230.2
75700 51230.2
75800 51230.2
75900 51230.2
76000 51230.2
76100 51230.2
76200 51230.2
76300 51230.2
76400 51230.2
76500 51230.2
76600 51230.2
76700 51230.2
76800 51230.2
76900 51230.2
77000 51230.2
77100 51230.2
77200 51230.2
77300 51230.2
77400 51230.2
77500 51230.2
77600 51230.2
77700 51230.2
77800 51230.2
77900 51230.2
78000 51230.2
78100 51230.2
78200 51230.2
78300 51230.2
78400 51230.2
78500 51230.2
78600 51230.2
78700 51230.2
78800 51230.2
78900 51230.2
79000 51230.2
79100 51230.2
79200 51230.2
79300 51230.2
79400 51230.2
79500 51230.2
79600 51230.2
79700 51230.2
79800 51230.2
79900 51230.2
80000 51230.2
80100 51230.2
80200 51230.2
80300 51230.2
80400 51230.2
80500 51230.2
80600 51230.2
80700 51230.2
80800 51230.2
80900 51230.2
81000 51230.2
81100 51230.2
81200 51230.2
81300 51230.2
81400 51230.2
81500 51230.2
81600 51230.2
81700 51230.2
81800 51230.2
81900 51230.2
82000 51230.2
82100 51230.2
82200 51230.2
82300 51230.2
82400 51230.2
82500 51230.2
82600 51230.2
82700 51230.2
82800 51230.2
82900 51230.2
83000 51230.2
83100 51230.2
83200 51230.2
83300 51230.2
83400 51230.2
83500 51230.2
83600 51230.2
83700 51230.2
83800 51230.2
83900 51230.2
84000 51230.2
84100 51230.2
84200 51230.2
84300 51230.2
84400 51230.2
84500 51230.2
84600 51230.2
84700 51230.2
84800 51230.2
84900 51230.2
85000 51230.2
85100 51230.2
85200 51230.2
85300 51230.2
85400 51230.2
85500 51230.2
85600 51230.2
85700 51230.2
85800 51230.2
85900 51230.2
86000 51230.2
86100 51230.2
86200 51230.2
86300 51230.2
86400 51230.2
86500 51230.2
86600 51230.2
86700 51230.2
86800 51230.2
86900 51230.2
87000 51230.2
87100 51230.2
87200 51230.2
87300 51230.2
87400 51230.2
87500 51230.2
87600 51230.2
87700 51230.2
87800 51230.2
87900 51230.2
88000 51230.2
88100 51230.2
88200 51230.2
88300 51230.2
88400 51230.2
88500 51230.2
88600 51230.2
88700 51230.2
88800 51230.2
88900 51230.2
89000 51230.2
89100 51230.2
89200 51230.2
89300 51230.2
89400 51230.2
89500 51230.2
89600 51230.2
89700 51230.2
89800 51230.2
89900 51230.2
90000 51230.2
90100 51230.2
90200 51230.2
90300 51230.2
90400 51230.2
90500 51230.2
90600 51230.2
90700 51230.2
90800 51230.2
90900 51230.2
91000 51230.2
91100 51230.2
91200 51230.2
91300 51230.2
91400 51230.2
91500 51230.2
91600 51230.2
91700 51230.2
91800 51230.2
91900 51230.2
92000 51230.2
92100 51230.2
92200 51230.2
92300 51230.2
92400 51230.2
92500 51230.2
92600 51230.2
92700 51230.2
92800 51230.2
92900 51230.2
93000 51230.2
93100 51230.2
93200 51230.2
93300 51230.2
93400 51230.2
93500 51230.2
93600 51230.2
93700 51230.2
93800 51230.2
93900 51230.2
94000 51230.2
94100 51230.2
94200 51230.2
94300 51230.2
94400 51230.2
94500 51230.2
94600 51230.2
94700 51230.2
94800 51230.2
94900 51230.2
95000 51230.2
95100 51230.2
95200 51230.2
95300 51230.2
95400 51230.2
95500 51230.2
95600 51230.2
95700 51230.2
95800 51230.2
95900 51230.2
96000 51230.2
96100 51230.2
96200 51230.2
96300 51230.2
96400 51230.2
96500 51230.2
96600 51230.2
96700 51230.2
96800 51230.2
96900 51230.2
97000 51230.2
97100 51230.2
97200 51230.2
97300 51230.2
97400 51230.2
97500 51230.2
97600 51230.2
97700 51230.2
97800 51230.2
97900 51230.2
98000 51230.2
98100 51230.2
98200 51230.2
98300 51230.2
98400 51230.2
98500 51230.2
98600 51230.2
98700 51230.2
98800 51230.2
98900 51230.2
99000 51230.2
99100 51230.2
99200 51230.2
99300 51230.2
99400 51230.2
99500 51230.2
99600 51230.2
99700 51230.2
99800 51230.2
99900 51230.2
100000 51230.2
