# Fix print output for fix printe
0.20017820247471002082,749.977396929165252,-355999.94794029009063,-355249.97054336091969
0.20035640762978176865,749.90963779496541974,-355999.88018730201293,-355249.97054950706661
0.20053462083572698438,749.79038437190774857,-355999.76094298472162,-355249.97055861284025
0.20071284821377977092,749.60946392240623481,-355999.58002188731916,-355249.97055796493078
0.20089109709964453332,749.36744058822148418,-355999.33798851107713,-355249.9705479228287
0.20106937477100694789,749.07575801644213698,-355999.04629355442012,-355249.97053553798469
0.20124768715534255281,748.74811240792905664,-355998.71864045830444,-355249.97052805038402
0.20142603856037658017,748.39459172196018244,-355998.36511439661263,-355249.9705226746737
0.20160443210093628719,748.02126795371293611,-355997.9917890309589,-355249.97052107722266
0.20178287017505416867,747.63012563909239816,-355997.6006484569516,-355249.97052281786455
0.20196135494991951376,747.21724385759728193,-355997.18778092705179,-355249.97053706942825
0.20213988906699573156,746.76784753472259126,-355996.73839815403335,-355249.97055061929859
0.20231847694255611358,746.2694262292914118,-355996.23996462172363,-355249.97053839243017
0.20249712450469853353,745.73216741161127175,-355995.70269137644209,-355249.97052396484651
0.20267583648087644788,745.17242229445832891,-355995.14294202491874,-355249.97051973047201
0.20285461565408099971,744.59640678435096106,-355994.56692582374671,-355249.97051903937245
0.20303346407231812054,744.00479687211100099,-355993.97531764674932,-355249.97052077465924
0.20321238371239672138,743.39546894812519895,-355993.36599407391623,-355249.9705251257983
0.20339137681792726631,742.76333628065310677,-355992.73386638518423,-355249.97053010453237
0.20357044625967266049,742.10240359747410821,-355992.07293937559007,-355249.97053577809129
0.20374959565065606237,741.35908008068327035,-355991.3267873666482,-355249.96770728594856
0.20392883513120324546,740.49230067402402256,-355990.46001697017346,-355249.96771629614523
0.20410817990686835888,739.54168830800222167,-355989.50941372744273,-355249.96772541943938
0.20428764046646605279,738.49630885163128369,-355988.4640432727756,-355249.96773442113772
0.20446722873357872641,737.34536935350274689,-355987.31311199092306,-355249.9677426374401
0.20464695808112023934,736.02617805145450802,-355985.98845447984058,-355249.96227642841404
0.20482684973479728385,734.43719724678146576,-355984.39949245599564,-355249.96229520923225
0.20500693769564315438,732.63613850841670683,-355982.59845378156751,-355249.96231527312193
0.20518724931583587345,730.59842339474244,-355980.56076138664503,-355249.96233799192123
0.2053678154872260464,728.29655900629200005,-355978.25892180454684,-355249.96236279828008
0.20554867116400546423,725.70027998430532534,-355975.66267013922334,-355249.96239015489118
0.20572985591705469921,722.77611484819988164,-355972.73853567207698,-355249.96242082386743
0.2059114146066219897,719.48653818018965467,-355969.44899332331261,-355249.96245514310431
0.20609339824829714383,715.78943084723891843,-355965.75192482996499,-355249.96249398274813
0.20627586506696835023,711.63732139984165315,-355961.59985803550808,-355249.96253663569223
0.20645888181277277651,706.97786613670825773,-355956.94044978579041,-355249.96258364908863
0.20664252524440759884,701.75378734481705578,-355951.71642150438856,-355249.96263415954309
0.20682688393322945508,695.90405188417128102,-355945.86673799308483,-355249.96268610889092
0.20701206034256383615,689.36716892335027751,-355939.3299025389133,-355249.96273361553904
0.20719817304567680893,682.08894045773342896,-355932.05170849268325,-355249.9627680349513
0.20738535864079649107,674.03447464233408937,-355923.99725184659474,-355249.9627772042877
0.20757377290748985077,665.20512247278304585,-355915.16786676534684,-355249.96274429257028
0.20776359055812620991,655.66202013992221964,-355905.62467135535553,-355249.96265121543547
0.20795500247597997756,645.55249610816554195,-355895.51497701450717,-355249.9624809063389
0.20814820945414877484,635.13640424014624841,-355885.09862418501871,-355249.96221994486405
0.20834341129024039341,624.80854957782241854,-355874.77041654719505,-355249.96186696935911
0.20854078988075983037,615.1054437806290025,-355865.06688464933541,-355249.96144086873392
0.20874048598114594566,606.68395205753620303,-355856.64493925042916,-355249.96098719286965
0.20894257102045935004,600.26031177673530692,-355850.22089108801447,-355249.96057931130053
0.20914701824212672543,596.50522824979020697,-355846.46553547284566,-355249.96030722308205
0.20935368107171267726,595.90939768143323363,-355845.86964246211573,-355249.96024478069739
0.20956228862916978506,598.66281330326262378,-355848.62324251234531,-355249.96042920910986
0.2097724646117125058,604.58431929081405087,-355854.54515967384214,-355249.9608403830207
0.20998377008859103743,613.14008456880753783,-355863.10146010556491,-355249.96137553674635
0.21019576007500082038,623.58008143782660682,-355873.54200274194591,-355249.96192130411509
0.21040803147020104014,635.09768158962845064,-355885.06010029569734,-355249.9624187060399
0.21062024375848262259,646.93613961304845361,-355896.89895303559024,-355249.96281342254952
0.21083215361526033704,658.47972839756323538,-355908.44280669197906,-355249.96307829441503
0.21104360889930501299,669.29433770113030278,-355919.25756713270675,-355249.96322943159612
0.21125452984946066493,679.11473680530616548,-355929.07802073267521,-355249.9632839273545
0.21146489212355756848,687.81789398614284892,-355937.78116526582744,-355249.96327127970289
0.21167470936108354063,695.38175464964945149,-355945.34497339691734,-355249.96321874728892
0.21188401916102334033,701.84695421149365302,-355951.81010062794667,-355249.96314641647041
0.2120928731692876823,707.2877127866668161,-355957.25078022287926,-355249.96306743624154
0.21230133048644908578,711.79214785921874409,-355961.75513747648802,-355249.96298961725552
0.21250945345741081849,715.40782929829879322,-355965.36438075790647,-355249.95655145961791
0.21271731498760060308,718.07419623057444369,-355968.03070718643721,-355249.95651095587527
0.21292501241550207403,719.94119178207824916,-355969.89767946745269,-355249.95648768538376
0.21313262920595324457,721.03662858480686282,-355970.9931120450492,-355249.95648346026428
0.2133402526595206683,721.36521002771996791,-355971.32171084953006,-355249.95650082180509
0.21354797943083766998,720.90535810350820611,-355970.86190090695163,-355249.95654280344024
0.21375592137411447702,719.60537570553287878,-355969.56198886974016,-355249.95661316422047
0.21396420868379714686,717.37850943749754151,-355967.33522622229066,-355249.95671678479994
0.2141729968715442578,714.06013039081699389,-355964.0189769146964,-355249.95884652389213
0.21438247980819780114,709.44302977126869791,-355959.4020748428884,-355249.95904507162049
0.21459290179988285696,703.3847414673421099,-355953.34621076541953,-355249.961469298054
0.21480456417375637379,695.58470606891125954,-355945.54647578741424,-355249.96176971850218
0.21501785601920786473,685.7164673423211525,-355935.67858622747008,-355249.96211888513062
0.2152332800753337938,673.30568233909355058,-355923.27133717219112,-355249.96565483312588
0.21545150763576900732,657.82128185197223047,-355907.7873014921206,-355249.96601964015281
0.2156734461725668961,638.84262353536746559,-355888.80889056675369,-355249.96626703138463
0.21590033722391679949,616.04698073522865798,-355866.01320754480548,-355249.9662268095999
0.2161338996574057314,589.50198161110370165,-355839.4676200793474,-355249.96563846821664
0.21637654191531804915,560.07720287852509955,-355810.04136141436175,-355249.96415853581857
0.2166316733607984435,530.06505159418622952,-355780.0265991386259,-355249.96154754445888
0.21690413750757694955,503.8979971710417658,-355753.85604238591623,-355249.95804521488026
0.21720071984732677861,488.52705035044630222,-355738.48236026265658,-355249.95530991221312
0.21753034044773775224,492.07164138816131072,-355742.02842569083441,-355249.9567843026598
0.21790258982459287385,519.02190902925860883,-355768.98702603334095,-355249.96511700405972
0.21822649218826689621,552.88638079467000352,-355802.85692701942753,-355249.97054622473661
0.2185173312932221501,583.83739358278569398,-355833.81018020963529,-355249.97278662683675
0.21878851245366795486,609.22331673566759491,-355859.19663543859497,-355249.97331870294875
0.21904709866057869849,628.83366404868627342,-355878.80674693750916,-355249.97308288881322
0.21929722448077440533,643.31589892919441809,-355893.28847128903726,-355249.97257235983852
0.21954148044529031569,653.53248639876176185,-355903.50450760370586,-355249.9720212049433
0.21978156931247749828,660.30689289462327451,-355910.27841602399712,-355249.97152312938124
0.22001865339626941465,664.34430085252051867,-355914.31538670021109,-355249.97108584770467
0.22025355238457380858,666.24440389013091135,-355916.21509939187672,-355249.97069550171727
0.22048685654118865829,666.52696192896564753,-355916.49732867744751,-355249.97036674845731
0.22071899436943082096,665.62890409946430736,-355915.59899773064535,-355249.97009363118559
0.22095028119034987313,663.91726215472442618,-355913.88712013734039,-355249.96985798259266
0.22118095306811805245,661.70960646754804202,-355911.67926392302616,-355249.96965745545458
0.22141118899879100312,659.28175744356531141,-355909.25123968895059,-355249.96948224538937
0.22164112703027083473,656.87584241099966675,-355906.84517488867277,-355249.96933247765992
0.22187087491012774665,654.70010037182157703,-355904.66931154229678,-355249.96921117044985
0.2221005177073674397,652.92377429963050872,-355902.89289656787878,-355249.96912226825953
0.22233012378595434777,651.55453723758694196,-355901.52294362604152,-355249.96840638847789
0.22255977438249852085,650.7495391634781754,-355900.71733948460314,-355249.96780032111565
0.22278952798937573521,650.60187169652556349,-355900.57198449154384,-355249.97011279501021
0.22301942027364879406,650.94757280544183686,-355900.91348716249922,-355249.96591435704613
0.22324950054185085935,651.6747619486552594,-355901.64076032629237,-355249.96599837765098
0.22347984533088596781,652.74426241921912606,-355902.7103607521276,-355249.96609833289403
0.22371051633984537221,654.00849396240926126,-355903.97470153949689,-355249.96620757709024
0.22394158370350505938,655.304886592182811,-355905.2712131444132,-355249.96632655221038
0.22417312795133456649,656.45673022960454546,-355906.42318695422728,-355249.96645672462182
0.22440524417740753682,657.27435150250039442,-355907.24094713269733,-355249.96659563021967
0.22463804802055778453,657.55805010656820286,-355907.52479095407762,-355249.96674084750703
0.22487168305544319447,657.1051180703236696,-355907.07196928112535,-355249.96685121080372
0.22510632851622960904,655.74983950898888452,-355905.71678496990353,-355249.96694546093931
0.22534219917077644157,653.34825091785990026,-355903.3153073603753,-355249.96705644251779
0.22557955021529516038,649.74326563285728753,-355899.71043334389105,-355249.96716771106003
0.22581869292040879227,644.77690426869230578,-355894.74417658237508,-355249.96727231366094
0.22606001116867177614,638.30405518698478318,-355888.27140709350351,-355249.96735190652544
0.22630397993298118076,630.21439664825595628,-355880.18177814234514,-355249.96738149406156
0.22655118562696557882,620.46822574214468204,-355870.43554875790142,-355249.96732301573502
0.22680234680876645847,609.15095647752650621,-355859.1180856655119,-355249.96712918800768
0.22705833122131946489,596.54651753496204947,-355846.51326476794202,-355249.96674723300384
0.22732016144095848476,583.22596585195424268,-355833.19210706820013,-355249.96614121622406
0.22758899359902931558,570.12444355440845811,-355820.0897761452361,-355249.96533259080024
0.22786604532127249789,558.55318679050753872,-355808.51762722840067,-355249.96444043790689
0.22815244345195995201,550.07303134346966544,-355800.03674252121709,-355249.96371117775561
0.22844897111679840496,546.16008253368579517,-355796.12354233895894,-355249.96345980529441
0.22875574629474715316,547.70122495475470714,-355797.66513053525705,-355249.96390558051644
0.22907196205388904997,554.42753840786190267,-355804.39575318410061,-355249.96821477625053
0.22939589449490233042,565.11083058898407216,-355815.08038007176947,-355249.96954948280472
0.22972528476923631535,577.83699202780780979,-355827.80768682761118,-355249.97069479979109
0.23005792067182481708,590.67227600200101278,-355840.64727523829788,-355249.97499923629221
0.23039208620624485047,602.343193109966478,-355852.31815998459933,-355249.97496687463718
0.2307267000686592795,612.25999656028545814,-355862.23489545570919,-355249.97489889542339
0.23106121378237734487,620.31598240432856528,-355870.2906306933146,-355249.974648288975
0.23139546370660860064,626.68352786142202149,-355876.65788580436492,-355249.97435794293415
0.23172946873774541432,631.63843332885289783,-355881.61254017869942,-355249.97410684986971
0.23206331629761550728,635.43752638886053319,-355885.41144265135517,-355249.97391626250464
0.23239711109964414359,638.27555483768401245,-355888.24934289784869,-355249.97378806018969
0.23273094348208181459,640.2787130641593194,-355890.25241969630588,-355249.97370663215406
0.2330641697639145582,641.52147442222712925,-355891.49511312315008,-355249.97363870090339
0.23339635659719212835,642.06872697169615094,-355892.04231099854223,-355249.97358402685495
0.23372790940498242018,641.98074099463383391,-355891.95427602221025,-355249.97353502758779
0.23405913526781058076,641.25446407467597965,-355891.21813214407302,-355249.96366806939477
0.23439031794038234224,639.75625034630445498,-355889.7198934413027,-355249.9636430949904
0.23472182419971365785,637.85364393028112318,-355887.81723882444203,-355249.96359489415772
0.23505383366506657494,635.62595834550029394,-355885.58949268999277,-355249.96353434451157
0.23538653860131064643,633.01023414758844865,-355882.97242362610996,-355249.96218947850866
0.23572015225331857669,630.1996599640713157,-355880.16178398439661,-355249.96212402032688
0.23605491555892887945,627.32853814108830193,-355877.29061850818107,-355249.96208036708413
0.23639110355402961905,624.47323938866929893,-355874.43532634375151,-355249.9620869550854
0.23672903159274402696,621.64232995626298361,-355871.60448280535638,-355249.96215284906793
0.23706848776089650688,618.76475452404224598,-355868.72703920386266,-355249.96228467981564
0.23740944431732807773,615.68460484867136984,-355865.64703863119939,-355249.96243378252257
0.23775232048333205803,612.21426696382468435,-355862.17681121337228,-355249.96254424954532
0.23809764342454578512,608.19258091245444575,-355858.1552437300561,-355249.96266281761928
0.2384460599559583005,603.45496994501286281,-355853.4177242256701,-355249.96275428065564
0.23879837286692470744,597.87095369878295514,-355847.83373851329088,-355249.96278481453191
0.2391555876424671101,591.23351579133202449,-355841.20023565890733,-355249.96671986760339
0.23951897220280474188,583.60262479531581903,-355833.56925620441325,-355249.96663140907185
0.23989016179895497616,575.27114345755444447,-355825.23554190277355,-355249.96439844521228
0.2402711398611042104,566.81559103433244218,-355816.77954398549628,-355249.96395295119146
0.24066435452795176264,558.93668752854966897,-355808.90009358635871,-355249.96340605779551
0.24106919807935148214,552.60818084702452779,-355802.5710384005215,-355249.96285755350254
0.24148302777782684747,548.86420558526856439,-355798.82668494887184,-355249.96247936360305
0.24190523426065532742,548.4593536983852573,-355798.42179252160713,-355249.96243882324779
0.24233488273516756717,551.63476891985612838,-355801.59758998005418,-355249.96282106020954
0.24277091807504491694,557.95281610243023351,-355807.9163764786208,-355249.96356037619989
0.24321240249222642049,566.37354231065603472,-355816.33797601715196,-355249.96443370648194
0.24365870540657871834,575.56851333160875583,-355825.5337136304006,-355249.96520029881503
0.24410959474226473498,584.28890249336188845,-355834.25459666189272,-355249.96569416852435
0.24456524038198604321,591.5251283189456899,-355841.49253843782935,-355249.96741011890117
0.24502616331142348938,596.7075063408861979,-355846.67483363940846,-355249.96732729853829
0.2454931590899428473,599.95370572516185348,-355849.92004721879493,-355249.96634149365127
0.24595199325428176995,601.41788309163496251,-355851.38387627969496,-355249.96599318808876
0.24640140399226700962,601.62147224203920359,-355851.58713066577911,-355249.96565842372365
0.24684417165012723094,601.0504696521132928,-355851.01582634216174,-355249.96535669005243
0.24728228962648840517,600.02121416261502418,-355849.98880745482165,-355249.96759329218185
0.247717223160064004,598.89989077165319031,-355848.86731142259669,-355249.96742065093713
0.24815003275365077329,597.93444187794682421,-355847.90178985765669,-355249.96734797972022
0.24858148649166125765,597.21487939985013327,-355847.18223114265129,-355249.96735174278729
0.24901215350081820632,596.62305405963320482,-355846.59167998144403,-355249.96862592181424
0.24944248455308162815,596.07285305819436871,-355846.04159098613309,-355249.96873792796396
0.24987296264745417762,595.65322403472487167,-355845.62207533803303,-355249.96885130333249
0.25030374609000188846,595.2010193062047847,-355845.16996956738876,-355249.96895026118727
0.25073497561148799795,594.57889635191793332,-355844.54789725737646,-355249.96900090546114
0.25116678362495792332,593.69549064653995174,-355843.66424595413264,-355249.96875530760735
0.25159930147506903708,592.4621104832290257,-355842.43084557389375,-355249.96873509068973
0.25203266439325755499,590.96843305659808721,-355840.93712535686791,-355249.96869230025914
0.25246701448023273207,589.1348227655358869,-355839.09890292468481,-355249.96408015914494
0.25290272383786072119,586.98005719068987673,-355836.94292291486636,-355249.96286572417011
0.25334023925390836141,584.58167881633028173,-355834.54454710148275,-355249.96286828513257
0.25378003493979395255,581.9331139206374246,-355831.89703331445344,-355249.96391939383466
0.25422274373196462882,579.07797878269855119,-355829.04201960441424,-355249.9640408217092
0.25466915548721791307,576.06227823953304323,-355826.02631523949094,-355249.96403699996881
0.25512021310388510731,572.91084308295546634,-355822.87489840493072,-355249.96405532199424
0.25557708968317749409,569.58432169296509073,-355819.54831602331251,-355249.96399433031911
0.25604133512365429004,565.95706094138563458,-355815.92119497468229,-355249.96413403330371
0.25651494382538203576,561.77687906219523484,-355811.73677908466198,-355249.95990002248436
0.25700054334554617297,556.95683113805228004,-355806.91703592380509,-355249.96020478574792
0.25750167298980775055,551.65741542555599608,-355801.61555589956697,-355249.95814047398744
0.25802316689150772699,545.79638695550647753,-355795.7545738510089,-355249.95818689552834
0.2585717159670589127,539.59374174830873017,-355789.55108503543306,-355249.9573432871257
0.25915666707245388345,533.46684342082289731,-355783.42229325795779,-355249.95544983714353
0.25976802978189178495,528.35786061408111891,-355778.31294911686564,-355249.95508850278566
0.26039271353796883401,525.0840906648162445,-355775.03916185401613,-355249.95507118920796
0.26103338938850145778,523.77464335722254418,-355773.73009785229806,-355249.95545449509518
0.26165662356904029195,523.92936026938434679,-355773.8853227517684,-355249.95596248237416
0.26226732471918862144,524.57274673170491042,-355774.53581222915091,-355249.96306549746078
0.2628496952427316069,525.22350271380275899,-355775.18664948065998,-355249.96314676688053
0.26339602916708848568,525.58098310258094443,-355775.54858441662509,-355249.96760131407063
0.26391706573949630377,525.76348652717740606,-355775.7309399744845,-355249.96745344728697
0.26441961511502820592,525.94321327965383261,-355775.91052291321103,-355249.96730963356094
0.26490825364392067698,526.23954344311994191,-355776.20611305069178,-355249.96656960755354
0.26538622855474786055,526.69451459820345463,-355776.65512855525594,-355249.96061395702418
0.26585592927271683994,527.35312511360416465,-355777.31370443024207,-355249.96057931665564
0.26631911392810192485,528.35327311987930443,-355778.31386625260348,-355249.96059313270962
0.26677709342526984004,529.64118029239239149,-355779.60180969379144,-355249.96062940137926
0.26723087759216401782,531.1319988304396702,-355781.09268467419315,-355249.96068584377645
0.2676812641696311168,532.72148803771642633,-355782.68223293329356,-355249.96074489556486
0.26812890487828949793,534.23997936468674652,-355784.20262880821247,-355249.96264944353607
0.2685744744091383418,535.62940104317635814,-355785.59210540715139,-355249.96270436397754
0.26901847129060468822,536.87552673430138839,-355786.8377457705792,-355249.96221903630067
0.26946120148140789707,537.89936417370665822,-355787.86160879547242,-355249.96224462176906
0.26990295365173427866,538.59477346057269642,-355788.55544983223081,-355249.96067637164379
0.27034400597196028837,538.94602420320688907,-355788.90668836177792,-355249.96066415857058
0.27078463259372392846,538.74603191802964375,-355788.7017219850095,-355249.95569006697042
0.27122537500436960656,537.98713532945964744,-355787.94134101876989,-355249.95420568931149
0.27166695349274311289,536.81600015855201491,-355786.7702216936741,-355249.95422153512482
0.27210987973510208926,535.21582006443577484,-355785.17007114016451,-355249.95425107574556
0.27255476481214885309,533.15423845057148355,-355783.10851773660397,-355249.95427928603021
0.27300238637174845113,530.59414486639957431,-355780.54846847709268,-355249.95432361069834
0.27345375040032759983,527.48375228807412896,-355777.43812191998586,-355249.95436963188695
0.27391018740798594999,523.76799399366882426,-355773.72238923382247,-355249.95439524017274
0.27437346174812260458,519.35614822306843053,-355769.31491856160574,-355249.95877033856232
0.27484588896337358577,514.20009672835442416,-355764.15902062621899,-355249.9589238978806
0.27533056900309937909,508.39879193852755179,-355758.35765862156404,-355249.95886668300955
0.27583179362521631495,502.05696345995306729,-355752.01564980868716,-355249.95868634874932
0.27635568770962154472,495.45296363496055392,-355745.41128095088061,-355249.95831731590442
0.27691127622934919028,489.18581293088647044,-355739.14476636500331,-355249.95895343413576
0.27751235970941701137,484.18821562093381772,-355734.15021386102308,-355249.96199824009091
0.27814139736005000225,482.38342445277640991,-355732.34333845291985,-355249.95991400012281
0.27877384951605055363,484.96648833723475036,-355734.92661241546739,-355249.96012407820672
0.27941024170630512913,491.59248806337450333,-355741.55522856209427,-355249.96274049871136
0.28005114108341805368,500.97703533731589687,-355750.94101957452949,-355249.96398423722712
0.28063699709066997068,510.443181645917889,-355760.40553608944174,-355249.96235444350168
0.28117995961742209277,518.78334354947696738,-355768.74634096655063,-355249.96299741708208
0.28169436761751803777,525.69498763394244634,-355775.65811966359615,-355249.96313202963211
0.28218892584310928395,531.19322968998335455,-355781.15637585939839,-355249.9631461694371
0.28266929192520023895,535.29699728198806952,-355785.26208432432031,-355249.96508704230655
0.28313934686669761653,538.08529228924567178,-355788.05030403385172,-355249.96501174458535
0.28360188572015027075,539.79156221807465954,-355789.75646719930228,-355249.96490498119965
0.28405896652672324443,540.56775456300340466,-355790.53255494515179,-355249.96480038214941
0.28451209887862588532,540.54416293284555195,-355790.50950113171712,-355249.96533819887554
0.28496240524011196005,539.78014098846449542,-355789.74540383170824,-355249.96526284323772
0.28541074080085893083,538.46754092308879081,-355788.43273781362223,-355249.96519689052366
0.28585776695098452649,536.68752746213249338,-355786.65383113519056,-355249.96630367304897
0.28630400553061907676,534.41428223549769427,-355784.38056366558885,-355249.9662814300973
0.28674987344783497978,531.69265328158905959,-355781.65917664882727,-355249.96652336721309
0.28719592382858732948,528.69562699084974611,-355778.66213194781449,-355249.96650495694485
0.28764234938349869664,525.39074465060446073,-355775.3572435437236,-355249.96649889310356
0.28808931326567538411,521.97309620172131872,-355771.93957779475022,-355249.96648159303004
0.28853697903825553661,518.38192064805264181,-355768.34939152636798,-355249.96747087832773
0.28898551958647589188,514.43520543136435208,-355764.39527947170427,-355249.96007404034026
0.28943549377890365193,510.26844740124090549,-355760.22853834799025,-355249.96009094675537
0.28988733324842530514,505.90676064626489961,-355755.86687750869896,-355249.96011686243583
0.29034155243999998364,501.32397151266064839,-355751.28412626392674,-355249.96015475125751
0.29079879406194308888,496.47797012403128747,-355746.43817531282548,-355249.96020518877776
0.29125987857658186542,491.30948384823329889,-355741.26977955899201,-355249.96029571077088
0.29172587336405791936,485.70170278187674739,-355735.66247225762345,-355249.96076947572874
0.29219818625961557768,479.59879316684555306,-355729.55963013740256,-355249.96083697053837
0.29267870581587440704,472.89710150094936125,-355722.85831298888661,-355249.96121148794191
0.2931699636326746683,465.5493189272532959,-355715.51079173228936,-355249.96147280500736
0.29367533384944288777,457.58038340491839335,-355707.5420184507966,-355249.96163504588185
0.29419940450571363533,449.10445236655351664,-355699.06587125419173,-355249.96141888765851
0.29474858633979889033,440.48129071731057138,-355690.44245368777774,-355249.96116297045955
0.29533203159836002305,432.32737283648395987,-355682.28693743719487,-355249.95956460072193
0.29596304111480942201,425.73502880443334107,-355675.69392936635995,-355249.95890056190547
0.29666110417165497681,422.38043510126453839,-355672.33900551433908,-355249.95857041305862
0.29745419594709626709,424.11718290773546869,-355674.07643117010593,-355249.95924826239934
0.29819631967513704485,430.18776384712225536,-355680.14811107586138,-355249.96034722874174
0.29884840139552687477,437.67970311861972732,-355687.64076452271547,-355249.96106140408665
0.29944667266716151754,445.26210992725151527,-355695.22381270537153,-355249.96170277812053
0.30001004052872748407,452.38016547775617937,-355702.34221694635926,-355249.9620514686103
0.30054959364735189808,458.82844847153563705,-355708.79059280990623,-355249.96214433835121
0.30107236714091417662,464.60244941345365532,-355714.56459940050263,-355249.96214998705545
0.30158308704517811094,469.7173734240225258,-355719.6792994235293,-355249.96192599949427
0.30208509864768751108,474.13308771484491899,-355724.09109268552857,-355249.95800497068558
0.30258087129376348701,477.86157218374682998,-355727.82007612643065,-355249.95850394270383
0.30307222795127464199,481.07251303794021169,-355731.03097333176993,-355249.95846029382665
0.30356050634520093112,483.86282669627803443,-355733.82125179911964,-355249.95842510281364
0.30404670709545439378,486.26532632762206276,-355736.22372575418558,-355249.95839942654129
0.30453159326205453405,488.29428554659000383,-355738.25254885246977,-355249.95826330588898
0.30501575902667898976,489.87114195289240115,-355739.83297046594089,-355249.96182851307094
0.30549986674731444136,491.05172248349276742,-355741.01547400129493,-355249.96375151781831
0.30598430760344785817,491.8241542198127263,-355741.78650659235427,-355249.96235237253131
0.30646927624285313918,492.20877431399247826,-355742.17023669276386,-355249.96146237879293
0.30695495552249929538,492.22445826045537842,-355742.18509092787281,-355249.96063266741112
0.30744152706640603956,491.87282638862615158,-355741.83345597091829,-355249.96062958228868
0.30792917995701180045,491.12145969011237412,-355741.08701383834705,-355249.96555414824979
0.30841813665944001199,489.77422617524791804,-355739.74250064051012,-355249.96827446523821
0.30890908842469511075,487.95332458696304911,-355737.92161719338037,-355249.96829260641243
0.30940253151150698407,485.62012198254188888,-355735.59080603462644,-355249.97068405209575
0.30989908052446812903,482.70324917765185546,-355732.67305320361629,-355249.96980402595364
0.31039960531078425454,479.19325874689576494,-355729.16310689516831,-355249.96984814829193
0.31090519055343368571,475.06054382359343435,-355725.03093788237311,-355249.97039405879332
0.31141718379870586553,470.2200545134329559,-355720.19055896811187,-355249.97050445468631
0.31193732133713941712,464.65665458132178856,-355714.6273078849772,-355249.97065330366604
0.31246777316344837017,458.34640099627324616,-355708.31702213059179,-355249.97062113432912
0.31301128892629137557,451.38157631148902738,-355701.35276544792578,-355249.97118913644226
0.31357144598097963506,443.77908219016637759,-355693.75027250056155,-355249.97119031037437
0.31415296090167443843,435.79559366442640567,-355685.76674506510608,-355249.97115140070673
0.31476209817341499475,427.77061560491296177,-355677.74126780102961,-355249.97065219609067
0.31540717243534122094,420.27014922013268006,-355670.24040560034337,-355249.97025638021296
0.3160990513321337847,414.07731382295690992,-355664.04723788658157,-355249.96992406359641
0.31685132279144179179,410.07859114288976343,-355660.04790050012525,-355249.96930935722776
0.31767927012569813217,409.03997328069169725,-355659.00971760693938,-355249.96974432625575
0.31851276391110383557,410.92223538963179408,-355660.89406920399051,-355249.97183381434297
0.31925386871986460857,414.1588163033027854,-355664.12993068783544,-355249.9711143845343
0.31993840984456439758,417.88357020518816398,-355667.85487829183694,-355249.97130808664951
0.32058570862972574078,421.73766094151858397,-355671.7090516614262,-355249.97139071993297
0.32120736385413278802,425.55263460907281114,-355675.52405242982786,-355249.97141782077961
0.32181087556674148331,429.26272373663823601,-355679.2341525410302,-355249.9714288043906
0.32240136196911894917,432.81026987453111587,-355682.78209526662249,-355249.97182539210189
0.32298250527696981127,436.16042132142609944,-355686.13178527058335,-355249.97136394918198
0.32355706926624722142,439.36442194464314071,-355689.33576290792553,-355249.97134096326772
0.32412711738640609394,442.43159259443513065,-355692.40271687519271,-355249.97112428076798
0.32469416591014726992,445.33993892004065174,-355695.31103385367896,-355249.9710949336295
0.32525934963889846507,448.0690013150739901,-355698.03955924743786,-355249.97055793239269
0.32582354131078983261,450.50689696348320012,-355700.48349742061691,-355249.97660045715747
0.32638785509761253367,452.79996816864769471,-355702.77658935985528,-355249.97662119119195
0.32695267564591240506,454.92986450907415019,-355704.90647949062986,-355249.97661498154048
0.3275182934935975676,456.78215463682556674,-355706.76083900348749,-355249.97868436668068
0.32808498057545876225,458.33712649792994398,-355708.3147370647639,-355249.97761056682793
0.3286530045148131074,459.59872665822769022,-355709.57536089909263,-355249.97663424088387
0.32922263987193878254,460.50396079211623146,-355710.47943586437032,-355249.97547507227864
0.32979437279654050252,460.97684513475667245,-355710.95083989494015,-355249.973994760192
0.33036874154259726621,461.06773347112789452,-355711.0467973271152,-355249.979063856008
0.33094632154232539456,460.5663700812617094,-355710.54277506482322,-355249.97640498355031
0.33152822980544593978,459.46741950050096648,-355709.44284513150342,-355249.9754256309825
0.33211538605229268262,457.89397789962930574,-355707.86821511108428,-355249.97423721145606
0.33270892296254001019,455.73125636945718497,-355705.70572857162915,-355249.97447220218601
0.33331027332960933007,453.02782733404688997,-355703.00228878157213,-355249.97446144750575
0.33392123492310266109,449.65626754935453846,-355699.62801021657651,-355249.97174266719958
0.33454395904354145008,445.63641669662638378,-355695.60846105596283,-355249.97204435931053
0.33518100878661694075,440.95385012010854098,-355690.9268858411815,-355249.97303572105011
0.33583552601304583751,435.6380538625404597,-355685.61217924853554,-355249.97412538598292
0.33651144289674900234,429.78362026649159588,-355679.75764601689298,-355249.97402575041633
0.33721371424290047525,423.58706733776369902,-355673.56095297611319,-355249.97388563834829
0.33794858716428277656,417.1827297009490394,-355667.15446372632869,-355249.9717340253992
0.33872384624405355025,410.79464803507755732,-355660.76689518732019,-355249.97224715224002
0.3395489314505206746,404.77384422905180372,-355654.7464951868169,-355249.97265095775947
0.34043468738102439231,399.49960582248428409,-355649.47221571172122,-355249.9726098892279
0.34139233139459884692,395.25392999156127871,-355645.22904718836071,-355249.9751171967946
0.34243127767990066967,392.03312073585135522,-355642.00835816678591,-355249.97523743094644
0.34336439010291830431,390.28963699064115644,-355640.26686999073718,-355249.97723300009966
0.34422879997825051035,389.35208403309616187,-355639.33086749311769,-355249.97878346004291
0.34504744462551578676,388.94748121320225209,-355638.9263119493844,-355249.97883073618868
0.34583441228538402967,388.87735735161544426,-355638.85535073804203,-355249.97799338644836
0.34659897116057419852,389.11904042471985576,-355639.09706534165889,-355249.9780249169562
0.34734755325233229728,389.60656019969781028,-355639.58462613017764,-355249.97806593048153
0.34808488591528241596,390.25393594597267111,-355640.23203338508029,-355249.97809743910329
0.3488146214961432845,390.95905996684967931,-355640.93834812345449,-355249.97928815660998
0.34953956459554424985,391.61944392310215335,-355641.59874683723319,-355249.97930291411467
0.35026179386380734693,392.22688148928023111,-355642.20154083514353,-355249.97465934586944
0.35098329699314168018,392.73295347283027468,-355642.70763209060533,-355249.97467861778568
0.35170563332448612215,393.20243134458638679,-355643.17704685154604,-355249.97461550694425
0.35242940211978129872,393.61799546194515642,-355643.59261018986581,-355249.97461472789291
0.3531551456560706459,393.94414667448796763,-355643.91908480797429,-355249.97493813349865
0.35388338392969337365,394.1459715052693582,-355644.12090453668498,-355249.97493303142255
0.3546146421131116111,394.08505169435102289,-355644.0587032744661,-355249.97365158010507
0.35535021160564339571,393.86814323598179044,-355643.84186428796966,-355249.97372105199611
0.35609119090040619593,393.60163623828407253,-355643.57525502122007,-355249.97361878294032
0.35683855274337705765,393.31509160686886162,-355643.28934532369021,-355249.97425371682039
0.3575933577904443772,392.88752547042849983,-355642.86243832245236,-355249.97491285204887
0.35835678238580542798,392.30781330484865066,-355642.28290774300694,-355249.97509443818126
0.35913019233785536954,391.47466831993455116,-355641.44737346324837,-355249.97270514332922
0.35991667240745561784,390.49668996126786169,-355640.46942575916182,-355249.97273579786997
0.3607189008973396005,389.38429334399211257,-355639.35703702794854,-355249.97274368396029
0.36154015781756088099,388.07796169847671308,-355638.05170421622461,-355249.97374251775909
0.36238429080661238579,386.49220136958945204,-355636.46744601888349,-355249.97524464927847
0.36325578032983196763,384.64181828226088555,-355634.61677525559207,-355249.97495697333943
0.36416003347935960166,382.59791137869063959,-355632.57283695862861,-355249.97492557991063
0.36510382172335537065,380.36859880471212136,-355630.3448173282668,-355249.97621852357406
0.36609580421433052244,377.98347219916666972,-355627.95864584867377,-355249.97517364949454
0.36714724313903418507,375.64529496110657192,-355625.62157561024651,-355249.97628064913442
0.36821119536079910395,373.51112522443781927,-355623.49229724763427,-355249.98117202322464
0.36927688866775670862,371.80559815342576258,-355621.78664848068729,-355249.98105032724561
0.370345549496635007,370.5934129091231739,-355620.57154065818759,-355249.97812774905469
0.3714180941537109093,369.57723883546378829,-355619.56412422668654,-355249.98688539123395
0.3724976325933559429,368.66567578097578917,-355618.65273783588782,-355249.98706205491908
0.37358587203763754525,367.47735325803370188,-355617.46387343935203,-355249.9865201812936
0.37468414976453495724,365.84681193502882479,-355615.83348948508501,-355249.98667755007045
0.37577635740914433482,363.60084512796953504,-355613.58736216125544,-355249.98651703330688
0.37682469315383554376,360.93163977368942597,-355610.91967940202449,-355249.98803962831153
0.37784278503314477904,357.93557607565105627,-355607.92539271235,-355249.98981663672021
0.37884016526771441269,354.91705973242136452,-355604.90726561204065,-355249.99020587961422
0.37982379116772857497,352.11279537869779688,-355602.10241764807142,-355249.98962226934964
0.38079895091479443181,349.70181435914605572,-355599.68462263431866,-355249.98280827514827
0.38177098143515142414,347.7384476344069526,-355597.72122532210778,-355249.98277768772095
0.38274414981401516656,346.46406109101263837,-355596.44614679028746,-355249.98208569927374
0.38372227502926975484,345.75611393351061906,-355595.73916296428069,-355249.98304903076496
0.38471108875144421901,345.43365393055654522,-355595.41592562553706,-355249.98227169498568
0.38571587372437182717,345.35733715240883157,-355595.33714595501078,-355249.97980880260002
0.38674351639925874657,345.37121981802010851,-355595.35110829031328,-355249.97988847229863
0.38778925417022191979,345.27521968744025571,-355595.2549081328325,-355249.97968844539719
0.38884422969702148176,344.94547061170908364,-355594.92462545656599,-355249.97915484488476
0.38990967314914265485,344.28778556205031691,-355594.26925939077046,-355249.98147382872412
0.39098855214333799735,343.45800091116376507,-355593.43937273882329,-355249.9813718276564
0.39208444626410432488,342.51526382177684127,-355592.49548375088489,-355249.98021992912982
0.39320024828564653641,341.47258742756019956,-355591.45333794312319,-355249.98075051559135
0.39433940119606725183,340.6266668253787202,-355590.60489525448065,-355249.97822842909954
0.39550621535188307254,340.09268943953725284,-355590.0724281106377,-355249.97973867109977
0.39670625233708234347,339.67907550255944216,-355589.65920883161016,-355249.98013332905248
0.39795000063703250825,339.40019493021668495,-355589.38298830919666,-355249.98279337899294
0.39913057865135059821,339.12445066229633994,-355589.10585460619768,-355249.98140394390794
0.40024624688811527573,338.85468387135142621,-355588.83727402403019,-355249.98259015270742
0.40131806582643325676,338.53682987845013486,-355588.51901154371444,-355249.98218166525476
0.4023600200145726058,338.21057745203250988,-355588.19271794136148,-355249.98214048933005
0.40338189382278716311,337.86446756965449367,-355587.84666270506568,-355249.98219513543881
0.40439083086802890543,337.47215021525079237,-355587.45448631915497,-355249.98233610391617
0.40539226245366472012,336.91809760431664245,-355586.90104457194684,-355249.98294696764788
0.40639239164697915641,336.26801714258886022,-355586.25095938739832,-355249.98294224479469
0.40739476299343985177,335.47640441769681274,-355585.45679119194392,-355249.98038677423028
0.40840305372154755981,334.44140342798482379,-355584.42075734515674,-355249.97935391718056
0.40942370276259998363,333.1841467437033657,-355583.16617917676922,-355249.98203243309399
0.41046243039856555868,331.54180480131691411,-355581.52016874472611,-355249.97836394340266
0.41152676927819914487,329.53994499056557288,-355579.51832836668473,-355249.97838337614667
0.41262696289137096306,327.27138275063492756,-355577.24889554770198,-355249.97751279704971
0.41377739615663100547,324.67750979571076186,-355574.65934581472538,-355249.98183601902565
0.41499903925365122515,321.82155393069024285,-355571.80367000633851,-355249.98211607564008
0.41632397308541607694,318.79667283738513106,-355568.77878946537385,-355249.98211662797257
0.41776928945886521172,315.82551515166227318,-355565.80978072487051,-355249.98426557320636
0.41928493701329339061,313.44247523514917475,-355563.42630704841577,-355249.9838318132679
0.42087390307502947628,311.952484429279707,-355561.93542055378202,-355249.98293612449197
0.42226609182404734044,311.45100274986157274,-355561.43293623428326,-355249.98193348443601
0.42353047651319880584,311.47826324160195099,-355561.46034402574878,-355249.98208078416064
0.42471353918831167285,311.70652056253646833,-355561.6843545071315,-355249.97783394460566
0.42584257678905856892,312.09468767800962041,-355562.07255893439287,-355249.97787125635659
0.42693514253804931702,312.55693838379755789,-355562.5348494494101,-355249.97791106562363
0.42800323231331344198,313.01590463390454033,-355562.99385456298478,-355249.97794992907438
0.42905543463917200642,313.40382875336393909,-355563.38180675019976,-355249.97797799680848
0.43009815505622989162,313.607337232243367,-355563.58276975061744,-355249.97543251834577
0.43113806106939206453,313.55373451773107263,-355563.53054412186611,-355249.97680960415164
0.43217972137075422179,313.31584347590171546,-355563.29390329914168,-355249.97805982321734
0.43322558188921750366,312.56773199455773238,-355562.55268450290896,-355249.98495250835549
0.43428228920108902233,311.48329979425216152,-355561.468252903549,-355249.98495310929138
0.43535596868447995478,310.1542300378470145,-355560.13731239974732,-355249.98308236192679
0.4364538915182116785,308.43698479995720163,-355558.42320426565129,-355249.98621946567437
0.43758588473190823676,306.36288921508287331,-355556.34697074536234,-355249.98408153030323
0.43876564175234344933,304.04276119892608676,-355554.02453896286897,-355249.98177776392549
0.44001293644991607001,301.63948479718459339,-355551.62115022301441,-355249.98166542581748
0.44135766802083092886,299.38882435544292093,-355549.37033875891939,-355249.98151440348011
0.44274914554955324686,297.678453889427999,-355547.65985522861592,-355249.98140133917332
0.44414358712710655386,296.73855778360211843,-355546.72170420386828,-355249.98314642027253
0.44554139762343980546,296.57652607300212821,-355546.55974012706429,-355249.98321405408205
0.44694268467083958507,297.03014762858839504,-355547.01631278719287,-355249.98616515862523
0.44833478431062784297,297.98397656853325088,-355547.97032587626018,-355249.98634930769913
0.44961469613520965716,298.96736988884856601,-355548.95599285670323,-355249.98862296785228
0.45082211141319378234,299.75417878103814928,-355549.74358139920514,-355249.98940261814278
0.45198121020556147887,300.31269495821561577,-355550.30197366600623,-355249.9892787077697
0.45310793592531711793,300.52335559814042654,-355550.51262049196521,-355249.9892648938112
0.45421338955229223489,300.39294655582671112,-355550.38089780998416,-355249.9879512541811
0.4553056480287946961,299.97205447977370341,-355549.96220924076624,-355249.99015476100612
0.45639168762979570593,299.16573167562540903,-355549.15674917062279,-355249.99101749499096
0.45747854746590893571,298.21380557563469438,-355548.20365124475211,-355249.98984566912986
0.45856886658537604484,297.05314071785437591,-355547.04206288454589,-355249.98892216669628
0.45966604894814261373,295.52523087785368716,-355545.51414715597639,-355249.98891627811827
0.46077849718982799576,293.82415721547386056,-355543.81476926850155,-355249.99061205302132
0.46191310992980449956,291.89876642675852736,-355541.89013327634893,-355249.99136684957193
0.46307909367765637265,289.75609730208054771,-355539.74708654836286,-355249.99098924628925
0.46428915411529514401,287.44873144146555433,-355537.43965783133171,-355249.99092638987349
0.46556139460152717868,285.04678355150849711,-355535.03760036709718,-355249.99081681558164
0.46692267263608716599,282.67421902069025919,-355532.66196977568325,-355249.9877507549827
0.46841520681036158402,280.47035421319588977,-355530.4563671911601,-355249.9860129779554
0.47011031719549650765,278.80237025617162772,-355528.78084596898407,-355249.97847571282182
0.47200882728214693662,277.73477103984259884,-355527.70929454616271,-355249.97452350630192
0.47359981601554690389,277.41187186305796786,-355527.38384810835123,-355249.97197624528781
0.4750208795762159153,277.33674198347625861,-355527.30881192319794,-355249.97206993971486
0.47633732716248683436,277.36601486638164715,-355527.33815151231829,-355249.97213664592709
0.47758576886460513133,277.3790413174434093,-355527.35120391263627,-355249.97216259519337
0.47878903155447238849,277.33210590016483366,-355527.30425585637568,-355249.97214995621471
0.47996240602781153894,277.22285099509019801,-355527.19644662772771,-355249.97359563264763
0.48111667567580634897,276.98100084561514223,-355526.95396104658721,-355249.97296020097565
0.48225978348157910736,276.56146639690024358,-355526.54032927041408,-355249.97886287351139
0.4834012133470404482,276.05967128034245661,-355526.04040804045508,-355249.98073676013155
0.48454495384231954791,275.57708044788608959,-355525.55782442830969,-355249.98074398044264
0.48569391794193456091,274.97259824257326954,-355524.95598247769522,-355249.98338423512178
0.48685315386534855353,274.21872288766445536,-355524.20211834664224,-355249.98339545895578
0.4880319543604339505,273.4190998265358985,-355523.40250020730309,-355249.98340038076276
0.48923880875969771864,272.56560874248350501,-355522.5490006681066,-355249.98339192563435
0.49048525660895392342,271.66911683187385051,-355521.65247919654939,-355249.98336236469913
0.49178751320409003212,270.67929445797767585,-355520.6642112674308,-355249.98491680948064
0.49316917727859915788,269.72922448394666617,-355519.71499643789139,-355249.98577195394319
0.49466633199180481961,268.9660690233394007,-355518.95164916943759,-355249.98558014607988
0.49633794052284452292,268.77413766371466863,-355518.75971922063036,-355249.98558155691717
0.4981549817923324186,269.50259557761557971,-355519.48700666427612,-355249.98441108665429
0.4999614400337470399,270.88295671484712557,-355520.86851379089057,-355249.98555707605556
0.50153216016463764149,272.50510469189350715,-355522.49082185060252,-355249.98571715870639
0.50296436207150363451,274.10875148808639779,-355524.09208076319192,-355249.98332927509909
0.50430884672580467143,275.50305854187763543,-355525.48723747686017,-355249.984178935003
0.50559581091424576904,276.73925648829481361,-355526.72345038503408,-355249.98419389675837
0.50684487465244498772,277.84155808423389544,-355527.82574728049804,-355249.98418919625692
0.50806956725804930386,278.81685663721845003,-355528.80104010732612,-355249.98418347013649
0.50927966901012178269,279.57244167008343538,-355529.55157746525947,-355249.97913579514716
0.51048568035268193643,280.10308521086403744,-355530.08219127624761,-355249.97910606540972
0.51169344593276433475,280.54930341516791259,-355530.5281087665353,-355249.9788053513621
0.51290620567380107442,280.89222674984205241,-355530.87110636290163,-355249.97887961304514
0.51412726477604220321,281.04208320065509952,-355531.01986016338924,-355249.97777696273988
0.51536596810100820942,281.00293879616663162,-355530.98066749260761,-355249.97772869642358
0.51663237037408371588,280.77423541811367613,-355530.75226847711019,-355249.9780330589856
0.51793807601475316815,280.36435025559882206,-355530.34227719949558,-355249.97792694391683
0.51929931254422190268,279.78904656331860679,-355529.76692844263744,-355249.97788187931292
0.52073956732467829855,279.15368381552167421,-355529.13140919303987,-355249.97772537753917
0.5222944143261234462,278.55941256659701821,-355528.5370918296976,-355249.97767926310189
0.52388280247553620228,278.2186463658727007,-355528.19627766648773,-355249.97763130062958
0.52548012600653881687,278.26193413928092468,-355528.23958913679235,-355249.97765499749221
0.52708819803106243818,278.6356911520246058,-355528.61293470591772,-355249.97724355390528
0.52870869402589160124,279.27413524512553522,-355529.25148589647142,-355249.97735065134475
0.53030495379052078331,280.00224904865160624,-355529.97969696106156,-355249.97744791238802
0.53177901193891030651,280.58853452368259696,-355530.56453628151212,-355249.97600175783737
0.53317477302871674194,280.97116415362188491,-355530.94717771274736,-355249.97601355914958
0.53451936872439298476,281.16729200016425239,-355531.14352268201765,-355249.97623068187386
0.53583089727503485644,281.16635977527676005,-355531.14258543972392,-355249.97622566443169
0.5371221030745435554,280.9479925080804037,-355530.92231960210484,-355249.97432709403802
0.53840501885344937971,280.52475739732824422,-355530.49908101151232,-355249.97432361420942
0.53968865180975056361,280.01285948945843529,-355529.98717132670572,-355249.97431183722802
0.54097664691482472143,279.42465511756245178,-355529.39896103041247,-355249.97430591285229
0.54227264570898492391,278.762156282595015,-355528.73586770310067,-355249.97371142049087
0.54358093544588137469,277.84860220014093102,-355527.82474736211589,-355249.97614516195608
0.54491569680743601189,276.7364578909229067,-355526.71302086493233,-355249.97656297398498
0.54628834720367702715,275.50062952218803503,-355525.47726331709418,-355249.97663379489677
0.54771469644302261948,274.20898166903089077,-355524.18556953745428,-355249.97658786841203
0.54921743546687717963,272.95631035615832616,-355522.93284630333073,-355249.97653594717849
0.55083047086022818295,271.85182171124318984,-355521.82827442412963,-355249.97645271290094
0.55260764920819804846,271.08208151794252672,-355521.05845322087407,-355249.97637170291273
0.5546411999089081446,270.8330532677846918,-355520.81063939927844,-355249.97758613148471
0.55677860471600515435,271.40189246129403955,-355521.37963055400178,-355249.97773809271166
0.55860190964193778829,272.38852055027467713,-355522.36662788823014,-355249.97810733795632
0.56024738059969270143,273.45152881000188927,-355523.42971399321686,-355249.978185183194
0.56178295846419190607,274.45868918637700062,-355524.43725209170952,-355249.97856290533673
0.56324790216788767072,275.31690378583715528,-355525.29549626167864,-355249.978592475818
0.56466729096291068402,276.07092245626574822,-355526.04950713599101,-355249.97858467971673
0.56605824888752798163,276.7069890981520075,-355526.68480194173753,-355249.97781284357188
0.56743480323992478986,277.15388736672861114,-355527.13169732096139,-355249.97780995426001
0.56881070710289050041,277.54415963714933469,-355527.52208992338274,-355249.97793028625892
0.57019020370579764911,277.86521644062185032,-355527.84314618172357,-355249.97792974108597
0.57157744077982430841,278.09420701233545969,-355528.07267449563369,-355249.9784674833063
0.57297669214584057151,278.22585577228670672,-355528.20968131907284,-355249.98382554680575
0.5743963324609602239,278.22889528672288861,-355528.21270508115413,-355249.98380979441572
0.57585289819674323475,278.21202782389298136,-355528.19582245650236,-355249.98379463260062
0.57736206070506457255,278.11748420601963971,-355528.10351222020108,-355249.98602801415836
0.57894611508211424322,278.05250316064871186,-355528.03847992129158,-355249.98597676062491
0.58063803509910716372,278.18310424987794249,-355528.16902293276507,-355249.98591868288349
0.58248934284723663524,278.63543174581349149,-355528.62136683193967,-355249.98593508615158
0.58458651391562910238,279.70702807689349356,-355529.69295462273294,-355249.98592654586537
0.58685711389734185328,281.54677449195497729,-355531.53287119406741,-355249.98609670210863
0.58886880558529053342,283.57381695664025756,-355533.56039142399095,-355249.98657446732977
0.59066796621871575645,285.413630022764778,-355535.40384510473814,-355249.99021508195437
0.59233820095931377647,286.96550701972586239,-355536.95487077988219,-355249.98936376016354
0.59392671022944576453,288.19947443594827519,-355538.18885439709993,-355249.98937996116001
0.59546320011061137922,289.20147025228817483,-355539.19084718974773,-355249.98937693744665
0.59696778345142353928,289.84815560437829163,-355539.84031412156764,-355249.99215851718327
0.59845997355118873973,290.24866126566666935,-355540.24109249550384,-355249.99243122985354
0.59995210761242534492,290.55010553860591926,-355540.54388590226881,-355249.99378036364214
0.60144917687022902975,290.74428788622662978,-355540.73724053631304,-355249.99295265006367
0.60295601590199998654,290.91005464941014225,-355540.90300819650292,-355249.99295354710193
0.60447761478398209789,291.05137972881664155,-355541.04436205257662,-355249.99298232374713
0.60601960424878453804,290.98521924273478589,-355540.97618736536242,-355249.99096812261268
0.60760405025663799528,290.83716269925957931,-355540.82810828962829,-355249.99094559036894
0.60925001615132889921,290.65799742909558745,-355540.64891029626597,-355249.99091286718613
0.61098399031755123989,290.49629063199000711,-355540.48717529367423,-355249.9908846616745
0.61284562529004504849,290.40955696928074303,-355540.40049847803311,-355249.99094150873134
0.61489792169795098875,290.43372640611869429,-355540.42865906411316,-355249.99493265798083
0.61724889662278059621,290.80846949430355153,-355540.80459550954401,-355249.99612601526314
0.61968504021839787566,291.53234703551390794,-355541.52867487061303,-355249.99632783507695
0.62178068985547385594,292.27438168096227855,-355542.27111032581888,-355249.99672864488093
0.6236823822182849808,292.81331935522155163,-355542.80920221435372,-355249.99588285910431
0.62546519224211849508,293.1158969177431004,-355543.11181502242107,-355249.9959181046579
0.62717332838903205872,293.18559560689800492,-355543.18150324258022,-355249.99590763566084
0.62883549904394819841,292.99379819174276918,-355542.99277173681185,-355249.99897354509449
0.63047725913773744466,292.56298487683216081,-355542.56192769203335,-355249.99894281517481
0.63211715232387477581,292.02914904625811232,-355542.02806676831096,-355249.99891772202682
0.63376142382170097545,291.42332031224162847,-355541.42221636557952,-355249.99889605335193
0.63541595209004875233,290.77167833596035962,-355540.77055627154186,-355249.99887793557718
0.63708655946103920353,290.09467322131825995,-355540.09375533205457,-355249.99908211076399
0.63877958573932303032,289.37933362541730276,-355539.37477468140423,-355249.99544105597306
0.64050368703723603581,288.52353839238543287,-355538.51897696324158,-355249.99543857085519
0.64229053778760358817,287.60256979854887049,-355537.59651947871316,-355249.99394968018169
0.64416732405154075725,286.62025620081158195,-355536.61419617582578,-355249.99393997498555
0.64617440667381720321,285.64061895463277096,-355535.63454263069434,-355249.9939236760838
0.64837524269828283874,284.70294822337734786,-355534.69691702607088,-355249.99396880267886
0.65087695688439839437,283.91510128190878959,-355533.90896819223417,-355249.99386691034306
0.65361266851049915072,283.56381424877048403,-355533.5576789068873,-355249.99386465811403
0.65595101651936804643,283.68455979905252207,-355533.67845668736845,-355249.99389688833617
