# Fix print output for fix printe
0.20008910123735501596,749.99430927927960511,-355999.96485363517422,-355249.97054435592145
0.2001782028102529476,749.97739607966730091,-355999.94794020749396,-355249.97054412780562
0.20026730538783929503,749.94933554773820106,-355999.91988011682406,-355249.9705445690779
0.20035640963237527634,749.90964063931767214,-355999.88018627947895,-355249.97054564015707
0.20044551623517889438,749.85711920702760835,-355999.8276660121046,-355249.97054680506699
0.20053462595858426165,749.79039082013025563,-355999.76093873631908,-355249.97054791619303
0.20062373964722743369,749.70812127337956099,-355999.67867021268466,-355249.97054893930908
0.20071285822542800359,749.60946215875640064,-355999.58000995626207,-355249.97054779750761
0.20080198266846516209,749.49539172160598355,-355999.46593826042954,-355249.97054653882515
0.20089111389410510555,749.36741797188824421,-355999.33796325797448,-355249.97054528607987
0.20098025273113151457,749.22701994942372039,-355999.19756410573609,-355249.97054415632738
0.20106939992105288262,749.0757074518742229,-355999.04624962928938,-355249.97054217744153
0.20115855611623031929,748.91557950140474986,-355998.88612060493324,-355249.97054110351019
0.20124772184472214387,748.74803378043236535,-355998.71857408800861,-355249.97054030757863
0.20133689755192268889,748.5740278233091658,-355998.54456735489657,-355249.9705395316123
0.20142608362669489619,748.39448359520088161,-355998.36502256093081,-355249.97053896571742
0.20151528040342073234,748.21006575187311682,-355998.18060442467686,-355249.97053867281647
0.20160448817726747683,748.02113050539139749,-355997.99166906921891,-355249.97053856385173
0.2016937072225276073,747.82780265108704043,-355997.79834132455289,-355249.97053867345676
0.20178293780639922073,747.62995794135099459,-355997.6004969382775,-355249.97053899691673
0.2018721802038472013,747.42700103624110852,-355997.3975417802576,-355249.97054074401967
0.20196143472575567301,747.21704715362102434,-355997.18758972303476,-355249.97054256941192
0.20205070179605286174,746.9979278615644489,-355996.96847210411215,-355249.97054424253292
0.20213998196890164971,746.7676062898061673,-355996.73815224703867,-355249.9705459572142
0.20222927592111844541,746.5243458766516369,-355996.49489074916346,-355249.97054487251444
0.20231858443450978502,746.26910853425670211,-355996.23965148837306,-355249.97054295410635
0.20240790823461343728,746.00417998207001347,-355995.97472108609509,-355249.97054110403406
0.20249724791134146584,745.7317719700872658,-355995.70231131650507,-355249.97053934639553
0.20258660392314958854,745.45397386328954781,-355995.42451221082592,-355249.97053834755206
0.20267597660409311655,745.17195880710141864,-355995.14249708835268,-355249.97053828125354
0.20276536621853291642,744.88587778397845796,-355994.85641592484899,-355249.97053814085666
0.20285477302237406305,744.59587435169976288,-355994.5664124613395,-355249.97053810965735
0.20294419726351559108,744.3020010117164702,-355994.27253911062144,-355249.97053809888894
0.20303363918732947324,744.00419248329455968,-355993.97473102278309,-355249.97053853946272
0.20312309904377262582,743.70199523541418785,-355993.67253429698758,-355249.97053906158544
0.2032125771108141965,743.39478515463463282,-355993.36532478232402,-355249.97053962771315
0.20330207370482944462,743.08188218836301075,-355993.05242241849191,-355249.97054023010423
0.20339158918412475474,742.7625604327771498,-355992.73310130502796,-355249.97054087225115
0.20348112395187695212,742.43604674544315003,-355992.40658829989843,-355249.97054155444494
0.20357067845917875548,742.10151936795477923,-355992.07206165988464,-355249.970542291936
0.20366025320819197697,741.75821924337969904,-355991.72864043770824,-355249.97042119433172
0.20374984874857055006,741.35499689734558615,-355991.32562035077717,-355249.97062345343875
0.20383946873667496691,740.93131394682734481,-355990.90193856297992,-355249.97062461613677
0.20392911444301400903,740.48798738378354756,-355990.4586130916141,-355249.97062570782145
0.20401878709330295569,740.02369476611511345,-355989.99432158609852,-355249.97062681999523
0.20410848799895822681,739.53709181140334294,-355989.50771980290301,-355249.97062799148262
0.20419821855923864229,739.02677539100693593,-355988.99740452965489,-355249.9706291386392
0.20428798026571942659,738.49136447026546648,-355988.46199471270666,-355249.97063024243107
0.20437777470194906648,737.92952962524441318,-355987.90016092156293,-355249.97063129633898
0.20446760354139378868,737.34000059218442402,-355987.31063288915902,-355249.97063229698688
0.20455746854500023169,736.72157426631531507,-355986.6922074923059,-355249.97063322598115
0.20464737155834814009,736.01620623860753767,-355985.98508349352051,-355249.96887725492707
0.2047373179988977443,735.24635856961845093,-355985.21523813938256,-355249.96887956978753
0.2048273119364949213,734.42634972676626148,-355984.39523168117739,-355249.96888195443898
0.20491735658766535577,733.55328567855701749,-355983.52217008988373,-355249.96888441132614
0.20500745537294476351,732.62417764234248807,-355982.59306461759843,-355249.96888697525719
0.20509761192665371121,731.63588956667263119,-355981.60477932868525,-355249.96888976200717
0.20518783011042016073,730.58504935592577567,-355980.55394202086609,-355249.96889266493963
0.20527811403279910829,729.46811718339893105,-355979.43701288290322,-355249.96889569947962
0.20536846806541361743,728.28139110472648099,-355978.25028997974005,-355249.96889887499856
0.20545889685955512349,727.02099034633647534,-355976.98989255435299,-355249.96890220802743
0.20554940536474011759,725.68283793042610341,-355975.65174365590792,-355249.96890572545817
0.20563999884941439045,724.262628092265345,-355974.23153754492523,-355249.96890945266932
0.20573068292493407183,722.75579119374629045,-355972.72470460168552,-355249.96891340793809
0.20582146357320627028,721.15747820402827983,-355971.1263957854826,-355249.96891758142738
0.20591234717702819323,719.46256245277413655,-355969.43148446007399,-355249.96892200730508
0.20600334055233074371,717.66560685905392347,-355967.63453357212711,-355249.96892671304522
0.20609445098484552306,715.76082490851797502,-355965.72975665231934,-355249.96893174381694
0.20618568627203529009,713.74204612211951826,-355963.71098308620276,-355249.96893696405459
0.20627705477054003591,711.60284154625651354,-355961.57178397802636,-355249.96894243179122
0.20636856543947509901,709.33649426226747892,-355959.30544245033525,-355249.96894818806322
0.20646022789004034315,706.93594038388914669,-355956.90489460562821,-355249.96895422175294
0.20655205244419072574,704.39379596121204941,-355954.3627564344788,-355249.96896047325572
0.20664405019780202055,701.70243004179303625,-355951.67139693174977,-355249.96896688995184
0.2067362330863355413,698.85404841369927453,-355948.82302181760315,-355249.96897340391297
0.20682861395339793842,695.84077959798594293,-355945.80975951277651,-355249.96897991478909
0.20692120662329099856,692.6548487945491388,-355942.6238349211053,-355249.96898612653604
0.20701402597306867159,689.28893240524632802,-355939.25792421645019,-355249.96899181121262
0.20710708799322263829,685.73648468618068819,-355935.70548136509024,-355249.96899667888647
0.20720040983975912541,681.99213428101222689,-355931.96113467641408,-355249.96900039538741
0.20729400987376905841,678.05215743014036889,-355928.02115996496286,-355249.96900253480999
0.20738790768371173634,673.91507231337891426,-355923.88407490059035,-355249.96900258719688
0.2074821240818713608,669.58231946294540649,-355919.55131952301599,-355249.96900006005308
0.20757668106779975092,665.05905749814883166,-355915.02805161522701,-355249.9689941170509
0.20767160174811868933,660.35517591064115095,-355910.3241603464121,-355249.96898443577811
0.20776691019266679827,655.48597032555619535,-355905.45494072925067,-355249.9689704037155
0.20786263124453491224,650.47303056484645367,-355900.44198201142717,-355249.96895144658629
0.20795879026019797875,645.34513955604256807,-355895.31406667106785,-355249.96892711502733
0.20805541276682645857,640.13906438203662219,-355890.1079613721231,-355249.96889699005987
0.20815252402910358609,634.90027039078017879,-355884.86913124821149,-355249.96886085742153
0.20825014851212408917,629.68339905680193169,-355879.65221785556059,-355249.96881879877765
0.20834830923537031588,624.55233116783801961,-355874.52110252971761,-355249.96877136186231
0.20844702702438849817,619.57972486265350653,-355869.54844405816402,-355249.96871919551631
0.20854631967553183269,614.84617560494223198,-355864.81483913911507,-355249.96866353414953
0.20864620103912664972,610.43863541344580881,-355860.40724154084455,-355249.96860612742603
0.20874668006034238776,606.44803116281082112,-355856.41658032592386,-355249.96854916313896
0.20884775983288592083,602.96614449396531654,-355852.93463968060678,-355249.96849518665113
0.20894943672975646587,600.08183339094830444,-355850.05028046638472,-355249.96844707545824
0.20905169968807654768,597.87671623417941191,-355847.84512393188197,-355249.9684076976846
0.20915452973501130751,596.42052938706024179,-355846.38890954782255,-355249.96838016074616
0.20925789984441414693,595.7665415085979248,-355845.73490752949147,-355249.96836602088297
0.20936177519787546597,595.94827792524085908,-355845.91664464463247,-355249.9683667193749
0.20946611381619528736,596.97692363643932367,-355846.94530638470314,-355249.96838274825132
0.20957086758140086591,598.83960381672739004,-355848.80801954923663,-355249.96841573249549
0.20967598364416545342,601.49819647666731726,-355851.46665894106263,-355249.96846246439964
0.20978140622737381782,604.89208940547223392,-355854.86061035678722,-355249.96852095134091
0.20988707847406973261,608.94145507333882961,-355858.91004329395946,-355249.96858822059585
0.20999294428508888388,613.55247549637260818,-355863.52113094559172,-355249.96865544922184
0.2100989499263279936,618.62618607555361905,-355868.59491029958008,-355249.96872422401793
0.21020504499591358138,624.06046500726210979,-355874.02925689984113,-355249.96879189257743
0.2103111833770105743,629.75340928394632556,-355879.72226497833617,-355249.96885569440201
0.21041732315924355223,635.60725378632821503,-355885.57616923528258,-355249.96891544893151
0.21052342797509282502,641.53044769040639039,-355891.49941577075515,-355249.96896808035672
0.21062946828430434421,647.44109591372387058,-355897.41010857501533,-355249.96901266131317
0.21073542016471236149,653.26886615046112183,-355903.23791443771916,-355249.96904828725383
0.21084126493184615625,658.95563689383641304,-355908.92471441708039,-355249.96907752321567
0.210946988622380871,664.453697870115775,-355914.42279712005984,-355249.9690992499236
0.21105258156555870008,669.72607076910560409,-355919.69518484198488,-355249.9691140728537
0.21115803782159142665,674.74591996415563244,-355924.71504287689459,-355249.96912291273475
0.21126335459175049625,679.49522986542388026,-355929.46435670688516,-355249.96912684146082
0.21136853166331531773,683.96335881241077459,-355933.93248543486698,-355249.9691266224836
0.2114735709110208417,688.14585491984735199,-355938.1149780737469,-355249.96912315388909
0.21157847585838504556,692.04317145623599572,-355942.012288816215,-355249.96911735995673
0.21168325130875104145,695.65943163648898917,-355945.62854138668627,-355249.96910975017818
0.21178790304696118452,699.00156040301453686,-355948.97066146298312,-355249.96910105994903
0.21189243758732459466,702.07838972653519249,-355952.047481301066,-355249.96909157454502
0.21199686197834935464,704.90009309206004673,-355954.8691747977864,-355249.96908170572715
0.21210118363856642065,707.47761305422716305,-355957.44668488705065,-355249.96907183283474
0.21220541022856689861,709.82219469293431757,-355959.79125667805783,-355249.96906198514625
0.21230954955389441663,711.94520039365943376,-355961.91425284231082,-355249.96905244863592
0.21241360949028922911,713.85777079419062829,-355963.8268141389708,-355249.96904334478313
0.21251759793374527807,715.51456981763635667,-355965.4838240853278,-355249.96925426769303
0.21262152851759483219,716.93374832882238934,-355966.90299712790875,-355249.96924879908329
0.21272541330314639896,718.14854399115858996,-355968.1177882902557,-355249.96924429910723
0.21282926241401739498,719.16430998050907419,-355969.13355090707773,-355249.96924092655536
0.21293308627117393805,719.98508020498741189,-355969.95431886502774,-355249.96923866006546
0.21303689566103883868,720.61353901465827221,-355970.58277659694431,-355249.96923758229241
0.21314070171330143366,721.05093566384459791,-355971.02017346333014,-355249.96923779946519
0.21324451568369953702,721.29695584615330972,-355971.2661952143535,-355249.96923936821986
0.21334834993754353549,721.34964096752730711,-355971.31888332869858,-355249.96924236119958
0.2134522175983172565,721.20527979981216049,-355971.17452672077343,-355249.9692469209549
0.21355613268969106389,720.85825412665383283,-355970.82750724762445,-355249.9692531209439
0.21366011029910328411,720.30091846523635013,-355970.27017955953488,-355249.9692610942875
0.2137641667667774803,719.52342978579986266,-355969.49270081997383,-355249.96927103417693
0.21386831990475416165,718.5135276514281486,-355968.48281071265228,-355249.96928306121845
0.21397258925272330532,717.25634814973545872,-355967.22564546589274,-355249.96929731615819
0.21407699637168917106,715.73427517363381867,-355965.70358897314873,-355249.96931379952002
0.2141815651770474227,713.88646215270455286,-355963.85546839452581,-355249.96900624182308
0.21428632438027048202,711.70979438307301734,-355961.678824330098,-355249.9690299470094
0.21439130487209276388,709.21208828301678295,-355959.1811447844957,-355249.96905650146073
0.21449653946997374043,706.3604075437639267,-355956.3293470419012,-355249.96893949812511
0.21460206541848098061,703.07861340245676729,-355953.04778176662512,-355249.96916836418677
0.2147079283058461463,699.36708600404369918,-355949.33629075682256,-355249.9692047527642
0.21481417647718298314,695.18208004158293534,-355945.15132450661622,-355249.96924446505727
0.21492086522295314466,690.47311714436898455,-355940.44240445288597,-355249.96928730851505
0.21502805821136833364,685.18534133087507598,-355935.15467420098139,-355249.96933287009597
0.21513582899020727845,679.25991186698774982,-355929.22929235501215,-355249.96938048803713
0.21524426279250635785,672.59979394673575825,-355922.56985242269002,-355249.97005847597029
0.21535345872381200794,665.15821219264398678,-355915.12831832381198,-355249.97010613116436
0.21546353240292853704,656.88201010543286884,-355906.85216002562083,-355249.97014992020559
0.21557461914800749025,647.7108871552650271,-355897.68107327801408,-355249.97018612275133
0.21568687785051326999,637.59315015487482015,-355887.56335991882952,-355249.97020976396743
0.21580049570582918173,626.49242379468489617,-355876.46263797074789,-355249.97021417604992
0.21591569400713703231,614.39680020655123371,-355864.36699284438509,-355249.9701926378184
0.21603273525039196068,601.3296057857157848,-355851.29974021355156,-355249.97013442782918
0.21615193197324308882,587.36568545983027434,-355837.33571265061619,-355249.97002719080774
0.21627365753781185864,572.65241444907337609,-355822.62227310606977,-355249.96985865698662
0.21639835912152780018,557.43342063099862571,-355807.40304074331652,-355249.96962011232972
0.2165265732931498377,542.07461626549934408,-355792.04391824506456,-355249.96930197958136
0.21665894427323834082,527.09435630443238097,-355777.0632626444567,-355249.96890634001466
0.21679624383141030131,513.18919658480535873,-355763.15764309873339,-355249.96844651392894
0.21693939040629686699,501.25158850016475753,-355751.21955674712081,-355249.96796824695775
0.21708946079943888807,492.35313880520436669,-355742.32069563039113,-355249.9675568251987
0.21724768260553414811,487.67134940319238012,-355737.63868558121612,-355249.96733617800055
0.21741538594554618569,488.33761520056486916,-355738.30507196974941,-355249.96745676919818
0.21759388041955990412,495.18668757835365568,-355745.1547395135276,-355249.96805193519685
0.21778072554335606292,508.13755293902852372,-355758.10665486269863,-355249.96910192369251
0.21795164654664067605,523.78682853814621012,-355773.75682807149133,-355249.96999953332124
0.21811109876023807019,540.35537215952740553,-355790.32604932493996,-355249.97067716543097
0.21826197917701103957,556.74362121528668013,-355806.71476960496511,-355249.97114838968264
0.2184062755137389511,572.29673506714630093,-355822.268185980618,-355249.97145091346465
0.21854540773365080386,586.65196812571832652,-355836.62359387008473,-355249.97162574436516
0.21868042230269946202,599.63648168320730747,-355849.6081912300433,-355249.97170954680769
0.21881210975272197272,611.19806349243799559,-355861.16979391081259,-355249.97173041838687
0.2189410794502076596,621.35959357235356038,-355871.33130351884756,-355249.9717099465197
0.21906780893735702809,630.18836957371240715,-355880.16003363323398,-355249.97166405949974
0.21919267766100683503,637.77568721192483281,-355887.74729076231597,-355249.97160355036613
0.21931599071783230981,644.22383675070921072,-355894.19537310826126,-355249.97153635753784
0.21943799593245266744,649.63756324706491796,-355899.60903041728307,-355249.97146717022406
0.21955889644073250944,654.11897970997836183,-355904.09038047329523,-355249.97140076331561
0.21967886011366330457,657.76359686365799462,-355907.73493452859111,-355249.97133766493062
0.21979802687773594694,660.65981409761582199,-355910.6310925304424,-355249.97127843281487
0.21991651424666650017,662.88906319514512688,-355912.86028687882936,-355249.97122368367855
0.22003442157400721069,664.52598215281648208,-355914.49715272360481,-355249.97117057075957
0.22015183335337631942,665.64139219817423054,-355915.61251272936352,-355249.97112053120509
0.22026882147597670603,666.30167905612779577,-355916.27275356143946,-355249.97107450530166
0.22038544717529112704,666.56773338470861745,-355916.53876545757521,-355249.97103207284817
0.22050176276981531265,666.49559889876070429,-355916.46659249300137,-355249.97099359426647
0.22061781307870198532,666.13630327471389592,-355916.10726188495755,-355249.9709586102399
0.2207336366876640199,665.53645220439727836,-355915.50737833359744,-355249.97092612920096
0.22084926698638318587,664.73947497305493926,-355914.7103709327057,-355249.97089595964644
0.22096473294270291277,663.78596560880293964,-355913.75683354568901,-355249.97086793690687
0.22108005974623101686,662.71377602295808629,-355912.68461832683533,-355249.97084230388282
0.22119526938515737813,661.55798828112961019,-355911.52880654751789,-355249.97081826638896
0.22131038116528409243,660.35160091823274797,-355910.32239671761636,-355249.970795799396
0.22142541208601482228,659.12562676553909569,-355909.09640165319433,-355249.97077488765353
0.22154037715451119217,657.90906224749323883,-355907.8798177955905,-355249.97075554809999
0.22165528965435438158,656.72882058902939661,-355906.69955846120138,-355249.9707378721796
0.22177016137455468625,655.60957826953926997,-355905.58030023425817,-355249.97072196472436
0.22188500281140866033,654.57357380220196319,-355904.54428182920674,-355249.97070802701637
0.22199982334997123146,653.64034632698690075,-355903.61104245792376,-355249.97069613094209
0.22211463143434273526,652.8265801033602429,-355902.79726642079186,-355249.9706863174215
0.22222943471498618484,652.07903847942452558,-355902.052168185357,-355249.97312970593339
0.22234424764898289006,651.48168212968118951,-355901.45515492971754,-355249.9734728000476
0.22245907590348434901,651.01408177839425662,-355900.98749544034945,-355249.97341366193723
0.22257392852344684564,650.71408665235117041,-355900.68750086118234,-355249.97341420885641
0.22268880986431835445,650.5808799367401889,-355900.55429639719659,-355249.97341646044515
0.22280372424917824214,650.60465990768454958,-355900.5780598000274,-355249.97339989233296
0.22291867599715023407,650.75182282679884338,-355900.72522828209912,-355249.97340545529732
0.22303366944783942216,650.97349922836554015,-355900.9450401707436,-355249.97154094238067
0.22314871801002741925,651.29977099702239229,-355901.27132199675543,-355249.97155099973315
0.22326382996367069578,651.72653165989152058,-355901.69809392653406,-355249.97156226664083
0.22337901261909504091,652.2371780278958795,-355902.20875252486439,-355249.9715744969435
0.22349427374176966676,652.81361108620808409,-355902.78519855905324,-355249.97158747282811
0.22360962160465958082,653.43655656774330964,-355903.40815757587552,-355249.97160100814654
0.22372506504248435011,654.08585271310005282,-355904.05746762925992,-355249.97161491616862
0.22384061351223744074,654.74072829573697163,-355904.71235732547939,-355249.97162902972195
0.22395627716014007702,655.37977877321986853,-355905.3514237148338,-355249.97164494160097
0.22407206692857917218,655.9799075929843184,-355905.95156882156152,-355249.97166122857016
0.22418799482162687919,656.51731423980413638,-355906.4889918017434,-355249.97167756193085
0.22430407407987215662,656.96814809040142791,-355906.93984237738186,-355249.97169428697089
0.22442031931566325254,657.30792998558411,-355907.27964265906485,-355249.9717126734904
0.22453674674993384652,657.51070773483593257,-355907.48243865196127,-355249.97173091711011
0.22465337457938480692,657.55053290109401587,-355907.52228192950133,-355249.9717490284238
0.22477022320087947094,657.40183571119951011,-355907.37359982111957,-355249.97176410991233
0.2248873154209055647,657.04263793776385683,-355907.01441387209343,-355249.97177593433298
0.22500467630712006617,656.45478275664618195,-355906.42657048092224,-355249.9717877242947
0.22512233302447359762,655.62043971432069611,-355905.59223931026645,-355249.97179959592177
0.22524031511314654419,654.52159094380135684,-355904.49340434238547,-355249.97181339858798
0.22535865485589526291,653.13840877326958889,-355903.11023658543127,-355249.9718278121436
0.22547738788942897625,651.45024994079062708,-355901.42209189524874,-355249.97184195445152
0.22559655376023166062,649.43686424948407421,-355899.40871990064625,-355249.97185565117979
0.22571619639588844097,647.07852312037107367,-355897.05039236275479,-355249.97186924237758
0.22583636463728673505,644.35598523058718001,-355894.32786695775576,-355249.97188172716415
0.22595711287165046177,641.25139459867546066,-355891.22328714246396,-355249.97189254377736
0.22607850166506193723,637.74912176956433996,-355887.72102285607252,-355249.9719010865083
0.22620059841816472779,633.836662305933487,-355883.80856865958776,-355249.97190635366132
0.22632347806000227552,629.50596694425564692,-355879.47787412267644,-355249.97190717840567
0.22644722373834222373,624.75509661043724918,-355874.72699883242603,-355249.97190222196514
0.22657192747407153832,619.59019337325958077,-355869.5620834211586,-355249.97189004789107
0.22669769073885573385,614.02768678162317428,-355863.99955578462686,-355249.97186900302768
0.22682462490904553576,608.09692232415898161,-355858.06875959527679,-355249.97183727112133
0.22695285149699581662,601.84316121164351898,-355851.81495440774597,-355249.97179319610586
0.22708250202279098295,595.33062845096219462,-355845.30236360593699,-355249.97173515497707
0.2272137173706210711,588.64567168596988722,-355838.61733404448023,-355249.97166235849727
0.22734664638139237547,581.89916142536048937,-355831.8707365199225,-355249.97157509456156
0.22748144347804422072,575.22768752383126412,-355825.19916229462251,-355249.9714747708058
0.22761826507789853502,568.79334829695540066,-355818.76471248979215,-355249.97136419283925
0.22775726445961155808,562.78126078942864297,-355812.75250978377881,-355249.97124899434857
0.22789858482117500427,557.39333172095848568,-355807.36446849955246,-355249.97113677859306
0.22804235054968097218,552.83821342314831782,-355802.80925047025084,-355249.97103704710025
0.22818865693228404523,549.31734986477965776,-355799.28831041656667,-355249.97096055181464
0.22833755895957200122,547.00758269025823211,-355796.97850062284851,-355249.97091793257277
0.22848906047546269082,546.04204718953849351,-355796.01296482083853,-355249.97091763128992
0.22864310547565508402,546.49236451030299122,-355796.46332885051379,-355249.97096434020204
0.22879957361060551668,548.35532636384380112,-355798.32641246105777,-355249.97108609724091
0.2289582818024277211,551.48939408396552153,-355801.46207301801769,-355249.97267893404933
0.22911899292649523519,555.781034716537647,-355805.75387314951513,-355249.97283843299374
0.22928143094589165107,561.01590186108262515,-355810.98891092767008,-355249.97300906659802
0.22944530027467546773,566.9421123787005854,-355816.9152882444323,-355249.97317586571444
0.22961030608417939969,573.29818320452091029,-355823.27150909637567,-355249.9733258918277
0.22977617233966923793,579.83665348854071908,-355829.81010281445924,-355249.97344932594569
0.22994265519800632935,586.32045081745934567,-355836.29553325352026,-355249.97508243605262
0.23010955043873346226,592.5669797005300552,-355842.54212501685834,-355249.97514531633351
0.23027669548807147559,598.49272906767509994,-355848.46788279683096,-355249.97515372914495
0.23044396757447030422,603.99490403464960764,-355853.97009511070792,-355249.97519107605331
0.23061127963941446817,609.04393962109872973,-355859.01912430475932,-355249.97518468368798
0.2307785727103712492,613.62166564376741462,-355863.59683137858519,-355249.97516573482426
0.23094581439722575156,617.73257725623716397,-355867.70771143032471,-355249.97513417410664
0.23111299040902683055,621.39911812320804074,-355871.37421708996408,-355249.97509896673728
0.23128009802708923703,624.65271370930486228,-355874.62777615245432,-355249.97506244317628
0.23144714201045918367,627.52879782159243405,-355877.50382453203201,-355249.97502671042457
0.23161413167561120674,630.06335957821227112,-355880.03835433558561,-355249.97499475738732
0.23178107876424583478,632.2893949173043211,-355882.26436129381182,-355249.97496637649601
0.23194799629418139109,634.23622256735609426,-355884.21116437017918,-355249.97494180285139
0.23211489755575143157,635.92906958022274466,-355885.90399070538115,-355249.97492112516193
0.23228179516852195952,637.38879480640923703,-355887.36369928787462,-355249.97490448143799
0.23244870016992064121,638.63174474530524094,-355888.60663611581549,-355249.97489137051161
0.23261562280349065701,639.67023729328820991,-355889.64511813072022,-355249.97488083742792
0.23278249636894862706,640.51338081950484593,-355890.48825304780621,-355249.97487222828204
0.23294903239709946474,641.1682230482012983,-355891.14308634289773,-355249.97486329468666
0.23311529544951894999,641.64390411950967064,-355891.61875963263446,-355249.9748555131373
0.23328134144122272819,641.94862797715347824,-355891.92347652243916,-355249.97484854527283
0.23344721888099606577,642.08980077063120007,-355892.06464298209175,-355249.97484221146442
0.23361296999344846603,642.07442663079564227,-355892.04926269716816,-355249.97483606636524
0.23377863161827525107,641.90965278884777945,-355891.88448286661878,-355249.97483007778646
0.23394423606136563465,641.5993299160411425,-355891.57621879386716,-355249.97688887780532
0.23410981425066038075,641.03933872175889519,-355891.01365364622325,-355249.97431492444593
0.23427543066868242172,640.31050616603181425,-355890.28481825417839,-355249.97431208816124
0.23444112367928038321,639.47512493563499447,-355889.44943284487817,-355249.97430790925864
0.23460691540333153404,638.54040394333298991,-355888.51470599480672,-355249.97430205147248
0.23477282841446137085,637.51599708906303476,-355887.49029212933965,-355249.97429504030151
0.23493888601120299642,636.41350933315118255,-355886.38779619080015,-355249.97428685764316
0.23510511254232291378,635.2422814367553201,-355885.21883132052608,-355249.97654988378054
0.23527153364781158706,633.93062299350276589,-355883.90725200547604,-355249.97662901197327
0.23543817645876324862,632.5658585708076771,-355882.54247855942231,-355249.97661998862168
0.23560506980363185581,631.16343890129053307,-355881.14005046512466,-355249.97661156381946
0.2357722444295748121,629.737397313700626,-355879.71400150167756,-355249.9766041879775
0.23593973320036987218,628.30029928692567864,-355878.27689760876819,-355249.97659832186764
0.23610757127732562299,626.86255231943277977,-355876.83914677565917,-355249.97659445623867
0.236275796303183655,625.43166552678769676,-355875.4082597423112,-355249.97659421554999
0.2364444485936294249,624.01010015708709489,-355873.98669910361059,-355249.97659894655226
0.23661357173287275724,622.59401038224734748,-355872.5706170386984,-355249.97660665644798
0.23678308481672510899,621.17608211555761955,-355871.15269982937025,-355249.97661771380808
0.23695292207528645401,619.74369838014956713,-355869.72033254714916,-355249.97663416701835
0.23712312582293551544,618.27698623781748211,-355868.25363917596405,-355249.97665293817408
0.23729374417506757244,616.75206952464179722,-355866.72874316276284,-355249.97667363809887
0.23746483170624979597,615.14308019013697049,-355865.11976867867634,-355249.97668848856119
0.2376364499606771763,613.42874156870675506,-355863.40544400166254,-355249.97670243296307
0.23780866729237221113,611.58930118422551914,-355861.56601748865796,-355249.97671630443074
0.23798155931365741478,609.60469579316963973,-355859.58142706315266,-355249.9767312699696
0.23815520982618057499,607.45353360477395199,-355857.43027988274116,-355249.97674627794186
0.23832971222515553222,605.11451656612962324,-355855.09127502341289,-355249.97675845725462
0.23850517105367874393,602.56986422590625807,-355852.54663138679462,-355249.97676716087153
0.23868170341730912676,599.80631812986212026,-355849.78309013094986,-355249.97677200107137
0.23885944062106972963,596.80616675164958451,-355846.78261269733775,-355249.97644594567828
0.23903853005619168925,593.52416288020810953,-355843.5000972681446,-355249.97593438794138
0.23921913729464869269,589.94791836951912956,-355839.92423654347658,-355249.9763181739836
0.23940145576598687027,586.13857577502471941,-355836.11487319413573,-355249.97629741911078
0.23958569996323833551,582.12843967196113226,-355832.10462598083541,-355249.97618630889338
0.23977210364586620805,577.94116301028043381,-355827.91731230483856,-355249.97614929458359
0.23996092861598297685,573.67499150619460124,-355823.6510944472393,-355249.97610294102924
0.24015246704180151505,569.39983067557034246,-355819.3758774776943,-355249.9760468021268
0.24034704282840679834,565.20272500402711557,-355815.17870788322762,-355249.97598287917208
0.24054501170355452322,561.18707072926622459,-355811.16298352001468,-355249.9759127907455
0.24074606181754082401,557.48403501018208317,-355807.45987496577436,-355249.97583995561581
0.24094941364026009611,554.23806430015770275,-355804.21383348607924,-355249.97576918592677
0.24115503261853132866,551.57750712094616574,-355801.55321280856151,-355249.97570568759693
0.24136285614572020042,549.62211265265364091,-355799.59776840865379,-355249.97565575601766
0.2415727955678854677,548.47275307756876828,-355798.44837794860359,-355249.97562487103278
0.24178474045254705338,548.20153766424925834,-355798.17715539201163,-355249.97561772778863
0.24199856471143116332,548.84317258548026075,-355798.81880977377295,-355249.9756371882977
0.24221413397008739743,550.38908128006619336,-355800.36476541706361,-355249.97568413702538
0.24243131351149754815,552.78504791179830136,-355802.76080479566008,-355249.97575688385405
0.24264997603782817448,555.93329618805432801,-355805.90914644399891,-355249.97585025592707
0.24287000859266524855,559.69969309422674542,-355809.67564983159536,-355249.97595673735486
0.24309131814570905661,563.92492501493438795,-355813.90099271479994,-355249.97606769984122
0.2433138354013486826,568.43732911838003474,-355818.41350472078193,-355249.97617560240906
0.24353751671118298305,573.06508099431721348,-355823.04135436954675,-355249.97627337521408
0.24376234468762783547,577.64720296625819174,-355827.62355846154969,-355249.97635549528059
0.24398832770361711386,582.04229491975218025,-355832.01871361979283,-355249.97641870006919
0.24421549850165069628,586.13433534188675367,-355836.11079649033491,-355249.97646114847157
0.24444391224432743259,589.78635843609333733,-355839.76272602379322,-355249.97636758768931
0.24467364416182735276,592.9076549174100137,-355842.88620806898689,-355249.97855315159541
0.24490478696834766525,595.52104776227520233,-355845.49959021032555,-355249.97854244802147
0.24513744827772823709,597.64528869189598481,-355847.62380767625291,-355249.97851898433873
0.2453717481270015488,599.28397572869243959,-355849.26227004942484,-355249.97829432075378
0.2456028455945615252,600.42660358519594865,-355850.40485750965308,-355249.97825392446248
0.24583112234468199042,601.15750104167022982,-355851.13571155932732,-355249.97821051767096
0.24605703224024666476,601.54302149674640532,-355851.52118952077581,-355249.97816802404122
0.24628095166235972058,601.64630619337310691,-355851.62443276890554,-355249.97812657553004
0.24650319671767878527,601.52707409470258426,-355851.50516029691789,-355249.97808620223077
0.24672403596032818629,601.24179601951755103,-355851.21984496549703,-355249.97804894595174
0.24694369956189798909,600.84202808510303839,-355850.82004082150524,-355249.97801273642108
0.24716238619702010637,600.31621796525257651,-355850.29455561062787,-355249.97833764535608
0.24738026588760048119,599.75078338657135646,-355849.72909403854283,-355249.97831065196078
0.24759748317226404346,599.18621466419642729,-355849.16450331965461,-355249.97828865546035
0.24781416092629418579,598.65068681849254517,-355848.6289597665309,-355249.97827294806484
0.24803040352490038356,598.16384035718419909,-355848.14210421178723,-355249.97826385463122
0.24824630033747782654,597.73676777254490844,-355847.7150272433646,-355249.97825947083766
0.24846192850859435963,597.3738084128627861,-355847.35206824773923,-355249.97825983486837
0.24867735469352689193,597.06319726213564536,-355847.04119304765482,-355249.97799578553531
0.24889263659238641813,596.75983277956061102,-355846.737838126719,-355249.97800534713315
0.24910782460166944197,596.46412636780951289,-355846.44509952957742,-355249.98097316175699
0.24932299832076140755,596.18848393826715437,-355846.16947081836406,-355249.98098688008031
0.24953820780889471309,595.95739391849883759,-355845.93839577410836,-355249.98100185563089
0.24975347360083988146,595.74950151053269565,-355845.73051752685569,-355249.98101601633243
0.24996881483980856742,595.54414291535908887,-355845.5251723358524,-355249.981029420509
0.25018424954982948494,595.32186121585812089,-355845.30290327826515,-355249.98104206239805
0.25039979492271297046,595.06463731141559492,-355845.045689636725,-355249.98105232528178
0.25061546764764586204,594.75789739449771787,-355844.73895595909562,-355249.98105856461916
0.25083128414252259253,594.39196489396613288,-355844.37302740477026,-355249.98106251080753
0.25104726076295991177,593.96069940851452884,-355843.94176318444079,-355249.98106377595104
0.25126341397437362835,593.42902435104087999,-355843.41020243556704,-355249.98117808450479
0.25147976049389636488,592.815773001219668,-355842.79694842547178,-355249.98117542424006
0.25169631739917391888,592.13423430127022584,-355842.11540602997411,-355249.98117172869388
0.2519131021863263431,591.3896496158440641,-355841.37081600836245,-355249.98116639250657
0.25213013286635199695,590.58943822151422864,-355840.5705991537543,-355249.98116093222052
0.25234742804579879394,589.66702897453387777,-355839.65016706101596,-355249.9831380865071
0.25256507253420507064,588.65181949903694658,-355838.63482978846878,-355249.98301028943388
0.25278311790255125757,587.57982532884068405,-355837.56283289409475,-355249.98300756525714
0.25300161189263847827,586.4352864753554968,-355836.41854267939925,-355249.98325620405376
0.25322060892605802174,585.23737168377567741,-355835.2206282307161,-355249.98325654695509
0.25344017222700687686,583.98332932913797322,-355833.9667334171827,-355249.98340408806689
0.25366037514456318824,582.65725658288954492,-355832.64066044741776,-355249.98340386454947
0.25388130212969189925,581.28414496566585967,-355831.26754478714429,-355249.98339982150355
0.25410304804418859526,579.85412197172991,-355829.83754788618535,-355249.98342591442633
0.25432571595369046769,578.37883152563370004,-355828.36225483368617,-355249.9834233080619
0.2545494181978419368,576.86889968429386499,-355826.85232255986193,-355249.98342287557898
0.2547742781784560484,575.32530725314563824,-355825.30873141682241,-355249.98342416365631
0.2550004336922978565,573.74667852715469962,-355823.73010483360849,-355249.98342630645493
0.25522804054762071591,572.13012307838118886,-355822.11358279950218,-355249.98345972114475
0.25545727560526776401,570.46055930397551492,-355820.44401047274005,-355249.98345116875134
0.25568835372857884325,568.74044939921941477,-355818.72390686778817,-355249.98345746856648
0.25592150770722776887,566.93627278697317706,-355816.91871391225141,-355249.98244112526299
0.25615700381188766244,564.97703671883130028,-355814.95948597753886,-355249.98244925873587
0.25639514952970726691,562.88022843847181775,-355812.8607272549998,-355249.98049881652696
0.25663630124400516053,560.60496397874965169,-355810.58514557668241,-355249.98018159792991
0.25688087359014621924,558.1667719637287064,-355808.14695910527371,-355249.98018714156933
0.2571293508550254181,555.61684108850693065,-355805.59702963510063,-355249.98018854658585
0.25738230089582808668,552.94948558189787491,-355802.92967040208168,-355249.98018482018961
0.25764039217733680776,550.11083716155076218,-355800.09157109924126,-355249.98073393770028
0.25790441472938530065,547.13412489924201054,-355797.11470556724817,-355249.98058066802332
0.25817530554702911028,544.06228404691012202,-355794.04283588135149,-355249.98055183445103
0.25845417895899785998,540.9007464180435818,-355790.88040231354535,-355249.97965589549858
0.25874236240192499681,537.7181578103583206,-355787.69776251394069,-355249.97960470360704
0.2590414368894712327,534.59489052080027705,-355784.57424720667768,-355249.97935668588616
0.25934604104022762616,531.6984707820612357,-355781.67777010792634,-355249.9792993258452
0.25965359982608776646,529.17227716013712779,-355779.15153169527184,-355249.97925453510834
0.25996455430978132606,527.09416405496233438,-355777.07339455524925,-355249.97923050029203
0.26027941867283560518,525.51372191231166653,-355775.49295369978063,-355249.97923178749625
0.26059879539105862412,524.44461234463972232,-355774.42387260659598,-355249.97926026192727
0.26091629087265122422,523.86871409913828757,-355773.84802492591552,-355249.97931082680589
0.26122952836305990409,523.69724201304484268,-355773.67661430529552,-355249.97937229223317
0.26153915005997102616,523.81739808247448309,-355773.79683421703521,-355249.97943613457028
0.26184569923790651513,524.11420929956284454,-355774.09387204400264,-355249.97966274444479
0.26214963920496697769,524.43002281142253196,-355774.4096884977771,-355249.97966568637639
0.26244578598259238333,524.77267370461379414,-355774.75236178009072,-355249.9796880754875
0.26273136209410935527,525.0918303750860332,-355775.07152674521785,-355249.97969637013739
0.26300818666849595795,525.35308541043423247,-355775.3338001272059,-355249.98071471677395
0.26327767705200755266,525.51666693177332945,-355775.49737217841903,-355249.98070524662035
0.26354095668489513349,525.63369525794485071,-355775.61438649601769,-355249.98069123807363
0.26379892937535165398,525.71968703275979351,-355775.70035947207361,-355249.98067243932746
0.26405233168869457483,525.79532591898089322,-355775.77597930270713,-355249.98065338371089
0.26430177100696433667,525.88182691729173257,-355775.86246248451062,-355249.980635567219
0.26454775491315313252,525.99624167203933212,-355775.9769876174978,-355249.98074594547506
0.26479071333027021096,526.13660961636151114,-355776.1173321120441,-355249.98072249570396
0.26503101410202783983,526.336908869800709,-355776.3176196574932,-355249.98071078769863
0.26526897484270489658,526.56565553997904772,-355776.54616485908628,-355249.98050931910984
0.26550486918756405208,526.80612468559593253,-355776.7866371369455,-355249.98051245132228
0.26573893166258011345,527.13361339548794149,-355777.11412167124217,-355249.98050827573752
0.26597136412746930079,527.54842461367809392,-355777.52893158444203,-355249.98050697077997
0.26620234091167610524,528.04707540192293891,-355778.02758417400764,-355249.98050877207424
0.2664320138016932904,528.62243862114758031,-355778.60295083117671,-355249.98051221005153
0.26666051646568739164,529.26531472904650855,-355779.2458314729738,-355249.98051674390445
0.2668879671463225689,529.9652048055030491,-355779.94572718988638,-355249.98052238440141
0.26711447088031942121,530.71028238096243967,-355780.69081196119078,-355249.98052958020708
0.26734012176734439636,531.48718029931603724,-355781.46771737415111,-355249.98053707485087
0.26756500507264224797,532.28226921458303877,-355782.26281366869807,-355249.98054445412708
0.26778919846223753209,533.08229743615049756,-355783.06284895486897,-355249.98055151873268
0.26801277297929859689,533.84807859422323872,-355783.82834801217541,-355249.98026941792341
0.26823582180657612462,534.55758598559623351,-355784.53786296362523,-355249.98027697805082
0.26845843465555963014,535.25386444567800481,-355785.23414828622481,-355249.98028384055942
0.268680651857706565,535.9253153332454076,-355785.90560529800132,-355249.98028996476205
0.26890251228852757315,536.55199610092358853,-355786.53235825640149,-355249.98036215547472
0.26912405354241480948,537.11877262542827793,-355787.09913889958989,-355249.9803662741906
0.26934531211911988402,537.63299391237683267,-355787.61336340050912,-355249.9803694881266
0.26956632364148452874,538.08879020131064408,-355788.06916205026209,-355249.98037184897112
0.26978712307301616624,538.43101606217976496,-355788.41039193712641,-355249.9793758749729
0.27000774492407481064,538.68847886338744502,-355788.66785601084121,-355249.97937714745058
0.27022822344763819391,538.8671994044944995,-355788.84657670656452,-355249.97937730205012
0.27044859283411698536,538.94539633995452732,-355788.92723653558642,-355249.98184019565815
0.27066889367141494516,538.83477447376208147,-355788.81618146784604,-355249.98140699410578
0.27088923478956211666,538.58151408282981265,-355788.56293190282304,-355249.98141781997401
0.27110969590276984276,538.20371010799192391,-355788.18512927764095,-355249.98141916963505
0.2713303671558629504,537.72456632262242238,-355787.70598680165131,-355249.98142047901638
0.27155130789460002472,537.14233681899747808,-355787.12375914806034,-355249.98142232908867
0.27177258314066327083,536.45469848945742797,-355786.43612404208397,-355249.98142555262893
0.27199426463033832269,535.65790479461077211,-355785.63933425780851,-355249.98142946319422
0.27221643285538310586,534.74741952882266105,-355784.72885224968195,-355249.98143272084417
0.27243917883692087001,533.71918556805155731,-355783.70062177593354,-355249.98143620789051
0.27266260567809369464,532.56891076380918548,-355782.5503518525511,-355249.98144108871929
0.27288683045633610469,531.2906294841017143,-355781.27207624149742,-355249.98144675738877
0.27311198730437291626,529.87734559647333299,-355779.858797733963,-355249.98145213746466
0.2733382308809003125,528.32207071672860366,-355778.30352865357418,-355249.98145793686854
0.27356573967466191188,526.61716510729456786,-355776.59862823638832,-355249.98146312910831
0.27379471997929516469,524.75570406638792065,-355774.73717006819788,-355249.981466001831
0.27402540910373007765,522.73280260431852184,-355772.71427138289437,-355249.98146877856925
0.2742580783654672838,520.52345014964942038,-355770.50617722421885,-355249.98272707458818
0.27449303987223550028,518.11223386805409064,-355768.09493268234655,-355249.98269881430315
0.27473065528271201075,515.51230078540402246,-355765.49524488125462,-355249.98294409585651
0.2749713471505530471,512.74632316793372411,-355762.72926507418742,-355249.98294190625893
0.27521561438083780304,509.8192268702630372,-355759.8021615340258,-355249.98293466377072
0.27546405063932122292,506.74021308806572961,-355756.72313332138583,-355249.98292023333488
0.27571736773460636671,503.52888173060711097,-355753.51177852926776,-355249.98289679863956
0.2759764262233551646,500.21890178741193722,-355750.20176371966954,-355249.98286193225067
0.27624227620987273912,496.86297370569474197,-355746.84578673582291,-355249.98281303013209
0.27651621193936548604,493.53923857032134492,-355743.5219864413375,-355249.98274787102127
0.27679984581626293494,490.35739492778105841,-355740.34006457170472,-355249.98266964394134
0.27709521078911819592,487.42036643416969355,-355737.40323100343812,-355249.98286456929054
0.27740490402749146126,484.89606234839311583,-355734.87955112889176,-355249.98348878050456
0.2777191579727502635,483.1548039428742527,-355733.13814835093217,-355249.98334440804319
0.27803421335578104578,482.39678484697714111,-355732.38007047213614,-355249.98328562517418
0.27835013289885435217,482.74023445776583685,-355732.72350533050485,-355249.98327087273356
0.2786669816301035052,484.2148936769140164,-355734.19819898682181,-355249.98330530989915
0.27898482716190786679,486.75551280905813201,-355736.73883669497445,-355249.98332388594281
0.27930373979403994023,490.23728130777629985,-355740.22063476854237,-355249.98335346078966
0.27962379247952973138,494.4913656923470171,-355744.47485637973296,-355249.98349068738753
0.27993869665909582034,499.1888060351827221,-355749.17219136538915,-355249.9833853301825
0.2802374432261638959,503.94188933870327674,-355753.92537910118699,-355249.9834897624678
0.28052338530471804257,508.5837190064976312,-355758.56695949501591,-355249.98324048850918
0.28079900508404787018,512.99598182966860804,-355762.97927996097133,-355249.98329813132295
0.28106618794359089497,517.08739979079064142,-355767.07036057650112,-355249.98296078573912
0.28132639636379608294,520.82964590944243355,-355770.81263280205894,-355249.98298689263174
0.28158078529188756978,524.23501584730490777,-355774.2180184199824,-355249.98300257266965
0.28183028131897880364,527.29528281741352203,-355777.27829329296947,-355249.98301047558198
0.28207563801007184967,530.01131276018099925,-355779.9943237354164,-355249.98301097523654
0.28231747533241824399,532.39070190251140957,-355782.37371091346722,-355249.98300901096081
0.2825563093283363636,534.43160165581457477,-355784.41448330663843,-355249.98288165085251
0.28279257540137076044,536.10881269992410125,-355786.0920230030315,-355249.98321030312218
0.28302664465202592714,537.49116282490103913,-355787.47436468594242,-355249.98320186103228
0.28325883624649239589,538.59608797296402827,-355788.57927678024862,-355249.98318880726583
0.28348942560532219836,539.44211654301602721,-355789.42529216513503,-355249.98317562212469
0.28371864868144325289,540.04791462555681392,-355790.03107665339485,-355249.9831620278419
0.28394670783636960509,540.431974751391067,-355790.41512328520184,-355249.9831485337927
0.28417377687098033245,540.61189188118169113,-355790.59502905374393,-355249.98313717258861
0.28440000552735017481,540.6030290186441789,-355790.58615522657055,-355249.98312620795332
0.28462552422868081514,540.38885038631747193,-355790.37204491376178,-355249.98319452744909
0.28485044704089262924,540.00579888825279795,-355789.98898382147308,-355249.98318493319675
0.28507487392007840876,539.4803126856693325,-355789.46348917810246,-355249.98317649244564
0.28529889268145325332,538.82339353464999476,-355788.80656175909098,-355249.98316822445486
0.28552258113618828039,538.04556118577033885,-355788.02872151829069,-355249.98316033254378
0.28574600848496750638,537.15688970877977226,-355787.14004257053602,-355249.98315286176512
0.28596923640012456014,536.14440403312039507,-355786.12776423973264,-355249.9833602065919
0.28619232000337330168,535.00253206253069038,-355784.98582274105866,-355249.98329067853047
0.28641530877206677896,533.75418604982826309,-355783.73629949463066,-355249.98211344482843
0.28663826898313177205,532.38473415380292408,-355782.36684355081525,-355249.98210939700948
0.28686127985212350744,530.96047812742585847,-355780.94258356635692,-355249.98210543894675
0.28708436334074383112,529.46046434424147265,-355779.44287512998562,-355249.9824107857421
0.28730754054432849909,527.8681442901651053,-355777.8500136428047,-355249.9818693526322
0.28753083198116169417,526.21457019920205767,-355776.19643695739796,-355249.98186675820034
0.28775425788772390767,524.53079663176481517,-355774.51266101148212,-355249.9818643797189
0.28797783853558789335,522.8206946083813591,-355772.80255684087751,-355249.9818622324965
0.28820159451738874834,521.07922068791731363,-355771.06087695219321,-355249.9816562642809
0.2884255470279429856,519.27905949565797528,-355769.26071415137267,-355249.98165465571219
0.28864971810060485735,517.40157185098053105,-355767.38122674741317,-355249.97965489642229
0.2888741666411497877,515.42299598788076764,-355765.40285364503507,-355249.97985765716294
0.28909897685986957194,513.3835679717047924,-355763.36342721839901,-355249.97985924669774
0.28932419818597809869,511.29820798737171117,-355761.27806931250961,-355249.97986132511869
0.28954988538543574572,509.16515383851168508,-355759.14501789485803,-355249.97986405633856
0.28977609934259490609,506.9818330011088392,-355756.96170031029033,-355249.97986730915727
0.29000290795256133958,504.74493142300838144,-355754.72480254113907,-355249.97987111815019
0.29023038712262150263,502.45034960733096341,-355752.43022543168627,-355249.97987582435599
0.2904586219397989888,500.09277202031768184,-355750.07265361305326,-355249.97988159273518
0.29068770852316760944,497.66550309667923102,-355747.64539103943389,-355249.97988794278353
0.29091775647355333501,495.16096147874310418,-355745.14085634489311,-355249.97989486617735
0.29114889093219381566,492.57067800378030142,-355742.55058036075206,-355249.97990235697944
0.29138125496397121461,489.87767315809975344,-355739.85750630975235,-355249.97983315167949
0.29161501276624240964,487.0631535417793998,-355737.04299656068906,-355249.97984301892575
0.29185035449085677817,484.12972013871649324,-355734.10957265860634,-355249.9798525198712
0.29208750081333606508,481.06475206330611627,-355731.04461347265169,-355249.97986140934518
0.29232670811485328421,477.85629357288649999,-355727.83616051927675,-355249.97986694640713
0.2925682745706402188,474.48646023295879104,-355724.4660403985763,-355249.97958016564371
0.29281254459890315722,470.94133869717182961,-355720.92091964400606,-355249.97958094684873
0.29305991591749086522,467.23759121223872626,-355717.21717065112898,-355249.97957943886286
0.29331085064566092546,463.36793712352147168,-355713.34751705056988,-355249.97957992705051
0.29356588907207858963,459.34366548129190733,-355709.3232180197956,-355249.9795525384834
0.29382566775520502222,455.1640373089621221,-355705.14362346485723,-355249.97958615591051
0.29409094290346549094,450.86882602444421764,-355700.84838356246473,-355249.97955753799761
0.29436261812912623004,446.50206624350465745,-355696.48158389551099,-355249.97951765201287
0.29464177931533663823,442.12403928531807651,-355692.10350752063096,-355249.97946823533857
0.29492973876792855092,437.81107368944424252,-355687.79047040827572,-355249.97939671884524
0.29522809119388110366,433.68236541327354416,-355683.66199216526002,-355249.9796267519705
0.29553878305563641149,429.86179267660133974,-355679.84080671798438,-355249.97901404136792
0.29586419616615111661,426.57179330057942934,-355676.55071777844569,-355249.97892447788035
0.2962072430974536652,424.04475762057705879,-355674.0236080577597,-355249.9788504371536
0.29657146271221418443,422.54387202943797774,-355672.52268680126872,-355249.97881477180636
0.29696108449680996832,422.34417188893104367,-355672.32301622693194,-355249.97884433798026
0.29737626024526936375,423.67374639635232825,-355673.65271139051765,-355249.97896499413764
0.29775497954593188599,426.11591534633993206,-355676.09501526854001,-355249.97909992217319
0.29810693995096321229,429.24320619422195477,-355679.22242727823323,-355249.97922108403873
0.29843856999040208056,432.76365271013042957,-355682.74297289480455,-355249.97932018467691
0.29875434813596951633,436.47802080440607142,-355686.45744416594971,-355249.97942336153938
0.2990575152482429222,440.24561972023502676,-355690.22507851704722,-355249.97945879679173
0.29935048753170939717,443.98117343159486836,-355693.96066079952288,-355249.97948736790568
0.29963511126332237344,447.61901079432709594,-355697.59853696956998,-355249.97952617524425
0.29991282604141766832,451.12418614559129537,-355701.10373282036744,-355249.97954667476006
0.3001847739516182445,454.47380344557490162,-355704.45342756411992,-355249.9796241185395
0.30045187533289074988,457.64981146476696949,-355707.62937503005378,-355249.97956356528448
0.30071488142122920761,460.66491301250772494,-355710.64447807485703,-355249.97956506232731
0.30097441229168980792,463.51830410709550279,-355713.49787004530663,-355249.97956593823619
0.30123098564661571208,466.21036227011791198,-355716.18992757395608,-355249.9795653038309
0.30148503986656055575,468.74283460825745351,-355718.72240593098104,-355249.97957132273586
0.30173695013591700365,471.10785238279743226,-355721.08745290641673,-355249.97960052359849
0.30198704062006204163,473.30029825651399733,-355723.28024492808618,-355249.97994667157764
0.30223559247879494549,475.28146253380708686,-355725.26055723545142,-355249.9790947016445
0.30248284697298227774,477.13328270894743355,-355727.11237086867914,-355249.9790881597437
0.30272901085398662424,478.84328095837946648,-355728.82225518615451,-355249.97897422779351
0.30297426149076439605,480.43658088781546667,-355730.41555011388846,-355249.97896922606742
0.30321875112063895186,481.92355837969660115,-355731.90252307488117,-355249.97896469518309
0.30346261185999490184,483.30851029353578951,-355733.28747057891451,-355249.9789602853707
0.3037059590118053598,484.59546906332161598,-355734.57442533876747,-355249.97895627544494
0.30394889331840807545,485.78792642016554737,-355735.76687967020553,-355249.97895325004356
0.30419150300935782205,486.88829825599981405,-355736.86724896728992,-355249.97895071131643
0.30443386610313633023,487.89644226691626727,-355737.87538990052417,-355249.97894763358636
0.30467605206184633637,488.805712831488961,-355738.78465383709408,-355249.97894100559643
0.30491812291642167443,489.57807583858908629,-355739.55875328707043,-355249.98067744850414
0.30516019453087978031,490.2393700780172594,-355740.22002316609723,-355249.98065308807418
0.30540232550363105579,490.82375253403102988,-355740.80440583947347,-355249.98065330542158
0.30564454203671037602,491.30813932321183302,-355741.28853532631183,-355249.98039600311313
0.30588686888552557575,491.68282374079973351,-355741.66318283835426,-355249.98035909753526
0.30612932973780399015,491.97548210902846222,-355741.95616058551241,-355249.98067847650964
0.30637194758404656669,492.1479890892208573,-355742.12866727111395,-355249.98067818192067
0.306614745066330463,492.2385869033262793,-355742.21926468098536,-355249.98067777766846
0.30685774478068017501,492.24064232143410891,-355742.22115155600477,-355249.98050923459232
0.30710096957739557721,492.13988787667267388,-355742.12039671186358,-355249.98050883517135
0.30734444281137790478,491.95615181152646755,-355741.93666025414132,-355249.98050844261888
0.30758818855104286261,491.68002086917516635,-355741.66040836949833,-355249.98038750031264
0.3078322317770363914,491.29660848303194598,-355741.2769959961297,-355249.98038751311833
0.30807659855630109558,490.75990013999751227,-355740.74017137847841,-355249.98027123848442
0.30832138280737880764,490.08507690355560271,-355740.06623834453057,-355249.98116144095547
0.3085666705955039113,489.26615582240793856,-355739.24691711884225,-355249.98076129640685
0.30881252154128630005,488.34511092759697704,-355738.32587432360742,-355249.98076339601539
0.30905900135864838862,487.30017131559498011,-355737.28042913496029,-355249.98025781934848
0.30930618306371743254,486.12682079819836645,-355736.10710079519777,-355249.98027999699116
0.30955414910620365765,484.8027678123099804,-355734.78306064929347,-355249.98029283696087
0.30980299272704509006,483.32834375717601461,-355733.30855452339165,-355249.98021076619625
0.31005284825267936943,481.69372408848829537,-355731.67394056427293,-355249.98021647578571
0.31030384455902754182,479.92102664908571796,-355729.90124866366386,-355249.98022201459389
0.31055612130463466913,478.00233139662105941,-355727.9825586140505,-355249.98022721742745
0.31080983864874422995,475.91014145285873838,-355725.89015286561335,-355249.98001141275745
0.31106517995600108106,473.63841391785740598,-355723.61842590384185,-355249.98001198598649
0.31132235450161743762,471.18852584831023478,-355721.16853753098985,-355249.98001168266637
0.31158159682759412057,468.57086551808299646,-355718.55087599315448,-355249.98001047509024
0.31184316863281302812,465.75441357176151769,-355715.73445125215221,-355249.98003768041963
0.31210736341664901961,462.72625443292088221,-355712.70628923655022,-355249.9800348036224
0.31237451195817861338,459.53122677524675055,-355709.51125737233087,-355249.98003059707116
0.31264499029878506375,456.17224757265114476,-355706.1522709937999,-355249.98002342117252
0.31291922921484627285,452.64177126213633073,-355702.62167962861713,-355249.97990836645477
0.31319772370363896385,448.92365063175020623,-355698.90372240368742,-355249.98007177194813
0.3134810440607623816,445.0674381784234015,-355695.04749058274319,-355249.98005240433849
0.31376984893174519886,441.10548187971761536,-355691.08560650772415,-355249.9801246279967
0.31406490083368138189,437.04729351309185859,-355687.02716030803276,-355249.97986679495079
0.31436708323980938617,432.96063174399034779,-355682.94045976526104,-355249.97982802125625
0.3146774192573757456,428.89412098508086046,-355678.87390984030208,-355249.97978885524208
0.31499709109318918543,424.92881879385515731,-355674.90855753811775,-355249.9797387442668
0.31532745839864168014,421.15871876901564974,-355671.13840481976513,-355249.97968605073402
0.31567007166626293024,417.69008997260812066,-355667.66972557653207,-355249.97963560390053
0.31602667435583375877,414.64203106187864023,-355664.62162523780717,-355249.97959417593665
0.3163991836731218088,412.14069017105128978,-355662.12025856040418,-355249.97956838936079
0.31678963574174973106,410.29659030921459362,-355660.27626468078233,-355249.97967437154148
0.31720007754635193287,409.21908922046839052,-355659.19879846920958,-355249.97970924875699
0.31763238858875980641,408.99020181637638416,-355658.96998420200543,-355249.97978238563519
0.31805431677128709334,409.5549978597447307,-355659.53486442164285,-355249.97986656188732
0.31844961230158375098,410.66836525361435406,-355660.64789428096265,-355249.97952902736142
0.31882434573334622607,412.10364649778802004,-355662.08331902319333,-355249.9796725254273
0.31918284406117775065,413.7586022505965957,-355663.73842273332411,-355249.97982048272388
0.31952829542209532088,415.53881742784164999,-355665.51866769220214,-355249.97985026438255
0.31986311237161813015,417.39993342192843784,-355667.37980478897225,-355249.97987136704614
0.32018916178102097003,419.30075669268074989,-355669.28064189734869,-355249.97988520469517
0.32050791661909378005,421.21420610467464485,-355671.19410013966262,-355249.97989403497195
0.32082055848048951496,423.12266109943544734,-355673.10256051633041,-355249.97989941691048
0.3211280488638454389,425.01481314752606977,-355674.99471527471906,-355249.97990212717559
0.32143117958770134335,426.88378602491741276,-355676.86368929815944,-355249.97990327322623
0.32173060961025973237,428.7251192572510945,-355678.70502414868679,-355249.97990489145741
0.32202689373984999532,430.5335296594470833,-355680.51353612891398,-355249.98000646947185
0.32232050631397785034,432.28891246491002676,-355682.26880545017775,-355249.97989298525499
0.32261185705765405007,433.9959868161133727,-355683.97588134452235,-355249.97989452839829
0.32290130307939080012,435.66009509779360087,-355685.63998627767432,-355249.97989117988618
0.32318915668427361521,437.28810511149214335,-355687.26799332018709,-355249.97988820867613
0.32347568689898098526,438.88178251921931405,-355688.86166793550365,-355249.97988541628001
0.32376112468909618025,440.44257113845071672,-355690.42245382635156,-355249.97988268791232
0.32404566828897574116,441.97103232601665468,-355691.95096908858977,-355249.97993676259648
0.32432948765326091722,443.45280658324054457,-355693.43269136722665,-355249.97988478397019
0.32461273035206894555,444.90109379671315537,-355694.8809637548402,-355249.97986995812971
0.3248955257870889124,446.30373667628219891,-355696.28361836972181,-355249.97988169343444
0.325177987600140328,447.66018292696480785,-355697.64007426938042,-355249.97989134240197
0.32546021574273603649,448.94265976494523329,-355698.92461691854987,-355249.98195715359179
0.32574235493463360447,450.14607145276943356,-355700.12803101504687,-355249.98195956228301
0.32602454809915004663,451.32095688912727383,-355701.30291900865268,-355249.98196211952018
0.32630683655409414845,452.46191534375856236,-355702.44388011831325,-355249.98196477454621
0.32658925914261799361,453.56352452360977168,-355703.54549164313357,-355249.98196711950004
0.32687185266512730486,454.62067030083443342,-355704.60263974993723,-355249.98196944908705
0.32715465232419949082,455.618164110505802,-355705.60013373196125,-355249.98196962143993
0.32743769229243213648,456.5253809901510067,-355706.50693412765395,-355249.98155313747702
0.3277210061603214597,457.36234243453628778,-355707.34373910917202,-355249.9813966746442
0.32800462733214547084,458.12288112142971386,-355708.10428000806132,-355249.98139888665173
0.3282885894165250007,458.82223137327650875,-355708.80363250453956,-355249.98140113125555
0.32857292656306413825,459.43218299065404153,-355709.41327147465199,-355249.98108848399715
0.328857673654790017,459.96917076843408267,-355709.95026076689828,-355249.98108999844408
0.32914286649519036709,460.39800928710502603,-355710.37949443270918,-355249.98148514563218
0.32942861629995784378,460.7055283176885041,-355710.68726145871915,-355249.98173314105952
0.32971498551622019368,460.92477508485694671,-355710.90650905237999,-355249.9817339675501
0.33000202457984129101,461.06170105531833769,-355711.04345157172065,-355249.98175051639555
0.33028978589273816358,461.09767995689651343,-355711.07824318401981,-355249.98056322714547
0.33057834533598751126,460.94373400109526528,-355710.92391109280288,-355249.98017709172564
0.3308679075363137323,460.67572220379463488,-355710.65589232038474,-355249.98017011658521
0.3311585738270595991,460.23666422867836445,-355710.21670249989256,-355249.98003827122739
0.33145045619458018971,459.65169612414916855,-355709.63168776920065,-355249.97999164502835
0.33174367836418056088,458.95615408847811523,-355708.93614850821905,-355249.97999441972934
0.33203837734472346765,458.14515950049622006,-355708.12513188354205,-355249.97997238306561
0.33233470725312985738,457.16969368626405412,-355707.14974488480948,-355249.9800511985668
0.33263284203816440021,456.05424935547995346,-355706.0343027265626,-355249.98005337110953
0.33293297758348056048,454.80358109486326157,-355704.7836350935977,-355249.98005399876274
0.33323533434742119708,453.41460116327505148,-355703.39465300244046,-355249.98005183914211
0.33354015666333303169,451.87984935452271884,-355701.86014168348629,-355249.98029232898261
0.33384770982597045119,450.12292507498068517,-355700.10339699359611,-355249.98047191859223
0.33415828267304320542,448.21054475667904171,-355698.19101309997495,-355249.98046834330307
0.33447219111992149143,446.15585482368999237,-355696.13631971459836,-355249.98046489089029
0.33478978260016950541,443.91912242776709263,-355693.89928587008035,-355249.98016344232019
0.33511144370391643399,441.52675333476832975,-355691.50778935145354,-355249.98103601665935
0.33543760731173538625,438.95715562173688795,-355688.93765341420658,-355249.98049779247958
0.33576875912731218854,436.24086318497973025,-355686.22103798936587,-355249.98017480439739
0.3361054451155994216,433.36347092983908169,-355683.34372372541111,-355249.98025279556168
0.33644828006958171773,430.37642400526777919,-355680.35666325013153,-355249.98023924487643
0.33679795736270512485,427.294675322850253,-355677.27489828702528,-355249.98022296419367
0.33715525826977799095,424.13786650336203365,-355674.11807058058912,-355249.98020407720469
0.33752106095256151352,420.93030638103107322,-355670.91087773279287,-355249.98057135177078
0.33789634891304914932,417.65869030237126935,-355667.63904852140695,-355249.98035821900703
0.33828221726228174804,414.38613043070012054,-355664.36630823707674,-355249.9801778063993
0.33867987482395928156,411.15838550249350192,-355661.13853955676313,-355249.9801540542976
0.33909063968869324057,408.02064644710657149,-355658.0006043719477,-355249.97995792486472
0.33951592462942942197,405.00110131048046469,-355654.98104210587917,-355249.97994079539785
0.3399572065720214975,402.17420424618154584,-355652.15413484990131,-355249.97993060370209
0.34041597645259025207,399.58536110998812774,-355649.56528988003265,-355249.97992877004435
0.34089366612731170081,397.27445899229786619,-355647.25439743383322,-355249.97993844153825
0.34139155190614828284,395.23093531189778105,-355645.21024141722592,-355249.97930610534968
0.34191064286043743037,393.42383503412173695,-355643.4031308304402,-355249.97929579630727
0.34240417903835146385,392.06093287033417027,-355642.04025241243653,-355249.97931954212254
0.34287364112633833546,391.05134995034751455,-355641.03068770747632,-355249.97933775710408
0.34332389202096014191,390.30952942928223592,-355640.28839796502143,-355249.97886853571981
0.34375857020832967237,389.74974812501477572,-355639.72862681938568,-355249.97887869435363
0.34418046743182661995,389.3532712688466404,-355639.33226398279658,-355249.97899271396454
0.34459177458312784115,389.07904733944411646,-355639.05804439075291,-355249.9789970513084
0.34499424077201051864,388.92786670259249604,-355638.90690248273313,-355249.97903578012483
0.34538928329866247502,388.84924942880735443,-355638.82844975113403,-355249.97920032235561
0.34577806611087652522,388.84060592306980197,-355638.81980867765378,-355249.97920275456272
0.34616155601567311084,388.91583365571312925,-355638.89503931597574,-355249.97920566028915
0.34654056531927601714,389.06472734625697285,-355639.04393751884345,-355249.97921017260524
0.34691578532648847943,389.27644248644816116,-355639.25565755646676,-355249.9792150700232
0.34728781434797162397,389.54021472266299497,-355639.51943504030351,-355249.97922031761846
0.34765717664938255993,389.84541102383303723,-355639.82463703060057,-355249.97922600677703
0.3480243361379670719,390.18170189358471589,-355640.16093080118299,-355249.97922890761402
0.34838970573764566074,390.54166826640346244,-355640.52089926460758,-355249.97923099820036
0.34875364581151163668,390.89421055633278002,-355640.87320596346399,-355249.9789954071166
0.34911646742401453158,391.22274625712844909,-355641.2017431803979,-355249.97899692325154
0.34947843831640185153,391.55571755240055154,-355641.53471631836146,-355249.97899876598967
0.34983978843560809002,391.88795061594800018,-355641.866952203447,-355249.97900158748962
0.3502007170715168427,392.17587713954890205,-355642.15444753313204,-355249.97857039357768
0.35056157248862779285,392.43307101343435761,-355642.41165801428724,-355249.97858700086363
0.35092257848854591096,392.68461221181416931,-355642.66318197653163,-355249.97856976470212
0.35128381758646815003,392.93230061553117594,-355642.91095607820898,-355249.97865546267712
0.35164536543485258591,393.15862419622317248,-355643.13719770475291,-355249.97857350850245
0.35200729299115701698,393.37402468776718933,-355643.3525983998552,-355249.97857371211285
0.35236966849048972916,393.57734916343412124,-355643.55592258716933,-355249.9785734237521
0.35273255820405202687,393.76717803338152635,-355643.74575115810148,-355249.97857312473934
0.35309602718769533825,393.91542904471322117,-355643.89439016557299,-355249.97896112088347
0.35346014033076061933,394.0234686005343292,-355644.00243725860491,-355249.97896865807706
0.35382496312752415024,394.1198164729090081,-355644.09878442902118,-355249.97896795609267
0.35419056238877361098,394.15398538511527704,-355644.13198095257394,-355249.97799556743121
0.35455708575355782131,394.08990821743668675,-355644.06801703799283,-355249.97810882056365
0.3549247739841582816,393.98791714904103856,-355643.96601427218411,-355249.97809712315211
0.35529373786103002342,393.87577447244768791,-355643.8538965813932,-355249.97812210896518
0.35566409318787706173,393.74661667924527819,-355643.72471131640486,-355249.97809463716112
0.35603596122960456949,393.61035899040052755,-355643.58845113310963,-355249.97809214273002
0.35640946899053355112,393.46944356126294906,-355643.44753331970423,-355249.97808975842781
0.35678474892219863568,393.3259419271401498,-355643.30395888787461,-355249.97801696072565
0.35716193914522681441,393.12864112098526448,-355643.10694921331014,-355249.9783080923371
0.35754118583891125738,392.90611806856560406,-355642.88442570820916,-355249.97830763965612
0.35792264511350152523,392.6547372109109233,-355642.63270728720818,-355249.97797007631743
0.35830648310499524367,392.33916134797476616,-355642.31879323808243,-355249.97963189013535
0.35869287594267629249,391.94379491885081279,-355641.92514816951007,-355249.98135325068142
0.35908231629669218332,391.52020177036865789,-355641.50165219773771,-355249.98145042738179
0.35947514459324075853,391.04804373456715894,-355641.02939132950269,-355249.98134759493405
0.35987168937121982726,390.54789797383284622,-355640.52924949396402,-355249.98135152010946
0.36027231820546679053,390.0138605613331606,-355639.99521459662355,-355249.98135403526248
0.36067744238389548572,389.44160427898424359,-355639.42295844783075,-355249.98135416884907
0.36108751283604034743,388.82915245750467648,-355638.81050667830277,-355249.9813542207703
0.36150301330489037488,388.14485135702744856,-355638.12605783389881,-355249.98120647686301
0.36192446471533851193,387.38476769397840371,-355637.36593323526904,-355249.98116554127773
0.36235243104628617195,386.56525937525748304,-355636.54645734082442,-355249.98119796556421
0.36278752690257565217,385.66438582657900724,-355635.64558302715886,-355249.98119720059913
0.36323043249228686991,384.70798316232702518,-355634.68918315897463,-355249.98119999666233
0.3636819087689980301,383.70025554393026823,-355633.68145206349436,-355249.98119651956949
0.36414281161043449142,382.65016376560288336,-355632.63135583291296,-355249.98119206732372
0.36461410860659365651,381.56180951036873239,-355631.54304304393008,-355249.98123353358824
0.36509689959817731575,380.40040673697387774,-355630.381669603521,-355249.98126286652405
0.36559244194349099777,379.19462849122356829,-355629.17581915517803,-355249.98119066393701
0.36610217752176976713,377.9816231178311341,-355627.96281828283099,-355249.98119516501902
0.36662776378231565211,376.7908842820657469,-355626.77206701994874,-355249.98118273785803
0.36715953908068954537,375.62984584762205031,-355625.61173960578162,-355249.9818937581731
0.36769148690740965923,374.5245791080477602,-355624.50745526584797,-355249.98287615779554
0.36822378714045600478,373.4976729567433722,-355623.48096892470494,-355249.98329596797703
0.36875661345245769329,372.56141006491350254,-355622.54469986708136,-355249.98328980215592
0.36929011910654813144,371.79069729954989043,-355621.77394294168334,-355249.98324564215727
0.36982443619530441792,371.14278085986080669,-355621.12707039900124,-355249.984289539163
0.37035967627283528092,370.5712913215431854,-355620.55393722007284,-355249.98264589853352
0.37089594211291715409,370.05335697109433113,-355620.03367306140717,-355249.98031609033933
0.37143377958795809057,369.55213459150718336,-355619.53247373632621,-355249.98033914482221
0.37197354918877534313,369.08842549120112153,-355619.06878675776534,-355249.98036126658553
0.37251541984182306999,368.62761582452606035,-355618.6080165366875,-355249.9804007121711
0.37305955991812000949,368.07631415307304223,-355618.0569741812651,-355249.98066002817359
0.37360613837636641454,367.41516200087005473,-355617.39603415806778,-355249.98087215720443
0.37415532338492812903,366.65717900467046775,-355616.63806399394525,-355249.9808849892579
0.37470727959652527783,365.76025612112988483,-355615.74151703238022,-355249.98126091127051
0.37525355760687595374,364.6910268249767455,-355614.67229342926294,-355249.98126660427079
0.3757879433479574538,363.52087540850578762,-355613.50213561800774,-355249.98126020951895
0.37631243172676764885,362.25565760755949896,-355612.23747725534486,-355249.98181964777177
0.37682867285884058539,360.86376774197458417,-355610.84586023585871,-355249.98209249391221
0.37733804765337702891,359.40162984611600905,-355609.38415944797453,-355249.98252960183891
0.37784172373133562139,357.88084184400719323,-355607.86336285492871,-355249.98252101091202
0.37834069787730623124,356.3597562566762349,-355606.34224996936973,-355249.98249371268321
0.3788358289338056295,354.87261712362021626,-355604.85521923023043,-355249.98260210658191
0.37932786392021861088,353.4315494092662675,-355603.41400462866295,-355249.98245521937497
0.3798174590014993246,352.07800005607919047,-355602.06043744843919,-355249.98243739234749
0.38030519680992685982,350.83715338761805924,-355600.8195734891342,-355249.98242010152899
0.38079160113838844692,349.67444608258034577,-355599.65555223973934,-355249.98110615718178
0.38127772605859622246,348.59916753240872822,-355598.58026649150997,-355249.98109895910602
0.38176399394435689416,347.7158699832487514,-355597.69696519884747,-355249.98109521559672
0.38225067919932897986,347.02948100511963503,-355597.01062089094194,-355249.98113988584373
0.382738059097674721,346.44895966258701492,-355596.42908017151058,-355249.98012050893158
0.38322719835325447235,346.02597908937161719,-355596.00611041579396,-355249.9801313264179
0.38371871737027635207,345.75044252994206317,-355595.73054707411211,-355249.9801045441418
0.38421320307695594476,345.5433704153269332,-355595.52262143674307,-355249.97925102140289
0.38471131731657998154,345.43940796908418633,-355595.41856266604736,-355249.97915469697909
0.38521381408599264518,345.37848034661851671,-355595.35821987467352,-355249.97973952803295
0.38572156007829311308,345.3737837644784463,-355595.35354232229292,-355249.97975855780533
0.38623555850711066562,345.39045950212630487,-355595.37022719450761,-355249.97976769239176
0.3867565681386098686,345.39743791168717735,-355595.37722432962619,-355249.97978641791269
0.38727967857203671187,345.38272505464141204,-355595.36245067627169,-355249.97972562164068
0.38780502993200810513,345.30621160486401777,-355595.286013122648,-355249.97980151779484
0.38833276901494895306,345.17689792559241369,-355595.15669962344691,-355249.97980169783114
0.38886305048179742316,344.97760723662474902,-355594.95730669377372,-355249.97969945712248
0.38939603733245031769,344.69494921712754376,-355594.67564400052652,-355249.98069478338584
0.38993192002205973035,344.32055249217995652,-355594.30039252783172,-355249.97984003566671
0.3904715813591422835,343.9121632096647545,-355593.89199059543898,-355249.97982738580322
0.39101534696311240902,343.48694206103266424,-355593.46675617201254,-355249.97981411096407
0.39156355094583439325,343.04720509302973142,-355593.02822498546448,-355249.98101989243878
0.39211655895281094519,342.53490797110526955,-355592.51472293533152,-355249.97981496423017
0.3926747704455230692,342.00321759606350724,-355591.98496212397004,-355249.98174452793319
0.39323862030282696889,341.47690384919235385,-355591.45851897692773,-355249.98161512776278
0.39380858743874724848,341.0235411983867948,-355591.0051550604403,-355249.98161386203719
0.39438521851101460136,340.63062440579244594,-355590.61251485726098,-355249.98189045145409
0.39496913776361641801,340.32306391670590529,-355590.30495882534888,-355249.98189490864752
0.39556105503584032546,340.10090121916726957,-355590.08224209578475,-355249.98134087660583
0.39616177144604619587,339.89614904311434884,-355589.87846141692717,-355249.98231237381697
0.39677257350719846718,339.68314483630825862,-355589.66546112310607,-355249.98231628676876
0.39739550263418521592,339.5277358617240111,-355589.51005722384434,-355249.98232136212755
0.39800651361921884908,339.40445583327311851,-355589.38683222408872,-355249.98237639083527
0.39859612435402580477,339.24937981008099541,-355589.23187311214861,-355249.98249330208637
0.39916826634248631089,339.12474841064664588,-355589.10700443026144,-355249.98225601960439
0.39972604225169189318,339.00000761646111869,-355588.98230964987306,-355249.98230203340063
0.40027194904213198035,338.85196928255385274,-355588.83436199289281,-355249.98239271034254
0.4008080264110680524,338.70274264514290508,-355588.68510640005115,-355249.98236375488341
0.40133596228424994745,338.53288842192779384,-355588.5152900016401,-355249.98240157973487
0.40185716966094131575,338.36791714246794527,-355588.35031914676074,-355249.98240200430155
0.40237284372179205061,338.20480781929660452,-355588.18721187941264,-355249.98240406013792
0.40288400515780792288,338.03316326548889492,-355588.01556016458198,-355249.98239689908223
0.40339153372123692787,337.85601628490172743,-355587.83841432316694,-355249.98239803826436
0.4038961947921897444,337.67240219586483363,-355587.6549033416668,-355249.98250114580151
0.40439866084866399332,337.45971974387651926,-355587.44211176491808,-355249.98239202104742
0.4048995295428208796,337.21389137131535563,-355587.1975279408507,-355249.98363656952279
0.40539957094509171398,336.90196304254448023,-355586.88560354115907,-355249.98364049859811
0.4058997447037784867,336.58105138194883921,-355586.56469174590893,-355249.98364036396379
0.40640033848887646695,336.24980833897768662,-355586.23344784951769,-355249.98363951052306
0.40690163937940737604,335.89631013452901698,-355585.87995433760807,-355249.98364420305006
0.40740393843787331418,335.45437192039014462,-355585.43781165755354,-355249.98343973717419
0.40790825191137869421,334.95651063872088571,-355584.93995038181311,-355249.98343974311138
0.40841535677321189057,334.41298630248468271,-355584.39665627951035,-355249.98366997705307
0.40892588749575514706,333.8052246866054702,-355583.78889715787955,-355249.98367247125134
0.40944056357260949497,333.1512276191640467,-355583.1351788805332,-355249.98395126138348
0.40996020909886032868,332.37571516069846211,-355582.36025460227393,-355249.98453944158973
0.4104857761918840886,331.48993908325132907,-355581.47373427537968,-355249.98379519215086
0.4110183737498602774,330.51008055980952349,-355580.49388060549973,-355249.98380004568025
0.41155930437433918545,329.46725072906491505,-355579.4510502119083,-355249.98379948287038
0.41211011145342979489,328.36077885371236107,-355578.34437270177295,-355249.98359384806827
0.41267263935477555004,327.16433858377450861,-355577.14792740228586,-355249.98358881851891
0.4132491143845160031,325.89996151283372683,-355575.88546176510863,-355249.98550025228178
0.41384225526919060645,324.52049060251249557,-355574.50597924750764,-355249.9854886449757
0.41445542609128344091,323.08755477426774405,-355573.07302991318284,-355249.98547513893573
0.41509285103134557771,321.60009423689217556,-355571.585455389868,-355249.98536115296884
0.41575993540976824425,320.0614549587475608,-355570.04600272059906,-355249.98454776185099
0.41646374062222984991,318.47976308208922092,-355568.46428692364134,-355249.98452384152915
0.41718934122716205826,316.94837045675683385,-355566.93229753442574,-355249.98392707767198
0.41793165686840039186,315.51874925746500367,-355565.50265668227803,-355249.98390742478659
0.41869430912865157612,314.26069633658647717,-355564.24514823488425,-355249.98445189831546
0.41948188860205276596,313.18085775858054376,-355563.16556470957585,-355249.98470695101423
0.42027331011020668816,312.36848471390754867,-355562.35320164298173,-355249.98471692908788
0.42100789145761868815,311.85412460159989223,-355561.83901485084789,-355249.98489024926675
0.42169911744678828525,311.55675000372099248,-355561.54165514541091,-355249.9849051416968
0.42235645930881049459,311.41655486861952795,-355561.40145717683481,-355249.98490230820607
0.42298684164570105048,311.39346991358092964,-355561.37838087748969,-355249.98491096391808
0.42359548007640979161,311.46759625613861999,-355561.45416417659726,-355249.98656792048132
0.4241864005474876298,311.5584498353626941,-355561.5451223278651,-355249.98667249252321
0.4247627828215539969,311.70297687136985587,-355561.68965509918053,-355249.98667822778225
0.42532718805343994184,311.88698316764310903,-355561.87366609997116,-355249.98668293230003
0.42588171002435221135,312.09904008533777642,-355562.0857274698792,-355249.9866873845458
0.42642808270076010269,312.32900809653068563,-355562.31570054485928,-355249.98669244832126
0.42696775865740360656,312.56704490477756053,-355562.5537422131747,-355249.98669730836991
0.42750196739230900134,312.80384442962412095,-355562.79054697055835,-355249.98670254094759
0.42803175963799899861,313.03028651895868961,-355563.01699354348239,-355249.98670702450909
0.42855804170632832983,313.2382946587027277,-355563.22500532807317,-355249.9867106693564
0.42908160277098739144,313.42095572901945388,-355563.4076698050485,-355249.98671407601796
0.42960313729629440171,313.5722252115620563,-355563.55864976119483,-355249.98642454965739
0.43012325517606592173,313.6229061771428519,-355563.60734878276708,-355249.98444260563701
0.4306433672066193874,313.61460065728130076,-355563.59928638779093,-355249.98468573053833
0.43116377620680185201,313.57040520976079279,-355563.55509241158143,-355249.98468720179517
0.43168478753765843203,313.47889944676325058,-355563.46352801204193,-355249.98462856526021
0.43220670624340928878,313.33035534283521883,-355563.31495993200224,-355249.98460458917543
0.43272984326264279931,313.01691495061908199,-355562.99980041699018,-355249.98288546636468
0.43325522322786985674,312.57134424017226593,-355562.55397513823118,-355249.98263089807006
0.43378379647446885237,312.05062703310602501,-355562.0332581482362,-355249.98263111512642
0.43431626497325293013,311.47259726892457365,-355561.45522818074096,-355249.98263091180706
0.43485342884454158963,310.83590525794141968,-355560.8185351123102,-355249.98262985434849
0.43539620896991954035,310.1183620006605679,-355560.10107470978983,-355249.98271270911209
0.43594567493428909577,309.31183625758558264,-355559.2941135619767,-355249.98227730439976
0.43650307952082151308,308.37073392421075368,-355558.35278548975475,-355249.98205156554468
0.43706990127224482068,307.36243851352998036,-355557.34448403673014,-355249.98204552318202
0.4376478997655034453,306.24753036969718778,-355556.23097039328422,-355249.98344002361409
0.43823918944837386702,305.08591862921917937,-355555.06934926734539,-355249.98343063815264
0.43884633911697351616,303.87100394251405078,-355553.85432515887078,-355249.98332121636486
0.43947250850949387546,302.63913114519306191,-355552.62243869539816,-355249.9833075501956
0.44012163972578421944,301.41892542316412573,-355551.40221608587308,-355249.98329066269798
0.44079874322661749542,300.23767423925164621,-355550.22094504919369,-355249.98327080992749
0.44149406989640532784,299.15523414434397864,-355549.13848506635986,-355249.98325092199957
0.44219001444323108307,298.23605347214243011,-355548.21928894892335,-355249.98323547677137
0.4428866811355175459,297.50573938757656833,-355547.48896389309084,-355249.9832245055004
0.44358414026080750237,296.98212292251201916,-355546.96534201398026,-355249.98321909148945
0.44428243582953047541,296.63313736042005075,-355546.61639971955447,-355249.98326235910645
0.44498159211357207754,296.48880030451528,-355546.47206928848755,-355249.98326898395317
0.44568161923555443815,296.54516286403679715,-355546.5281865010038,-355249.98302363697439
0.44638251457975008929,296.72137557523120677,-355546.70275856426451,-355249.98138298903359
0.44708426458519712199,297.05476589095445661,-355547.03617168939672,-355249.98140579846222
0.44777580722968546301,297.5045678910360607,-355547.48599627823569,-355249.98142838722561
0.44843765354092668396,298.01287111393497753,-355547.99431923899101,-355249.98144812503597
0.44907566217031319455,298.52761557247163182,-355548.50883818470174,-355249.98122261220124
0.449694327507453806,298.97508231302902004,-355548.95586941821966,-355249.98078710521804
0.4502971783759131541,299.37962040505482264,-355549.36041629815008,-355249.98079589311965
0.45088704541717200547,299.75006338527737171,-355549.73092956701294,-355249.98086618172238
0.45146623510030237103,300.05956800685248709,-355550.04037868697196,-355249.98081068013562
0.45203665216572436192,300.29350713665604644,-355550.27439468877856,-355249.98088755214121
0.45259988836054515504,300.44615721233191152,-355550.42688476236071,-355249.98072755004978
0.45315728807251837162,300.49033598076664475,-355550.47107210499234,-355249.98073612421285
0.45370999801493322456,300.45827326001591473,-355550.4387197677861,-355249.98044650774682
0.45425900563725607473,300.34750340075873964,-355550.32794828235637,-355249.9804448815994
0.45480516942084275867,300.17685700975448526,-355550.15729098120937,-355249.98043397144647
0.45534924352740979714,299.91298291062582848,-355549.89479434641544,-355249.98181143577676
0.45589232533441331752,299.53197383013372246,-355549.51396989432396,-355249.98199606419075
0.45643546295794856782,299.10144261525459797,-355549.08343708899338,-355249.98199447372463
0.45697898889381716181,298.63931641789906735,-355548.6213097954751,-355249.98199337755796
0.45752323521677434881,298.1406498436750212,-355548.12263355730101,-355249.98198371363105
0.45806853388015023043,297.58554733679778792,-355547.56752994528506,-355249.9819826085004
0.45861522330833565109,296.9566267902221739,-355546.94160160754109,-355249.98497481731465
0.45916407167932238309,296.20813394851796829,-355546.19310814642813,-355249.98497419792693
0.45971641768680676643,295.41806802450724945,-355545.40304131171433,-355249.98497328720987
0.46027302701668781904,294.58656269999164579,-355544.5715349438251,-355249.98497224383755
0.46083477430031727362,293.70113423928648899,-355543.68604104488622,-355249.98490680562099
0.4614026684497729569,292.75233545361811593,-355542.73724209645297,-355249.98490664281417
0.46197788395632688463,291.75485338899136423,-355541.73980603937525,-355249.98495265038218
0.46256180019416787141,290.69339682202831909,-355540.67835033824667,-355249.98495351622114
0.4631560512866675916,289.58585297612467002,-355539.57080297381617,-355249.98494999768445
0.4637625888294141796,288.43456047560607658,-355538.41950473061297,-355249.98494425503304
0.4643837646399535668,287.24525236126913796,-355537.23018528718967,-355249.98493292590138
0.46502244463765057825,286.03005641313984597,-355536.01497569307685,-355249.98491927993018
0.46568216613616536526,284.80565667281177866,-355534.79056036815746,-355249.98490369535284
0.46636736755880175975,283.59322233845500705,-355533.57810855621938,-355249.98488621774595
0.467083726389314835,282.38717296588981753,-355532.37240477208979,-355249.98523180617485
0.46783864824165855012,281.22561366006806338,-355531.21070720517309,-355249.98509354511043
0.46864201493204937776,280.16379369166520519,-355530.14887407736387,-355249.98508038569707
0.46950740616440850284,279.26471775653095619,-355529.24979021423496,-355249.98507245769724
0.47044835843803228803,278.50680060333837673,-355528.49154081090819,-355249.98474020755384
0.4713706590311870781,277.95562087988724898,-355527.9403976475005,-355249.98477676761104
0.47221466233827863457,277.62622081200800039,-355527.61121574195568,-355249.98499492992414
0.47300056408298596367,277.44814115592038206,-355527.43315811047796,-355249.98501695453888
0.47374196922315681135,277.34888482374145724,-355527.33397746126866,-355249.98509263753658
0.47444852819680810585,277.29907126573976939,-355527.28417822776828,-355249.98510696203448
0.47512734752903396096,277.29205959444630025,-355527.27717804745771,-355249.98511845298344
0.47578381157538807145,277.30536350016978986,-355527.29049097496318,-355249.98512747482164
0.47642209873392027397,277.32291024041620631,-355527.30804425932001,-355249.98513401887612
0.47704552835880836836,277.33387175714557316,-355527.31900969566777,-355249.9851379385218
0.47765678624035518007,277.33172136807422703,-355527.31686137849465,-355249.98514001042349
0.47825807700613726103,277.31329520155560431,-355527.298433762684,-355249.98513856111094
0.47885123330960693844,277.27928649997670618,-355527.26442269969266,-355249.98513619974256
0.47943779591902430104,277.23204284985854429,-355527.21717643615557,-355249.98513358627679
0.4800190736229330013,277.16514060429784649,-355527.15021007804899,-355249.98506947373971
0.4805961891429417765,277.04988729829636895,-355527.03486817335943,-355249.98498087504413
0.48117011505595674858,276.9172908096664969,-355526.90226336149499,-355249.98497255181428
0.48174170259550025408,276.73027471744205741,-355526.71700665581739,-355249.98673193837749
0.48231241524108198204,276.4903156299820921,-355526.47704579378478,-355249.98673016380053
0.48288318206171743086,276.24872939899501034,-355526.23572736524511,-355249.98699796624715
0.48345436994714924284,275.98964045365727316,-355525.97611546638655,-355249.98647501273081
0.4840263438390680073,275.74186546908237005,-355525.72834134788718,-355249.98647587880259
0.48459946688970856332,275.50224116804605501,-355525.48857724049594,-355249.98633607244119
0.48517410796256987826,275.22482562700844255,-355525.21123768802499,-355249.98641206102911
0.48575064933233352837,274.87686960235822653,-355524.8642520303838,-355249.9873824280221
0.48633053490491429116,274.50203582151266346,-355524.48941975552589,-355249.98738393402891
0.48691493409264868797,274.11746664933571083,-355524.10485187266022,-355249.9873852233286
0.4875047832087223143,273.72110824525884709,-355523.70849435334094,-355249.98738610808505
0.48810116272202730414,273.31141623280012709,-355523.29880262806546,-355249.98738639528165
0.48870533113709596629,272.88767280732622567,-355522.87505859846715,-355249.98738579114433
0.489318767785548836,272.45038872853939438,-355522.43777281278744,-355249.98738408426289
0.48994322717623961516,272.00168520258182525,-355521.98906626773532,-355249.98738106514793
0.49058080787036667525,271.54580226128666709,-355521.53319553373149,-355249.98739327245858
0.49123404330589370836,271.05329408366219468,-355521.04025362874381,-355249.9869595450582
0.4919060252612335038,270.53967417691313813,-355520.52663025737274,-355249.98695608048001
0.49260057570408177785,270.05225176897812389,-355520.03919504210353,-355249.98694327310659
0.49332250370427299657,269.58251598966961637,-355519.57095708022825,-355249.98844109056517
0.49407797632906774732,269.1612043103540941,-355519.14967642584816,-355249.98847211548127
0.49487506016072851933,268.8534318603921065,-355518.84202418668428,-355249.98859232629184
0.49572455656241476429,268.70033887354759372,-355518.68891395453829,-355249.98857508099172
0.49662006437239680778,268.77917546154264983,-355518.76774861325976,-355249.9885731516988
0.49753542899325775561,269.11500513472753937,-355519.10372663289309,-355249.9887214981718
0.49847316487565468401,269.66822191959187194,-355519.65715575491777,-355249.98893383535324
0.49935636996426757683,270.31733906217897356,-355520.30695729429135,-355249.98961823212449
0.50017933753398524654,271.04770581227609227,-355521.03734304464888,-355249.98963723238558
0.50095615712817187504,271.83858334634118137,-355521.82823768991511,-355249.98965434357524
0.5016968478629496575,272.653828696107837,-355522.64343049371382,-355249.98960179759888
0.50240880113797015127,273.45507060579069503,-355523.44471725448966,-355249.98964664869709
0.50309762569840799085,274.2247438875326111,-355524.21442860958632,-355249.98968472203705
0.50376768095581592188,274.9378010933245946,-355524.92733795760432,-355249.98953686427558
0.50442243634421790599,275.59583146362911066,-355525.58535884699086,-355249.98952738335356
0.50506470325584029712,276.22311695194667891,-355526.21264663198963,-355249.98952968005324
0.50569679264097622262,276.81812991886033615,-355526.80766065220814,-355249.98953073332086
0.50632062828362445206,277.38006197280321885,-355527.36959207546897,-355249.98953010264086
0.50693782995924430157,277.90968708004544396,-355527.89921645156574,-355249.98952937149443
0.50754977580483118249,278.4081442909793509,-355528.3976726050023,-355249.98952831403585
0.5081576502781868232,278.87675130598336182,-355528.86627933988348,-355249.98952803388238
0.50876248175419658271,279.29263008882861641,-355529.28317006968427,-355249.99053998087766
0.5093657105862949841,279.60389327858865727,-355529.59449586382834,-355249.99060258525424
0.50996881403624672036,279.88183328389243343,-355529.87244547263253,-355249.99061218876159
0.51057220039282580348,280.13277291393620771,-355530.12336156214587,-355249.99058864818653
0.511176280253200499,280.36484818956222398,-355530.35543547221459,-355249.99058728263481
0.5117814568757494964,280.574468291741141,-355530.56505533587188,-355249.99058704415802
0.51238813466730370738,280.75357113907489293,-355530.74415784119628,-355249.9905867021298
0.51299672790053496563,280.91602929669431887,-355530.90661588340299,-355249.99058658670401
0.51360766962477399922,281.01158205745940677,-355531.00305188377388,-355249.99146982631646
0.51422253096307790621,281.04820010293195764,-355531.0396542045055,-355249.99145410157507
0.51484278688267204327,281.04260537493792071,-355531.03406772564631,-355249.99146235070657
0.51546953858951927163,280.99914708838304023,-355530.99072161712684,-355249.99157452874351
0.51610406463652236386,280.89725450159392039,-355530.88871915428899,-355249.99146465270314
0.51674786337110811818,280.75327640315811095,-355530.74474899610505,-355249.99147259292658
0.51740270727448056665,280.56514501529932204,-355530.55661008355673,-355249.99146506824763
0.51807071284344474726,280.32303777023020075,-355530.31437107268721,-355249.99133330245968
0.51875443081487548902,280.03920876599107714,-355530.03053681069287,-355249.99132804467808
0.51945696401576246792,279.73047566564491717,-355529.72179681359557,-355249.99132114794338
0.52018213254450418326,279.40673098213136427,-355529.39804307714803,-355249.99131209502229
0.520934718326923063,279.0814874008195261,-355529.07283012091648,-355249.99134272010997
0.52172082489995597054,278.76428751159045305,-355528.75557536695851,-355249.99128785537323
0.52251337821416399265,278.50299842714360921,-355528.49427418981213,-355249.99127576267347
0.52330777892512114757,278.31118277080418011,-355528.30245810159249,-355249.99127533077262
0.5241043764704385044,278.20730380580351948,-355528.19857651391067,-355249.99127270811005
0.52490340971881443988,278.20421753599600834,-355528.19549260457279,-355249.99127506860532
0.52570509071401760881,278.3011673037325977,-355528.29243944084737,-355249.99127213709289
0.5265096288361097443,278.46587652491814424,-355528.45692642079666,-355249.99104989587795
0.52731723360120696942,278.7096269461970337,-355528.70068709773477,-355249.99106015154393
0.52812811757930389067,279.01860189956471459,-355529.00967514130753,-355249.99107324174838
0.52894252043962008969,279.3720636221901259,-355529.36315137206111,-355249.99108774989145
0.52973287893676246352,279.73380332136878224,-355529.72490328870481,-355249.99109996733023
0.53049143226831363407,280.07861284072572516,-355530.06972211616812,-355249.9911092754337
0.53122449994973353071,280.39102836281762166,-355530.38198054244276,-355249.99095217965078
0.53193697111725390947,280.63679809215955174,-355530.62777738354634,-355249.99097929138225
0.53263272059273114589,280.84029726656382309,-355530.83127869351301,-355249.99098142696312
0.53331488009662264549,280.99960263629805013,-355530.9905843626475,-355249.99098172632512
0.53398601858787908547,281.11474930616287793,-355531.10573642491363,-355249.99098711874103
0.53464827115408719571,281.17718234535260535,-355531.16817152698059,-355249.99098918162053
0.53530343329422025445,281.1908943285661735,-355531.18188302102499,-355249.99098869244335
0.53595303138870431514,281.16102283165434983,-355531.15201045502909,-355249.99098762340145
0.53659837666542564705,281.08924388790131843,-355531.08023033745121,-355249.99098644952755
0.53724060747769164514,280.91926476719510219,-355530.90874719945714,-355249.98948243225459
0.53788220695457489295,280.71523977250950566,-355530.70472147897817,-355249.98948170646327
0.5385238190036111261,280.48802955171851181,-355530.47751100710593,-355249.98948145541362
0.53916590840608324964,280.23848706880795589,-355530.22796684782952,-355249.98947977903299
0.53980893516863837078,279.96844784427042896,-355529.95792653318495,-355249.98947868891992
0.5404533520783154632,279.67934912161456396,-355529.66882716154214,-355249.9894780399045
0.54109961460883093665,279.37213609870491382,-355529.36161332274787,-355249.98947722406592
0.54174819110271221767,279.04793541864211193,-355529.03741150203859,-355249.98947608337039
0.54239957325950616251,278.68994063647778603,-355528.6775918007479,-355249.98765116429422
0.54305477866542706256,278.25293298867103431,-355528.24065291631268,-355249.9877199276234
0.54371621438454520447,277.74952299565245539,-355527.73730465769768,-355249.98778166202828
0.54438514933479853486,277.19756899080965695,-355527.18530914693838,-355249.98774015612435
0.54506306295062745271,276.61441076336291189,-355526.60215574526228,-355249.98774498188868
0.54575169648276522505,276.00068323407583648,-355525.98848245013505,-355249.98779921606183
0.54645311936314977519,275.35477660021365409,-355525.34251326613594,-355249.98773666593479
0.54716981510200246586,274.70023043899834647,-355524.68796140071936,-355249.98773096170044
0.54790479315586437803,274.04626011502119809,-355524.03398453106638,-355249.98772441601614
0.54866173794507533401,273.40356726578124835,-355523.39128564368002,-355249.98771837790264
0.54944522066730672183,272.78460029621925287,-355522.77231009985553,-355249.98770980362315
0.55026102363632289904,272.20672361962886043,-355522.19442259997595,-355249.98769898037426
0.55111660082556701568,271.69381626994612589,-355521.68150350695942,-355249.98768723703688
0.55202176015577886226,271.27620227572487011,-355521.26387898059329,-355249.98767670488451
0.55298973689821928623,270.98524347117393063,-355520.97258540138137,-355249.98734193021664
0.55403905762080762898,270.82847940699781475,-355520.81582029908895,-355249.98734089208301
0.55517378751681623061,270.90017703277254668,-355520.88752691075206,-355249.98734987800708
0.55620299377785376027,271.1728810288797149,-355521.16024839383317,-355249.9873673649272
0.55715527421987598444,271.57609855509065255,-355521.56348458974389,-355249.98738603462698
0.55804945538769790137,272.05870034096085419,-355522.04610549117206,-355249.98740515019745
0.55889866125226539406,272.57010947270134693,-355522.55752788303653,-355249.98741841031006
0.55971244582338719464,273.09398541656941006,-355523.08141347893979,-355249.9874280623626
0.56049798163501474146,273.61803582696916237,-355523.60547146928729,-355249.98743564233882
0.56126079327278410869,274.1304946718262272,-355524.11793575878255,-355249.98744108696701
0.56200524091385717362,274.58977349018181258,-355524.5769624216482,-355249.98718893143814
0.56273483972005589049,275.02135508410509601,-355525.00854519935092,-355249.98719011526555
0.56345246785835900738,275.42819577132689801,-355525.4153897051583,-355249.98719393380452
0.56416051408832923464,275.80839764698657746,-355525.79558938357513,-355249.98719173658174
0.56486098541977647347,276.16463157625037184,-355526.15182354790159,-355249.98719197162427
0.56555558721950816015,276.49734530193586579,-355526.48453727405285,-355249.98719197208993
0.56624578440659978362,276.76815151976677498,-355526.75501188758062,-355249.98686036781874
0.56693410180797998432,276.99321712512477234,-355526.98007578309625,-355249.9868586579687
0.56762209937741558985,277.20793214063735377,-355527.19479125353973,-355249.98685911291977
0.56831032292407113182,277.41160756687281719,-355527.3984675782267,-355249.98686001135502
