# Fix print output for fix printe
0.20035640494942003054,749.91124064392442961,-355999.8817830735934,-355249.97054242965532
0.20071283098039291448,749.63671121336665237,-355999.60730110178702,-355249.97058988839854
0.20106932227254423196,749.13102102983634722,-355999.10158520750701,-355249.97056417766726
0.20142593388385385267,748.42605286398440967,-355998.396528580226,-355249.97047571622534
0.20178271346715764833,747.61705915125457977,-355997.5875569016207,-355249.97049775038613
0.2021396861550847357,746.67549619554017681,-355996.64603461098159,-355249.9705384154222
0.20249688404401935959,745.57627179944984164,-355995.54670998285292,-355249.97043818340171
0.20285434545307892695,744.42032444376172862,-355994.39074722916121,-355249.97042278537992
0.20321208471342316892,743.22620901911966484,-355993.19664823223138,-355249.97043921309523
0.2035701118072372473,741.97502164355205423,-355991.9455022161128,-355249.97048057254869
0.20392844139513591206,740.61451393216668748,-355990.58507774985628,-355249.97056381771108
0.20428710098143554319,738.91129810706104308,-355988.88657208386576,-355249.97527397680096
0.20464617524490621991,736.30639995309138612,-355986.28206792636774,-355249.97566797328182
0.20500588705628836061,732.46215291261125913,-355982.43844469147734,-355249.97629177884664
0.20536654767816195366,726.60857077528817172,-355976.58587333781179,-355249.97730256250361
0.20572867213337567294,717.49204170736902597,-355967.47102091216948,-355249.97897920478135
0.20609312461883624867,703.02569239093850229,-355953.0074535550666,-355249.98176116414834
0.20646139929058235363,679.73969805538320088,-355929.72587612073403,-355249.98617806535913
0.20683618735936315502,642.14773316950311255,-355892.13991126453038,-355249.99217809503898
0.20722258330333906406,582.9723543420243459,-355832.96900155721232,-355249.99664721521549
0.2076308382314313028,497.87207673526592089,-355747.8596005551517,-355249.98752381990198
0.2080834387945760533,404.38687982805009824,-355654.33190034650033,-355249.94502051844029
0.20863725262269969263,382.02254986392370029,-355631.94466500275303,-355249.92211513884831
0.20924438923169358384,493.60011503779281838,-355743.62389121612068,-355250.02377617830643
0.20969682053907093278,588.04119410366536158,-355838.07770433393307,-355250.03651023027487
0.21010174303116779804,648.15658637814749454,-355898.18755358259659,-355250.03096720442409
0.21048559990557280663,684.25756773051978143,-355934.28232555126306,-355250.02475782076363
0.21085880521578087565,705.52905681298386753,-355955.54931464890251,-355250.02025783591671
0.21122627594118478789,717.98560644312249224,-355968.00315819366369,-355250.01755175052676
0.21159055291610553984,725.15231759179710025,-355975.16829302918632,-355250.01597543741809
0.21195304699966374673,729.04564477182532301,-355979.06067110982258,-355250.015026337991
0.21231459291438842252,730.85045541577767381,-355980.86493253288791,-355250.01447711710352
0.2126757101577858855,731.19592858830549176,-355981.21599365270231,-355250.02006506442558
0.21303675594678558869,729.80051017356527154,-355979.8087216464337,-355250.00821147288661
0.21339815187492239268,726.97364251386784417,-355976.98235279007349,-355250.00871027621906
0.21376025893444267068,722.1902901364231866,-355972.19986501568928,-355250.00957487925189
0.2141235803689214845,714.38086525986363995,-355964.39190221915487,-355250.01103695930215
0.21448891856123797339,701.72260930331310647,-355951.73615543154301,-355250.01354612823343
0.21485762317861120674,681.08768661415649603,-355931.10536353319185,-355250.01767691905843
0.21523209774217005874,647.37916569222988983,-355897.40247286285739,-355250.02330717060249
0.21561685818173406681,593.68560044435457712,-355843.71408830420114,-355250.02848785981769
0.21602080600580397807,514.41359121361711004,-355764.43729630869348,-355250.02370509505272
0.21646298383865539283,419.98199670764660141,-355669.97101716278121,-355249.98902045516297
0.21698974903971021688,373.43038166880359086,-355623.37813679524697,-355249.9477551264572
0.21765400585286534541,475.56316375884767922,-355725.63081724540098,-355250.06765348656336
0.21811912107755093704,574.08330124420001539,-355824.16982380545232,-355250.08652256126516
0.21852985339327968273,637.98284313729129735,-355888.06480529694818,-355250.08196215966018
0.21891711776567096548,676.60037082383314555,-355926.67605363740586,-355250.07568281359272
0.21929265426496147295,699.431175247276542,-355949.50211019965354,-355250.07093495235313
0.21966191170097723595,712.84346240983381904,-355962.9115113777807,-355250.06804896792164
0.22002767852218768629,720.61568837596530557,-355970.68205609719735,-355250.0663677212433
0.2203914893510392492,724.90901637859758466,-355974.97437039529905,-355250.06535401672591
0.22075424575666735549,726.99091506569538979,-355977.05567964457441,-355250.06476457888493
0.22111650532466728403,727.57786219506726866,-355977.65343288780423,-355250.0755706927157
0.22147864024034438768,726.41071776534147375,-355976.48707504972117,-355250.07635728438618
0.22184107692541626955,723.81023898539638139,-355973.88706154358806,-355250.07682255818509
0.22220417969622052734,719.34032361554307045,-355969.41795797669329,-355250.07763436116511
0.22256843267757292493,711.9974016421641636,-355962.07640999351861,-355250.07900835137116
0.22293460163718309408,700.07226811841712788,-355950.15362914587604,-355250.08136102743447
0.22330396560659346306,680.63289514423888704,-355930.71816139994189,-355250.0852662557154
0.22367878583795550163,648.84608044113360847,-355898.93682836327935,-355250.09074792213505
0.2240632875807491986,597.97485469772595934,-355848.07103187165922,-355250.09617717395304
0.22446574904567651032,521.95409648295958505,-355772.0474021473201,-355250.09330566436984
0.22490368372929203655,428.10372346330251503,-355678.1665236975532,-355250.06280023424188
0.2254189860859560357,371.36218015387515834,-355621.37843737169169,-355250.01625721779419
0.22611759337150044713,467.00153822763030576,-355717.14431759750005,-355250.14277936989674
0.22658948066277459499,566.97382228829587802,-355817.13842684682459,-355250.16460455855122
0.22700353324013763934,632.38394424997397891,-355882.54450549720787,-355250.1605612472049
0.22739295548435253802,672.02516907452979922,-355922.17942313477397,-355250.1542540602386
0.22777013853989952485,695.49729090789423935,-355945.64672295574564,-355250.14943204785232
0.22814078730158965369,709.30531043101120758,-355959.45178260980174,-355250.14647217880702
0.22850780892612659878,717.33165117667545019,-355967.47639755124692,-355250.1447463745717
0.2288727970916091814,721.79712019223211428,-355971.94082672457444,-355250.14370653236983
0.22923668512643166628,724.00298353885648339,-355974.14608389581554,-355250.14310035697417
0.2296000486456442613,724.70386978105682374,-355974.84664138621883,-355250.1427716051694
0.22996326609883374625,723.68494020566845393,-355973.81238252774347,-355250.12744232208934
0.23032675919731659953,721.20447431492345913,-355971.33236575836781,-355250.12789144343697
0.23069090193084859641,716.89931688706030855,-355967.02799494424835,-355250.12867805716814
0.23105617063911398912,709.79745905072172718,-355959.92746870568953,-355250.13000965496758
0.23142331626135526079,698.24363157583752582,-355948.37591873190831,-355250.13228715606965
0.23179358937935384821,679.39955004884757273,-355929.53562763467198,-355250.13607758580474
0.23216919391435222875,648.56726968860755278,-355898.70873850618955,-355250.14146881760098
0.23255423689430898548,599.12497296120534429,-355849.27193395211361,-355250.14696099091088
0.23295674171731831081,524.86406999065923173,-355775.00894697371405,-355250.14487698307494
0.23339359842628884523,431.82201051947487258,-355681.93836250790628,-355250.11635198845761
0.23390489776823694679,371.22409941534266409,-355621.29252439108677,-355250.06842497573234
0.2346078262776993828,460.43311340018726696,-355710.6222637896426,-355250.18915038945852
0.23508588016235826279,561.45099436607472398,-355811.66457893949701,-355250.21358457341557
0.23550298783989551121,628.06651872212694343,-355878.27654133876786,-355250.21002261666581
0.23589443728673731293,668.54008499843246227,-355918.74379646038869,-355250.20371146197431
0.23627319870605958951,692.53985544329509594,-355942.73869328363799,-355250.19883784034755
0.2366452024216239014,706.67645454652745229,-355956.8722718443023,-355250.1958172977902
0.23701345989497210609,714.9160524950832496,-355965.11010544461897,-355250.19405294954777
0.23737961663026607706,719.52796324655969329,-355969.72095583839109,-355250.19299259182299
0.23774463379080709724,721.8407509844055312,-355972.03312293475028,-355250.1923719503684
0.23810910283195990678,722.62652463132701541,-355972.81855832674773,-355250.19203369540628
0.23847341123755316783,721.6973568512746624,-355971.90106775145978,-355250.20371090021217
0.23883798359938124278,719.31913872090058248,-355969.52328575827414,-355250.2041470373515
0.23920319320202096391,715.15201227566444686,-355965.35692554467823,-355250.20491326902993
0.23956951078645050135,708.24958117442872663,-355958.45579149614787,-355250.20621032174677
0.23993767640992685886,697.0003505965092927,-355947.20877644733991,-355250.20842585084029
0.24030891956983468916,678.64251476006904795,-355928.85463858454023,-355250.2121238244581
0.24068540137619348629,648.59120099109645707,-355898.80862497992348,-355250.21742398885544
0.2410711400295897644,600.3288637384850972,-355850.55180568457581,-355250.22294194606366
0.24147396722083133702,527.56331472038630181,-355777.78475873410935,-355250.22144401370315
0.24191030390152967744,435.3725008823570306,-355685.56700935121626,-355250.19450846884865
0.24241888933867669631,372.04378854872936699,-355622.1896875781822,-355250.14589902944863
0.24311169084511899396,452.89653565023644433,-355703.1503096887609,-355250.25377403851599
0.24359780171124631454,555.31085644051995587,-355805.59275277808774,-355250.28189633757574
0.24401864354028923731,623.5851348161753549,-355873.86415419884725,-355250.27901938266587
0.2444124412409908742,665.19462919546697321,-355915.46732918708585,-355250.27269999159034
0.2447929542458942842,689.90236762509164237,-355940.1701204100973,-355250.26775278500281
0.24516641461848481809,704.46675654573846259,-355954.73140431888169,-355250.26464777311776
0.24553597224411333189,712.9713796179420342,-355963.23421102156863,-355250.26283140364103
0.24590334084606466081,717.75398504896963914,-355968.01572722569108,-355250.26174217672087
0.24626951789243797797,720.18136639457031833,-355970.44246853457298,-355250.26110214000801
0.24663511538563320791,721.0499797075508468,-355971.31073045247467,-355250.26075074489927
0.24700053243305211681,720.24634639340581543,-355970.51429507741705,-355250.26794868399156
0.24736618683677039088,717.96735497363795275,-355968.23572305508424,-355250.26836808142252
0.2477324607453287586,713.94377222106857062,-355964.21288087184075,-355250.26910865079844
0.2480998166954779538,707.2613247725103065,-355957.53168755734805,-355250.27036278485321
0.24846897914558027654,696.36294426939787172,-355946.6354467291967,-355250.2725024598185
0.24884114789414849001,678.58184521591408611,-355928.85792781738564,-355250.27608260145644
0.24921842457538107007,649.47370937002028768,-355899.7549943223712,-355250.2812849523616
0.24960470506970228177,602.64745939379395168,-355852.93429848342203,-355250.2868390896474
0.25000756015962050105,531.70223478852017251,-355781.98831861710642,-355250.28608382859966
0.25044278091035288014,440.5094328834285875,-355690.77062251057941,-355250.2611896271701
0.2509473223390660257,373.6266862110794591,-355623.83864876290318,-355250.21196255180985
0.25162643457289662896,443.50409249157280556,-355693.80740730057005,-355250.30331480898894
0.25212337040929572174,547.67916213343357867,-355798.01590186147951,-355250.33673972805263
0.25254888264177871582,618.21201668730054735,-355868.54688252054621,-355250.33486583322519
0.25294545472622304016,661.37100501254838036,-355911.69955469970591,-355250.32854968716856
0.25332794025716437458,687.03863156717375205,-355937.36212711583357,-355250.32349554868415
0.25370298033463639653,702.17563134808551695,-355952.49590670864563,-355250.32027536054375
0.25407391049703847985,711.0279690562832684,-355961.34635570866521,-355250.31838665239047
0.25444253515818993083,716.02888747761255672,-355966.34614488453371,-355250.31725740694674
0.25480989956066341096,718.5980681565163195,-355968.9146585946437,-355250.31659043813124
0.2551766425855014897,719.56538163401853581,-355969.88160280400189,-355250.31622117001098
0.2555431784406095308,718.91212948312704611,-355969.23091710847802,-355250.31878762535052
0.25590991608659724443,716.7486295461693544,-355967.06781581428368,-355250.31918626814149
0.25627724882276270435,712.89659842008143187,-355963.21649311756482,-355250.31989469745895
0.25664562777311594743,706.48181361866113548,-355956.80290896038059,-355250.32109534170013
0.2570157559830626437,696.01457049547025235,-355946.33771092770621,-355250.32314043224324
0.25738879299848033133,678.9458279267113312,-355929.27240454184357,-355250.32657661515987
0.25776676071251686251,651.00723810777571998,-355901.33888600813225,-355250.33164790034061
0.25815339202754372661,605.96703942935209852,-355856.30427544872509,-355250.33723601937527
0.25855591350608325696,537.30162349212275785,-355787.63901208038442,-355250.3373885882902
0.25898929586652696955,447.41470660439682661,-355697.7297999933362,-355250.31509338895557
0.25948821048346593088,376.19159113853197596,-355626.45721399981994,-355250.26562286127592
0.26014954844906024167,431.87320615623821141,-355682.20941703824792,-355250.33621088200016
0.26066127573142050533,538.0315899387120453,-355788.40881327772513,-355250.37722333899001
0.26109270728521632998,611.55090741350682038,-355861.92774944321718,-355250.37684202968376
0.26149260677032148958,656.78839835341659636,-355907.15896395611344,-355250.37056560267229
0.2618773471574263878,683.74905906057972516,-355934.11443558929022,-355250.36537652870174
0.26225412230088396282,699.65844662242307095,-355950.02044763450976,-355250.36200101207942
0.26262651529917302451,708.97931164091937717,-355959.33932584547438,-355250.36001420457615
0.26299645047017122801,714.27440094876340027,-355964.6332321742666,-355250.35883122548694
0.26336503557343882154,717.03464537541674417,-355967.39277398231206,-355250.35812860692386
0.2637329444662980249,718.13450085728584327,-355968.49223665054888,-355250.35773579328088
0.2641006109412157854,717.6686907182769346,-355968.02799307298847,-355250.3593023546855
0.26446843437245476371,715.64893439734964886,-355966.00860998732969,-355250.3596755900071
0.26483682138046554799,712.00739347653006917,-355962.36773883836577,-355250.36034536181251
0.26520620849283954579,705.91786742405145105,-355956.27934976347024,-355250.3614823394455
0.26557727152780785662,695.9707325054073408,-355946.33414601872209,-355250.36341351328883
0.26595111932062487359,679.75719437612258389,-355930.12386870954651,-355250.36667433340335
0.26632967417833303125,653.22224373454150737,-355903.59383032203186,-355250.37158658751287
0.2667164664442288613,610.33369494375403974,-355860.71088639996015,-355250.3771914562094
0.26711829889217092449,544.4569140110643275,-355794.83528427791316,-355250.37837026687339
0.26754914599275242404,456.34224499295442001,-355706.70145618065726,-355250.35921118769329
0.26804095821647910824,380.34451272051268234,-355630.65485379198799,-355250.31034107145388
0.26868098351243907551,418.673827889375616,-355669.03056852868758,-355250.35674063931219
0.26921254792333826344,526.54078452269061472,-355776.94886408920866,-355250.40807956649223
0.26965130710087048538,603.69414043095105171,-355854.10398268891731,-355250.40984225797001
0.27005513138062392509,651.52333450133937731,-355901.9270202453481,-355250.40368574403692
0.27044242567763843166,680.10674480831585242,-355930.50508730963338,-355250.39834250131389
0.27082109912870672153,696.9875706418512209,-355947.38234519428806,-355250.39477455243468
0.27119504979846148496,706.89639086616637087,-355957.28905518981628,-355250.39266432367731
0.27156635327684830461,712.55967870715642221,-355962.95109279215103,-355250.39141408499563
0.27193619537741992032,715.55810386538564671,-355965.94877121783793,-355250.39066735247616
0.27230529336165737453,716.82160319302340667,-355967.21184879948851,-355250.39024560648249
0.27267410531202579405,716.56494440614119412,-355966.96746923285536,-355250.40252482669894
0.27304302349788334148,714.70832171928532262,-355965.11119098955533,-355250.40286927024135
0.2734124683332267991,711.30291809475977516,-355961.70641430240357,-355250.40349620766938
0.27378285966646614957,705.57589341399159366,-355955.98045619984623,-355250.40456278587226
0.27415484220198788057,696.20575760243946206,-355946.61212543572765,-355250.40636783326045
0.27452946721379306583,680.93822900506984297,-355931.34765992540633,-355250.40943092032103
0.27490854484886140252,655.9588571800485397,-355906.37301789229969,-355250.41416071227286
0.27529537823757588288,615.47353598206791503,-355865.89327791833784,-355250.41974193626083
0.2756962988068692999,552.78278617281273455,-355803.20473507710267,-355250.421948904288
0.27612418937845922828,466.97978773171729472,-355717.38601639296394,-355250.40622866124613
0.27660807944878984532,386.47748878705448305,-355636.83667426079046,-355250.35918547376059
0.2772252288273916454,405.5940142504131245,-355655.97476179350633,-355250.38074754306581
0.27778190761557913779,514.10067420241978198,-355764.5454504074296,-355250.44477620499674
0.27822917356367488084,595.15312251823422685,-355845.60247933864594,-355250.44935682043433
0.27863738555596229141,645.86473267164490153,-355896.30817559122806,-355250.44344291958259
0.27902745915506366181,676.26673451300905526,-355926.70467751316028,-355250.4379430001718
0.27940815448475475602,694.23756655430906903,-355944.67173418623861,-355250.4341676319018
0.27978373681023588349,704.8021560673979593,-355955.23407414532267,-355250.43191807792755
0.28015645667229366333,710.8724981515744048,-355961.30309026839677,-355250.43059211684158
0.28052758926731097278,714.13101176204963849,-355964.56080784037476,-355250.42979607830057
0.28089790123032942759,715.5696188996746514,-355965.99896127090324,-355250.429342371237
0.28126787831524935335,715.53067056596239581,-355965.98194344528019,-355250.45127287931973
0.28163790642499358929,713.83404289086115568,-355964.28562961373245,-355250.45158672286198
0.28200842299260159285,710.66016566581674851,-355961.1123366340762,-355250.45217096828856
0.28237983130077565219,705.28945022933612563,-355955.74261798773659,-355250.45316775841638
0.28275274496332342133,696.48748042331692432,-355946.94232721324079,-355250.45484678994399
0.2831281579663184611,682.15238812449945272,-355932.6100983453216,-355250.45771022082772
0.28350776962631779599,658.71289237058817889,-355909.175139144063,-355250.46224677347345
0.28389465937622915259,620.6333286032261185,-355871.10108344443142,-355250.46775484120008
0.28429469754451219821,561.21666405476310047,-355811.687512407545,-355250.47084835276473
0.28471971565059689402,478.12226339216346105,-355728.58069715253077,-355250.45843376038829
0.28519598694812847706,394.15570088186092335,-355644.57003365451237,-355250.41433277266333
0.28579168425233525408,394.71504256211238726,-355645.12934255227447,-355250.41429999016691
0.28637714676050168849,502.18720285007179882,-355752.67888421315001,-355250.49168136308435
0.28683331618600199642,586.80206035164610512,-355837.30153685546247,-355250.49947650381364
0.28724601562064810967,640.27860035504181724,-355890.77252046996728,-355250.4939201149391
0.28763890808877373706,672.44183312852317158,-355922.93012738251127,-355250.4882942539989
0.2880216489387901202,691.47025383887205408,-355941.95457943814108,-355250.4843255992746
0.28839888153463427711,702.66684101774217197,-355953.14878314116504,-355250.48194212344242
0.28877303530009612587,709.12527828262113871,-355959.60582059819717,-355250.48054231557762
0.28914547607894292014,712.62817184980144702,-355963.10787060041912,-355250.47969875059789
0.28951702025247993966,714.22751458732079755,-355964.70672897563782,-355250.47921438829508
0.28988818153377687858,714.42918522214506538,-355964.89121511211852,-355250.46202988998266
0.2902593292549868198,712.88499007294831245,-355963.33165550930426,-355250.44666543637868
0.29063092650042054998,709.90741883607506679,-355960.35463106818497,-355250.44721223210217
0.29100336733344966955,704.84121770212323099,-355955.2893660425907,-355250.44814834045246
0.29137723873764281857,696.52755026177089803,-355946.97727234655758,-355250.44972208479885
0.29175348566736614142,682.99619957293975858,-355933.44861396221677,-355250.45241438929224
0.29213371315535480166,660.89049469557767225,-355911.34722882625647,-355250.45673413068289
0.29252081093776405307,624.920200217245565,-355875.38237342634238,-355250.46217320911819
0.29292025968965634819,568.44680714773778618,-355818.91271146666259,-355250.46590431890218
0.29334301571789550556,488.07086653466080861,-355738.52708659949712,-355250.45622006483609
0.29381309881630801595,402.03191879312788615,-355652.44738724594936,-355250.41546845284756
0.29439149427796085234,387.29879029335359064,-355637.6985768986633,-355250.39978660532506
0.29500569086892763915,492.27481759664675565,-355742.76356768561527,-355250.48875008895993
0.29547002806266398078,579.59740053614200406,-355830.09700170031283,-355250.49960116419243
0.29588683017038497347,635.30504611214473698,-355885.7994969591382,-355250.494450846978
0.29628233485332688968,668.90456958238587504,-355919.39332111441763,-355250.48875153204426
0.29666700672185025711,688.79650402677748389,-355939.28112918161787,-355250.48462515481515
0.29704582446024552222,700.50450158253136124,-355950.9866354088299,-355250.4821338262991
0.29742137530709655824,707.27216267331129984,-355957.75283590710023,-355250.48067323380383
0.29779510464765213129,710.96545594111466926,-355961.4452467795345,-355250.47979083843529
0.29816787229540120396,712.68565127403030601,-355963.16493279614951,-355250.47928152210079
0.2985402164639448519,713.00014659304213183,-355963.47184980439488,-355250.47170321136946
0.29891251325834761188,711.54749235104509353,-355962.03500272292877,-355250.48751037189504
0.29928523412426594197,708.70973783614397234,-355959.19776612706482,-355250.48802829091437
0.29965876280843101176,703.86570426506966669,-355954.35462229698896,-355250.48891803191509
0.30003366709188383776,695.91433887392724955,-355946.40475345996674,-355250.4904145860346
0.3004108563833112755,682.98559096809970015,-355933.47856533480808,-355250.49297436670167
0.30079186746242747574,661.88912747930612568,-355912.38624214282027,-355250.49711466353619
0.30117945271504736882,627.53825124359070742,-355878.04072297248058,-355250.50247172889067
0.30157881058007940389,573.38176482918663623,-355823.88836001243908,-355250.5065951832803
0.30200026985484546005,495.35040811846374709,-355745.84926724847173,-355250.49885913002072
0.30246625431040996546,408.45489750254631645,-355658.91596945526544,-355250.46107195271179
0.30303278066137762092,382.94725507508383089,-355633.38303301820997,-355250.43577794311568
0.30367154349633301846,484.8378493589961522,-355735.37072572577745,-355250.53287636680761
0.30414252087019255644,573.80148002709574939,-355824.34760517062386,-355250.54612514353357
0.30456276452349467787,630.97819036501164192,-355881.51952970691491,-355250.54133934190031
0.30496056177426678069,665.53571595768244151,-355916.07133566372795,-355250.53561970603187
0.30534700530280556308,686.00225875439764422,-355936.53364887670614,-355250.53139012231259
0.30572733095101389811,698.0444731124507598,-355948.57329886505613,-355250.52882575261174
0.30610424686982606879,705.00784507778973875,-355955.53516894555651,-355250.52732386777643
0.30647925939443204646,708.81564500947979468,-355959.3420602674596,-355250.52641525800573
0.30685326162073872647,710.60275150233496788,-355961.12864044198068,-355250.52588893962093
0.30722681067874901828,710.97000851527627674,-355961.50202279147925,-355250.53201427619206
0.30760029103600450284,709.60127670253302767,-355960.13307775044814,-355250.53180104790954
0.30797416888909762145,706.84175436296573025,-355957.37405380408745,-355250.53229944111081
0.30834883277900604348,702.13129140930766425,-355952.66444959351793,-355250.53315818420378
0.30872483931666377943,694.40751131780109517,-355944.94211423915112,-355250.53460292133968
0.30910307687759314144,681.86724108176588288,-355932.40431298647309,-355250.5370719046914
0.30948504152860062399,661.43285711223904855,-355911.97394412069116,-355250.54108700843062
0.30987340314877548364,628.16350955453572169,-355878.70987183746183,-355250.54636228294112
0.31027318982510543321,575.59444085749066744,-355826.14512667694362,-355250.55068581947125
0.3106943527412904249,499.29816383299419158,-355749.84230379451765,-355250.54413996153744
0.31115835924237372767,412.31703173807574103,-355662.82549409352941,-355250.50846235547215
0.311718286030049474,380.40236972724454745,-355630.88049488497199,-355250.47812515770784
0.31237468912751864547,479.59172826923264665,-355730.17150620243046,-355250.57977793319151
0.31285049668263892331,569.25723397101899081,-355819.85178405500483,-355250.59455008397344
0.3132734351986388166,627.17016430437899999,-355877.7601969371317,-355250.59003263275372
0.31367316538820128047,662.22064148738184031,-355912.80495646281634,-355250.58431497542188
0.31406119638292850915,682.98295697294156525,-355933.56299512420082,-355250.58003815123811
0.31444293427093361615,695.19353436136918845,-355945.77097261097515,-355250.57743824960198
0.31482116765106532563,702.25152794533858014,-355952.82744266203372,-355250.5759147166973
0.31519744369729296718,706.11082840378799119,-355956.68582005787175,-355250.5749916540808
0.31557267796825927419,707.92429155632191851,-355958.49874767335132,-355250.57445611705771
0.31594744052337242479,708.34069920922195251,-355958.89954561379272,-355250.55884640454315
0.31632211385346176158,706.99165207435567027,-355957.56031416042242,-355250.56866208609426
0.31669717628549887145,704.26894480129226395,-355954.83809413417475,-355250.56914933287771
0.31707301518070757362,699.62797641956933603,-355950.19796628935728,-355250.56998986977851
0.31745018279168385478,692.02887996729805309,-355942.60028415801935,-355250.57140419073403
0.31782955875646018429,679.70752185037986237,-355930.28134230664,-355250.57382045628037
0.31821262155502538782,659.65304332859045644,-355910.2308000260964,-355250.57775669748662
0.31860200436251517875,627.01608383186407991,-355877.59905870549846,-355250.5829748736578
0.31900265809312572385,575.40315424020877799,-355825.99052414152538,-355250.58736990130274
0.31942436071764995775,500.24134751440061564,-355750.82277108472772,-355250.58142357034376
0.31988813555173473135,413.57515792209250094,-355664.12212608056143,-355250.54696815845091
0.32044568589380562074,378.64634211690503207,-355629.16083350079134,-355250.51449138385942
0.32111255062514326708,475.97852856168071867,-355726.59645641426323,-355250.61792785261059
0.32159160756255578129,565.66545309384287066,-355816.29888458101777,-355250.63343148719287
0.32201660717631469533,623.74763409259912805,-355874.37670751975384,-355250.62907342717517
0.32241796811000011935,658.92811511618208442,-355909.55150033504469,-355250.62338521884521
0.32280743212967144551,679.76927750823188035,-355930.38837742124451,-355250.61909991299035
0.32319050186536069091,692.02136231958797907,-355942.6378528639907,-355250.61649054440204
0.32357001227709702995,699.09887963795551968,-355949.71384065056918,-355250.61496101261582
0.3239475345372087034,702.96488198863505659,-355953.57891561056022,-355250.61403362191049
0.32432399766698155608,704.77780230539849526,-355955.39129736169707,-355250.61349505628459
0.32469997965601721246,705.18890747632121929,-355955.79508270852966,-355250.60617523221299
0.3250758683836011409,703.84189603153060943,-355954.46163253090344,-355250.61973649938591
0.3254521447022213354,701.13110270514243894,-355951.75132099480834,-355250.62021828966681
0.32582919700873247404,696.51867653020303806,-355947.13972633652156,-355250.62104980630102
0.32620757813396517033,688.97590667574320378,-355939.59835533745354,-355250.62244866171386
0.32658816786789296449,676.75829393994217753,-355927.38313102850225,-355250.62483708857326
0.3269724437104229442,656.88936706597860393,-355907.51809640153078,-355250.62872933555627
0.32736303487448820126,624.5718331945065529,-355875.2057333443081,-355250.63390014978359
0.32776488141478510308,573.46993129231009334,-355824.10821815696545,-355250.63828686467605
0.328187731678505068,499.00080320743728635,-355749.63334338483401,-355250.63254017737927
0.32865252005351391906,412.86198357774605938,-355663.46062179084402,-355250.59863821312319
0.32921063803054367858,377.20733474828915632,-355627.77306957641849,-355250.56573482812382
0.32988229797185281145,473.45009912776930605,-355724.11921036575222,-355250.66911123797763
0.33036348103644019858,562.70812129064813689,-355813.39289485570043,-355250.68477356503718
0.33079010646678863594,620.57629752700040626,-355871.25679384061368,-355250.68049631360918
0.33119289796596546038,655.64274954965412689,-355906.31759984919336,-355250.67485029954696
0.33158369829526673778,676.41888393451165484,-355927.08946740592364,-355250.67058347142301
0.33196805465418655068,688.63069007739147764,-355939.29867315792944,-355250.66798308055149
0.33234882447795455196,695.68156697765857643,-355946.34802529512672,-355250.6664583174861
0.33272759122631279105,699.52888747555903137,-355950.19442078424618,-355250.66553330869647
0.33310529117525350395,701.32816061278572306,-355951.99315655580722,-355250.66499594302149
0.33348250681441177212,701.72927676360836813,-355952.38869358511874,-355250.65941682149423
0.33385962897192100751,700.37907634945270274,-355951.04996713716537,-355250.67089078773279
0.33423714154143374655,697.66848084379864758,-355948.33985198289156,-355250.67137113912031
0.33461543595864406964,693.06191550046696648,-355943.73411542468239,-355250.67219992424361
0.33499506909735038418,685.53404693910363221,-355936.20764051331207,-355250.67359357420355
0.33537692712581734789,673.34675975522441149,-355924.02273204457015,-355250.67597228934756
0.33576249816000663939,653.53581655279356255,-355904.21566204191186,-355250.6798454890959
0.33615443025686592149,621.32838820485244469,-355872.01336663152324,-355250.68497842666693
0.33655769882658093106,570.43538895855738247,-355821.12469261797378,-355250.68930365942651
0.33698212248328779372,496.35168354021578807,-355747.03517261223169,-355250.68348907202017
0.33744879284655049378,410.86366314211477402,-355661.51333369116765,-355250.64967054902809
0.33800952084360824657,376.01935593908712008,-355626.63677582738455,-355250.61741988832364
0.33868188779016517032,471.7644748775837229,-355722.484016211587,-355250.71954133402323
0.3391644101950015977,560.30737853061918941,-355811.04234625992831,-355250.73496772930957
0.33959235828721084927,617.71178589067369558,-355868.44250035879668,-355250.73071446811082
0.33999644173512916234,652.50576691914420735,-355903.23088371439371,-355250.72511679527815
0.34038851210704523798,673.1251009060385968,-355923.84598777536303,-355250.72088686929783
0.34077412486968927663,685.24649159790783415,-355935.96480006573256,-355250.71830846782541
0.34115614324342752317,692.24456205511285134,-355942.96135777351446,-355250.71679571841378
0.3415361547837149625,696.06103993395265661,-355946.77691741945455,-355250.71587748551974
0.34191509867339492379,697.84279508609688492,-355948.55813925951952,-355250.71534417342627
0.34229355949159073758,698.23453846294580671,-355948.94293150969315,-355250.70839304674882
0.34267192963869497202,696.88099713402539237,-355947.59655538888182,-355250.71555825485848
0.3430506965142522402,694.16792310800462928,-355944.88396293541882,-355250.71603982744273
0.34343025544408117833,689.557304675819978,-355940.27417465741746,-355250.71686998161022
0.34381116970257608045,682.02209112621517306,-355932.74035624787211,-355250.71826512162806
0.34419433607461491498,669.82187159924455955,-355920.54251745517831,-355250.72064585593762
0.34458126118938242621,649.99014464313074768,-355900.71466093719937,-355250.7245162940817
0.34497462749067997478,617.76073211161235577,-355868.49034840846434,-355250.72961629682686
0.3453794772125539092,566.88476598748877677,-355817.61861054960173,-355250.73384456208441
0.34580576722626649167,492.99380231403659991,-355743.72158811200643,-355250.72778579796432
0.34627491416300426597,408.25085954898082719,-355658.94460784510011,-355250.69374829612207
0.34683964792071253491,375.23727953101433741,-355625.90016112022568,-355250.66288158920361
0.34751000530989345494,470.86578457777858375,-355721.62874268298037,-355250.76295810518786
0.34799333694242035042,558.50972970599946166,-355809.28762126516085,-355250.77789155917708
0.34842240465702911667,615.29041212641698166,-355866.06403767922893,-355250.77362555282889
0.34882768868865154932,649.71163920350602439,-355900.47971986513585,-355250.7680806616554
0.34922098693985820228,670.1175423818777972,-355920.88144186377758,-355250.76389948191354
0.34960783849020377057,682.1191487455588458,-355932.88050001917873,-355250.76135127362795
0.34999110100176122895,689.05071865702120704,-355939.81057394435629,-355250.75985528732417
0.3503723605560636889,692.83179916124379361,-355943.59074597881408,-355250.75894681754289
0.35075255628366508454,694.59685402647198771,-355945.35527348803589,-355250.75841946154833
0.3511322732137433511,694.98289228133637607,-355945.73084913572529,-355250.74795685440768
0.35151190438666668481,693.62980307327916307,-355944.37834222323727,-355250.74853914993582
0.35189194082509794859,690.91531562026989377,-355941.66433936648536,-355250.74902374623343
0.35227278262277489373,686.29666030207306449,-355937.04651836818084,-355250.74985806609038
0.35265500114727016401,678.74161008818771279,-355929.49286933918484,-355250.75125925097382
0.35303950683879053996,666.50155525309821769,-355917.25520426244475,-355250.75364900933346
0.35342783050856652061,646.59796290523797779,-355897.35548973223194,-355250.75752682698658
0.3538227001542029182,614.259695028938836,-355865.02229084575083,-355250.76259581680642
0.35422924744151584875,563.27492874899485287,-355814.04163078853162,-355250.76670203951653
0.35465761656993244344,489.45557757480054306,-355740.21585342264734,-355250.76027584786061
0.35512967103136167113,405.54318272275952495,-355656.26900819491129,-355250.72582547215279
0.3556994265051403592,375.07870800123407662,-355625.77561410423368,-355250.69690610299585
0.35636596591601665818,470.8144611782849438,-355721.60883593326434,-355250.79437475500163
0.35684973241002421185,557.4305845591503612,-355808.23922860715538,-355250.80864404799649
0.35727977619266226839,613.47753965747062921,-355864.28188100317493,-355250.80434134567622
0.35768619712412569323,647.45739220566895256,-355898.25624657247681,-355250.79885436681798
0.35808069499785755152,667.61140448023968474,-355918.40613369242055,-355250.79472921218257
0.35846877481921873843,679.47351858488138987,-355930.26573460147483,-355250.79221601661993
0.35885328053185638897,686.32961983381903792,-355937.12035991600715,-355250.79074008221505
0.35923579272720984612,690.07256352895603868,-355940.86240711493883,-355250.78984358598245
0.35961724834219077618,691.82177520779919178,-355942.61109873041278,-355250.78932352259289
0.35999823167057587447,692.19841168993730207,-355942.9785120622837,-355250.78010037232889
0.36037913757742323639,690.84805973409538637,-355941.62079229473602,-355250.77273256063927
0.36076045905170200934,688.1323926085998437,-355938.90561407897621,-355250.77322147035738
0.36114260160951028311,683.50202176565551326,-355934.27608380693709,-355250.77406204130966
0.36152614604670274545,675.91699954768887437,-355926.69247213890776,-355250.77547259122366
0.3619120188498560764,663.61617938915810555,-355914.39405604219064,-355250.77787665301003
0.36230177948067593396,643.60194399600641191,-355894.38371085311519,-355250.78176685713697
0.36269821029962512338,611.09032540136774969,-355861.87713323824573,-355250.78680783690652
0.36310655022934856806,559.9058055571578052,-355810.69657639914658,-355250.79077084199525
0.36353716974356076186,486.07723067734889355,-355736.86111350671854,-355250.78388282936066
0.36401247677718284734,403.08023288339114742,-355653.82912571664201,-355250.74889283324592
0.36458807139051918611,375.71513723668124385,-355626.43755474657519,-355250.72241750988178
0.36524953442000845927,471.66657840497748566,-355722.48341226647608,-355250.81683386152145
0.36573345123300837756,557.14545435238278515,-355807.97577224054839,-355250.83031788817607
0.36616436248213590776,612.36812580520211213,-355863.1940874386928,-355250.82596163346898
0.36657187378831879165,645.84801145156757229,-355896.6685511933174,-355250.82053974177688
0.3669675525399196947,665.71434402676470654,-355916.53082060994348,-355250.8164765831898
0.36735685585390259744,677.41504652207709114,-355928.2290490627056,-355250.81400254060281
0.36774260756297566521,684.18147472471275705,-355934.99402390158502,-355250.81254917685874
0.36812637961558913879,687.87634283247302847,-355938.68800921516959,-355250.81166638270952
0.36850910506832162961,689.60199546585340613,-355940.41315013437998,-355250.81115466851043
0.36889136654951693028,689.94193877457746567,-355940.76410830230452,-355250.8221695277025
0.36927356626950241791,688.56517414563677448,-355939.39230143901659,-355250.82712729339255
0.36965619970829693974,685.83812945396653049,-355936.66575097769964,-355250.82762152375653
0.37003967214117372553,681.18205306117215514,-355932.01052308501676,-355250.8284700238728
0.37042457502309678041,673.54719268084636496,-355924.37708526523784,-355250.82989258441376
0.37081185307467667833,661.1563293181775407,-355911.98864636791404,-355250.8323170497315
0.37120309848745841608,640.98717748330705035,-355891.82340374658816,-355250.83622626325814
0.37160115599972132205,608.23734508786196784,-355859.07858965825289,-355250.84124457038706
0.3720113879628166309,556.76902558682274957,-355807.61406657326734,-355250.84504098643083
0.37244442666071431169,482.86355635577820067,-355733.70116580900503,-355250.8376094532432
0.37292331413920898342,400.86661781814450478,-355651.66861175338272,-355250.80199393525254
0.37350551345033616846,377.06566527332688565,-355627.84412963973591,-355250.77846436639084
0.37416094230272062271,473.23752189477511365,-355724.10694541974226,-355250.86942352494225
0.37464477869341167304,557.45045866476527863,-355808.33248427102808,-355250.88202560628997
0.37507647646610170478,611.74578295085370883,-355862.62338626291603,-355250.87760331208119
0.3754850510005694475,644.65345038731061322,-355895.52569669636432,-355250.87224630906712
0.37588190770536883401,664.18097336331754832,-355915.04922660277225,-355250.86825323943049
0.37627244377935620268,675.68173022782389125,-355926.54755365086021,-355250.86582342302427
0.37665945737857747799,682.32692775953171349,-355933.19132257130696,-355250.86439481179696
0.37704450907163067352,685.94608465055023316,-355936.80961172119714,-355250.86352707067272
0.37742852657366826596,687.62268374416998995,-355938.4857083146926,-355250.86302457051352
0.37781209005279470237,687.92738924959792257,-355938.79423491889611,-355250.86684566928307
0.37819560107232719215,686.50993712096158106,-355937.38206703169271,-355250.87212991074193
0.37857956226726918736,683.74410552797826313,-355934.61673607130069,-355250.87263054330833
0.37896438254277070579,679.03152536064044398,-355929.90501396241598,-355250.8734886017628
0.37935066527524458069,671.3105010552751537,-355922.18542703567073,-355250.87492598040262
0.37973937568329951819,658.78397539187665188,-355909.66135098016821,-355250.87737558828667
0.38013214296090491739,638.39896360916975482,-355889.28027510776883,-355250.88131149858236
0.38053188270733212528,605.32853003395075575,-355856.21482980798464,-355250.88629977405071
0.38094409798324524452,553.47358178590013722,-355804.36348434153479,-355250.88990255561657
0.38137972153582283541,479.40652006315178824,-355730.28835906775203,-355250.88183900457807
0.38186252883046889472,398.49133280242250521,-355649.33684755989816,-355250.8455147575005
0.38245216236693913014,378.74347319540606804,-355629.56898548034951,-355250.82551228493685
0.38310062076016093702,475.12456584547777538,-355726.03718228021171,-355250.9126164347399
0.38358411285742372021,557.94520633242859731,-355808.86944644572213,-355250.92424011329422
0.38401649204190280162,611.21283175754399508,-355862.13257389294449,-355250.91974213538924
0.38442608384982179803,643.48017914712602305,-355894.39462792570703,-355250.91444877855247
0.38482409979970327862,662.62412063119484174,-355913.53465335362125,-355250.91053272242425
0.38521586386763073673,673.89508601165414348,-355924.80323849187698,-355250.90815248020226
0.38560414228542472248,680.39854014515356084,-355931.30529103789013,-355250.90675089275464
0.38599048110728012562,683.92765246835892867,-355934.83355178241618,-355250.9058993140352
0.38637580099783858101,685.54511266383735801,-355936.45051966537721,-355250.90540700155543
0.38676067871383357222,685.80726143947117635,-355936.70792647835333,-355250.90066503890557
0.38714551468489971642,684.35406944953183483,-355935.24830300133908,-355250.8942335518077
0.38753081560593999333,681.54296239812788372,-355932.43770422477974,-355250.89474182663253
0.38791699796990625204,676.76555345731321722,-355927.66116454475559,-355250.89561108744238
0.38830467835430337864,668.94601532509250319,-355919.84308144962415,-355250.89706612454029
0.38869484478018384577,656.26366035537364496,-355907.16320377506781,-355250.89954341971315
0.38908916782481067775,635.62892851823482943,-355886.53243721858598,-355250.90350870037219
0.389490642692294331,602.18526589301302465,-355853.09372904192423,-355250.90846314892406
0.38990493090565336853,549.87567112176475348,-355800.78751948394347,-355250.91184836218599
0.39034330559040303354,475.60741190890564667,-355726.51047384424601,-355250.90306193532888
0.39083037923468594288,395.91691719240469638,-355646.78288774599787,-355250.86597055359744
0.39142830990275534475,380.765055608958221,-355631.61520724906586,-355250.85015164013021
0.39206896172305577553,477.33815474770335641,-355728.271156724717,-355250.9330019770423
0.39255184472642323801,558.66621558694237137,-355809.60977904149331,-355250.94356345455162
0.3929847959448106165,610.83358989276177908,-355861.77257352817105,-355250.93898363539483
0.39339535488419574705,642.41888543898346597,-355893.35264559788629,-355250.93376015889226
0.39379450747060606997,661.15919519268675231,-355912.08912057732232,-355250.92992538464023
0.3941874910388402653,672.19348783921100221,-355923.12108470138628,-355250.92759686219506
0.39457703357887474738,678.55592185610169054,-355929.482146448805,-355250.92622459272388
0.39496466345803049602,682.00025321952955437,-355932.92564413987566,-355250.92539092036895
0.39535129255612017074,683.56646488363810477,-355934.49137474200688,-355250.92490985838231
0.39573749326131274495,683.77752443715064601,-355934.70178269973258,-355250.92425826255931
0.39612366975802171254,682.28069398295122028,-355933.20540131884627,-355250.92470733588561
0.39651033274156433084,679.43039675001534761,-355930.35562121646944,-355250.92522446648218
0.39689790218864839932,674.59042745838610244,-355925.51653456571512,-355250.92610710731242
0.39728700942182820777,666.6683321854644646,-355917.59591523138806,-355250.92758304590825
0.39767866803176005197,653.81545851836438032,-355904.74555427517043,-355250.93009575683391
0.39807459523367205723,632.89914829674137309,-355883.83324491413077,-355250.93409661739133
0.39847787629061443004,599.02801821263267357,-355849.96704127144767,-355250.93902305880329
0.3988943524512170713,546.19243149915678259,-355797.13458731793799,-355250.94215581880417
0.39933568540864639029,471.68943293065797207,-355722.62197340989951,-355250.93254047923256
0.39982745059020224909,393.41172518738056851,-355644.30635784333572,-355250.89463265595259
0.40043473567818615999,383.49870477370581057,-355634.38252503977856,-355250.88382026605541
0.40106668765081027184,480.20090307902245286,-355731.16284535208251,-355250.96194227307569
0.40154866696954183425,559.90177014994014826,-355810.87311991362367,-355250.97134976368397
0.40198207170651417686,610.87184089423806199,-355861.83851924922783,-355250.96667835500557
0.40239354753877382143,641.71545960856678903,-355892.67699765448924,-355250.96153804589994
0.4027938185128247528,660.01820765663330803,-355910.97599870059639,-355250.95779104396934
0.40318801978784374329,670.79714312521912234,-355921.75266131525859,-355250.9555181900505
0.40357883378203818214,677.0084623128026351,-355927.96264028525911,-355250.95417797245318
0.40396776748682183822,680.36286558654103374,-355931.31622992857592,-355250.95336434204364
0.40435572197553365514,681.87535312477803018,-355932.82824887649622,-355250.95289575174684
0.40474326415738220986,682.01987825898470419,-355932.9769853616599,-355250.95710710267304
0.40513080576310395164,680.49349166452930149,-355931.45087516994681,-355250.95738350541797
0.40551885246409924424,677.59790510064442515,-355928.55581598239951,-355250.957910881727
0.40590783391837403915,672.68421906855496673,-355923.64302836294519,-355250.95880929438863
0.40629839807733886259,664.64037945384450268,-355915.60068940918427,-355250.96030995534966
0.4066915874761029559,651.58460891549668759,-355902.54747137310915,-355250.96286245761439
0.40708917239525638232,630.33346129546964676,-355881.30036819935776,-355250.96690690389369
0.40749434096961312246,595.95533562726905075,-355846.92712471156847,-355250.9717890843167
0.40791314015986274155,542.49617257423278716,-355793.47079521254636,-355250.97462263831403
0.40835767942263861974,467.7137264679748796,-355718.67777415597811,-355250.9640476880013
0.40885465282419719557,391.08268556946779881,-355642.007975940709,-355250.92529037123313
0.40947259645470651668,387.17093704664443976,-355638.09147416439373,-355250.92053711775225
0.4100948402377206925,483.86512675215880108,-355734.85850957245566,-355250.99338282027747
0.41057556371262116102,561.75267377125396706,-355812.75420789280906,-355251.0015341215767
0.4110092757443181144,611.39320716748125051,-355862.38997434382327,-355250.99676717631519
0.4114216033987531107,641.4107574353996597,-355892.40246393438429,-355250.99170649895677
0.41182296596285261625,659.22380241199027751,-355910.21186280017719,-355250.98806038819021
0.41221837786412773852,669.71433885071189707,-355920.70019155240152,-355250.98585270170588
0.41261046717214422408,675.75243198428029245,-355926.7369797998108,-355250.98454781551845
0.41300071507861224607,679.0013094904280706,-355929.98506529303268,-355250.98375580261927
0.41339000942277537298,680.44821253294549024,-355931.43151366116945,-355250.98330112820258
0.41377891031313523973,680.51259016189862905,-355931.50425264448859,-355250.99166248261463
0.41416783772145210341,678.9444919741549711,-355929.93643996864557,-355250.99194799450925
0.41455729175430050537,675.98788472549233575,-355926.980372638267,-355250.99248791276477
0.41494771313370559795,670.97837431926654972,-355921.97177964006551,-355250.99340532079805
0.41533976901186742126,662.78002622223255003,-355913.77496685303049,-355250.99494063080056
0.41573453550535188761,649.4704508219492709,-355900.46799295692472,-355250.9975421349518
0.41613384483934345859,627.80423942393713332,-355878.80586998781655,-355251.001630563871
0.41654100579973635243,592.80096623251017718,-355843.80743979255203,-355251.00647356006084
0.41696230750037405199,538.57220790934093202,-355789.58115573978284,-355251.0089478304144
0.41741039122834289188,463.43644242336938532,-355714.43367073417176,-355250.99722831079271
0.4179132934413500311,388.77299470562030592,-355639.73057683074148,-355250.9575821251492
0.41854375740206095635,391.93331317488241439,-355642.89371141977608,-355250.96039824490435
0.4191549221545525783,488.43791857727984507,-355739.46518606733298,-355251.02726749004796
0.41963389628323533032,564.25567186361979566,-355815.28969828994013,-355251.03402642632136
0.42006770265285309218,612.38186941678259245,-355863.41102757671615,-355251.02915815991582
0.42048078202110455992,641.45377119634781593,-355892.47796858020592,-355251.02419738384197
0.42088319000010254722,658.7019841487233407,-355909.72264246741543,-355251.02065831871005
0.42127979441514817882,668.85529184893471211,-355919.87381388322683,-355251.0185220342828
0.42167315665131893665,674.68635743875188382,-355925.70361454458907,-355251.01725710585015
0.42206472580321313659,677.80474343572609541,-355928.82123391632922,-355251.01649048062973
0.4224553729802467128,679.1659684047402834,-355930.18202029587701,-355251.01605189114343
0.42284564955997189228,679.13605087884013756,-355930.15473266982008,-355251.01868179097073
0.42323598165443149233,677.50546725708136364,-355928.52444647310767,-355251.01897921605268
0.42362686580837294326,674.46151198380744063,-355925.48104623961262,-355251.0195342557854
0.42401875567228913821,669.32080976643703707,-355920.34128511272138,-355251.02047534630401
0.42441234095490465439,660.91796586622092491,-355911.94001773023047,-355251.02205186401261
0.42480873741799424215,647.28023466301146982,-355898.30495150136994,-355251.02471683837939
0.42520985090810103912,625.08606902838369024,-355876.11490691360086,-355251.02883788524196
0.42561913429700187761,589.29720752551122587,-355840.33085258922074,-355251.03364506369689
0.42604316670183223215,534.10883560343995669,-355785.14449930330738,-355251.03566369984765
0.42649523214839024643,458.54043145863113295,-355709.56299085752107,-355251.02255939890165
0.4270050073064365348,386.29981263335338326,-355637.28185567236505,-355250.98204303899547
0.42765047017128704487,397.89623678206055502,-355648.89072674885392,-355250.99448996677529
0.4282489355688327004,493.86824375610507332,-355744.92275289364625,-355251.05450913752429
0.42872554226070114236,567.24723372578228009,-355818.30695618194295,-355251.05972245614976
0.42915916902282902345,613.59849036970172165,-355864.65324028948089,-355251.05474991980009
0.42957286735413185985,641.55219697712436755,-355892.60209048289107,-355251.04989350575488
0.42997625602228783936,658.12148779781932717,-355909.16797246155329,-355251.04648466373328
0.43037402367810972947,667.85751690392760338,-355918.90195059787948,-355251.04443369392538
0.43076864945823029052,673.42086111361606982,-355924.46407574671321,-355251.04321463307133
0.43116154239962972694,676.35950090167250437,-355927.4019776902278,-355251.04247678857064
0.43155355246175453043,677.592195453186946,-355928.63425236690091,-355251.04205691372044
0.43194521988335171647,677.42550941475201398,-355928.45853114745114,-355251.03302173269913
0.43233697674544774303,675.68799517111835939,-355926.72132877097465,-355251.03333359985845
0.43272931664090613646,672.50466623534589417,-355923.53857429989148,-355251.03390806453535
0.43312270894970744672,667.16802851091495086,-355918.20290781185031,-355251.03487930091796
0.43351787095777982728,658.47476573579456272,-355909.5112767572864,-355251.03651102149161
0.43391596718873826077,644.38701148805262164,-355895.42626850691158,-355251.03925701888511
0.43431899471963025805,621.48576513542343491,-355872.52919565001503,-355251.04343051457545
0.434730585933125524,584.66084551786684642,-355835.7090328624472,-355251.04818734456785
0.43515768308942037734,528.21947220167874093,-355779.269083452411,-355251.04961125075351
0.43561438453216450029,452.10313255807477617,-355703.13788622425636,-355251.03475366620114
0.43613247426939710794,383.00476390864236009,-355633.99821820104262,-355250.99345429241657
0.43679681332636405289,405.11213577148458853,-355656.13087842229288,-355251.01874265080551
0.43738026140742147785,500.02908236883627069,-355751.09980970597826,-355251.07072733715177
0.43785358595307172225,570.43011647506341433,-355821.504303779162,-355251.0741873041261
0.43828661491404979911,614.63448101459869122,-355865.70359240390826,-355251.06911138928263
0.43870072252740843766,641.23252176282005621,-355892.29691216442734,-355251.06439040158875
0.4391049840150376693,656.97561803815176518,-355908.03675243596081,-355251.06113439780893
0.43950386059061929966,666.20064932864659113,-355917.25983326183632,-355251.05918393319007
0.43989972590558562571,671.4343807955418697,-355922.4924004697823,-355251.05801967426669
0.4402939369143177295,674.15134206370123593,-355925.20865906443214,-355251.05731700075557
0.44068731569352936894,675.22583407066565542,-355926.2827540631406,-355251.05691999249393
0.44108038765515811264,674.86579704607470376,-355925.92249516479205,-355251.05669811874395
0.44147359995850227188,672.99399275675409626,-355924.05102180619724,-355251.0570290494361
0.44186743486675872372,669.63453630388823967,-355920.69216544716619,-355251.05762914329534
0.44226238180065569061,664.04789534267001727,-355915.10653624520637,-355251.05864090251271
0.4426591933532376677,654.97980892747966664,-355906.04015373077709,-355251.06034480332164
0.4430590968954303821,640.30473656074389055,-355891.36793302837759,-355251.06319646764314
0.44346420806656350333,616.47505360268382901,-355867.54248933622148,-355251.06743573356653
0.44387839378901766674,578.29185482377079097,-355829.36396625288762,-355251.07211142912274
0.44430907348208403818,520.2312225815887814,-355771.30393154761987,-355251.07270896603586
0.44477142955650378342,443.52435281842298309,-355694.57989689620445,-355251.05554407776799
0.445300098490024443,378.86799160051356239,-355629.88180017733248,-355251.0138085767976
0.44598952437438321716,414.68314349542771424,-355665.74013290693983,-355251.05698941153241
0.44655481775810174083,507.65047153366231214,-355758.74982903158525,-355251.09935749793658
0.44702355642268692959,574.27696095823250744,-355825.37777628056938,-355251.10081532230834
0.44745538042155547087,615.81387814329286812,-355866.90953732229536,-355251.09565917903092
0.44786959118674635194,640.74213762431122632,-355891.83324771688785,-355251.09111009258777
0.44827456832118767194,655.48021039901880158,-355906.56825932452921,-355251.08804892550688
0.44867447551120520632,664.09388108544533225,-355915.1801047991612,-355251.08622371370438
0.44907154699989759727,668.94338921806138387,-355920.02851715940051,-355251.08512794133276
0.44946706995626506398,671.41189184364736775,-355922.49636176379863,-355251.08446992014069
0.44986182864180607188,672.31746603641533966,-355923.40156831062632,-355251.08410227420973
0.45025632827107164857,671.75835649831969931,-355922.83125914540142,-355251.0729026470799
0.45065102969586157133,669.73641403820704454,-355920.80967414943734,-355251.0732601112104
0.45104640776564075555,666.16558419528553259,-355917.23948123818263,-355251.0738970428938
0.45144297947066119869,660.26041832870271264,-355911.33538583660265,-355251.07496750791324
0.45184154618291599848,650.6927019314179006,-355901.76947597076651,-355251.07677403936395
0.45224342282713886343,635.20990538326020669,-355886.28968181449454,-355251.07977643125923
0.45265089178865980379,610.0835680113845001,-355861.16766780463513,-355251.0840997932246
0.45306815172670306113,570.00130524572466584,-355821.08993021107744,-355251.0886249653413
0.4535033032479070525,509.72766954968614073,-355760.81563143909443,-355251.08796188939596
0.45397310260988149588,432.47836913154168315,-355683.54591227555647,-355251.06754314398859
0.45451642188544361112,374.75631021992313663,-355625.78273085848195,-355251.02642063854728
0.45524249367969910063,429.69171131862560742,-355680.78806643997086,-355251.09635512134992
0.45578484682256631411,518.93004465986155083,-355770.05694299412426,-355251.1268983342452
0.45624688221726172888,580.37531429434625352,-355831.50136751262471,-355251.12605321826413
0.45667647713383330288,618.34410578063841513,-355869.46498979686294,-355251.1208840162144
0.45709025811664133476,641.05995661810629827,-355892.17654244968435,-355251.11658583156532
0.45749566569366062474,654.48003629064044162,-355905.59382519312203,-355251.11378890246851
0.45789645124692995859,662.30078773061245556,-355913.41291808325332,-355251.11213035264518
0.45829465339074026975,666.66119785423347821,-355917.77232449897565,-355251.11112664476968
0.45869145966314700535,668.82244054419038548,-355919.93297078600153,-355251.11053024180001
0.45908759968532986129,669.52592564129724906,-355920.63612906192429,-355251.11020342062693
0.45948354945024422191,668.6723985744060883,-355919.78942626190837,-355251.11702768749092
0.45987980358433100392,666.44788507615191975,-355917.56531022244599,-355251.11742514627986
0.46027681652052915284,662.5731447644459422,-355913.69126556965057,-355251.11812080518575
0.46067514785399193977,656.18953678052037048,-355907.30882237909827,-355251.11928559857188
0.46107567463829801646,645.84897609994072809,-355896.97023397393059,-355251.12125787400873
0.46147984914404821533,629.0948614540741346,-355880.21935450087767,-355251.12449304678012
0.46189021827945603293,601.92314056628299568,-355853.05207602039445,-355251.12893545412226
0.46231151007610660209,558.87973695665664309,-355810.0128594058915,-355251.1331224492169
0.46275292813048884977,495.32758460129610967,-355746.4578307128395,-355251.13024611154106
0.46323383524628342078,418.00259815339137504,-355669.1074325676891,-355251.10483441432007
0.46380035240763306525,372.75439365697081939,-355623.82229778921464,-355251.06790413224371
0.46455903763395572925,451.67554057093980191,-355702.84405833133496,-355251.16851776040858
0.46507596859103478293,534.46351440534806443,-355785.65011582139414,-355251.18660141603323
0.46552962525282259865,589.20629742339644963,-355840.38988797529601,-355251.18359055189649
0.46595609640100427162,622.70362975363161695,-355873.8822124809958,-355251.17858272738522
0.46636896709381120418,642.67423373628378158,-355893.84884832659736,-355251.17461459030164
0.46677454751939084776,654.46285836988045048,-355905.6350175284897,-355251.17215915862471
0.46717607921620479816,661.2991467567409245,-355912.46985673857853,-355251.17070998181589
0.46757535517046394657,665.05156980081949314,-355916.22139171161689,-355251.16982191079296
0.46797343520763506897,666.82949653924038103,-355917.99880032031797,-355251.1693037810619
0.46837097841210889593,667.27711268012797063,-355918.44614261493552,-355251.16902993479744
0.46876842035084997917,666.06315499296749749,-355917.21157163323369,-355251.14841664029518
0.46916629952715516172,663.53147085134423833,-355914.68034566857386,-355251.14887481724145
0.46956506077988063863,659.18648496139019244,-355910.33614621730521,-355251.14966125594219
0.46996532983584637932,652.05566808675405355,-355903.2066415976733,-355251.15097351092845
0.47036810155110547749,640.5004627473617802,-355891.65366081055254,-355251.15319806319894
0.47077504509444700886,621.7472393837481377,-355872.90401093941182,-355251.15677155565936
0.47118913031468662167,591.40516733943468353,-355842.56648167932872,-355251.16131433990085
0.47161593647052318934,543.9104113283751758,-355795.07511478569359,-355251.16470345732523
0.47206648390053745912,475.95385619875412431,-355727.11174843204208,-355251.15789223328466
0.47256456492372855838,400.63794027020105659,-355651.76350555079989,-355251.12556528061396
0.47316925242163471177,378.12784301062390568,-355629.23140806978336,-355251.1035650591366
0.47385326780506348276,466.10468620006730589,-355717.2916147429496,-355251.18692854285473
0.47435755875268714732,543.93770437483919977,-355795.13658253627364,-355251.19887816143455
0.4748071613231373278,594.40263910750695686,-355845.59762790886452,-355251.19498880137689
0.47523245980676342981,625.12435810271222181,-355876.31448499951512,-355251.19012689677766
0.47564541697481088622,643.40889907007988313,-355894.59534759726375,-355251.186448527209
0.47605171025866960255,654.19302186489096584,-355905.37721882364713,-355251.18419695878401
0.47645429170069786284,660.41797178969193283,-355911.60083732451312,-355251.18286553479265
0.47685481329787093863,663.78938917432913058,-355914.9714410151355,-355251.18205184082035
0.47725426050613845019,665.32266071026992904,-355916.50424174801446,-355251.18158103775932
0.47765325158473531664,665.5333568991741231,-355916.71733108186163,-355251.18397418269888
0.47805222124109741921,664.08899732972872698,-355915.27323158131912,-355251.18423425161745
0.47845171547714243632,661.3261707064152688,-355912.51090641447809,-355251.18473570805509
0.47885218568300780273,656.62826275376733065,-355907.81385123718064,-355251.18558848340763
0.47925431006150220892,648.93979833993762441,-355900.12680595932761,-355251.18700761941727
0.47965917672692126583,636.48126791747711195,-355887.67068098415621,-355251.18941306666238
0.48006862823027818266,616.25298206857189598,-355867.44619092193898,-355251.19320885336492
0.48048597471492060507,583.62924133018111661,-355834.8269800565904,-355251.19773872639053
0.48091748172319531696,533.08561381150627767,-355784.2858884553425,-355251.20027464383747
0.48137566877182391689,462.67775037232655677,-355713.86793792434037,-355251.1901875520125
0.48188808705717073311,390.92047111811302784,-355642.07437874277821,-355251.1539076246554
0.48252536008337282292,387.77554806482049798,-355638.92554751003627,-355251.14999944518786
0.48316525154820755272,478.50813699440851678,-355729.72575753874844,-355251.2176205443684
0.48366037027503921975,551.75351778141532577,-355802.97883407620247,-355251.22531629475998
0.48410711461015271118,598.58254949296440373,-355849.80348031397443,-355251.22093082102947
0.48453178899163740212,626.97384392155595378,-355878.19006438460201,-355251.21622046304401
0.48494512324961741578,643.84495862681148992,-355895.05775918153813,-355251.21280055469833
0.48535229747921598831,653.77770002471459065,-355904.98842219804646,-355251.21072217333131
0.48575603414978879568,659.47506317757506622,-355910.68455093668308,-355251.20948775910074
0.48615787246563024748,662.51003512089005199,-355913.71877088875044,-355251.20873576786835
0.48655873772749119732,663.8195161183153914,-355915.02782112173736,-355251.20830500341253
0.48695921539815606449,663.77332497322845484,-355914.97928997204872,-355251.20596499880776
0.48735975401262082718,662.15918332214221209,-355913.3654384824913,-355251.20625516033033
0.48776087951130669973,659.16032412553852282,-355910.36712166678626,-355251.20679754123557
0.48816307258499092026,654.10922003808968839,-355905.31693396228366,-355251.20771392417373
0.48856706398737442809,645.8708933193345274,-355897.08013966493309,-355251.20924634562107
0.48897403538177203197,632.52944197174679175,-355883.74126379820518,-355251.21182182646589
0.48938600486766581366,610.87433577733179391,-355862.09009663964389,-355251.21576086233836
0.4898066291527230498,576.09348924320454444,-355827.31373748660553,-355251.22024824342225
0.49024287518082998449,522.7931687220357162,-355774.0149324365193,-355251.22176371450769
0.49070882728983955534,450.63853557963523144,-355701.84686627361225,-355251.20833069400396
0.49123605811538267885,383.80067467122768221,-355634.97025498957373,-355251.16958031832473
0.49190810876953394715,400.48684462274610496,-355651.67492724285694,-355251.18808262009406
0.49251241444912380318,491.12909764978718385,-355742.36964093038114,-355251.24054328061175
0.49299893496591828956,559.44321116676394468,-355810.68785421270877,-355251.24464304593857
0.4934429081218307811,602.57273406469357724,-355853.81266749824863,-355251.23993343353504
0.49386697381514316207,628.61089993895734551,-355879.84632146608783,-355251.23542152711889
0.49428069241657446309,644.05512104843853649,-355895.28738135506865,-355251.23226030665683
0.49468875689047286937,653.11984574718690055,-355904.35020322928904,-355251.23035748209804
0.49509366258157072593,658.27112247688319258,-355909.50034225889249,-355251.22921978199156
0.49549683577417130698,660.95117601217805259,-355912.1797068224987,-355251.22853081033099
0.49589914078482300042,662.01758530727045127,-355913.24572647851892,-355251.22814117127564
0.49630112997382092033,661.67802609420425597,-355912.90459506225307,-355251.22656896803528
0.49670327182215978645,659.85747235373310104,-355911.08436673693359,-355251.22689438320231
0.49710607216024371713,656.57295381674271084,-355907.80043751816265,-355251.22748370142654
0.49751004661865178003,651.09825404545836136,-355902.32672838668805,-355251.2284743412165
0.4979159882720032293,642.20522972367416514,-355893.43536759621929,-355251.23013787256787
0.49832519034036121264,627.81770536045303288,-355879.05061547039077,-355251.2329101099167
0.49873988242847033803,604.48796410090415065,-355855.72493650368415,-355251.23697240278125
0.49916414127976332926,567.22913172547896465,-355818.47047493420541,-355251.24134320870508
0.49960579013862282949,510.91196160248028946,-355762.15341169619933,-355251.24145009374479
0.50008086605920443191,437.41589123533213979,-355688.63990108657163,-355251.22400985122658
0.50062610081239988791,377.89502141212091146,-355629.07941204402596,-355251.18439063191181
0.50134244405618977325,418.15106180329092922,-355669.38463649561163,-355251.23357469233451
0.50191206652904107877,505.96422687420653119,-355757.23431213101139,-355251.27008525677957
0.50238885727929494251,568.18844780369033742,-355819.45923724054592,-355251.27078943687957
0.50282940163181322202,606.96099829886054522,-355858.22690310562029,-355251.26590480678715
0.50325249851946907143,630.25050592295394836,-355881.51215999299893,-355251.26165407005465
0.50366640836403631099,644.03108676018496226,-355895.28989422449376,-355251.25880746432813
0.50407526353804077424,652.07710444330712107,-355903.33421358559281,-355251.25710914225783
0.50448129481313475075,656.58238199445361261,-355907.83846540097147,-355251.25608340650797
0.50488579475894557191,658.83930493398167982,-355910.09477366518695,-355251.25546873122221
0.50528955451963208922,659.61203250254538943,-355910.86716099991463,-355251.25512849737424
0.50569308695683834465,658.90398938498287862,-355910.15379214507993,-355251.24980276008137
0.50609688951494824494,656.8034133055887196,-355908.05358826555312,-355251.25017495994689
0.50650144840470534557,653.12493789351151463,-355904.37576817622175,-355251.25083028269
0.50690732877459299122,647.05998258023555536,-355898.31190893275198,-355251.25192635250278
0.50731541188128270736,637.24694310036329625,-355888.50071782420855,-355251.25377472385298
0.50772715040626648086,621.38155365649322448,-355872.63836467044894,-355251.25681101396913
0.50814507999836300289,595.69966302484340304,-355846.96067998046055,-355251.26101695559919
0.50857388897554867135,555.03237890595721638,-355806.29745239438489,-355251.26507348840823
0.50902266619964209315,494.82942078960621757,-355746.09227715036832,-355251.26285636075772
0.50951041341511826843,420.65708978351750602,-355671.89691946550738,-355251.23982968198834
0.51008199621606342689,373.91821631322289932,-355625.12138325709384,-355251.20316694385838
0.51086769666012288305,446.59251067652769507,-355697.89204616256757,-355251.29953548603225
0.51139813509207310283,526.89948203490746437,-355778.21776610612869,-355251.31828407122521
0.51186198989888209709,580.36688559307003743,-355831.68258008989505,-355251.31569449685048
0.51229739823865438897,613.17679648361456657,-355864.48770128417527,-355251.31090480054263
0.51271860128947233104,632.75704182134006714,-355884.06410384568153,-355251.30706202436704
0.51313219592979708583,644.30625358382292234,-355895.61091423023026,-355251.30466064641951
0.51354156848405618785,650.98539837210751102,-355902.28863741853274,-355251.30323904642137
0.51394859112858815031,654.62749482346532659,-355905.92986064613797,-355251.30236582265934
0.51435437053023769227,656.32321784031967127,-355907.62507342756726,-355251.30185558722587
0.51475959492184419908,656.70710966318449664,-355908.00869560532738,-355251.30158594215754
0.51516471877964398196,655.42738737313266029,-355906.74149516259786,-355251.31410778948339
0.51557031359686888994,652.88157443918146328,-355904.19613335933536,-355251.31455892015947
0.51597683225895640824,648.54801758761823294,-355899.86334928718861,-355251.31533169955947
0.5163849287796060672,641.47108975312994517,-355892.7877072042902,-355251.31661745114252
0.51679564291776491913,630.04415991581288381,-355881.3629528041929,-355251.31879288837081
0.51721071908632709757,611.5554577800661491,-355862.87772401585244,-355251.32226623577299
0.51763326170912160595,581.74289871445091649,-355833.06950808211695,-355251.32660936767934
0.51806910361992020153,535.29540475204976246,-355786.62506421818398,-355251.32965946610784
0.5185297733230002093,469.34175495648128162,-355720.66421435785014,-355251.32245940138819
0.51904021846199555057,397.51968859454223093,-355648.81034309323877,-355251.2906544986763
0.51966267374323860118,379.41937420470787856,-355630.69199807930272,-355251.27262387459632
0.52035001779970713187,464.54010955996983512,-355715.88956063298974,-355251.34945107303793
0.52086216937567098029,538.5693866162401946,-355789.92956418462563,-355251.36017756839283
0.52131980821879642107,586.53059027097526723,-355837.88699389016256,-355251.35640361916739
0.5217530590759557052,615.74356803300850061,-355867.09535124816466,-355251.3517832151847
0.52217388293836042301,633.12759313365438629,-355884.47589053935371,-355251.34829740569694
0.52258798531616323935,643.36308436479430384,-355894.70924546156311,-355251.34616109676426
0.52299834351254359532,649.24007727046000582,-355900.58496991079301,-355251.34489264030708
0.52340662985447539146,652.38165679368376004,-355903.72577226429712,-355251.34411547059426
0.52381384512590611902,653.7566548682444818,-355905.10032192873769,-355251.34366706048604
0.52422061921418661168,653.82103039351011375,-355905.16150426783133,-355251.34047387429746
0.52462740813134312035,652.29288717012605048,-355903.63362899899948,-355251.3407418288989
0.52503477069294812729,649.44022855122784676,-355900.781480254489,-355251.34125170327025
0.52544318886638297084,644.63600023386231896,-355895.97811463696416,-355251.34211440308718
0.52585339037827205644,636.81208964668508088,-355888.15564121236093,-355251.34355156566016
0.52626654631340252788,624.17031688852387106,-355875.51628658478148,-355251.34596969623817
0.52668464644925472307,603.6957071849572003,-355855.04542181256693,-355251.34971462760586
0.5271112784916733851,570.82708823124869468,-355822.18110503943171,-355251.35401680821087
0.52755325143308129388,520.34666004909570347,-355771.7024992571678,-355251.35583920805948
0.52802424451460949761,451.3467239347316422,-355702.69090140040498,-355251.34417746565305
0.52855465535139811717,384.91689586330659267,-355636.22465425240807,-355251.30775838909904
0.52922376640267654313,393.18192785429931746,-355644.49824948067544,-355251.31632162636379
0.52985258641519072942,480.79937241485822597,-355732.17188819259172,-355251.37251577770803
0.53035126134603316483,548.72284350458585322,-355800.10072100110119,-355251.37787749653216
0.53080422615790601171,591.90753031505744275,-355843.28103167226072,-355251.37350135721499
0.53123599043443148204,618.06568183287765805,-355869.43476999551058,-355251.36908816260984
0.53165677556186463626,633.60686771744667567,-355884.97280701808631,-355251.36593930062372
0.532071573511201934,642.74165411097249034,-355894.1056861220859,-355251.36403201112989
0.53248302969277416796,647.9468011347760239,-355899.30969230626943,-355251.3628911714768
0.53289265188973722331,650.67130917416386637,-355902.03350608900655,-355251.36219691485167
0.53330135220250574069,651.77918953959658666,-355903.14099236938637,-355251.36180282977875
0.53370971201228989411,651.52404946886372272,-355902.87599834403954,-355251.35194887517719
0.53411820835152767906,649.78593134087100225,-355901.13819277961738,-355251.35226143873297
0.53452737240080760994,646.62337275093534572,-355897.97620417299913,-355251.35283142206026
0.53493773084689089092,641.33437997918554174,-355892.68816822540248,-355251.35378824622603
0.53535009169103142668,632.73293544320779347,-355884.08832740347134,-355251.35539196024183
0.53576576970516476273,618.81836768032644613,-355870.17642805591458,-355251.35806037561269
0.53618702677374685539,596.2725409300857109,-355847.63451196230017,-355251.36197103222366
0.5366179908536654608,560.29927331489159315,-355811.66543587599881,-355251.36616256111301
0.5370665702020234189,505.97128710898812187,-355757.33758472104091,-355251.36629761202494
0.53754894023936750092,435.03694089556103108,-355686.38661534088897,-355251.34967444534414
0.53810205767752539163,377.18834360404292738,-355628.49988493556157,-355251.3115413315245
0.53882710177419967934,414.71594518662868722,-355666.07285083306488,-355251.35690564644756
0.53940810589739329739,499.86215533270274136,-355751.25518097088207,-355251.39302563818637
