# Vinet EOS
#          T           E_0           B_0          B'_0           V_0
0.000000    -25.980842    311.917837      4.289041     31.951119
10.000000    -25.980843    311.917717      4.289044     31.951120
20.000000    -25.980852    311.914294      4.289190     31.951138
30.000000    -25.980899    311.891003      4.290118     31.951262
40.000000    -25.981056    311.828821      4.292109     31.951690
50.000000    -25.981411    311.723822      4.294847     31.952587
60.000000    -25.982038    311.582240      4.297972     31.954000
70.000000    -25.982986    311.412599      4.301264     31.955900
80.000000    -25.984279    311.222309      4.304613     31.958224
90.000000    -25.985928    311.016965      4.307973     31.960906
100.000000    -25.987931    310.800576      4.311328     31.963883
110.000000    -25.990283    310.575966      4.314672     31.967106
120.000000    -25.992971    310.345130      4.318005     31.970531
130.000000    -25.995986    310.109489      4.321329     31.974125
140.000000    -25.999314    309.870066      4.324647     31.977860
150.000000    -26.002941    309.627614      4.327960     31.981714
160.000000    -26.006857    309.382690      4.331271     31.985670
170.000000    -26.011048    309.135716      4.334580     31.989713
180.000000    -26.015504    308.887016      4.337888     31.993832
190.000000    -26.020214    308.636839      4.341198     31.998016
200.000000    -26.025166    308.385383      4.344508     32.002258
210.000000    -26.030353    308.132805      4.347821     32.006551
220.000000    -26.035765    307.879231      4.351135     32.010890
230.000000    -26.041394    307.624764      4.354452     32.015269
240.000000    -26.047231    307.369487      4.357772     32.019684
250.000000    -26.053270    307.113470      4.361095     32.024133
260.000000    -26.059503    306.856772      4.364422     32.028612
270.000000    -26.065924    306.599440      4.367751     32.033119
280.000000    -26.072528    306.341515      4.371085     32.037651
290.000000    -26.079307    306.083034      4.374422     32.042207
300.000000    -26.086258    305.824026      4.377762     32.046785
310.000000    -26.093374    305.564516      4.381106     32.051383
320.000000    -26.100651    305.304528      4.384454     32.056000
330.000000    -26.108085    305.044080      4.387806     32.060635
340.000000    -26.115670    304.783189      4.391162     32.065287
350.000000    -26.123404    304.521871      4.394522     32.069955
360.000000    -26.131281    304.260138      4.397886     32.074639
370.000000    -26.139299    303.998002      4.401253     32.079337
380.000000    -26.147453    303.735473      4.404625     32.084049
390.000000    -26.155742    303.472560      4.408001     32.088774
400.000000    -26.164160    303.209272      4.411381     32.093512
410.000000    -26.172706    302.945614      4.414765     32.098262
420.000000    -26.181375    302.681595      4.418153     32.103025
430.000000    -26.190167    302.417219      4.421545     32.107799
440.000000    -26.199077    302.152493      4.424941     32.112584
450.000000    -26.208104    301.887420      4.428342     32.117380
460.000000    -26.217245    301.622005      4.431746     32.122186
470.000000    -26.226497    301.356251      4.435155     32.127003
480.000000    -26.235858    301.090163      4.438568     32.131830
490.000000    -26.245327    300.823743      4.441985     32.136667
500.000000    -26.254900    300.556994      4.445407     32.141513
510.000000    -26.264577    300.289920      4.448832     32.146369
520.000000    -26.274355    300.022521      4.452262     32.151234
530.000000    -26.284232    299.754801      4.455696     32.156109
540.000000    -26.294207    299.486761      4.459135     32.160992
550.000000    -26.304277    299.218403      4.462577     32.165885
560.000000    -26.314442    298.949729      4.466024     32.170786
570.000000    -26.324699    298.680739      4.469476     32.175696
580.000000    -26.335047    298.411437      4.472931     32.180614
590.000000    -26.345484    298.141822      4.476391     32.185541
600.000000    -26.356009    297.871896      4.479855     32.190476
610.000000    -26.366621    297.601660      4.483324     32.195420
620.000000    -26.377319    297.331115      4.486797     32.200371
630.000000    -26.388100    297.060262      4.490274     32.205331
640.000000    -26.398964    296.789101      4.493756     32.210300
650.000000    -26.409909    296.517633      4.497242     32.215276
660.000000    -26.420934    296.245859      4.500732     32.220260
670.000000    -26.432038    295.973780      4.504227     32.225252
680.000000    -26.443221    295.701395      4.507726     32.230252
690.000000    -26.454480    295.428706      4.511230     32.235260
700.000000    -26.465814    295.155713      4.514738     32.240276
710.000000    -26.477224    294.882415      4.518251     32.245300
720.000000    -26.488707    294.608814      4.521768     32.250331
730.000000    -26.500263    294.334910      4.525290     32.255370
740.000000    -26.511890    294.060703      4.528816     32.260417
750.000000    -26.523589    293.786193      4.532346     32.265472
760.000000    -26.535357    293.511381      4.535881     32.270534
770.000000    -26.547194    293.236266      4.539421     32.275604
780.000000    -26.559099    292.960849      4.542965     32.280682
790.000000    -26.571072    292.685130      4.546514     32.285767
800.000000    -26.583111    292.409108      4.550067     32.290860
810.000000    -26.595216    292.132784      4.553625     32.295961
820.000000    -26.607385    291.856159      4.557187     32.301069
830.000000    -26.619619    291.579231      4.560754     32.306185
840.000000    -26.631916    291.302001      4.564326     32.311309
850.000000    -26.644276    291.024470      4.567902     32.316440
860.000000    -26.656698    290.746636      4.571483     32.321579
870.000000    -26.669181    290.468500      4.575069     32.326725
880.000000    -26.681725    290.190061      4.578659     32.331879
890.000000    -26.694329    289.911321      4.582254     32.337041
900.000000    -26.706992    289.632278      4.585853     32.342210
910.000000    -26.719713    289.352932      4.589457     32.347387
920.000000    -26.732493    289.073284      4.593066     32.352571
930.000000    -26.745330    288.793333      4.596680     32.357764
940.000000    -26.758224    288.513078      4.600298     32.362963
950.000000    -26.771174    288.232521      4.603921     32.368171
960.000000    -26.784180    287.951661      4.607549     32.373386
970.000000    -26.797241    287.670497      4.611182     32.378609
980.000000    -26.810356    287.389029      4.614819     32.383839
990.000000    -26.823526    287.107257      4.618461     32.389077
1000.000000    -26.836749    286.825182      4.622108     32.394323
