# Fix print output for fix printe
0.20007716393505806107,999.99429528736368411,-355999.96485363098327,-354999.97055834362982
0.20015432808805747045,999.97738204481936464,-355999.94794016040396,-354999.9705581155722
0.20023149289361788505,999.94932137191551647,-355999.91987992898794,-354999.97055855707731
0.20030865878187803508,999.90962612929138231,-355999.88018575776368,-354999.97055962844752
0.20038582620183284511,999.85710400959999333,-355999.82766480330611,-354999.97056079370668
0.20046299564857697484,999.79037432640984662,-355999.76093623199267,-354999.97056190558942
0.2005401676706223546,999.70810248460566072,-355999.67866541392868,-354999.97056292934576
0.20061734286818197481,999.60943963450097272,-355999.58000142284436,-354999.97056178835919
0.2006945218744935755,999.49536367351481658,-355999.46592420403613,-354999.97056053054985
0.20077170528535567828,999.36738223872578146,-355999.33794151758775,-354999.97055927885231
0.20084889363868865808,999.22697405046835684,-355999.19753220013808,-354999.97055814968189
0.20092608741564377262,999.07564879755511811,-355999.04620496823918,-354999.97055617067963
0.20100328703938627473,998.91550548585951219,-355998.88606058387086,-354999.97055509802885
0.2010804928522827717,998.74794129143288046,-355998.71849559404654,-354999.97055430262117
0.20115770514296893445,998.57391354797414351,-355998.54446707520401,-354999.97055352723692
0.20123492416331320576,998.39434406790689991,-355998.364897029649,-354999.97055296174949
0.20131215012975681167,998.20989731818337987,-355998.18044998694677,-354999.97055266879033
0.20138938323323390955,998.02092935678058438,-355997.99148191802669,-354999.97055256122258
0.20146662365107925741,997.82756459644838287,-355997.79811726760818,-354999.97055267117685
0.20154387155598224579,997.62967849660913089,-355997.6002314913203,-354999.97055299469503
0.20162112712562482719,997.42667486486755024,-355997.39722960849758,-354999.97055474360241
0.20169839056096122709,997.21666740545765606,-355997.18722397577949,-354999.97055657033343
0.20177566213625103275,996.99748671093857411,-355996.96804495621473,-354999.97055824525887
0.2018529422101481563,996.76709468907051814,-355996.73765465180622,-354999.97055996273411
0.20193023122074793552,996.52375412026424328,-355996.49431299674325,-354999.97055887646275
0.2020075296740637405,996.26842791295632651,-355996.23898487212136,-354999.9705569591606
0.20208483803937940526,996.0034012046933185,-355995.97395631548716,-354999.97055511077633
0.2021621566978842599,995.73088515635788553,-355995.70143851044122,-354999.97055335406912
0.20223948594541796275,995.45296844421284277,-355995.42352080187993,-354999.97055235767039
0.20231682599709246984,995.17082160647009914,-355995.14137389883399,-354999.97055229236139
0.20239417702285311673,994.88459403395165737,-355994.8551461880561,-354999.9705521541182
0.20247153918712987308,994.5944277195678751,-355994.56497984402813,-354999.97055212443229
0.20254891264912688875,994.30037327556817672,-355994.27092539134901,-354999.97055211575935
0.20262629756638236844,994.00236277715555389,-355993.97291533695534,-354999.97055255982559
0.20270369409939845151,993.69993943667964231,-355993.67049252183642,-354999.97055308514973
0.20278110242682176323,993.39247599365990027,-355993.36302964808419,-354999.97055365442066
0.20285852275214749652,993.07928884140756054,-355993.04984310216969,-354999.97055426076986
0.20293595530599142784,992.75964805337878261,-355992.73020296107279,-354999.9705549076898
0.20301340034798204259,992.43277595298172855,-355992.40333154716063,-354999.97055559419096
0.20309085816871902397,992.09784567986378079,-355992.06840201758314,-354999.97055633773562
0.20316832909179990962,991.75392140748806469,-355991.72455592779443,-354999.97063452028669
0.20324581347819870025,991.35018620263520006,-355991.32001769565977,-354999.96983149304288
0.20332331368248507397,990.92569277905931813,-355990.89552544942126,-354999.96983267035102
0.20340083053246005296,990.48143296145644854,-355990.4512667406816,-354999.96983377920697
0.20347836481936226738,990.01606517200787039,-355989.98590008291649,-354999.96983491088031
0.20355591738966619109,989.52822306371638206,-355989.49805916834157,-354999.96983610460302
0.20363348914644871512,989.01647854362977341,-355988.98631581931841,-354999.96983727568295
0.20371108105224772222,988.47942253423559578,-355988.4492609417066,-354999.96983840747271
0.20378869412880046275,987.91569410913848515,-355987.88553360104561,-354999.96983949188143
0.20386632945567800812,987.32398769985456966,-355987.29382822557818,-354999.9698405257077
0.20394398816867453927,986.70306096426111253,-355986.67290245566983,-354999.969841491431
0.20402167145792499126,985.99346542281716665,-355985.96201467339415,-354999.96854925056687
0.20409938286856396661,985.22006833554951299,-355985.18861996015767,-354999.96855162462452
0.20417712497762899315,984.39598129425985462,-355984.36453536921181,-354999.96855407493422
0.20425489985597908293,983.51823909355675823,-355983.48679569899105,-354999.96855660545407
0.20433270970446626436,982.58377353158027745,-355982.55233278247761,-354999.96855925087584
0.20441055685991854629,981.58935997959929409,-355981.55792210903019,-354999.9685621294193
0.20448844380348732419,980.5315274841406108,-355980.5000926181674,-354999.96856513404055
0.20456637317286024969,979.40662651341244782,-355979.37519479554612,-354999.96856828214368
0.20464434777213766359,978.2108329383279397,-355978.1794045221759,-354999.96857158385683
0.20472237058193584747,976.94012964538910637,-355976.90870470291702,-354999.96857505751541
0.20480044477066183806,975.59028714843054786,-355975.55886588233989,-354999.96857873391127
0.204878573707070466,974.15682852402755998,-355974.12541116314242,-354999.96858263912145
0.20495676097481613231,972.63499119147058991,-355972.6035779871745,-354999.96858679573052
0.20503501038923263589,971.01970689957363447,-355970.98829809727613,-354999.96859119768487
0.20511332601573503687,969.30559882468912747,-355969.27419470943278,-354999.96859588474035
0.20519171218929224687,967.48694276988032925,-355967.4555436600931,-354999.96860089019174
0.20527017353658011389,965.55761975494533544,-355965.52622602385236,-354999.96860626892885
0.20534871500137294453,963.51107161245806765,-355963.47968350403244,-354999.96861189155607
0.20542734187330646822,961.34041398955412205,-355961.30903182295151,-354999.96861783339409
0.20550605981386521615,959.03838857340952018,-355959.00701272347942,-354999.96862415008945
0.20558487488641141727,956.59728509467493041,-355956.56591594161,-354999.96863084693905
0.20566379359190378739,954.00894361507528174,-355953.9775815026951,-354999.9686378876213
0.20574282290748252544,951.26479754060005689,-355951.233442787081,-354999.96864524646662
0.20582197032673149595,948.355920984583463,-355948.32457387488103,-354999.96865289029665
0.20590124390198091819,945.27306911295272585,-355945.24172986426856,-354999.96866075129947
0.20598065228957065931,942.0068024917185312,-355941.97547107026912,-354999.96866857854184
0.20606020479525385958,938.54778026196686369,-355938.51645645371173,-354999.96867619175464
0.20613991141327661638,934.88701653989335227,-355934.85569989366923,-354999.96868335379986
0.20621978286123940349,931.01619815798073887,-355930.98488794430159,-354999.96868978632847
0.20629983060870812905,926.92807000414450158,-355926.89676512801088,-354999.96869512385456
0.20638006689715221453,922.61693516044260832,-355922.58563407696784,-354999.96869891654933
0.2064605047465233878,918.07923677086580483,-355918.04793748655356,-354999.96870071568992
0.20654115794483945967,913.31426490245769401,-355913.28296462981962,-354999.96869972738205
0.20662204101474540563,908.3250793721493892,-355908.29377501574345,-354999.96869564359076
0.20670316914617870019,903.11912195260720182,-355903.08780978701543,-354999.96868783439277
0.20678455810682197513,897.70907905830097206,-355897.67775472358335,-354999.96867566526635
0.2068662241164293536,892.11381065867840334,-355892.08246921462705,-354999.96865855593933
0.20694818367778050616,886.35925040354766224,-355886.32788629969582,-354999.9686358961626
0.2070304533597968899,880.47932142076479067,-355880.44792858860455,-354999.96860716782976
0.20711304952470965812,874.51676457812311583,-355874.48533662757836,-354999.96857204945991
0.20719598799403954326,868.52370340233483148,-355868.49223396845628,-354999.96853056614054
0.20727928365481002038,862.56186809722908038,-355862.5303508307552,-354999.96848273352953
0.20736295001016302741,856.70263000087845739,-355856.67105905490462,-354999.96842905401718
0.20744699867056556886,851.02647379329857813,-355850.99484429106815,-354999.96837049775058
0.2075314388000294441,845.62180481831342149,-355845.59011328202905,-354999.96830846369267
0.2076162765391157683,840.58308939524272319,-355840.55133420706261,-354999.96824481181102
0.2077015144306082195,836.00827995901909162,-355835.97646186605562,-354999.9681819070247
0.20778715088194071869,831.99550305769560055,-355831.96362544136355,-354999.96812238369603
0.2078731797072969345,828.63906541027984076,-355828.60713502130238,-354999.96806961100083
0.20795958979878867434,826.02489090543656403,-355825.99291666934732,-354999.96802576392656
0.20804636498074768891,824.22663229367333315,-355824.19462571409531,-354999.96799342043232
0.20813348404201351127,823.30167207965564558,-355823.26964678009972,-354999.96797470044112
0.20822092098801842086,823.28725743004179094,-355823.25523048231844,-354999.9679730522912
0.20830864554596295601,824.1965828689534419,-355824.16457027103752,-354999.96798740210943
0.20839662396792615895,826.01842115657063914,-355825.98643877671566,-354999.96801762015093
0.20848481996640347291,828.71734157875005167,-355828.68540421582293,-354999.96806263708277
0.20857319577037472524,832.23589395969145244,-355832.20400919567328,-354999.96811523596989
0.20866171320126666866,836.50120323298608582,-355836.4693800403038,-354999.96817680733511
0.20875033451186850164,841.42626023880109187,-355841.39450550533365,-354999.96824526652927
0.20883902328535036697,846.91260114849535512,-355846.8809185589198,-354999.96831741044298
0.20892774529983845766,852.85475692368083855,-355852.82314879569458,-354999.96839187201113
0.20901646859009442858,859.14374234263345897,-355859.11220659094397,-354999.96846424828982
0.20910516464737297082,865.67239991172982627,-355865.64093197858892,-354999.96853206685046
0.20919380958537631132,872.33956535304230329,-355872.30815851467196,-354999.96859316161135
0.20928238338100535465,879.05288366263835087,-355879.02153179876041,-354999.96864813612774
0.20937086979313726531,885.72939313354493152,-355885.69808830250986,-354999.9686951689655
0.20945925622428909763,892.29719999186465884,-355892.26593385456363,-354999.96873386268271
0.20954753344810914117,898.69632501531646085,-355898.66508944402449,-354999.96876442868961
0.20963569525399927684,904.87844770103026804,-355904.84723507380113,-354999.96878737275256
0.20972373806464550405,910.80620344643125463,-355910.77500688150758,-354999.96880343509838
0.20981166055013900085,916.45215302863425677,-355916.42096647282597,-354999.96881344419671
0.20989946325803052196,921.79757372587403097,-355921.76639216742478,-354999.96881844155723
0.20998714827329634236,926.83109575137041247,-355926.79991496889852,-354999.96881921752356
0.21007471891921253304,931.54748193751481722,-355931.51629858982051,-354999.96881665231194
0.21016217949159585188,935.94641666576660555,-355935.91522820014507,-354999.96881153440336
0.21024953503000395894,940.0314484673555171,-355940.00025283027207,-354999.96880436292849
0.21033679113003075911,943.80916892578784427,-355943.77796462643892,-354999.96879570063902
0.21042395378323031085,947.2884406128939645,-355947.25722668529488,-354999.96878607239341
0.21051102924539547012,950.47967610867033272,-355950.44845199666452,-354999.96877588797361
0.210598023933513262,953.39425484475259509,-355953.36302031762898,-354999.96876547287684
0.21068494434645199109,955.97402056560883921,-355955.94196360552451,-354999.96794303989736
0.21077180114167468061,958.26171300078374315,-355958.22964869631687,-354999.96793569554575
0.21085860277358930981,960.28269352398694991,-355960.25062272220384,-354999.96792919823201
0.21094535710974024467,962.04458321904530749,-355962.01250693725888,-354999.96792371821357
0.21103207215800370844,963.55383564235012273,-355963.5217550083762,-354999.96791936602676
0.21111875609389685327,964.81559258374409183,-355964.78350879991194,-354999.9679162161774
0.21120541730055319984,965.83356123752798794,-355965.80147570755798,-354999.96791447000578
0.21129206441655482007,966.60977825318821033,-355966.57769252214348,-354999.96791426895652
0.21137870639839673181,967.14442077014143706,-355967.11233651952352,-354999.96791574941017
0.2114653521692329563,967.43563531181416693,-355967.40355434315279,-354999.96791903133271
0.21155201148793545407,967.47938006190508986,-355967.44730434729718,-354999.96792428538902
0.21163869474599439346,967.2692095656057063,-355967.2371412604698,-354999.96793169487501
0.21172541303780662014,966.79604505537815839,-355966.76398651476484,-354999.96794145938475
0.21181217830055956708,966.04791699154827711,-355966.01587081991602,-354999.96795382839628
0.21189900347645379552,965.00965675826796542,-355964.97762583300937,-354999.9679690747289
0.21198590270176406736,963.66256883788378218,-355963.6305561340414,-354999.96798729617149
0.21207289152632463614,961.98422147198823495,-355961.95223041914869,-354999.96800894715125
0.2121599871600750864,959.94794130380978459,-355959.91597573959734,-354999.96803443576209
0.21224720876708946804,957.52224001090314687,-355957.49032481398899,-354999.96808480308391
0.21233457781678796716,954.63348866885087318,-355954.60181638225913,-354999.96832771343179
0.2124221202941880271,951.27675806874492537,-355951.24512546416372,-354999.96836739539867
0.21250986357235093771,947.38269199407022825,-355947.3522350002313,-354999.96954300615471
0.21259783944473195638,942.87954090391781392,-355942.84913688560482,-354999.96959598170361
0.21268608474392342034,937.75765403391358177,-355937.7273091552197,-354999.96965512132738
0.21277463974649379885,931.94267353359668959,-355931.91239414550364,-354999.96972061193082
0.21286355108047780305,925.35175131549749494,-355925.3215437468607,-354999.96979243133683
0.21295287291260672768,917.89336614135856962,-355917.86323645839002,-354999.96987031702884
0.21304266838632807124,909.46746197062395822,-355909.43741523008794,-354999.96995325945318
0.21313301137566698085,899.9663557729737704,-355899.93639536906267,-354999.97003959608264
0.2132239886227701442,889.27648983508743186,-355889.24661654571537,-354999.97012671059929
0.21331570236150920739,877.28141817657569845,-355877.25162856699899,-354999.97021039039828
0.21340827356043368113,863.8667489470219607,-355863.83703361277003,-354999.97028466576012
0.21350184594594368015,848.92753633484687725,-355848.89787753240671,-354999.97034119756427
0.21359659103272710112,832.37905855486383189,-355832.34942720743129,-354999.97036865254631
0.21369271445828602607,814.1721412918579972,-355814.14249348407611,-354999.97035219223471
0.21379046401340137673,794.31436717365295408,-355794.28464023128618,-354999.97027305763913
0.21389013989077823585,772.87227173287965343,-355772.84223987685982,-354999.96996814396698
0.21399210784016972631,750.06454858165466248,-355750.03424321708735,-354999.96969463542337
0.21409681613535863631,726.29233640021755036,-355726.26162400963949,-354999.96928760944866
0.21420481753776679512,702.16658281384798101,-355702.13530922692735,-354999.96872641309164
0.21431679757065424941,678.59154101293324857,-355678.55954956886126,-354999.96800855593756
0.21443361019829565439,656.83043923433933742,-355656.79760613950202,-354999.96716690517496
0.21455632128414048321,638.55234601502240821,-355638.51863612094894,-354999.96629010594916
0.21468625727799012237,625.83122467940597744,-355625.79677911335602,-354999.96555443393299
0.21482504816826386573,621.03911924586202531,-355621.00436294300016,-354999.96524369716644
0.21497463476927938797,626.55187948009165666,-355626.51761569362134,-354999.96573621354764
0.21513569259174175619,643.95753760170703117,-355643.9248896263307,-354999.96735202462878
0.215280588550629981,667.75198476534467318,-355667.72090426762588,-354999.96891950228019
0.21541422758583089747,694.3086473849992899,-355694.27881739870645,-354999.97017001372296
0.21553965250747991744,721.38202883931774068,-355721.35309885459719,-354999.97107001527911
0.21565888115411885328,747.61818736392081064,-355747.58985494851368,-354999.9716675846139
0.21577331833086729751,772.24323960694744073,-355772.21526894549606,-354999.97202933853259
0.21588397878402654229,794.85980041547520614,-355794.8320193613763,-354999.97221894591348
0.21599161685493933893,815.31123655256669736,-355815.28352443221956,-354999.9722878796747
0.21609680633250963333,833.59160840640663537,-355833.56388466624776,-354999.97227625985397
0.21619999187199992474,849.78560385391256204,-355849.75781776511576,-354999.97221391118364
0.21630152337618074876,864.02844935153427741,-355864.00057161797304,-354999.97212226642296
0.21640167974634313963,876.47959784219813173,-355876.45161417318741,-354999.97201633098302
0.21650068574201056237,887.30584484701989822,-355887.2777503139805,-354999.97190546698403
0.21659872422994436159,896.67138840274924405,-355896.64318437327165,-354999.97179597051581
0.21669594522272106474,904.73167654818632855,-355904.70336987142218,-354999.97169332322665
0.21679247269424570255,911.6289628308555848,-355911.60056131449528,-354999.97159848362207
0.21688840987165644569,917.49167469993994928,-355917.46318691351917,-354999.97151221358217
0.21698384327875763766,922.43469282397416009,-355922.40612756158225,-354999.97143473761389
0.21707884587164899548,926.55999773782843931,-355926.53136124205776,-354999.97136350424262
0.21717347950340981644,929.95986209320085436,-355929.93116092169657,-354999.97129882848822
0.21726779671628360102,932.71724305873601679,-355932.68848469608929,-354999.97124163736589
0.21736184221834567443,934.90504346609395725,-355934.8762346584117,-354999.97119119233685
0.21745565417845078016,936.58721202387607718,-355936.55835923715495,-354999.97114721330581
0.21754926528077594972,937.8192797923506987,-355937.7903891929891,-354999.97110940061975
0.21764270362821527827,938.649048310270814,-355938.62012453138595,-354999.97107622108888
0.21773599350609243452,939.11837991969014183,-355939.08942689257674,-354999.97104697290342
0.21782915596465354802,939.26416587123662794,-355939.2351870960556,-354999.97102122480283
0.21792220930005731794,939.11884872124574031,-355939.08984792954288,-354999.97099920827895
0.2180151694659099304,938.71054948356811565,-355938.68152927339543,-354999.97097978985403
0.21810805044987735535,938.06411589676508811,-355938.0350783977774,-354999.97096250101458
0.21820086456167014921,937.20183281073889248,-355937.1727798373322,-354999.97094702656614
0.21829362266481244781,936.14383575633064538,-355936.11476884415606,-354999.97093308781041
0.21838633437363166867,934.90846840370988957,-355934.87938885350013,-354999.97092044976307
0.21847900822173071944,933.51258840868433708,-355933.48349728423636,-354999.97090887557715
0.21857165180707699426,931.97182920675868445,-355931.94272754777921,-354999.97089834103826
0.21866427191880427605,930.27413335965309216,-355930.2452379046008,-354999.97110454493668
0.21875687660775824939,928.43353131876529005,-355928.40462679218035,-354999.97109547338914
0.21884947299430979051,926.48313567332627372,-355926.45422256097663,-354999.97108688764274
0.21894206648997502351,924.43545555837795291,-355924.40653423848562,-354999.97107868012972
0.21903466186717440722,922.29819212768745729,-355922.27161884208908,-354999.97342671442311
0.21912726401509391438,920.01769905865194232,-355919.99129580060253,-354999.97359674196923
0.21921988163109301651,917.69557406367778185,-355917.66916547296569,-354999.97359140927438
0.21931251756722139334,915.34070789526447243,-355915.31429370085243,-354999.97358580556465
0.2194051746517207413,912.96263046497335836,-355912.93621039466234,-354999.97357992967591
0.21949785568815080583,910.56741847463536033,-355910.54296397557482,-354999.975545500929
0.21959056372544979996,908.09297106210794936,-355908.06874244939536,-354999.97577138728229
0.21968330668156291208,905.60880657258780957,-355905.58457310614176,-354999.97576653357828
0.21977608852312260912,903.12348302098314434,-355903.09924472065177,-354999.97576169966487
0.21986891338847625033,900.64582133586577584,-355900.62157832813682,-354999.97575699229492
0.21996178558771589673,898.18448567671487126,-355898.16023813793436,-354999.97575246123597
0.22005470962262510537,895.74786624263686008,-355895.72361450153403,-354999.97574825887568
0.22014769020732183336,893.34389295687583399,-355893.31963742489461,-354999.97574446804356
0.22024073229261345586,890.97989335120166743,-355890.95563453721115,-354999.9757411860046
0.22033384109052886468,888.66244967397085475,-355888.63818819867447,-354999.97573852469213
0.22042702209890288612,886.39722882539467719,-355886.37296544481069,-354999.97573661943898
0.22052028112796248638,884.18862777318224744,-355884.16436470590997,-354999.97573693271261
0.2206136243406782993,882.03848532825088569,-355882.01422397536226,-354999.97573864710284
0.2207070583671440489,879.94511406474487103,-355879.92107743560337,-354999.97596337087452
0.22080059038482743872,877.87698733915601679,-355877.85278714296874,-354999.97579980379669
0.22089422816977469233,875.85763283531844081,-355875.83344044385012,-354999.9758076085127
0.22098798017926907233,873.87909458098079085,-355873.85491142538376,-354999.97581684438046
0.22108185572341024216,871.93082063434860629,-355871.90664820605889,-354999.97582757170312
0.22117586506629066667,870.00015098990820661,-355869.97598953719717,-354999.97583854728146
0.22127001950786190365,868.07433777864969215,-355868.05018400360132,-354999.97584622493014
0.22136433134615152163,866.14305943808483335,-355866.11891472392017,-354999.97585528582567
0.22145881368181974391,864.19467668207653333,-355864.17054231261136,-354999.97586563054938
0.22155348047233072717,862.21570458434541706,-355862.19158268737374,-354999.97587810305413
0.22164834663549412563,860.18982152236822003,-355860.16571454762015,-354999.97589302522829
0.22174342823741594044,858.09773803431210126,-355858.07364673976554,-354999.97590870544082
0.2218387427135129486,855.91895205899868415,-355855.89487701258622,-354999.97592495358549
0.22193430900093413793,853.63217881842001589,-355853.60812042612815,-354999.9759416077286
0.22203014767181283862,851.21561423348327935,-355851.19157234171871,-354999.97595810826169
0.22212628108021470474,848.64764840446866856,-355848.62362211890286,-354999.97597371443408
0.22222273349576252,845.90785954060322638,-355845.88384733110433,-354999.97598779050168
0.22231953120599162732,842.97790414792689262,-355842.95390371093526,-354999.9759995630011
0.22241670259421630895,839.84254633721081973,-355839.8185546961613,-354999.97600835893536
0.22251427818171043427,836.4906802098270191,-355836.46669352089521,-354999.97601331106853
0.22261229062859186345,832.91659955123998316,-355832.89261271693977,-354999.976013165724
0.22271077467368849412,829.12156877440088465,-355829.09757619712036,-354999.97600742272334
0.22280976698379537093,825.11498572092466475,-355825.0909805992851,-354999.97599487833213
0.22290930592756139084,820.91596989255026529,-355820.8919444247731,-354999.97597453225171
0.22300943122253305551,816.55497174874597022,-355816.53091735416092,-354999.97594560543075
0.22311018342535704484,812.07511833127398404,-355812.05102594406344,-354999.9759076127666
0.22321160324953590037,807.53323730729562158,-355807.50909761147341,-354999.97586030419916
0.22331373069222829053,803.00052885969364524,-355802.97633281326853,-354999.97580395359546
0.22341660394544385349,798.56257423888587255,-355798.53831374575384,-354999.9757395068882
0.22352025808679101826,794.31846808360376144,-355794.29413648007903,-354999.97566839645151
0.22362472356028012532,790.37900197899546129,-355790.35459524358157,-354999.97559326456394
0.22373002447288847794,786.86330252074480995,-355786.83881990303053,-354999.97551738226321
0.22383617680788572835,783.89424800187498477,-355783.86969273106661,-354999.97544472920708
0.22394318665216234043,781.59264406947920634,-355781.56802384898765,-354999.97537977952743
0.22405104858084642916,780.07037917156264939,-355780.04570636572316,-354999.97532719414448
0.22415974437612512515,779.42300085955400846,-355779.3982922018622,-354999.9752913422999
0.22426924227246697319,779.72236263768888875,-355779.69763890397735,-354999.97527626628289
0.22437949690711542217,781.00979329971437437,-355780.98507728788536,-354999.97528398816939
0.22449045014656818231,783.2917349674395382,-355783.26704974699533,-354999.97531477955636
0.22460203275292819902,786.53811235122407197,-355786.51347979315324,-354999.97536744194804
0.22471416678510475196,790.68312331011316019,-355790.65856349770911,-354999.97544018761255
0.22482676860357372894,795.62785093791364943,-355795.6033791967202,-354999.97552825883031
0.22493975233949742298,801.24682924220962832,-355801.22245485777967,-354999.97562561556697
0.22505303334188475617,807.39701090535925232,-355807.37273771211039,-354999.97572680673329
0.2251665312093545368,813.92660906448816149,-355813.90243265009485,-354999.97582358558429
0.22528017228662547411,820.68682759252396863,-355820.66273867810378,-354999.97591108555207
0.22539389109702512304,827.53951615979553935,-355827.51550505682826,-354999.97598889702931
0.22550763075095972554,834.35976113945594079,-355834.33581588382367,-354999.97605474438751
0.22562134185966783995,841.03942066397701183,-355841.01552909583552,-354999.97610843187431
0.22573498638532779603,847.4884383470564444,-355847.46458803443238,-354999.97614968736889
0.22584853479552399746,853.63533444837366915,-355853.61151267774403,-354999.976178229379
0.2259619652771547027,859.42748485958304627,-355859.40368021547329,-354999.97619535587728
0.22607526269251268514,864.82940038737956456,-355864.80560356879141,-354999.97620318143163
0.22618841749638024519,869.81982514246089977,-355869.79602859122679,-354999.97620344877942
0.22630142477057718642,874.38934071824542116,-355874.36553774116328,-354999.97619702294469
0.22641428336210245309,878.53880304756285113,-355878.51498846884351,-354999.97618542128475
0.22652699504463152946,882.27716364260231785,-355882.25333360652439,-354999.97616996394936
0.22663956379970970345,885.61951852420111209,-355885.59567035268992,-354999.97615182847949
0.22675199522030758947,888.58537602252374654,-355888.56150813534623,-354999.97613211284624
0.22686429603164243174,891.18474979704797079,-355891.16039801924489,-354999.97564822220011
0.22697647371762924573,893.41713819404390051,-355893.39276630268432,-354999.97562810865929
0.22708853624719216313,895.3371184935230076,-355895.31272673199419,-354999.97560823848471
0.22720049186528420981,896.96893347959723997,-355896.94452259596437,-354999.97558911639499
0.22731234894627080911,898.33628026558938018,-355898.31185107753845,-354999.97557081194827
0.22742411589891892154,899.46206700020775315,-355899.43762049381621,-354999.97555349359754
0.2275358010916211926,900.36816364240235089,-355900.34370089950971,-354999.9755372570944
0.22764741280457517769,901.07522169386197675,-355901.05074391933158,-354999.97552222548984
0.22775895920189959121,901.60250570408402382,-355901.57801414397545,-354999.97550843987847
0.22787044832168709685,901.96405573412118883,-355901.9382775312406,-354999.97422179713612
0.2279818889844006935,902.09350396604781963,-355902.06771661201492,-354999.97421264596051
0.22809329873674216715,902.07000501149843785,-355902.04421004746109,-354999.97420503594913
0.22820468787350961515,901.90376880410292415,-355901.87796786311083,-354999.97419905901188
0.2283160669897317252,901.56634815707968755,-355901.53991498280084,-354999.97356682573445
0.22842744676967444151,901.09954758474884784,-355901.07311210274929,-354999.97356451797532
0.22853883840998556742,900.51396320902665593,-355900.48752712935675,-354999.97356392035726
0.22865025395973306854,899.81095228074377701,-355899.78451735980343,-354999.97356507903896
0.22876170619022698216,898.98960157814781269,-355898.9631697293371,-354999.9735681511811
0.22887320873736885507,898.04658718706048148,-355898.02016028953949,-354999.97357310249936
0.22898477626128349582,896.97615459234509672,-355896.94973459444009,-354999.97358000208624
0.22909642462586965461,895.77004070112366207,-355895.74362963536987,-354999.97358893422643
0.22920817110274202544,894.38973772197573453,-355894.36238585057436,-354999.97264812857611
0.22932003611477994043,892.81104583238845862,-355892.78370932600228,-354999.97266349359415
0.22943204261410335421,891.07335408774542884,-355891.04603501060046,-354999.97268092283048
0.22954421272634026319,889.15506973580590966,-355889.12777003797237,-354999.97270030213986
0.22965657124787483556,887.03199825659373801,-355887.00472008239012,-354999.97272182581946
0.22976914601628828372,884.64225572591294622,-355884.6143111208803,-354999.97205539495917
0.22988196835330712564,881.96623994191816109,-355881.93832192377886,-354999.97208198183216
0.22999507359537760265,878.98653703719389796,-355878.95864800410345,-354999.97211096691899
0.23010850171473667958,875.66623046555741894,-355875.63837290310767,-354999.97214243753115
0.23022229805272348413,871.96503084619780566,-355871.93720718019176,-354999.97217633400578
0.23033651418209083461,867.80527894977490178,-355867.77707573352382,-354999.97179678373504
0.2304512123753243158,863.1732067472549943,-355863.14504163176753,-354999.97183488449082
0.23056646011051559753,858.02472215736804628,-355857.99659653974231,-354999.97187438234687
0.230682334181495724,852.30773688721967574,-355852.27965137694264,-354999.97191448969534
0.23079892296362342075,845.96873315262155302,-355845.9406872180989,-354999.97195406549145
0.23091632843349849114,838.9541407380045257,-355838.92613225802779,-354999.97199152002577
0.23103466856901699877,831.21189126212152587,-355831.18391759868246,-354999.9720263365889
0.23115408023627487255,822.69318676120826694,-355822.66524023353122,-354999.97205347230192
0.23127472271087057276,813.35787509310432597,-355813.3299439807306,-354999.97206888761139
0.23139678175771172253,803.18012448223419142,-355803.15219348674873,-354999.97206900449237
0.23152047446196433178,792.1540954791959166,-355792.12614281912101,-354999.97204733995022
0.23164605509692920426,780.30332301430337338,-355780.27531855221605,-354999.97199553792598
0.23177382197641793748,767.69361367184637857,-355767.66551910300041,-354999.97190543112811
0.23190412524857137444,754.44894542358781564,-355754.42070679122116,-354999.97176136763301
0.23203737550605871287,740.77260597619363125,-355740.74417064071167,-354999.97156466450542
0.23217405246259259499,726.96005219034543643,-355726.93136472767219,-354999.97131253732368
0.23231471369891820711,713.41370751754368484,-355713.38471897796262,-354999.9710114604095
0.23246000144080197769,700.65193792679110629,-355700.62261433334788,-354999.9706764065777
0.23261064420364313543,689.30889767158180348,-355689.27923575398745,-354999.97033808240667
0.23276744748918715144,680.11440576758820953,-355680.0844545182772,-354999.97004875069251
0.23293126431920602171,673.83925128278792727,-355673.80913031520322,-354999.9698790324037
0.23310293362128728378,671.19783965657757108,-355671.16774843150051,-354999.96990877494682
0.23328317390453964797,672.70615959396650396,-355672.67636466503609,-354999.97020507109119
0.2334703509975045721,678.43025055902626264,-355678.40101491392124,-354999.97076435491908
0.23365931058071223725,687.63305696819998047,-355687.60450971301179,-354999.97145274479408
0.23384076730468628114,698.70420203315325125,-355698.67625415918883,-354999.97205212601693
0.234011685735972641,710.2504460079379669,-355710.22292475460563,-354999.97247874666937
0.23417458543392366543,721.59100084213946502,-355721.5637592736166,-354999.97275843145326
0.23433124190272142107,732.33366377768879829,-355732.30658710218268,-354999.97292332450161
0.23448294976837161241,742.27529933941218587,-355742.24830451456364,-354999.97300517512485
0.23463067859808234283,751.33432796955128197,-355751.30735648307018,-354999.9730285135447
0.23477517050975335589,759.50634468699786339,-355759.47935725544812,-354999.97301256842911
0.23491700374511895189,766.83430522165099319,-355766.80727807403309,-354999.97297285241075
0.23505663557082104309,773.38133613322179372,-355773.3542591878213,-354999.97292305459268
0.23519443218894009462,779.2344406198908473,-355779.20730082329828,-354999.97286020341562
0.23533069006333537376,784.48747254789532235,-355784.46026740502566,-354999.97279485710897
0.23546565148172762805,789.23025216282564998,-355789.20298331836239,-354999.97273115551798
0.2355995161827814377,793.54820156241726181,-355793.52087221341208,-354999.97267065098276
0.23573245034269324494,797.52067798395717091,-355797.49329213669989,-354999.97261415276444
0.23586459338365703409,801.2204894965375388,-355801.19305195094785,-354999.97256245440803
0.23599606312257431773,804.71328265493605159,-355804.68579649087042,-354999.97251383593539
0.23612695977164230299,808.0595328857784807,-355808.03200164565351,-354999.97246875986457
0.23625736863407734156,811.31412052264261092,-355811.28654996282421,-354999.97242944018217
0.23638736227570419923,814.52392458689530486,-355814.49632052640663,-354999.97239593951963
0.23651700259419758399,817.72770706696155685,-355817.70007586706197,-354999.97236880008131
0.23664634250348959288,820.94399090027638977,-355820.91616134194192,-354999.97217044164427
0.23677542744739166203,824.17538444343426818,-355824.14753994724015,-354999.97215550381225
0.23690429668463072743,827.4609314230012842,-355827.43307706539053,-354999.97214564238675
0.2370329842085526495,830.80701452061248347,-355830.77915498422226,-354999.97214046359295
0.23716151951002104048,834.21342241481556812,-355834.18556241999613,-354999.97214000520762
0.23728992826457601106,837.67372518776562629,-355837.6458681274089,-354999.97214293963043
0.23741823296990277603,841.16274253093547486,-355841.13466412958223,-354999.97192159865517
0.23754645339743749033,844.6564249371671167,-355844.62835472391453,-354999.97192978672683
0.23767460696671424691,848.16421480433609759,-355848.13615426467732,-354999.97193946031621
0.23780270907011749615,851.66554535717068575,-355851.63749541551806,-354999.97195005835965
0.2379307733479982534,855.1135142636052251,-355855.08614113280782,-354999.97262686921749
0.23805881192597175278,858.48492417997761095,-355858.45756260619964,-354999.97263842623215
0.23818683563819939564,861.73939376301575521,-355861.70989109831862,-354999.9704973353073
0.23831486006457802684,864.86216055594684349,-355864.83267134265043,-354999.97051078669028
0.23844289823764591718,867.88208064480977555,-355867.85260353999911,-354999.97052289516432
0.23857095524404378639,870.77653966236937322,-355870.74707315018168,-354999.97053348779446
0.23869903602306613566,873.52520012149898321,-355873.49574269069126,-354999.97054256917909
0.2388271454188956866,876.11005136056940046,-355876.0806014604168,-354999.97055009985343
0.23895528823257655704,878.51333720787567927,-355878.48399211087963,-354999.97065490297973
0.2390834696533550574,880.69009727225147799,-355880.66086231142981,-354999.97076503915014
0.23921170064682825696,882.65291307501126994,-355882.62364783015801,-354999.97073475515936
0.23933998802483533175,884.3216912700041803,-355884.29243004031014,-354999.97073877032381
0.23946835146424272356,885.74835543740562116,-355885.71909738919931,-354999.97074195177993
0.23959680032186148058,886.92498238587734249,-355886.89572678611148,-354999.97074440022698
0.23972534460242561627,887.84494556400693455,-355887.81569182407111,-354999.97074626007816
0.23985399503580154268,888.50269966892915363,-355888.47344736015657,-354999.97074769122992
0.23998276315927474789,888.89327459377841478,-355888.86403152131243,-354999.97075692750514
0.24011166140779938161,889.00668456522566885,-355888.97743574943161,-354999.97075118421344
0.24024070326958044119,888.84274531593189295,-355888.81349983025575,-354999.97075451433193
0.24036990366694876986,888.38594795975461693,-355888.35658208746463,-354999.97063412773423
0.2404992791965983312,887.62398288682652492,-355887.59462184383301,-354999.97063895699102
0.24062884831764336235,886.56286412595829916,-355886.53351009433391,-354999.97064596839482
0.2407586317224350847,885.19267097007787015,-355885.16332446428714,-354999.97065349423792
0.24088865285783342407,883.46184281984074005,-355883.43209351075348,-354999.97025069093797
0.24101893823380987625,881.3869829941761509,-355881.35723860241706,-354999.97025560826296
0.24114951768608480775,878.966753785651008,-355878.93701291247271,-354999.97025912679965
0.24128042403635696633,876.19523609661371211,-355876.16549957648385,-354999.97026347985957
0.24141169303093315546,873.06554033744123444,-355873.03580900107045,-354999.97026866360102
0.24154336379037533167,869.56916443617831192,-355869.53944184374996,-354999.97027740755584
0.24167547942938141792,865.69436231560393935,-355865.66464913764503,-354999.97028682206292
0.24180808803170530941,861.42791195775180313,-355861.39822213491425,-354999.97031017718837
0.24194124345069148441,856.71067299956064289,-355856.68186805729056,-354999.97119505773298
0.24207500612934051976,851.57794010092356984,-355851.54914644185919,-354999.97120634093881
0.24220944407553271494,846.01659880359284216,-355845.98781584599055,-354999.97121704241727
0.24234463398444425208,840.01148061737058015,-355839.98270702135051,-354999.97122640395537
0.24248066242815607962,833.54894046094409532,-355833.52017406228697,-354999.97123360133264
0.24261762716665025152,826.6179765101862813,-355826.58921408408787,-354999.97123757388908
0.24275563860650722914,819.21166679437681069,-355819.18290380423423,-354999.97123700985685
0.24289482141819099259,811.32898445640898899,-355811.30021497351117,-354999.97123051708331
0.24303531629450855767,802.95714038687617631,-355802.92797928792424,-354999.97083890106296
0.24317728183481548965,794.09631545268052832,-355794.06713036773726,-354999.97081491508288
0.24332089649501609241,784.80714983551274599,-355784.77792815683642,-354999.97077832132345
0.2434663604249258928,775.13981950064840021,-355775.11054621305084,-354999.97072671237402
0.24361389704192520922,765.16756742652603407,-355765.13822542602429,-354999.97065799951088
0.24376375410961126367,754.97533024652375389,-355754.9469956937246,-354999.97166544722859
0.24391620392486532132,744.6726515719597046,-355744.6442117706174,-354999.97156019863905
0.24407154202334715998,734.47838253718941814,-355734.44981956784613,-354999.97143703064648
0.24423008362668535698,724.59801603331629849,-355724.56931613525376,-354999.97130010195542
0.24439215671723268919,715.27286101174615851,-355715.24401880498044,-354999.97115779324668
0.24455809061319491726,706.7724534621507928,-355706.74347511748783,-354999.97102165536489
0.24472819905270606911,699.38104502793999018,-355699.351951899298,-354999.97090687137097
0.24490275696546887074,693.37664675869473285,-355693.34747725201305,-354999.97083049331559
0.24508197129278083692,689.00310318444792301,-355688.9739133011899,-354999.97081011673436
0.24526594820451175227,686.43704769044586556,-355686.40790636220481,-354999.97085867176065
0.24545466192925227689,685.75611536796577639,-355685.72709645086434,-354999.97098108287901
0.24564793307503465791,686.91614855583588906,-355686.88731828704476,-354999.97116973123048
0.24584542508083134793,689.74685197226358468,-355689.71825557219563,-354999.97140359994955
0.24604666461139101941,693.97059679870426407,-355693.9422532057506,-354999.97165640705498
0.24625108467965056702,699.23929622815830953,-355699.21119540691143,-354999.97189917875221
0.24645808152992190743,705.181687028441047,-355705.15379569609649,-354999.97210866765818
0.24666418971723544362,711.36162179089205893,-355711.33388435374945,-354999.97226256283466
0.24686318395211917509,717.32265975189886831,-355717.29501414299011,-354999.97235439106589
0.24705649163702378401,722.93792042415816468,-355722.91032270400319,-354999.9724022798473
0.24724519497259178635,728.14821907670580003,-355728.12063702492742,-354999.97241794824367
0.24743013082790457635,732.93919475470056568,-355732.911605555797,-354999.97241080109961
0.24761195697339638544,737.32556966347431171,-355737.29795981897041,-354999.97239015548257
0.2477911975744512274,741.33391000333460852,-355741.30627211171668,-354999.97236210835399
0.2479682754906192832,744.99681927180188268,-355744.96914615947753,-354999.97232688765507
0.24814353571787792219,748.36809425047238165,-355748.3403872087365,-354999.97229295829311
0.24831726230238315711,751.49186323029550749,-355751.46412218507612,-354999.97225895477459
0.24848969098864440164,754.41093243206330499,-355754.38315983052598,-354999.97222739848075
0.24866101901715348399,757.16481987496308648,-355757.13701675704215,-354999.97219688206678
0.24883141296699370915,759.79077070101584468,-355759.76293826091569,-354999.97216755989939
0.24900101463310983507,762.32380572023066634,-355762.29594546870794,-354999.97213974845363
0.24916994555379115561,764.79638084132432141,-355764.76849402789958,-354999.97211318655172
0.24933831059810382391,767.23901049543292174,-355767.21109815849923,-354999.97208766307449
0.24950620042094254214,769.67993946741876243,-355769.65200469701085,-354999.97206522960914
0.24967369310957832074,772.14327867441227227,-355772.11532502534101,-354999.97204635094386
0.249840856077935769,774.64849071126968738,-355774.62052105332259,-354999.97203034203267
0.25000774766518607528,777.21090994887174475,-355777.18292789068073,-354999.97201794182183
0.25017441840601356562,779.84118692995070887,-355779.81319588818587,-354999.97200895822607
0.25034091231635641206,782.54545283631182429,-355782.51745528570609,-354999.97200244938722
0.25050726809589918265,785.32641950278082277,-355785.29841763502918,-354999.97199813224142
0.25067351992716030429,788.18362808586903157,-355788.1556244995445,-354999.97199641366024
0.25083969816956080967,791.11324114247611305,-355791.08523819688708,-354999.97199705441017
0.25100582995342646253,794.08577868555153145,-355794.05671391700162,-354999.97093523142394
0.25117194905472123301,796.98783124615749784,-355796.95835521933623,-354999.9705239731702
0.25133812065370897404,799.93753838942996026,-355799.90807210025378,-354999.97053371084621
0.25150436500418238417,802.92061757803480759,-355802.89116019656649,-354999.97054261853918
0.25167070102889155248,805.90715862242268486,-355805.87771794653963,-354999.97055932413787
0.25183714794357003885,808.8840392205365788,-355808.85460994753521,-354999.97057072701864
0.25200372541548538008,811.83234763523591937,-355811.8029300182825,-354999.97058238304453
0.2521704537246052813,814.73069665650905335,-355814.70129054575227,-354999.9705938892439
0.25233735385743072399,817.55466401730780035,-355817.52525749674533,-354999.97059347946197
0.25250444760782803089,820.27280438376317306,-355820.24342055735178,-354999.97061617358122
0.25267175766160482331,822.87880740661876189,-355822.84943319391459,-354999.97062578727491
0.25283930765576284605,825.35427690681387958,-355825.32491123746149,-354999.97063433064613
0.25300712222305205001,827.68233054222150713,-355827.6529722759733,-354999.97064173372928
0.25317522702467898377,829.83409677197676046,-355829.80548639874905,-354999.9713896267931
0.2533436487686287486,831.76423692729599679,-355831.73563249886502,-354999.97139557154151
0.25351241520705225518,833.49605358061660354,-355833.4674543797737,-354999.97140079917153
0.25368155512394108264,835.01756566838571416,-355834.98897183872759,-354999.97140617034165
0.2538510986213842191,836.31717787474406123,-355836.28858817752916,-354999.97141030279454
0.25402107759150271971,837.35320877959145491,-355837.32492732867831,-354999.97171854908811
0.25419152573867331846,838.06023830510162043,-355838.03118034871295,-354999.97094204358291
0.2543624785845387537,838.53002023104954787,-355838.5009652050212,-354999.97094497398939
0.2545339738491345094,838.72649027828231283,-355838.69673084840178,-354999.97024057013914
0.25470606554474867211,838.64238240234294608,-355838.61262313468615,-354999.97024073236389
0.25487881155755254259,838.22598367232797045,-355838.19541442743503,-354999.96943075512536
0.25505226166680172728,837.50150653088633135,-355837.47091679088771,-354999.96941025997512
0.2552264662419173602,836.49880409828733718,-355836.46820594673045,-354999.96940184844425
0.25540147534053397882,835.23447129033252168,-355835.20386400818825,-354999.96939271787414
0.25557733835098622732,833.71611187479140881,-355833.68549681815784,-354999.96938494336791
0.25575410383916846735,831.95067310599165467,-355831.92004969716072,-354999.96937659115065
0.25593181985215857077,829.94580935001818034,-355829.91517667123117,-354999.9693673212314
0.25611053356931562375,827.71050452609733838,-355827.67986212606775,-354999.96935759996995
0.2562902906960957683,825.25462819588415186,-355825.22397607570747,-354999.96934787981445
0.25647113499353157984,822.5753304053013153,-355822.54387532739202,-354999.96854492207058
0.25665310789448342321,819.6506783390535702,-355819.61921393038938,-354999.96853559132433
0.25683624798289012015,816.51659116584505682,-355816.48493215767667,-354999.96834099182161
0.25702059048956549248,813.15189176154046891,-355813.12026817089645,-354999.96837640937883
0.2572061668565956416,809.6069036163024748,-355809.5752245587064,-354999.96832094242563
0.25739300441394852292,805.90289564494025853,-355805.8712109210901,-354999.96831527614268
0.25758112620794826331,802.04769095009123703,-355802.01600177004002,-354999.96831081993878
0.25777055101391616043,798.0477301241872965,-355798.01603781757876,-354999.96830769337248
0.25796129367000508736,793.90813320344841486,-355793.87643900001422,-354999.96830579655943
0.25815336563243063139,789.63277241229855008,-355789.60107770864852,-354999.9683052963228
0.25834677567189745506,785.22421966201693522,-355785.19252527365461,-354999.9683056116337
0.25854153080148822852,780.68432531134931196,-355780.65263161796611,-354999.96830630663317
0.25873763736963523163,775.99245075199519306,-355775.96228327322751,-354999.969832521223
0.25893510226992455525,771.14126591451963577,-355771.11109880334698,-354999.96983288880438
0.25913393422739350314,766.15734173129897044,-355766.126906037156,-354999.96956430585124
0.25933414501799684215,761.05680157822393994,-355761.02636277640704,-354999.96956119820243
0.25953575032524778265,755.86715284889066879,-355755.8367082310142,-354999.96955538215116
0.25973877047131599394,750.60202851183112216,-355750.57157460408052,-354999.96954609226668
0.25994323111758182998,745.26858504522931526,-355745.23842949641403,-354999.96984445117414
0.26014916365150342337,739.85337394629414121,-355739.82318035664503,-354999.96980641037226
0.26035660518166287014,734.43057261754165665,-355734.4003577058902,-354999.96978508832399
0.26056559812681234778,729.03823391880075633,-355729.00799261650536,-354999.96975869772723
0.26077618936817953399,723.7224212967588528,-355723.69214916974306,-354999.96972787298728
0.26098842896821788928,718.5060362550722175,-355718.47558187885443,-354999.96954562375322
0.26120236856146211712,713.47244326208794973,-355713.44195414439309,-354999.96951088227797
0.26141805941054518936,708.69264225756739961,-355708.66211744828615,-354999.96947519073728
0.26163555009317357447,704.23161942827687199,-355704.20105827425141,-354999.96943884599023
0.26185488379034832507,700.15607683402083694,-355700.12548132031225,-354999.96940448629903
0.26207609531126530023,696.52490789908131319,-355696.49466789350845,-354999.96975999441929
0.26229920804028566961,693.35148726969612198,-355693.32122277957387,-354999.9697355098906
0.26252423098569765969,690.72322342730024047,-355690.69293178198859,-354999.969708354678
0.26275115615203231689,688.68524898649570787,-355688.65494810184464,-354999.96969911537599
0.26297995672581070403,687.27836848452545837,-355687.24806757183978,-354999.9696990873199
0.26321058616292553056,686.52073054561674326,-355686.49043711100239,-354999.96970656537451
0.26344297813221972948,686.41703538737078816,-355686.38675831630826,-354999.96972292894498
0.26367704757020893336,686.9570059508129134,-355686.92675473651616,-354999.96974878571928
0.26391269304536596474,688.11408279537522503,-355688.08386613294715,-354999.96978333755396
0.26414980068398691282,689.84640021887219064,-355689.81622424535453,-354999.96982402645517
0.26438824811459299413,692.09963089517452772,-355692.06949959904887,-354999.96986870386172
0.26462790882478992582,694.8106602568108201,-355694.78057313594036,-354999.96991287911078
0.26486865472450266124,697.91270189207671137,-355697.88265679526376,-354999.96995490317931
0.26511035624968820601,701.3378072335883644,-355701.30780305765802,-354999.96999582409626
0.26535288546919588715,705.01751327417093762,-355704.98754875722807,-354999.97003548307111
0.26559611871322197363,708.88314156109595388,-355708.85321573121473,-354999.97007417009445
0.26583993933560295941,712.86674320376312153,-355712.83685327309649,-354999.97011006932007
0.26608424164482691321,716.90348480573572942,-355716.87362760567339,-354999.97014279995346
0.26632893227365461719,720.93291061269940201,-355720.90308171446668,-354999.97017110174056
0.2665739305192219577,724.90071710688937401,-355724.87091212318046,-354999.97019501629984
0.26681916854330811617,728.75936637784855066,-355728.72958674072288,-354999.97022036288399
0.26706459177480962319,732.4539008337053474,-355732.42412812716793,-354999.97022729343735
0.26731015803934743413,735.96152682660670052,-355735.93290473235538,-354999.97137790574925
0.26755583643250524517,739.21912574741315893,-355739.19028593937401,-354999.97116019198438
0.26780160764256855099,742.261743001369382,-355742.23290381469997,-354999.97116081335116
0.26804745885009334527,745.05271048575934856,-355745.02390204323456,-354999.9711915574735
0.2682933852812613984,747.52708122561205073,-355747.49856128572719,-354999.97148006013595
0.26853938905212421107,749.75963247021570623,-355749.73110287450254,-354999.97147040429991
0.26878547813330433414,751.74614860375186254,-355751.71778360183816,-354999.97163499810267
0.26903166546926388092,753.47832677120527478,-355753.44994852459058,-354999.97162175335689
0.26927796822418847977,754.99392791654452139,-355754.965534577379,-354999.9716066608089
0.26952440709289937626,756.3078894103471157,-355756.27947931818198,-354999.97158990782918
0.26977100580630336557,757.43764227757003482,-355757.40921558078844,-354999.97157330322079
0.27001779082122401299,758.40086860272265312,-355758.372426178772,-354999.97155757603468
0.27026479110695206254,759.16312108804004311,-355759.13356796809239,-354999.97044688003371
0.27051203805816881331,759.71147121647561562,-355759.6840746513335,-354999.97260343487142
0.27075965913000793472,760.05868030299404836,-355760.0308046725695,-354999.97212436958216
0.27100773716470483166,760.22829145356513436,-355760.20041217218386,-354999.97212071862305
0.27125634553844035768,760.19408952741264329,-355760.16663252480794,-354999.97254299739143
0.27150558988918122028,759.96823760261224834,-355759.93896376667544,-354999.97072616405785
0.27175555853107663529,759.62496166990410984,-355759.59569663845468,-354999.97073496854864
0.27200635022280278408,759.15416243554500397,-355759.12490881420672,-354999.97074637864716
0.27225807729741330343,758.50485665078178954,-355758.47401922859717,-354999.96916257782141
0.27251086771277965859,757.60826369003302716,-355757.57744294346776,-354999.96917925344314
0.27276486749302231161,756.50257845596058814,-355756.4717754824087,-354999.96919702645391
0.27302024360559939975,755.15971964492916868,-355755.12893512169831,-354999.96921547676902
0.2732771873542251817,753.54283098829864684,-355753.51205747330096,-354999.96922648500185
0.2735359184153014489,751.6101679474534194,-355751.57941205584211,-354999.96924410836073
0.27379668948884361424,749.34796570194794185,-355749.31722613610327,-354999.96926043415442
0.2740597921712548124,746.69029265638027937,-355746.66046683402965,-354999.97017417766619
0.27432556431514182327,743.56479119398295552,-355743.53561056079343,-354999.97081936680479
0.27459439906223032102,740.02376009740407881,-355739.99458839220461,-354999.97082829481224
0.27486675603451526939,736.03703354562628647,-355736.00827063334873,-354999.9712370877387
0.27514317533788379411,731.5646042347485718,-355731.5358402885031,-354999.97123605373781
0.27542429539243934444,726.60820645042872457,-355726.57930971321184,-354999.97110326279653
0.27571087657248610769,721.16096399729485711,-355721.13205086661037,-354999.97108686930733
0.27599917488351299877,715.33108031805829796,-355715.30214085441548,-354999.97106053633615
0.27628834765008830621,709.18430276089213748,-355709.15532831591554,-354999.97102555504534
0.27657846604130620349,702.72810257383616772,-355702.70128863921855,-354999.97318606538465
0.27686970453930614955,696.03374918527458703,-355696.00645284139318,-354999.97270365612349
0.27716226153753947825,689.19390328758765918,-355689.16654377197847,-354999.97264048439683
0.27745628780915304601,682.35182516404699982,-355682.3243896747008,-354999.97256451065186
0.27775195570314531457,675.62840087486745233,-355675.60088528099004,-354999.97248440614203
0.27804946079970083161,669.14060812141701717,-355669.11310943303397,-354999.97250131162582
0.27834901724885446894,662.99510472534348082,-355662.96753778029233,-354999.97243305493612
0.27865085389374383285,657.33973815140575425,-355657.31211797264405,-354999.97237982123625
0.27895521624631458568,652.26072384896303902,-355652.23306941601913,-354999.97234556707554
0.27926239173935207827,647.7448231046746514,-355647.71762884885538,-354999.97280574415345
0.27957278001644203513,643.91204619479833582,-355643.8848495092243,-354999.97280331444927
0.27988673487760529213,640.80391952627815044,-355640.77668592770351,-354999.97276640142081
0.28020463788015148587,638.34751054170806128,-355638.31892675347626,-354999.97141621174524
0.28052691481805291929,636.61379965356411503,-355636.58522207394708,-354999.97142242040718
0.28085287677355813551,635.53673633002267707,-355635.50865253119264,-354999.97191620117519
0.28117886215110399206,635.10699209577467172,-355635.07894734479487,-354999.97195524902781
0.2815049359159002007,635.25497853170850249,-355635.22725764394272,-354999.97227911226219
0.28182207609348441935,635.82122019837493099,-355635.79371609858936,-354999.97249590023421
0.28213044852101748505,636.78940585504335559,-355636.76192096318118,-354999.97251510812202
0.2824315629261037186,638.09284307926543534,-355638.06537295843009,-354999.9725298791891
0.28272662154130839829,639.68054327603306319,-355639.65308523917338,-354999.97254196315771
0.28301659571485288103,641.51177868833042339,-355641.48433195555117,-354999.97255326720187
0.28330228082691111258,643.55218021023529218,-355643.52474349422846,-354999.97256328398362
0.28358433599547105963,645.74818107221506125,-355645.72047575202305,-354999.97229467978468
0.28386331284491655991,648.06924042547495901,-355648.04168185766321,-354999.97244143218268
0.28413967748382412681,650.47881647890392287,-355650.45126853289548,-354999.97245205397485
0.2844138290518014589,652.98459542369960218,-355652.95705799531424,-354999.97246257163351
0.2846861130926282013,655.5637191896026934,-355655.53619287553011,-354999.9724736859207
0.28495683131112697906,658.19365362750909298,-355658.16613611730281,-354999.97248248977121
0.28522624910241578533,660.85503110011609351,-355660.82751991215628,-354999.97248881205451
0.28549459809020738543,663.53162143024337638,-355663.50411660852842,-354999.97249517828459
0.28576207829536770522,666.20739987575211671,-355666.17990215634927,-354999.97250228060875
0.28602886246968739492,668.86568648394847969,-355668.83819646883057,-354999.97250998485833
0.28629509944508696462,671.48900409682892132,-355671.46152292564511,-354999.97251882881392
0.2865609176646187195,674.05909606182933658,-355674.03162353916559,-354999.97252747730818
0.2868264295694120114,676.54930473295087268,-355676.52183021523524,-354999.97252548229881
0.28709173394762316223,678.94230530214792907,-355678.91483457415598,-354999.97252927202499
0.28735691769176557875,681.2102487458480482,-355681.18502839771099,-354999.97477965184953
0.28762210055335679648,683.33102523402999395,-355683.30581000784878,-354999.97478477383265
0.28788740697924086742,685.35023946944045292,-355685.32502873346675,-354999.97478926402982
0.28815287206300249645,687.23986010770920529,-355687.21451167087071,-354999.97465156315593
0.28841852863290112774,688.98828110858164564,-355688.96293618669733,-354999.97465507814195
0.28868440762791586218,690.58837218935252622,-355690.56330825621262,-354999.97493606683565
0.28895053849359425557,692.02363105504844043,-355691.99856900353916,-354999.97493794851471
0.2892169497258854638,693.30146068479473342,-355693.27666132786544,-354999.97520064306445
0.28948207650631968546,694.31884117142192281,-355694.29298880696297,-354999.97414763551205
0.289745122288167678,695.11261629089074177,-355695.08703050634358,-354999.97441421548137
0.29000632523162861443,695.63365814549820243,-355695.60663663339801,-354999.97297848790186
0.29026600960620257963,695.87777831338053147,-355695.85075634694658,-354999.97297803359106
0.29052449694621673704,695.96104033521146448,-355695.93401608540444,-354999.97297575022094
0.290781977899177424,695.85033741601421298,-355695.82300481002312,-354999.9726673940313
0.29103863498964793743,695.55814851497893869,-355695.53081350179855,-354999.97266498679528
0.29129464414148081852,695.12324929958413122,-355695.09591215290129,-354999.97266285330988
0.29155017632766599966,694.54859236472145767,-355694.52125289232936,-354999.97266052762279
0.29180539917927933447,693.83712550203881619,-355693.80954619275872,-354999.97242069069762
0.29206047859197936667,692.89929110483888053,-355692.8726095915772,-354999.97331848676549
0.29231557571170679877,691.75652837640905091,-355691.73171366681345,-354999.97518529038643
0.29257085520737236006,690.39685584959272546,-355690.37222559051588,-354999.97536974091781
0.29282648893040863491,688.86727870711570176,-355688.84265088813845,-354999.97537218104117
0.29308265402710148573,687.18899282969528031,-355687.16436767193954,-354999.97537484223722
0.2933395347252844565,685.35804551864941914,-355685.3334225541912,-354999.97537703556009
0.2935973239872166074,683.37046309892468798,-355683.34610440779943,-354999.97564130887622
0.29385622516523551839,681.20209768837105457,-355681.17757373489439,-354999.97547604650026
0.29411645398617702885,678.87385771731101158,-355678.84933001140598,-354999.97547229408519
0.29437824031067333364,676.32839454696102166,-355676.30547457118519,-354999.97708002419677
0.29464190933190170796,673.60310821988332464,-355673.58018272678601,-354999.97707450692542
0.29490773947771015129,670.73195306859463471,-355670.70882787293522,-354999.97687480435707
0.29517600145337941075,667.70102146564101986,-355667.67767971637659,-354999.97665825072909
0.29544698762944493486,664.53948039197121034,-355664.51612802344607,-354999.97664763149805
0.29572101312480164603,661.27366940717035959,-355661.25030334643088,-354999.97663393925177
0.2959984156742182515,657.91936347952241704,-355657.8959288680926,-354999.97656538855517
0.29627955453418097775,654.46777229775307205,-355654.44470297452062,-354999.97693067678483
0.29656480795724421418,650.93562246936869542,-355650.91266072739381,-354999.97703825804638
0.29685456986004371549,647.34980807569115768,-355647.32748278975487,-354999.97767471405677
0.29714924294532585325,643.7793147779316314,-355643.75696289015468,-354999.97764811222441
0.29744922819641295142,640.27203329133271836,-355640.24965382827213,-354999.97762053692713
0.29775491059786679537,636.8525070310143974,-355636.83024521393236,-354999.97773818293354
0.29806663936732302744,633.59981614899152191,-355633.57825381774455,-354999.97843766876031
0.29838470112783205268,630.54337394134756778,-355630.52175856975373,-354999.97838462842628
0.29870929387034095281,627.75429697509491689,-355627.73264391592238,-354999.97834694082849
0.29904050221411726529,625.28292416791475716,-355625.26126673747785,-354999.97834256954957
0.29937827674102707176,623.18623139923579402,-355623.16457298322348,-354999.97834158397745
0.29972242182645902897,621.49881899872013946,-355621.4771355309058,-354999.9783165321569
0.30007259821173759562,620.19595985126272808,-355620.17322080919985,-354999.97726095793769
0.30042834061736667373,619.33052564937690931,-355619.30780216574203,-354999.97727651637979
0.30078908923465602632,618.86423127189141269,-355618.84244142891839,-354999.97821015701629
0.30115430347477811779,618.75416244980158353,-355618.73239816189744,-354999.97823571210029
0.30152362714782848796,619.01782414525030163,-355618.9960824487498,-354999.97825830348302
0.3018965739314001806,619.61143701991056787,-355619.58972418564372,-354999.97828716575168
0.30227273722914366205,620.49967788490721432,-355620.4779948752257,-354999.97831699030939
0.3026436549585777569,621.61341819597680569,-355621.59176332078641,-354999.97834512480767
0.30300629884577567896,622.8486084548492272,-355622.82507556257769,-354999.97646710771369
0.30336210244558442506,624.08984001100327532,-355624.06639112223638,-354999.97655111120548
0.30371222122905133789,625.40905909247624095,-355625.38562757946784,-354999.97656848700717
0.30405759801930198893,626.77350220081950738,-355626.75008249469101,-354999.97658029384911
0.30439901034821847947,628.15871234486110097,-355628.13530158181675,-354999.97658923693234
0.30473710553278365865,629.54231591008419855,-355629.51854824915063,-354999.97623233904596
0.30507242761339026238,630.87521640787872457,-355630.85143417969812,-354999.97621777182212
0.30540543770529804402,632.19317142867680559,-355632.16938996536192,-354999.97621853667079
0.30573652955259134067,633.48984667607408028,-355633.46606541634537,-354999.97621874028118
0.30606604192156156019,634.76054815177121782,-355634.73676619038451,-354999.97621803858783
0.30639426866511854097,636.00006899672985128,-355635.9764901958406,-354999.9764211990987
0.30672146689121848606,637.18060856203248932,-355637.15712122921832,-354999.97651266719913
0.30704786306472242607,638.33183632707061861,-355638.30834475590382,-354999.9765084288083
0.30737365835107666179,639.45203497477530163,-355639.43018228508299,-354999.97814731032122
0.30769904288054539254,640.46369565083705311,-355640.4398374769371,-354999.97614182607504
0.3080243670681695467,641.47098804916652171,-355641.44712871900992,-354999.97614066983806
0.30834972518162462318,642.47036970184205984,-355642.4462853516452,-354999.97591564978939
0.30867521257894708908,643.39150815907635206,-355643.36851261288393,-354999.97700445383089
0.30900108815220345138,644.27525210236888142,-355644.2522572017042,-354999.97700509935385
0.30932755251691385068,645.13734647561261681,-355645.1143526409287,-354999.97700616531074
0.30965476042091794051,645.95303176746779172,-355645.92998890578747,-354999.97695713833673
0.30998287728231482818,646.7070463226901893,-355646.68400885420851,-354999.97696253150934
0.31031208078080763091,647.40926552275925587,-355647.38621927809436,-354999.97695375530748
0.31064256253099314931,648.07360703202948571,-355648.05056038394105,-354999.97695335192839
0.31097452996964392025,648.69794891543608628,-355648.67490195191931,-354999.97695303650107
0.31130820821731208792,649.27991778216266994,-355649.25687154510524,-354999.97695376293268
0.31164384156917307456,649.78206354819940316,-355649.7599959106883,-354999.97793236246798
0.31198169357097499388,650.13070962248752949,-355650.1063935465645,-354999.97568392410176
0.31232204883314756971,650.4348441241116916,-355650.41075604723301,-354999.9759119231021
0.31266521541185382516,650.58308590538229055,-355650.55905354116112,-354999.97596763574984
0.31301082688775216933,650.63788339115421877,-355650.61385598708875,-354999.97597259591566
0.31335671700754080815,650.65311140886365138,-355650.62908851343673,-354999.97597710456466
0.31370295261592295866,650.62115733997347888,-355650.59702773904428,-354999.97587039909558
0.31404959887908967531,650.45133788530279162,-355650.42680168518564,-354999.97546379989944
0.31439671992702206138,650.19469564990527033,-355650.17016254545888,-354999.97546689555747
0.31474437975502084219,649.83881694245917515,-355649.81547033519018,-354999.97665339271771
0.31509273903719542398,649.34161624701152959,-355649.31822494626977,-354999.97660869924584
0.31544200367120311945,648.75129938917757499,-355648.72769256366882,-354999.97639317449648
0.31579227997573067199,648.05135267027765167,-355648.02778708050027,-354999.97643441020045
0.31614367946684035493,647.25695821920339768,-355647.23338734696154,-354999.97642912773881
0.3164963191820752697,646.37586090003776462,-355646.35209910571575,-354999.97623820567969
0.31685032211137442726,645.38249411413244161,-355645.3598511525779,-354999.97735703847138
0.31720581740472714172,644.26779689216596125,-355644.24511279875878,-354999.97731590660987
0.3175629405008476569,643.05225605222517515,-355643.03004203259479,-354999.97778598038713
0.31792183315813526967,641.75458899808973001,-355641.73106903908774,-354999.97648004099028
0.31828264346951118391,640.37930420181544378,-355640.35552728630137,-354999.97622308449354
0.31864552686279945526,638.9485473105236224,-355638.92455428995891,-354999.9760069794138
0.31901064865790990099,637.4596008054656977,-355637.4355654042447,-354999.97596459876513
0.31937818448557958595,635.95460161130290544,-355635.93056594242807,-354999.97596433112631
0.31974832008227116464,634.4516067669177346,-355634.42757325433195,-354999.9759664874291
0.32012125130700447295,632.90630730632619816,-355632.8839035363053,-354999.97759622999001
0.32049738849214115533,631.32389232096693377,-355631.30166367389029,-354999.97777135291835
0.3208771306027994874,629.69304426880546544,-355629.67078099900391,-354999.97773673018673
0.3212608138036025518,627.99393327581481117,-355627.97272636153502,-354999.97879308572738
0.3216488094572090839,626.22093106327338319,-355626.19972067949129,-354999.97878961620154
0.32204152341747427357,624.37096803941585677,-355624.35047654970549,-354999.9795085102669
0.32243938642973846154,622.40154055874586447,-355622.38104947353713,-354999.97950891481014
0.32284285481620356162,620.3980295157269893,-355620.37751225067768,-354999.97948273492511
0.32325241421124478736,618.30462966653385593,-355618.28411658137338,-354999.97948691481724
0.32366858439446521967,616.09169276878094479,-355616.06944520730758,-354999.97775243851356
0.32409192959897453745,613.81814209234210011,-355613.79611337219831,-354999.97797127987724
0.32452206820813778165,611.47356716394347131,-355611.45135341782589,-354999.97778625390492
0.32495166045232626306,609.13472472573857885,-355609.11250958259916,-354999.97778485686285
0.32538070368480837002,606.80555591013569483,-355606.78329628636129,-354999.9777403761982
0.32580919877019104414,604.45405883778153111,-355604.43273104482796,-354999.97867220704211
0.32623715033512229455,602.0297163957925477,-355602.00830662233057,-354999.97859022655757
0.32666456729292736583,599.61074487091786978,-355599.58934058737941,-354999.97859571647132
0.32709146295900753953,597.19193538975366664,-355597.17053585115355,-354999.97860046138521
0.32751785508557773596,594.76906993234240417,-355594.74767401360441,-354999.97860408126144
0.32794376546684295137,592.32848029004685486,-355592.30708940094337,-354999.978609110869
0.32836921889759551618,589.83963770342325006,-355589.81580501538701,-354999.97616731195012
0.32879424086933756177,587.27551163153634661,-355587.25114764552563,-354999.97563601401635
0.32921885601836287094,584.71059740897464962,-355584.68623035494238,-354999.97563294594875
0.32964308853271040434,582.17029077142183269,-355582.14591501868563,-354999.97562424727948
0.33006696271431740231,579.67004774580391313,-355579.64565617393237,-354999.97560842812527
0.33049050363637988426,577.24850762035214302,-355577.22410855029011,-354999.97560092993081
0.33091373739269075438,574.87621871003000251,-355574.85297156404704,-354999.97675285401056
0.33133668892004902728,572.62357352445826564,-355572.60026624088641,-354999.97669271641644
0.3317593806008833357,570.59850729214372222,-355570.57545193366241,-354999.97694464150118
0.33218183275764984197,568.77862617055495775,-355568.75568266160553,-354999.97705649107229
0.33260406468010772496,567.28152362897310468,-355567.25807480525691,-354999.97655117628165
0.33302609452628872955,566.13467609962140159,-355566.1112018689746,-354999.97652576933615
0.33344793914646919664,565.40568258252233136,-355565.38219360314542,-354999.97651102062082
0.33386961410306287279,565.11453225972491055,-355565.0910412419471,-354999.97650898224674
0.33429113375196933822,565.25694970900588032,-355565.23345391877228,-354999.97650420974242
0.33471251126465462189,565.79460053688751486,-355565.77266034192871,-354999.97805980505655
0.3351337595867929231,566.67118626860030872,-355566.64927808876382,-354999.97809182014316
0.33555489211023925566,567.89561390010237574,-355567.87374463753076,-354999.978130737436
0.33597592259987796304,569.39417316756384935,-355569.37257448292803,-354999.97840131534031
0.33639686507773386426,571.02600200686208609,-355571.00431417580694,-354999.97831216896884
0.33681773374058726622,572.72679348432029656,-355572.70595224556746,-354999.97915876127081
0.33723854278273268648,574.47687835385545441,-355574.45606939465506,-354999.97919104079483
0.33765930601334798178,576.22785918686486184,-355576.20707738114288,-354999.97921819426119
0.33808003677916848018,577.93516440656594568,-355577.91440189688001,-354999.97923749033362
0.33850074848074607203,579.56116523146170039,-355579.54041496303398,-354999.97924973157933
0.33892145481556729125,581.03726100011272138,-355581.01604137569666,-354999.97878037556075
0.33934216916320747437,582.38387968464826372,-355582.36266173969489,-354999.97878205502639
0.33976290532177988446,583.58946322909866922,-355583.5685559026897,-354999.97909267357318
0.34018367676916594355,584.64870230623375846,-355584.62778845784487,-354999.9790861516376
0.34060449693583894071,585.51399655579052705,-355585.49307900725398,-354999.97908245143481
0.34102537916686281871,586.14778164245876724,-355586.12667232286185,-354999.97889068041695
0.34144633669465479509,586.66695014489778259,-355586.64582992543001,-354999.97887978050858
0.34186738260230892239,587.08924709160328348,-355587.06820308126044,-354999.97895598964533
0.3422885297673625149,587.39006273573022554,-355587.3688836254878,-354999.97882088978076
0.34270979078028540599,587.59809263425358949,-355587.57691731030354,-354999.97882467607269
0.34313117783863833488,587.71550570190970575,-355587.69581197865773,-354999.98030627676053
0.3435527027952695045,587.71149744091860612,-355587.69256753427908,-354999.9810700933449
0.34397437816112086395,587.60285960898909252,-355587.58392559515778,-354999.98106598615414
0.34439621762539107674,587.4496128894377307,-355587.42771950329188,-354999.97810661385302
0.34481823603361211328,587.15025633337734234,-355587.12697308149654,-354999.97671674814774
0.34524044942929055235,586.76376554605678848,-355586.73924530926161,-354999.97547976317583
0.34566287499937164984,586.36644841990585064,-355586.34192965202965,-354999.97548123210436
0.34608553097155531075,585.94567712576474605,-355585.92193976033013,-354999.97626263456186
0.34650843646440226964,585.43140119884742489,-355585.4069061416667,-354999.97550494282041
0.34693161131126754038,584.87622427263477221,-355584.85073370055761,-354999.97450942790601
0.34735507589509367898,584.2975778647972902,-355584.27208831935422,-354999.97451045457274
0.34777885096624572281,583.71221648085361267,-355583.68672189326026,-354999.97450541239232
0.34820295639440218549,583.08465299580416286,-355583.06000770023093,-354999.97535470442381
0.34862741013452225314,582.37046335141212694,-355582.34585680789314,-354999.9753934564651
0.34905222840752092583,581.60146278661545693,-355581.57685477961786,-354999.97539199300809
0.34947742532785974756,580.81717208146471876,-355580.79256231727777,-354999.97539023583522
0.34990301194189377121,580.01951279548904949,-355579.99490104371216,-354999.97538824821822
0.35032899661299826688,579.19090566900365502,-355579.16611156996805,-354999.97520590096246
0.35075538609949313829,578.27269962554191807,-355578.24754827527795,-354999.97484864975559
0.35118218590582955807,577.2952402486638448,-355577.26965034886962,-354999.97441010019975
0.35160940038141114128,576.28614618689084637,-355576.26055616140366,-354999.97440997452941
0.3520370327396221688,575.25314422740871123,-355575.22774655080866,-354999.97460232337471
0.35246508507248019981,574.10342127882654495,-355574.07823832676513,-354999.97481704794336
0.35289355860431598222,572.90852644588619569,-355572.88334239157848,-354999.97481594566489
0.35332245638084952555,571.69883553745296467,-355571.67380883620353,-354999.97497329872567
0.35375178560068359923,570.39413977861511285,-355570.36858515616041,-354999.97444537753472
0.35418155851289839786,569.03126199359644488,-355569.00626328855287,-354999.97500129498076
0.354611793258982122,567.62344127971789476,-355567.59728478826582,-354999.97384350857465
0.35504251423623400807,566.14941171371640394,-355566.12459326843964,-354999.97518155473517
0.35547375212586429516,564.67074800831619541,-355564.64635495265247,-354999.97560694435379
0.35590554009502639587,563.1429452171887533,-355563.11901040718658,-354999.97606518998509
0.35633790459801323314,561.60848099573297532,-355561.58454306231579,-354999.97606206656201
0.35677086397078655589,560.0716162977695376,-355560.04783759347629,-354999.97622129571391
0.35720442839886884512,558.55666648006399555,-355558.5328841318842,-354999.97621765179792
0.35763859961670713128,557.08185866964663546,-355557.05807238828856,-354999.97621371864807
0.35807336977682463486,555.6539716309122241,-355555.63018068537349,-354999.9762090544682
0.35850872138575368142,554.28044897911922817,-355554.256653311837,-354999.97620433272095
0.35894463141359478353,552.96906527671126241,-355552.94526426674565,-354999.97619899001438
0.35938107455273254898,551.72828870581383853,-355551.70448172104079,-354999.97619301523082
0.35981802348232144739,550.51425427023286829,-355550.49102319515077,-354999.9767689249129
0.36025544890333105474,549.3427478933817838,-355549.319510443951,-354999.97676255059196
0.36069331958008493677,548.26949334240327971,-355548.24625060817925,-354999.97675726580201
0.36113160247691222793,547.25687774708524103,-355547.23341200407594,-354999.97653425700264
0.36157026336818198775,546.293645760499885,-355546.27103646367323,-354999.97739070316311
0.36200926809682681951,545.41679156229952241,-355545.393283040612,-354999.97649147832999
0.36244858310399152845,544.67142028020805355,-355544.64802499121288,-354999.97660471103154
0.36288817557139829706,544.0260319931869617,-355544.00272535486147,-354999.97669336164836
0.36332801357916255647,543.50931464376708391,-355543.48601149418391,-354999.97669685044093
0.36376806656846116805,543.11771092072456213,-355543.09441377123585,-354999.97670285048662
0.36420830589980124348,542.81502355210523092,-355542.79243204178056,-354999.97740848967806
0.36464870504497071124,542.52943625399836947,-355542.5066873440519,-354999.97725109005114
0.36508923976843643544,542.29449066925303669,-355542.27174784825183,-354999.97725717897993
0.36552988831501481704,542.14389002821701524,-355542.12114964716602,-354999.97725961892866
0.36597063209088320779,542.049638616322909,-355542.02785470488016,-354999.97821608855156
0.36641145696901261664,541.95489587724739522,-355541.93300991668366,-354999.97811403946253
0.36685235356727213807,541.90337781614039159,-355541.88150356838014,-354999.97812575224089
0.36729331736053932866,541.9058022418288374,-355541.88393422856461,-354999.97813198674703
0.36773434881059957613,541.95604197213833686,-355541.93418253987329,-354999.9781405677204
0.36817545533008100289,542.04005524649733161,-355542.01820446364582,-354999.97814921714598
0.36861665500590090616,542.14331412076705874,-355542.12147138442378,-354999.97815726365661
0.36905797733365736102,542.23935059983477913,-355542.21721421385882,-354999.97786361403996
0.36949946345461098796,542.25232033036490975,-355542.22873419342795,-354999.97641386307077
0.36994116599344695206,542.20511768277970077,-355542.18154000956565,-354999.97642232681392
0.37038314576094549802,542.11224715907133032,-355542.08873488294194,-354999.97648772387765
0.37082546257366444387,541.93658019958695604,-355541.91303378890734,-354999.97645358933369
0.3712681741671933211,541.68752495300850569,-355541.66266012762208,-354999.97513517463813
0.3717113368951088237,541.38191277195051043,-355541.35704964434262,-354999.97513687238097
0.37215500647188914929,541.03516571909278809,-355541.010303691437,-354999.97513797233114
0.37259923910594222596,540.61657834504615039,-355540.59121390490327,-354999.97463555983268
0.37304409517710285238,540.09803326039332205,-355540.07252765796147,-354999.97449439758202
0.37348964168346965309,539.47096623835170703,-355539.44730617833557,-354999.9763399399817
0.37393595256323802767,538.65920887640686487,-355538.63572004775051,-354999.97651117132045
0.37438360590415814544,537.76198781948448868,-355537.73905701062176,-354999.97706919111079
0.37483284914393211196,536.78107287032071326,-355536.75814105255995,-354999.97706818225561
0.37528386369157912261,535.71444853279581366,-355535.69152390083764,-354999.97707536804955
0.37573684586750505376,534.56046673666389779,-355534.53759045549668,-354999.97712371882517
0.37619200835040089714,533.35687150029104941,-355533.33399161254056,-354999.9771201122785
0.37664958127211406458,532.10180522611847209,-355532.07904583425261,-354999.97724060813198
0.37710981334609394722,530.74796910555278373,-355530.72561801067786,-354999.97764890512917
0.37757297305599368809,529.32639949579390759,-355529.30404298839858,-354999.97764349263161
0.37803934995590604551,527.89369703764214137,-355527.87133649922907,-354999.97763946157647
0.3785092572351612672,526.45513495769068868,-355526.4327703298768,-354999.97763537219726
0.3789830322535197582,524.97169213628842499,-355524.94986930175219,-354999.97817716543796
0.37946103578803408451,523.4394886656602921,-355523.41766021680087,-354999.97817155113444
0.37994365268955271331,521.92022108984087936,-355521.89838508842513,-354999.97816399857402
0.38043129240967277216,520.36413365274643184,-355520.34122201852733,-354999.97708836576203
0.38092438937251277276,518.71701628429502762,-355518.69355046877172,-354999.9765341844759
0.38142340316108486187,517.06698300787945755,-355517.04350320971571,-354999.97652020183159
0.38192881405576190046,515.43840621586684847,-355515.4149160393863,-354999.97650982352206
0.38244111421473042656,513.85903185757831579,-355513.83583247696515,-354999.97680061939172
0.38296080313756936109,512.25664721408043079,-355512.23335604817839,-354999.97670883411774
0.38348838263085827105,510.73566499270634722,-355510.71234688122058,-354999.97668188851094
0.38402435210404495258,509.30572441160853714,-355509.28240809577983,-354999.97668368415907
0.38456920445752662552,507.98761456927405789,-355507.96429400891066,-354999.97667943965644
0.38512341919597425921,506.79481958862044166,-355506.77149408898549,-354999.97667450038716
0.38568745756042754902,505.70346986918264065,-355505.68075058510294,-354999.97728071594611
0.3862617567167169752,504.68498096160283239,-355504.6623055790551,-354999.97732461744454
0.38684672133047298681,503.82086350965573729,-355503.79818581452128,-354999.97732230485417
0.38744271483950215584,503.12412829744624787,-355503.10156921367161,-354999.97744091623463
0.38804220529252753114,502.54089988846828874,-355502.51605395064689,-354999.97515406215098
0.38864240293544993765,502.07067827399242788,-355502.04586172138806,-354999.97518344741547
0.38924334683346395458,501.78042939131421463,-355501.75562674144749,-354999.97519735014066
0.38984216105156083154,501.64735247167487842,-355501.62256823538337,-354999.97521576372674
0.39043417987699563509,501.63933721384432829,-355501.61457548826002,-354999.97523827443365
0.39102070909694075507,501.68019062905659666,-355501.65450096508721,-354999.97431033605244
0.3916028703308701564,501.7438425295707134,-355501.71817664476112,-354999.97433411516249
0.39218163689083640477,501.79278621415716088,-355501.76606531423749,-354999.97327910008607
0.39275786254065125913,501.63413368617472088,-355501.60640237934422,-354999.97226869314909
0.39333282257639240465,501.25689009912480287,-355501.22914965794189,-354999.97225955879549
0.39390771858156514718,500.75089317904240716,-355500.72315725655062,-354999.97226407751441
0.39448257515055640265,500.12010689699064869,-355500.09237339725951,-354999.97226650029188
0.39505758514830963124,499.30111665755487138,-355499.27366810437525,-354999.97255144681549
0.39563371507841099683,498.30920426863133343,-355498.28175496659242,-354999.97255069797393
0.39621186645892447764,497.16932034685282815,-355497.14370559912641,-354999.97438525228063
0.39679202852127448686,495.71996756960282937,-355495.69641757704085,-354999.97645000746707
0.39737551230808942915,494.10490411404697397,-355494.08134937449358,-354999.97644526045769
0.39796347946368076931,492.36632303237280439,-355492.342760759464,-354999.9764377271058
0.39855687910976245192,490.50134197204403108,-355490.47735415701754,-354999.97601218498312
0.39915238806164121677,488.51937449247554923,-355488.4953726195381,-354999.97599812707631
0.39974954983158383914,486.35242890865157506,-355486.33064992853906,-354999.97822101990459
0.40034881717580761418,484.06337323523894156,-355484.04130122502102,-354999.97792798979208
0.40095063733229491243,481.67362252015897184,-355481.65132299688412,-354999.97770047670929
0.40155546089521948483,479.2416163458609617,-355479.22141712193843,-354999.97980077605462
0.40216412429961911901,476.74367340622666234,-355476.7232396552572,-354999.97956624900689
0.4027755949146513692,474.31585819331166931,-355474.29540704237297,-354999.97954884904902
0.40337960924359939074,472.04983818542899598,-355472.02937317226315,-354999.97953498683637
0.40397303292466524294,469.97501718055502806,-355469.95454536617035,-354999.97952818562044
0.40455658563692031837,468.05641739716742222,-355468.03625385282794,-354999.97983645566273
0.40513100404279089872,466.32442425596605062,-355466.30425289541017,-354999.97982863942161
0.40569703306466842196,464.74558191761599346,-355464.7248598447768,-354999.97927792713745
0.40625541529515063477,463.31056649352888144,-355463.28984881134238,-354999.97928231779952
0.40680688466541425896,462.02920194430379297,-355462.0081066446146,-354999.97890470031416
0.40735216272696500583,460.85083987303812592,-355460.82959146238863,-354999.97875158936949
0.40789196060938071042,459.72995465977760432,-355459.70871811476536,-354999.97876345500117
0.40842699231449441921,458.71492001076649103,-355458.69409981323406,-354999.97917980246712
0.4089579778361572826,457.70461828374800461,-355457.6837680300232,-354999.97914974630112
0.40948603511250353248,456.67973780968605979,-355456.6589169271756,-354999.97917911747936
0.41001270984344140302,455.58631509330621157,-355455.5649742607493,-354999.97865916742012
0.41053973646602370806,454.49631837234397835,-355454.47498126456048,-354999.97866289224476
0.41106806812924973071,453.41484427359762321,-355453.39350853592623,-354999.97866426233668
0.41159865491836283846,452.33689178639366446,-355452.31563780939905,-354999.97874602302909
0.41213253004347588648,451.2158302341979379,-355451.19449711008929,-354999.97866687591886
0.41267083626882089531,450.08542159164312579,-355450.0640822640853,-354999.9786606724374
0.41321487194381029129,448.94772307396476663,-355448.92580310150515,-354999.9780800275621
0.41376613790487803968,447.81750199386073064,-355447.79588701890316,-354999.97838502505329
0.41432638976624724947,446.68324586429810097,-355446.66158383397851,-354999.97833796968916
0.41489770700457084818,445.58785715198831667,-355445.56617852498312,-354999.97832137299702
0.41548258986175173879,444.59786432668710177,-355444.57616756908828,-354999.97830324241659
0.41606853651667902172,443.7172925201116982,-355443.69389384542592,-354999.97660132532474
0.41665134564908340442,442.98487407324898868,-355442.96277348836884,-354999.97789941512747
0.41723254541600696133,442.46188747586859336,-355442.43976726627443,-354999.97787979041459
0.41781266641578540533,442.20133571040025799,-355442.17920446977951,-354999.97786875936436
0.41839192849296286125,442.21802366853597732,-355442.19587807200151,-354999.97785440349253
0.41897052617025326571,442.51252350186337026,-355442.49038594844751,-354999.97786244656891
0.41954863293867450391,443.09009861266036978,-355443.06796634162311,-354999.97786772897234
0.42012640607327306208,443.89951740766252897,-355443.87863018520875,-354999.97911277756793
0.42070399194576119095,444.94351947078945386,-355444.92244443367235,-354999.97892496286659
0.42128153083578795401,446.15459577920347556,-355446.13408715021797,-354999.97949137102114
0.42185915859529193872,447.52304179763439151,-355447.50256302428897,-354999.97952122666175
0.42243702355686257865,449.01651110184940308,-355448.99659978807904,-354999.98008868622128
0.42301528544646849195,450.52387532697122197,-355450.50416260655038,-354999.98028727958445
0.42359412021941866833,452.02970631262729739,-355452.00996329914778,-354999.98025698651327
0.42417372539530384667,453.45047823154197886,-355453.43293810455361,-354999.98245987301925
0.42475437886037131774,454.65596921048057766,-355454.63854032428935,-354999.98257111379644
0.42532999402439392034,455.60925670448438041,-355455.59187294828007,-354999.98261624376755
0.4258902625510074258,456.38843678348007415,-355456.37106595677324,-354999.98262917331886
0.42643773424030795294,456.98424591567982134,-355456.96692330902442,-354999.98267739336006
0.42697449806529336191,457.38442638550947095,-355457.36699711869005,-354999.98257073317654
0.42750228229434356075,457.57041299939112378,-355457.55293927667663,-354999.98252627730835
0.42802253224002201337,457.56621310921303802,-355457.54999135050457,-354999.9837782412651
0.42853646847277965248,457.33589989924030306,-355457.31971834605793,-354999.98381844680989
0.42904512866377941815,456.95304186418491099,-355456.9368520762655,-354999.98381021205569
0.42954939997865226875,456.42487505581749474,-355456.40871283935849,-354999.98383778356947
0.43005004636805499452,455.71529797365667491,-355455.69931617041584,-354999.98401819675928
0.43054772990569412094,454.90803255559592344,-355454.89203771977918,-354999.98400516418042
0.4310430265927474025,454.00125900701408455,-355453.98610440443736,-354999.98484539741185
0.43153643720118500804,452.9947894570545941,-355452.97967232583323,-354999.98488286876818
0.43202839877824106285,451.8949494366921158,-355451.88019651779905,-354999.98524708108744
0.43251999554654330105,450.72506222562378753,-355450.7092470623902,-354999.98418483679416
0.4330113956905918271,449.56653507125702163,-355449.55070585478097,-354999.98417078354396
0.43350274889378714871,448.46801932370760824,-355448.45217656460591,-354999.98415724089136
0.43399418406247497471,447.44917972818660701,-355447.4333307108609,-354999.9841509826947
0.43448582193793111594,446.52347991036555186,-355446.50761332944967,-354999.98413341905689
0.43497777042991614405,445.70904480274515436,-355445.69316978991264,-354999.98412498715334
0.43547012671106832826,445.01794765623657213,-355445.00206691113999,-354999.9841192549211
0.43596297943020606569,444.45779580334442471,-355444.44191270694137,-354999.98411690362263
0.43645641012213670651,444.03159016740107745,-355444.01570718741277,-354999.98411702003796
0.43695049444995787136,443.71045451759482603,-355443.69479063869221,-354999.98433612112422
0.43744530385864105471,443.50951756717716989,-355443.49386111821514,-354999.98434355104109
0.4379409073006127473,443.40833929844131944,-355443.39298431633506,-354999.9846450178884
0.43843737144192485022,443.40904708786553101,-355443.39370118000079,-354999.98465409211349
0.43893476095697409045,443.49793238409125706,-355443.48260954482248,-354999.98467716074083
0.43943313900757602353,443.6522429982576341,-355443.63674181629904,-354999.98449881805573
0.43993256932894975186,443.87023506883616619,-355443.85491054703016,-354999.98467547819018
0.44043311806724039226,444.1138046820453269,-355444.09814994264161,-354999.98434526060009
0.4409348540219610868,444.38739629081749172,-355444.37175314471824,-354999.98435685387813
0.44143785219912207163,444.67058614544868078,-355444.65526047820458,-354999.98467433277983
0.44194219798662476295,444.89243100419082566,-355444.87684853258543,-354999.98441752837971
0.44244799399057554989,445.08440756740787947,-355445.06882610369939,-354999.98441853630356
0.44295536197019741431,445.23678286713027319,-355445.2212092296686,-354999.98442636255641
0.44346445121329908234,445.32970702975291033,-355445.31389748351648,-354999.98419045377523
0.4439754539932935784,445.33188923116483693,-355445.31608203490032,-354999.98419280373491
0.44448859828683551232,445.25031267204059304,-355445.23479107161984,-354999.98447839956498
0.44500430070238611302,445.03614725408328923,-355445.02105205220869,-354999.98490479809698
0.44552313728726683495,444.74337921670979767,-355444.72827718616463,-354999.98489796946524
0.44604536920881948658,444.37793757213063373,-355444.36300518503413,-354999.985067612899
0.44657121313883596514,443.92648181698552889,-355443.91335084597813,-354999.98686902900226
0.44710084360986973584,443.33595548064909053,-355443.32282207673416,-354999.98686659609666
0.44763440060142256627,442.70224344457011512,-355442.68941057531629,-354999.98716713074828
0.44817199946993874216,441.95468310904567488,-355441.94259935454465,-354999.98791624547448
0.44871373657674151758,441.0698768966959733,-355441.05780162371229,-354999.98792472702917
0.44925968687637690691,440.14620806903621997,-355440.13412998494459,-354999.98792191589018
0.44980990282509797362,439.17014866251588501,-355439.15786654013209,-354999.98771787760779
0.45036441864790660583,438.14854887479913259,-355438.1362635482219,-354999.98771467345068
0.45092325366874957959,437.10051384889487736,-355437.0882238788181,-354999.98771002993453
0.45148641181078463802,436.00826496387128373,-355435.99598829040769,-354999.98772332654335
0.4520538816619651401,434.84675977227720978,-355434.83444061386399,-354999.98768084158655
0.45262564002127064766,433.62210109182979068,-355433.609192442731,-354999.98709135089302
0.4532016540543977734,432.35831391552176228,-355432.34540209971601,-354999.98708818422165
0.45378188338393277146,431.05340494551967367,-355431.03908762929495,-354999.98568268376403
0.45436628222053299098,429.67130793225084062,-355429.65771494142246,-354999.98640700918622
0.45495480485828421191,428.2267674317293995,-355428.21332127269125,-354999.98655384097947
0.45554742445311108279,426.71192190411693446,-355426.69803559302818,-354999.98611368890852
0.4561441435375130915,425.18279599682557546,-355425.16890787088778,-354999.98611187405186
0.45674499855914818536,423.66112598398325417,-355423.64723611238878,-354999.98611012840411
0.45735006448410892022,422.15293990601230689,-355422.13904625014402,-354999.98610634414945
0.45795945592569853311,420.66665631231984435,-355420.65275767398998,-354999.98610136169009
0.45857329697611987074,419.21210928760541492,-355419.19820747530321,-354999.98609818768455
0.45919170426681327202,417.78964988765949329,-355417.77573239372578,-354999.98608250607504
0.45981478864316183142,416.37258248080485146,-355416.35878349898849,-354999.98620101821143
0.46044265684790680604,414.99510683753049989,-355414.9813019966823,-354999.9861951591447
0.46107541298942639196,413.64564642612532452,-355413.63170952920336,-354999.98606310307514
0.46171316728768851956,412.35348130727879834,-355412.33953675732482,-354999.9860554500483
0.46235606806966400573,411.1416059542850121,-355411.12744922150159,-354999.98584326723358
0.46300427666395799209,409.97138734121091375,-355409.95722748280969,-354999.9858401415986
0.46365796427657518519,408.86615057966292852,-355408.85121468047146,-354999.98506410082337
0.4643180255476389573,407.83364963706469553,-355407.81871262530331,-354999.98506298824213
0.46498561180371988932,406.86573765964118365,-355406.85096136806533,-354999.98522370844148
0.46566119073964729047,405.99481377787014935,-355405.98004084604327,-354999.98522706818767
0.46634525735087511977,405.23733088175430339,-355405.22305499896174,-354999.98572411719942
0.46703832902754482959,404.51980555257665628,-355404.50471149053192,-354999.9849059379776
0.46774093835669050545,403.90244459266716603,-355403.88735800259747,-354999.98491340992041
0.46845362700493298203,403.31726309190389657,-355403.30176713765832,-354999.98450404574396
0.46917693924647596582,402.75529105045086453,-355402.73980355571257,-354999.98451250523794
0.4699114113642399726,402.27520876731563249,-355402.26013626949862,-354999.98492750216974
0.47065756112502277198,401.82408586414481988,-355401.80780672444962,-354999.98372086032759
0.47141587418560604306,401.39777817175001928,-355401.3817370616016,-354999.98395888984669
0.47218678851065076785,401.02365616308213703,-355401.00761212554062,-354999.98395596246701
0.47294620317598673465,400.73008962889616669,-355400.71402198029682,-354999.98393235140247
0.47368859335139962274,400.49775357637952311,-355400.481718401541,-354999.98396482516546
0.47441721661293634327,400.35742831824177301,-355400.34138927859021,-354999.9839609603514
0.4751347563464228263,400.29411170332042502,-355400.2769442240824,-354999.98283252073452
0.47584345183969367632,400.2403001839338117,-355400.22144441411365,-354999.9811442301725
0.47654519395621391942,400.22910071902913387,-355400.2102468732046,-354999.98114615416853
0.47724159715576552898,400.30766695379293196,-355400.28876379411668,-354999.98109684034716
0.47793405262471749806,400.39992565133741209,-355400.38020612497348,-354999.98028047365369
0.47862579520472237071,400.51574472854082387,-355400.49640122742858,-354999.98065649886848
0.47931742206909239146,400.65937630495795929,-355400.63989667320857,-354999.98052036826266
0.48000947719424852389,400.83971836454759341,-355400.82024193671532,-354999.98052357218694
0.48070249970971334896,401.0330144754203161,-355401.01349712710362,-354999.98048265167745
0.48139701524223721396,401.19539225466974131,-355401.17588379274821,-354999.98049153806642
0.48209354810697147009,401.35245443536308585,-355401.33321898512077,-354999.98076454974944
0.4827926333284400795,401.45536644935617687,-355401.4358712984249,-354999.98050484905252
0.48349482912662467005,401.53750965141637153,-355401.51711309904931,-354999.97960344766034
0.48420073016708364833,401.50610903456703227,-355401.48406467889436,-354999.97795564430999
0.48491160155884455163,401.35509715949314113,-355401.33330903644674,-354999.97821187693626
0.48563049804477004256,401.12573641298962457,-355401.10374128684634,-354999.97800487384666
0.48635903497604759949,400.78954447625403645,-355400.76603219786193,-354999.97648772160755
0.48709911253406235065,400.34157055807565939,-355400.31805440317839,-354999.97648384509375
0.48785298812273453217,399.7846886897007721,-355399.76213586854283,-354999.97744717885507
0.48862337050365528546,399.15782822213043346,-355399.13524104480166,-354999.97741282265633
0.48941354345468546239,398.46586365068003488,-355398.44372962327907,-354999.97786597261438
0.49021747703905349525,397.73822049302532378,-355397.7160749581526,-354999.97785446513444
0.49102181187939902829,397.04477731190587519,-355397.02259535819758,-354999.97781804628903
0.49182729131864832972,396.38408789407043287,-355396.36186497914605,-354999.97777708509238
0.49263464763993458639,395.76825576190066158,-355395.74617512116674,-354999.97791935928399
0.49344462015914714037,395.22199484649053147,-355395.19973000953905,-354999.97773516306188
0.49425797113973068964,394.72680297846613939,-355394.70468728797277,-354999.97788430948276
0.4950755033678671535,394.31521967338909462,-355394.29305085376836,-354999.97783118038205
0.495898078646238194,394.00382305830919449,-355393.98165837931447,-354999.97783532098401
0.49672663642210079793,393.75158207483048045,-355393.72859852272086,-354999.97701644786866
0.49756493139697666184,393.56035261543900106,-355393.53716401779093,-354999.97681140236091
0.49841658635485308615,393.40801507751808685,-355393.3849277915433,-354999.97691271401709
0.49928432198957939381,393.31568976178414232,-355393.29261266347021,-354999.97692290169653
0.50017138287202045355,393.2441592775790582,-355393.22170293156523,-354999.9775436539785
0.50107341791724369084,393.10863100534561454,-355393.08510653336998,-354999.97647552803392
0.50194955622391135286,392.95510473291437847,-355392.93165249167942,-354999.97654775879346
0.5027957190717696756,392.78122697888045423,-355392.75774359167553,-354999.97651661280543
0.50361784617076899018,392.54257240179015298,-355392.51928976585623,-354999.976717364043
0.50442063880335197279,392.22177142968700991,-355392.1984973535873,-354999.97672592388699
0.50520789697531176543,391.81915825008468346,-355391.79601463489234,-354999.97685638483381
0.50598273996237885797,391.366205844185572,-355391.34306998620741,-354999.97686414199416
0.50674776357584028208,390.87698193735764107,-355390.85384021757636,-354999.97685828019166
0.5075051552332311422,390.34371606078917694,-355390.31893351208419,-354999.97521745128324
0.50825677988157524911,389.709224751830277,-355389.68505018699216,-354999.97582543519093
0.50900600022544018053,389.03558340115273495,-355389.01140238693915,-354999.9758189857821
0.50975462962713946613,388.35578037241299398,-355388.33147048973478,-354999.97569011733867
0.5105033472356209634,387.696829442630019,-355387.67251544177998,-354999.97568599914666
0.51125279529803924206,387.06808874125442799,-355387.04356526001357,-354999.97547651873901
0.51200359892520486138,386.45978712180647108,-355386.43525873316685,-354999.97547161136754
0.51275636842923133507,385.89632676643338982,-355385.87179693637881,-354999.97547016997123
0.51351171352740543341,385.35847566861633595,-355385.33365796692669,-354999.97518229833804
0.51427025781306245911,384.85841047195526698,-355384.83359247643966,-354999.97518200450577
0.5150326536070550798,384.40395168097052192,-355384.37913464324083,-354999.97518296225462
0.51579959779756734406,383.99293440446439263,-355383.96810718905181,-354999.9751727845869
0.5165718495126804255,383.54561024812591086,-355383.52078360255109,-354999.9751733544399
0.51735248830061175696,383.0946095795667361,-355383.06978916050866,-354999.97517958091339
0.51814447602899049716,382.6401605379172679,-355382.61651814589277,-354999.97635760798585
0.51895006638081675465,382.11905516298463681,-355382.09565407573245,-354999.97659891273361
0.51977194919035962783,381.59650128251274737,-355381.57309924485162,-354999.97659796231892
0.52061336971495164594,381.02448307981313746,-355380.99974180280697,-354999.97525872301776
0.52147828682164232283,380.433395118192891,-355380.40865105355624,-354999.97525593533646
0.52236122229429815533,379.86549685584998315,-355379.84074971021619,-354999.97525285434676
0.52324391301041017766,379.29052027181978701,-355379.26524441561196,-354999.97472414380172
0.52412733179644965809,378.70581743616190806,-355378.68082951218821,-354999.97501207602909
0.52501244059947260734,378.13519624374015393,-355378.11001464509172,-354999.97481840132969
0.52590017708903635807,377.57676361098140205,-355377.55080961418571,-354999.97404600318987
0.52679147680401372522,377.03648840737980663,-355377.01054900430609,-354999.9740605968982
0.52768729191800578526,376.53196849315520467,-355376.50618860119721,-354999.97422010806622
0.52858861075153662501,376.09133423378415273,-355376.06554937834153,-354999.97421514458256
0.52949647845420777514,375.71526451898347432,-355375.68928565765964,-354999.97402113868156
0.53041108636252609632,375.43732278321374451,-355375.41134527593385,-354999.97402249270817
