# Fix print output for fix printe
0.2003086557402322665,999.90960851930151421,-355999.88018753426149,-354999.97057901497465
0.20061732542276966562,999.60941095228292852,-355999.58002535148989,-354999.97061439917888
0.20092604145244616354,999.07577234871826022,-355999.04629751679022,-354999.97052516805707
0.20123483992832089107,998.39462093567499323,-355998.36509508028394,-354999.97047414461849
0.20154374375125341801,997.63008821515018099,-355997.60056201042607,-354999.97047379525611
0.20185276596633872082,996.76760822732364886,-355996.73819334886502,-354999.97058512154035
0.20216192192904375302,995.73179266051488412,-355995.70227373333182,-354999.97048107284354
0.20247123877810729864,994.5956517854476715,-355994.56611241656356,-354999.97046063112793
0.20278073243543087711,993.39402535432986951,-355993.36451020953245,-354999.97048485517735
0.20309041349486203765,992.09981907476174001,-355992.07034681702498,-354999.97052774229087
0.20340029687834298988,990.48172372922044815,-355990.45439612312475,-354999.97267239389475
0.20371043398065180607,988.48111111183800404,-355988.45385746040847,-354999.97274634859059
0.20402088602094220482,986.00891625056794965,-355985.9696033084183,-354999.96068705787184
0.20433172921945810807,982.60362815649284585,-355982.564474838553,-354999.96084668207914
0.20464311467669138445,978.23780178199376678,-355978.19884519325569,-354999.96104341128375
0.20495520157298649511,972.67340767549956126,-355972.63469351164531,-354999.96128583612153
0.20526819295966206025,965.6144355481551429,-355965.576031298202,-354999.96159575006459
0.20558234937821134869,956.6837525240728155,-355956.6457390319556,-354999.96198650787119
0.20589800949401054764,945.40735754487866416,-355945.36981877835933,-354999.96246123348828
0.20621561948418062893,931.22683354485877771,-355931.18975716817658,-354999.96292362333043
0.20653577191447991535,913.64129450893267403,-355913.60438409011113,-354999.96308958117152
0.20685924062677488178,892.59887754350177147,-355892.56134067528183,-354999.96246313175652
0.20718697596236854142,869.17328123860829692,-355869.13377309055068,-354999.96049185196171
0.20752000111729473897,846.33360526274907443,-355846.29065172770061,-354999.95704646495869
0.20785913643462733402,829.13987628146196585,-355829.09314324241132,-354999.95326696097618
0.20820453233479682686,823.22458410659066885,-355823.17617496848106,-354999.95159086189233
0.20855522499489367871,831.46428426924012456,-355831.41795801126864,-354999.95367374201305
0.20890919163387336455,851.58683467331945849,-355851.54485805617878,-354999.95802338287467
0.20926408906263427312,877.6730367095432257,-355877.63524243887514,-354999.96220572933089
0.20961805654719209424,903.66689197091386632,-355903.63143886788748,-354999.96454689698294
0.20997025205442410023,925.89193539966186108,-355925.85705848649377,-354999.96512308681849
0.21032055392016318907,943.13554193455752284,-355943.1003119374509,-354999.96477000287268
0.2106692176470292277,955.5375041308902837,-355955.50095472938847,-354999.96345059847226
0.21101665218451240436,963.31011286926695902,-355963.27317282254808,-354999.96305995329749
0.21136339101566167797,967.07359960876624427,-355967.03658430965152,-354999.96298470086185
0.21170996948295101037,966.90534424286863668,-355966.86871540453285,-354999.96337116166251
0.21205699442934949905,962.32073909608118356,-355962.28515018941835,-354999.96441109332955
0.21240529476652630914,951.95834959162766609,-355951.92826084652916,-354999.96991125488421
0.21275610700150227039,933.22475801534847051,-355933.18885699380189,-354999.96409897843841
0.21311143962573983468,902.33345491882244005,-355902.30247668689117,-354999.96902176807635
0.21347471328856804096,853.39771773175732505,-355853.37156438501552,-354999.97384665324353
0.21385226742861396243,781.13675730555883092,-355781.1071732059936,-354999.97041590046138
0.21425649781684391604,691.03456040016851603,-355690.98133909376338,-354999.94677869358566
0.21471297558101440361,624.19764049950845219,-355624.10257508419454,-354999.904934584687
0.2152760412631427589,666.92670671726955334,-355666.87802427564748,-354999.9513175583561
0.21580631134632374812,779.12043645467599617,-355779.12941565806977,-355000.00897920341231
0.21624326270925284255,856.03792895079527625,-355856.04791831690818,-355000.00998936610995
0.21664611839923958447,900.72308501090742539,-355900.72592879965669,-355000.00284378876677
0.21703319691531106073,924.64685896183380009,-355924.64406102668727,-354999.99720206484199
0.21741220835899671693,935.84124131614601083,-355935.83472266013268,-354999.99348134396132
0.21778690575835321641,939.20935413376309953,-355939.20068047381938,-354999.99132634006673
0.21815925894809881647,937.58594161669645928,-355937.57600587507477,-354999.99006425839616
0.21853036859054511543,932.64620433450625114,-355932.63545449287631,-354999.98925015836721
0.21890088885844014022,925.33170476030295504,-355925.31584112090059,-354999.98413636058103
0.21927127848122593412,916.36716683701808961,-355916.35210474650376,-354999.98493790946668
0.21964188117372993037,906.70603090123358925,-355906.68018821114674,-354999.97415730991634
0.2200129470368272222,896.82680965696374642,-355896.8006693397183,-354999.97385968273738
0.22038477530853931019,887.40641657329820191,-355887.3800732094096,-354999.97365663613891
0.2207576769868836164,878.8103126564175227,-355878.78429611038882,-354999.97398345399415
0.22113204012976822588,870.89225980912692648,-355870.86682142014615,-354999.97456161101582
0.2215083918218074821,863.15910283991195229,-355863.13426774449181,-354999.97516490460839
0.22188747970077377092,854.76531248954574949,-355854.74146133149043,-354999.97614884196082
0.22227030127111982449,844.4904859775742807,-355844.46759591333102,-354999.97710993577493
0.22265822465571177835,831.16924697026342983,-355831.14663442451274,-354999.97738745424431
0.22305310510331843865,814.61646991894008352,-355814.59258913132362,-354999.97611921239877
0.22345726919973499247,796.85664832161091908,-355796.82935739995446,-354999.97270907834172
0.22387316690084926862,783.0036918171929301,-355782.97184711508453,-354999.96815529791638
0.22430241409001555608,779.99091795851279585,-355779.95678355835844,-354999.96586559986463
0.22474432734962451752,791.91769801075213309,-355791.88647966086864,-354999.96878165012458
0.22519520724944044887,815.59599198038870327,-355815.57086885487661,-354999.97487687447574
0.22564990563622519537,842.66215086562533543,-355842.64140457706526,-354999.97925371141173
0.22610437702796035153,866.1292275989163727,-355866.10982576408423,-354999.98059816518798
0.22655679232376202403,883.17525854159612209,-355883.15523476153612,-354999.97997621994
0.22700687135132130434,893.94980696820141475,-355893.92123783065472,-354999.97143086243887
0.22745497203111722517,899.7158221701650973,-355899.68606949294917,-354999.97024732280988
0.22790161819778120833,902.00981707473749793,-355901.96860577253392,-354999.95878869778244
0.22834735256562532779,901.45136607206507051,-355901.40139420377091,-354999.95002813171595
0.22879291047472002929,898.74678587984942624,-355898.69686715438729,-354999.95008127455367
0.22923901680784397605,893.98644112040028631,-355893.93349406530615,-354999.94705294491723
0.22968665251034967034,886.45177570712394299,-355886.39948167250259,-354999.94770596537273
0.2301372294740021418,874.81030726422159205,-355874.7518588763196,-354999.94155161210801
0.23059284154119141785,856.83074364158358094,-355856.7699281994137,-354999.93918455782114
0.23105697255483320651,829.74898005853629002,-355829.69049664662452,-354999.94151658809278
0.23153549602815254316,790.8613355276548873,-355790.80305348680122,-354999.94171795912553
0.23203879093284254798,740.73242343805691235,-355740.66701279545669,-354999.93458935740637
0.23258560326974350718,691.12657396957149558,-355691.04409947118256,-354999.91752550163073
0.23320843869869939402,671.58827358159180676,-355671.49995615408989,-354999.91168257250683
0.23395040722775384268,705.97368695256454885,-355705.92273041815497,-354999.94904346560361
0.23460849634886982162,749.94905074056578087,-355749.90968744037673,-354999.96063669980504
0.23518664283576620755,778.8711144512132023,-355778.82835132308537,-354999.95723687188001
0.23573127128814108655,797.46238564788291114,-355797.41554311255459,-354999.95315746468259
0.23625953565252094668,811.36505958727082088,-355811.31521129526664,-354999.95015170797706
0.23677934729472391306,824.28696245447076763,-355824.23779599508271,-354999.95083354058443
0.23729476663869764064,837.8320404289469252,-355837.78268250753172,-354999.95064207859104
0.23780799608941147194,851.84586744999580787,-355851.79666577035096,-354999.95079832035117
0.2383203075074525612,865.04744568419880579,-355864.98394751525484,-354999.9365018310491
0.23883253499434173306,876.26864022872166515,-355876.20576593279839,-354999.93712570407661
0.23934518353972555893,884.44865498570482032,-355884.37366191856563,-354999.92500693287002
0.23985871045739828866,888.58192538108335157,-355888.50707241997588,-354999.92514703888446
0.24037385945513858876,888.41827002437901228,-355888.34723653667606,-354999.92896651232149
0.24089144017011021592,883.4629582373120229,-355883.39683326368686,-354999.93387502635596
0.24141265821966403915,873.08121829362971766,-355873.0153807104216,-354999.93416241678642
0.24193940114531009566,856.81609211690738448,-355856.75357341038762,-354999.93748129345477
0.24247445674917722513,833.8934502489356646,-355833.83153901225887,-354999.9380887633306
0.24302216545023602734,803.8091013105699858,-355803.74171087058494,-354999.93260956002632
0.2435894636760441434,766.87475010448144985,-355766.804769988521,-354999.93001988402102
0.24418728374475218157,727.23865097492716814,-355727.15660826134263,-354999.91795728640864
0.2448316344745443407,695.61295372677136584,-355695.52362639753846,-354999.91067267075414
0.24554086815515280273,685.99018424914822845,-355685.90360860095825,-354999.91342435183469
0.24632180705416106825,701.12832255439161599,-355701.05566050577909,-354999.9273379513761
0.24715300163921985477,725.57468311375794201,-355725.50939190923236,-354999.93470879545202
0.24789766211807293117,743.53836595238965401,-355743.4731288907351,-354999.93476293835556
0.24860044156686489369,756.20812834689184001,-355756.1407253947109,-354999.93259704782395
0.24928273648760895798,766.46294601186207274,-355766.39373213984072,-354999.93078612798126
0.24995460302194530411,776.43795649919672996,-355776.36754457838833,-354999.92958807921968
0.25062140127095267061,787.34438606559479013,-355787.27357898803893,-354999.92919292242732
0.25128612801535216148,799.05393764749430829,-355799.0130313259433,-354999.95909367845161
0.25195101862821367433,810.95063541937304308,-355810.91134042741032,-354999.96070500800852
0.25261773979186408212,822.10020124140805819,-355822.06002233235631,-354999.95982109097531
0.2532876212491641521,831.18853677531740232,-355831.15270625648554,-354999.96416948118713
0.25396220989489448616,837.07100131465847426,-355837.03860110102687,-354999.96759978635237
0.25464332048843074663,838.73558915297041949,-355838.70769142883364,-354999.97210227587493
0.25533329965698464692,835.7869897778404038,-355835.76404404372443,-354999.97705426590983
0.25603535113010056357,828.70977282103854122,-355828.68628114357125,-354999.97650832252111
0.25675253420034405138,818.0119310229462144,-355817.98542013711995,-354999.97348911419977
0.25748759939812887465,804.00819064292215899,-355803.98494946456049,-354999.97675882163458
0.2582425907038455315,787.63505777893408322,-355787.61169653298566,-354999.97663875407306
0.25901859151415002058,769.08495858503090403,-355769.06183825159678,-354999.9768796665594
0.25981611241866570117,748.61108105643234012,-355748.58059077564394,-354999.9695097192307
0.26063606233767283582,727.26569701009429991,-355727.23068649542984,-354999.96498948533554
0.26148052443723102112,707.39263414667175311,-355707.34831012488576,-354999.95567597821355
0.26235251657089964095,692.67641483019008319,-355692.62979534536134,-354999.95338051515864
0.26325434954491472306,686.41571232030855754,-355686.36914091685321,-354999.9534285965492
0.264185132627586583,690.0820611566335856,-355690.03737715806346,-354999.95531600143295
0.26513957775003721418,701.68912453613609159,-355701.64712968585081,-354999.95800514973234
0.26610994340716037643,717.25542834834902806,-355717.21575135266175,-354999.96032300428487
0.26708871980593451578,732.74914341558985598,-355732.7127799942391,-354999.96363657864276
0.26807089832651093131,745.26204092980913174,-355745.22400933963945,-354999.96196840982884
0.26905449611474313576,753.60711614620811361,-355753.56353686994407,-354999.95642072375631
0.27003961893821837315,758.47264490028112505,-355758.42804030817933,-354999.95539540791651
0.27102756873515676528,760.22889412640790852,-355760.20278049446642,-354999.97388636803953
0.27202211214298815944,759.13441778033597984,-355759.10971045301994,-354999.9752926726942
0.27302919835664479775,755.12592958056063708,-355755.11418069328647,-354999.98825111275073
0.27405713759207933622,746.74169439254967529,-355746.73731640109327,-354999.99562200851506
0.27512004611609364169,731.97987983823622926,-355731.98132937040646,-355000.00144953216659
0.2762427984765127853,710.20321210231782061,-355710.20156433747616,-354999.99835223518312
0.27740298933573331874,683.62081312747443462,-355683.6271379548707,-355000.00632482738001
0.27858465776895996457,658.5738569050785145,-355658.58220236288616,-355000.00834545778343
0.27979988897948410154,641.64597170706792895,-355641.6552020063973,-355000.00923029932892
0.28106680259002797539,635.22885895940066803,-355635.25409374211449,-355000.02523478271905
0.28237074634492237424,637.83398011135057004,-355637.85534972848836,-355000.02136961714132
0.28355202109383720321,645.4879374269460186,-355645.5129407326458,-355000.02500330569455
0.28466740817140345765,655.34694627072724415,-355655.36918283905834,-355000.02223656832939
0.28574971504388685384,666.00977962915555963,-355666.03248221433023,-355000.02270258514909
0.28681650619355236742,676.35177090085176133,-355676.37555009627249,-355000.02377919544233
0.28787756843816519892,685.1603069381151272,-355685.17708355898503,-355000.01677662087604
0.28893926844698825107,691.84307711499013749,-355691.85752282373141,-355000.01444570871536
0.29000472996628773314,695.49744851976777227,-355695.52016409102362,-355000.02271557127824
0.29104348524890794048,695.42357625311512948,-355695.44755121262278,-355000.02397495950572
0.29206779612750266573,692.7496639935877738,-355692.78079360252013,-355000.03112960892031
0.293088779342777217,687.02588203760740271,-355687.06377201416763,-355000.0378899765783
0.29411692155871227428,678.74755887386345421,-355678.78664431534708,-355000.03908544150181
0.29516462732020148918,667.70356141167735586,-355667.74414157960564,-355000.04058016790077
0.2962487678947970382,654.70471447004865695,-355654.74854794831481,-355000.0438334782375
0.29738884203438126219,640.81569287102047383,-355640.85433274559909,-355000.038639874605
0.29860830868306825758,628.43712889373750841,-355628.4717039730167,-355000.03457507927669
0.29992717663312951082,620.5466031638492268,-355620.5816254063393,-355000.03502224251861
0.30134443206892147504,618.76998751855194314,-355618.8116132094874,-355000.04162569093751
0.30283338728728409484,622.25062573771253938,-355622.29479492350947,-355000.04416918579955
0.30426240022034845012,627.65055882120782371,-355627.69202922587283,-355000.04147040465614
0.30561536552720203197,633.11145571245879182,-355633.14839539700188,-355000.03693968453445
0.30693224392723872374,638.04503441198198743,-355638.08397644915385,-355000.03894203715026
0.3082334963284263929,642.24224512107321061,-355642.27691930986475,-355000.03467418882065
0.30953288719215854563,645.74735291195509035,-355645.78518078284105,-355000.03782787086675
0.31084173394753628061,648.46546051989355419,-355648.50543246837333,-355000.03997194848489
0.31217160979077579475,650.22724118699443352,-355650.2608955676551,-355000.03365438064793
0.31353749307472900121,650.47224327084018114,-355650.50204104487784,-355000.02979777404107
0.31492310723680805307,649.36513543431260587,-355649.39041867625201,-355000.02528324193554
0.31631822356695360465,646.57772781257324368,-355646.60768202587496,-355000.02995421329979
0.31773129784850745461,642.23535455892192658,-355642.26966048165923,-355000.03430592274526
0.31917027412526466357,636.69237421043726499,-355636.71469524770509,-355000.02232103724964
0.32064472089556944612,630.69012465995228922,-355630.71966927987523,-355000.02954461990157
0.3221696623515872826,623.86135246821811506,-355623.88559175492264,-355000.02423928672215
0.32376817511607092204,615.75278353349233385,-355615.79045447101817,-355000.03767093754141
0.325468707914104316,606.58320564405221376,-355606.62498327839421,-355000.04177763435291
0.32718097170468429802,597.00669326576883122,-355597.05071329325438,-355000.0440200275043
0.32888491947864650911,587.09963210911030274,-355587.14757318445481,-355000.0479410753469
0.33058193262400753509,577.14945779192885311,-355577.19767212995794,-355000.04821433802135
0.33227359599680728053,568.75103450246206194,-355568.78196464071516,-355000.03093013825128
0.33396139487881759678,565.20148820939050438,-355565.22392906615278,-355000.02244085678831
0.33564645247631846869,568.02294908789497185,-355568.05871689016931,-355000.03576780227013
0.33732965158133165762,574.54450967420962115,-355574.5849661064567,-355000.04045643226709
0.33901188739367488223,581.02150192206795509,-355581.06128630635794,-355000.03978438430931
0.3406940218843730328,585.4367832925561288,-355585.47044425387867,-355000.03366096131504
0.3423768976197673064,587.3228176897200683,-355587.35817080445122,-355000.03535311471205
0.34406134991108494603,587.57477719996438736,-355587.58591882622568,-355000.01114162628073
0.34574817253705497633,586.37793386961118358,-355586.36451248708181,-354999.98657861747779
0.34743833311826333166,584.27128193151509095,-355584.26804780156817,-354999.99676587007707
0.34913305000052857752,581.53887679981767178,-355581.53417118417565,-354999.9952943843673
0.35083350695656512208,578.16264557477779817,-355578.15477106918115,-354999.99212549440563
0.35254038788020602979,573.94835651836183388,-355573.92263025860302,-354999.97427374025574
0.35425396671212955324,568.82837904710027033,-355568.80528229282936,-354999.97690324572613
0.35597467802915022661,562.9324036274978198,-355562.91705992619973,-354999.9846562987077
0.3577040765512134457,556.89249363960948358,-355556.88024976220913,-354999.98775612260215
0.3594430867888765424,551.55489616189436219,-355551.53849059570348,-354999.98359443381196
0.3611906736553185393,547.0524713709014577,-355547.03325522807427,-354999.98078385717236
0.36294495066671056405,543.80749322263386603,-355543.77894924458815,-354999.9714560219436
0.36470379469781921689,542.2606477943028267,-355542.22650621866342,-354999.96585842437344
0.36646532668585884984,541.64538899784599835,-355541.61070257687243,-354999.96531357901404
0.36822827430799770498,541.74869629954173433,-355541.71311226271791,-354999.96441596315708
0.36999250949604478578,541.94266447169081857,-355541.91451117623365,-354999.9718467045459
0.37176010714167662119,541.22762835674950566,-355541.18531871173764,-354999.9576903549605
0.37353476837877275241,539.4013270055565954,-355539.36053991084918,-354999.95921290531987
0.37532083751092287782,535.77419045916121831,-355535.73026886821026,-354999.95607840904268
0.37713481497610451543,530.94286505060858872,-355530.8917312566191,-354999.94886620598845
0.37899050235041958912,525.25688008000429363,-355525.21491372038145,-354999.9580336404033
0.38090646423300889012,519.06447179530016456,-355519.02801216428634,-354999.96354036900448
0.38290683168529676683,512.61808538539446545,-355512.56971597520169,-354999.95163058978505
0.38502060374351915195,507.09856935700980785,-355507.04830962477718,-354999.94974026776617
0.3872775908467966377,503.26209042979076003,-355503.21366606478114,-354999.95157563500106
0.38967703254277591407,501.52351484784395552,-355501.48236193123739,-354999.95884708338417
0.39204733553963538872,501.52429193597879475,-355501.49235214095097,-354999.96806020499207
0.39435244001351804632,499.94655348644153037,-355499.91224717558362,-354999.96569368912606
0.39665415590481317709,495.78952008690527009,-355495.760514595313,-354999.97099450841779
0.39898399114210914007,488.8562931629353443,-355488.82264809776098,-354999.96635493484791
0.40137431914454224646,479.9217277576706806,-355479.87455294211395,-354999.95282518444583
0.40380545513202131813,470.66195880159034459,-355470.61703707178822,-354999.95507827016991
0.40612994154241455202,463.86057666363086582,-355463.81381928845076,-354999.95324262481881
0.40832399099755195548,459.20886972471720355,-355459.16428482875926,-354999.95541510405019
0.41043611895082754426,455.02420557886472352,-355454.97004123241641,-354999.94583565357607
0.41253632737778567208,450.69629693159123462,-355450.63682068465278,-354999.9405237530591
0.41469397497210341852,446.2412825278706805,-355446.18043252144707,-354999.93914999358822
0.4169995198177180451,442.83849204826975665,-355442.79169678973267,-354999.95320474146865
0.41932275821508430136,442.91638671811529093,-355442.868383647874,-354999.95199692976894
0.4216354963871223327,446.93663669439769137,-355446.91055503953248,-354999.97391834511654
0.42394750372598505317,452.83649721563858748,-355452.8079281692626,-354999.97143095365027
0.42626848896988145388,456.74034967932260543,-355456.71674740017625,-354999.97639772086404
0.42841603482897372412,457.37435586518409991,-355457.35674658918288,-354999.98239072400611
0.43044651020770491323,455.12436262255147312,-355455.10007592453621,-354999.97571330197388
0.43242257404711992308,451.13858687952983928,-355451.11942276725313,-354999.98083588771988
0.43438300156989134715,446.94867491937321802,-355446.92877425206825,-354999.9800993326935
0.4363454740876180904,444.34961527116035995,-355444.32940122811124,-354999.97978595696623
0.4383163178944933791,443.58561321393773369,-355443.56475876015611,-354999.97914554621093
0.44030019389151708875,444.17690500187029556,-355444.15598109242273,-354999.97907609055983
0.44230118439967702759,445.10516042086135258,-355445.07782834750833,-354999.9726679266314
0.44432415848920159274,445.26976275913159498,-355445.24755869584624,-354999.97779593669111
0.44637892476858020974,443.97556523079617818,-355443.94618570769671,-354999.97062047687359
0.44848770657542574858,441.17267922354699294,-355441.14316809060983,-354999.97048886708217
0.45066020422639818666,437.25480985603940098,-355437.21954127633944,-354999.96473142027389
0.45290010389065393781,432.59429070178953225,-355432.55633500393014,-354999.96204430214129
0.45520703210987117915,427.14965961846803566,-355427.12027352151927,-354999.97061390307499
0.45757854475097525793,421.16818961548040079,-355421.13292007875862,-354999.96473046328174
0.46001600246850304909,415.5754396731577458,-355415.54173332301434,-354999.96629364986438
0.46252613532656444706,410.57803437635266164,-355410.54669411637587,-354999.96865973999957
0.46511631355981036817,406.70608049417376151,-355406.67006734997267,-354999.96398685581516
0.4678168985374054345,404.09993610158011279,-355404.06437303463463,-354999.964436933049
0.47066332312132075355,402.20220679869123614,-355402.16443290910684,-354999.96222611039411
0.47368749572717117058,400.88473966062815634,-355400.83349117008038,-354999.94875150948064
0.47659464283137781271,400.47917858615784326,-355400.43877617485123,-354999.95959758869139
0.47937704207100517717,400.8758699829141392,-355400.82601128681563,-354999.95014130388154
0.48214645247780241188,401.57874442278153992,-355401.53556236019358,-354999.95681793743279
0.48494486163674155321,401.55605565687807257,-355401.51870623865398,-354999.96265058178687
0.48782464578803447219,400.12225921419542374,-355400.0942039830843,-354999.97194476891309
0.49090707752390672081,397.44865181334188264,-355397.41428445093334,-354999.96563263761345
0.49414041944484943247,395.05010505863555181,-355395.02241700340528,-354999.97231194475899
0.4974153966542441685,393.89264634043661317,-355393.8647023087251,-354999.97205596830463
0.50080334332870080072,393.53006761356562038,-355393.49813136307057,-354999.96806374948937
0.5043272973633945444,392.66459906198554108,-355392.64156946190633,-354999.97697039990453
0.50747486975135314147,390.71238512723823533,-355390.69807027932256,-354999.98568515205989
0.51048033575859519395,388.00883464838983627,-355387.98314396076603,-354999.97430931235431
0.51347811041241164798,385.63911914305248274,-355385.61291649006307,-354999.97379734698916
0.51651201125597290265,383.85006836597864321,-355383.82871162320953,-354999.97864325722912
0.51963232956569738175,382.02318461228657043,-355382.00566045200685,-354999.98247583972989
0.522985596821148091,379.84575768744747393,-355379.8200543919811,-354999.97429670451675
0.52653378397598094018,377.52018974916342131,-355377.50039862969425,-354999.98020888055908
0.53012031677732740498,375.87880552214198815,-355375.85956197837368,-354999.98075645620702
0.53376629665854546936,375.23786611921150325,-355375.22897187044146,-354999.99110575125087
0.53745414106759370476,375.13461380291585101,-355375.1232986888499,-354999.98868488596054
0.5408475287069293147,375.11582347822621841,-355375.10542312101461,-354999.98959964280948
0.54413932015313903889,374.84815937550854414,-355374.82514838094357,-354999.97698900545947
0.54744345049467146858,374.92047623227546183,-355374.90193483699113,-354999.98145860474324
0.5508068897751312587,375.03940159512183072,-355375.00431349629071,-354999.96491190115921
0.55429475445299059011,374.25594918911343711,-355374.22694648883771,-354999.97099729970796
0.55811206263893298196,372.45038558080801749,-355372.39128280832665,-354999.94089722749777
0.56222512888028619571,370.17797310149092027,-355370.11560728773475,-354999.93763418623712
0.56636664306568529348,369.64084354616477412,-355369.58312672364991,-354999.94228317745728
0.57046494251235702055,371.69944564818320032,-355371.63898485165555,-354999.93953920347849
0.5743505979303386022,374.36092356802566883,-355374.29393698216882,-354999.93301341414917
0.57804261579100102431,374.94432489984188805,-355374.88374369230587,-354999.93941879249178
0.58173573389891297669,373.12203633866323571,-355373.04654533456778,-354999.9245089959004
0.58549003846719394062,370.41022687993034879,-355370.33309557242319,-354999.92286869249074
0.58936667763162597922,367.39292640859878247,-355367.31711361254565,-354999.92418720392743
0.59352647138930580972,365.17858788726670127,-355365.1018427166855,-354999.92325482942397
0.59799118581150090268,363.870926513776908,-355363.79098115616944,-354999.92005464236718
0.60230369080912604662,362.95158952585109091,-355362.86987142328871,-354999.91828189743683
0.60655623556474103086,361.93952146651383828,-355361.8571149634663,-354999.91759349696804
0.61075749610401353085,360.23811329220961852,-355360.14679764048196,-354999.90868434828008
0.61491257750139383109,358.23105211250106095,-355358.13832741399528,-354999.90727530152071
0.61904147740229986674,356.55308384465655536,-355356.45964947546599,-354999.90656563080847
0.6231625604762300874,355.27358669804903002,-355355.17256345879287,-354999.89897676074179
