# Fix print output for fix printe
0.2001543278701161388,999.97738287328650131,-355999.94794022233691,-354999.97055734903552
0.20030865748117304692,999.90962302746459045,-355999.88018652464962,-354999.97056349716149
0.20046299232132205881,999.79036681104184936,-355999.76093941833824,-354999.97057260730071
0.20061733636599293762,999.60943840598133647,-355999.58001037139911,-354999.97057196544483
0.20077169437871106306,999.36739852753339619,-355999.33796045742929,-354999.97056192992022
0.20092607108411891792,999.07568836474706586,-355999.0462379118544,-354999.97054954711348
0.20108047032854617364,998.74800330557650341,-355998.71854537061881,-354999.97054206504254
0.20123489490512336264,998.39442921015711363,-355998.36496590304887,-354999.97053669288289
0.20138934683142301063,998.02103678235300777,-355997.99157188256504,-354999.97053510020487
0.20154382765879658157,997.62980826994134986,-355997.60034511942649,-354999.9705368494615
0.20169833878802742588,997.21681625018572959,-355997.18736736330902,-354999.97055111313239
0.20185288192706665744,996.76727437901388384,-355996.73783905955497,-354999.97056468052324
0.20200745993432350778,996.26866723340367571,-355996.23921968555078,-354999.97055245214142
0.20216207664637003694,995.73118546918897209,-355995.7017235023668,-354999.97053803317249
0.20231673511809489252,995.17117372500683814,-355995.14170753693907,-354999.97053381195292
0.2024714371422197956,994.59483166202926441,-355994.56536479626084,-354999.97053313424112
0.20262618403475257667,994.00282035004192949,-355993.97335524240043,-354999.97053489234531
0.20278097706510753162,993.3929923108046296,-355993.36353158042766,-354999.97053926961962
0.20293581767545518235,992.76023250492391981,-355992.73077678628033,-354999.97054428135743
0.20309070771375842268,992.09851041160845853,-355992.06906040816102,-354999.97054999653483
0.20324564950790019457,991.35350500331810508,-355991.32089381874539,-354999.96738881542115
0.20340064965621001969,990.48492348851152656,-355990.45232144265901,-354999.96739795414032
0.20355571795576862804,989.53192553637893525,-355989.49933278077515,-354999.96740724437404
0.20371086117781855851,988.48338605622927844,-355988.45080251025502,-354999.96741645404836
0.20386608701810945976,987.32827056588791947,-355987.29569549218286,-354999.96742492628982
0.20402140410517394242,986.00145637916671149,-355985.96455531183165,-354999.9630989326397
0.20417682629326303068,984.40463104838431718,-355984.36774926469661,-354999.96311821631389
0.20433237536216783403,982.59326233383603721,-355982.5564012391842,-354999.96313890535384
0.20448806891550103115,980.54208283077991837,-355980.5052452350501,-354999.96316240425222
0.20464392680758763943,978.22274425897137462,-355978.18593243602663,-354999.96318817703286
0.20479997146662920482,975.6039201222832844,-355975.56713686406147,-354999.96321674180217
0.2049562282332785812,972.65080903713044336,-355972.61405798036139,-354999.96324894321151
0.2051127257696000461,969.32419036318901817,-355969.28747560002375,-354999.96328523685224
0.20526949658526513764,965.57973451875011506,-355965.54306120518595,-354999.96332668641116
0.20542657767627608978,961.3670089174165696,-355961.33038178278366,-354999.96337286534254
0.20558401132276338252,956.6295766231497737,-355956.59300141327549,-354999.96342479012674
0.20574184598706377058,951.30433516756033896,-355951.26781740656588,-354999.96348223899258
0.20590013741452672935,945.32181493663517813,-355945.28535903897136,-354999.96354410232743
0.20605894991422976648,938.60818873378389071,-355938.57179445988731,-354999.96360572607955
0.20621835774828653487,931.09125642336050532,-355931.05491647298913,-354999.96366004960146
0.20637844637593585895,922.71013850691542757,-355922.67383519129362,-354999.96369668439729
0.2065393133120571878,913.42944806874390906,-355913.39314845326589,-354999.96370038454188
0.20670106826374706754,903.26003427955697589,-355903.22368807723979,-354999.96365379769122
0.20686383194729812685,892.28337265060463324,-355892.24691106769023,-354999.96353841706878
0.20702773309356239939,880.67841643290751108,-355880.64175203244668,-354999.96333559951745
0.20719290302638115886,868.74947587405836202,-355868.7125088062603,-354999.96303293219535
0.2073594669902795451,856.94650824093503161,-355856.90913969674148,-354999.96263145579724
0.20752753179881605616,845.86774237564793566,-355845.82989604200702,-354999.9621536663617
0.20769717002444212928,836.23221864923573321,-355836.19386932178168,-354999.96165067254333
0.20786840220696639614,828.81077815939897846,-355828.77197988494299,-354999.96120172552764
0.20804118044482591832,824.31465242194576604,-355824.27554588700878,-354999.96089346508961
0.20821537843250492728,823.26596894855663322,-355823.22677326668054,-354999.96080431813607
0.20839079254408737762,825.87565725730655686,-355825.83663076732773,-354999.9609735099948
0.20856715746868051409,831.97672384713860083,-355831.93808149290271,-354999.96135764574865
0.20874417479935464259,841.07059523524492306,-355841.03246823791414,-354999.96187300264137
0.20892154460416492712,852.43285329758248281,-355852.39531141379848,-354999.96245811623521
0.2090989912161613784,865.21817324978337638,-355865.18119489494711,-354999.96302164514782
0.20927628294913444562,878.59645652326776144,-355878.55994673189707,-354999.96349020861089
0.20945325873810277661,891.86181681125265186,-355891.82565495371819,-354999.96383814245928
0.20962981659797458311,904.47927066718568767,-355904.44332728313748,-354999.96405661595054
0.20980590559217224267,916.09709111239726553,-355916.06125537899788,-354999.96416426659562
0.20998151404489112659,926.52262524702746305,-355926.48681476479396,-354999.96418951777741
0.21015665789466494995,935.68349072370403974,-355935.64765079785138,-354999.96416007413063
0.21033137101141918812,943.58875087346757482,-355943.55284825415583,-354999.96409738069633
0.21050569786121670068,950.29779882940840707,-355950.26181713258848,-354999.96401830320247
0.21067968833515343663,955.8343092167596069,-355955.79548312071711,-354999.96117390395375
0.21085340230074303691,960.1762868261245103,-355960.13740494824015,-354999.9611181220971
0.21102691097641079754,963.4782106758880218,-355963.43928890873212,-354999.96107823285274
0.21120027851267225705,965.78708427471690356,-355965.74814225418959,-354999.96105797949713
0.21137357208286874921,967.12649363721436657,-355967.08755594381364,-354999.96106230659643
0.21154686188321419893,967.49062414117986464,-355967.45171965449117,-354999.96109551331028
0.21172022420506036999,966.83855173820916207,-355966.7997147856513,-354999.96116304746829
0.21189374768137481109,965.08737448076476539,-355965.04864648997318,-354999.96127200918272
0.21206753562120669865,962.10349882405898825,-355962.0649284493411,-354999.96142962528393
0.21224171201900479677,957.69266676580082276,-355957.65431474312209,-354999.9616479772958
0.21241642956629963601,951.51233994246115344,-355951.47682126518339,-354999.96448132273508
0.21259188792423938663,943.20099088795643638,-355943.1702651301166,-354999.96927424217574
0.2127683396978286845,932.37777829537458274,-355932.34754492575303,-354999.96976663038367
0.21294610847732867165,918.48574926993114786,-355918.45610708795721,-354999.97035781800514
0.21312562324791536894,900.77882183605663613,-355900.74984857009258,-354999.97102673404152
0.21330746760192997868,878.40339560874429026,-355878.37509993405547,-354999.97170432528947
0.2134924464497050256,850.48261242120167935,-355850.45484572474379,-354999.97223330353154
0.21368168619855568147,816.31967667677929512,-355816.29199189529754,-354999.97231521853246
0.21387678839228574379,775.79034335293988534,-355775.7627616180107,-354999.97241826506797
0.21408007079584243093,730.07608644272113452,-355730.04604385059793,-354999.96995740785496
0.21429495297984363367,683.00875150682975345,-355682.97407032852061,-354999.96531882171985
0.21452657639577252247,642.46583244081386965,-355642.42479460488539,-354999.95896216406254
0.21478275098547819355,621.48865679180755706,-355621.4429327204125,-354999.95427592861233
0.21507507354511462561,636.14164028648599469,-355636.10069745744113,-354999.95905717095593
0.21537455267726618446,686.09599357858962776,-355686.06865237368038,-354999.97265879507177
0.2156291434577979893,741.09677395162339053,-355741.07657494430896,-354999.97980099270353
0.21585978533960675785,790.04240887401806503,-355790.02485975855961,-354999.98245088453405
0.2160760060413017547,830.11679178842757665,-355830.09961939079221,-354999.98282760236179
0.21628292669335263954,861.54225224027379682,-355861.52449726779014,-354999.98224502749508
0.21648357990827438169,885.53401103535509264,-355885.51538278581575,-354999.98137175047304
0.21667987816588163419,903.47616398305933672,-355903.45666962972609,-354999.9805056466721
0.21687308234309801702,916.61358602871246148,-355916.59335025690962,-354999.97976422822103
0.2170640526231328582,925.96214651831189713,-355925.94130402017618,-354999.97915750188986
0.2172533930498300736,932.329507406494713,-355932.30816601251718,-354999.97865860600723
0.21744153659631015874,936.35895817046264256,-355936.33722962619504,-354999.97827145573683
0.21762879697423834213,938.54418534122623896,-355938.52216663223226,-354999.97798129101284
0.21781540462773502087,939.25651397582464597,-355939.23427076858934,-354999.97775679273764
0.21800153168378494373,938.78071974148451773,-355938.75830717821373,-354999.9775874367333
0.21818730842827296912,937.33523647270442325,-355937.31269058788894,-354999.97745411517099
0.21837283513411229197,935.09352871212604441,-355935.07087491964921,-354999.97734620753909
0.21855819001621759612,932.19899317751230683,-355932.17624977440573,-354999.97725659690332
0.21874343481535674094,928.7030052002935463,-355928.68009757844266,-354999.97709237813251
0.21892862930603887439,924.73343508620428111,-355924.71045982762007,-354999.97702474141261
0.21911381959537043485,920.3478222198025378,-355920.32634686899837,-354999.97852464922471
0.21929905053482257049,915.68105955405076202,-355915.65954078757204,-354999.97848123352742
0.21948435876285118939,910.91638416874923223,-355910.89481778483605,-354999.97843361611012
0.21966976674428098648,905.96903716288977648,-355905.94878506124951,-354999.9797478983528
0.21985531902494087619,901.00515927177730191,-355900.98486890026834,-354999.97970962850377
0.22004104947516961444,896.10148576977815083,-355896.08116014837287,-354999.9796743785846
0.2202269938894091672,891.32342912978072036,-355891.30307466053637,-354999.97964553075144
0.22041319159842395758,886.72713046137323545,-355886.70675686118193,-354999.97962639981415
0.22059968624213757704,882.35286917094629189,-355882.3325012777932,-354999.97963210684247
0.22078652681535121394,878.18123559150080837,-355878.16121960838791,-354999.97998401691439
0.22097377008312105162,874.17301372774238644,-355874.15306253050221,-354999.98004880273947
0.22116148303019500521,870.29084332652792,-355870.27098109060898,-354999.98013776406879
0.22134974658324513275,866.43805611258358113,-355866.41825905133737,-354999.98020293877926
0.22153865740201567069,862.52329427292625041,-355862.5035850458662,-354999.98029077291721
0.22172832594845975906,858.42984507447238229,-355858.41025683429325,-354999.98041175981052
0.22191887925487979727,854.00355385370676231,-355853.98409614770208,-354999.98054229398258
0.2221104665786593213,849.07463667310366873,-355849.05530794459628,-354999.98067127150716
0.22230326392599331076,843.47677236877939322,-355843.45754945860244,-354999.98077708983328
0.22249747806926226112,837.07518877983659422,-355837.05602566211019,-354999.98083688225597
0.22269334897586379185,829.79960681815134649,-355829.7804283759906,-354999.98082155786688
0.22289114972592155572,821.68491111974265095,-355821.66561328317039,-354999.98070216341875
0.22309118213504017247,812.91580781197001215,-355812.89625815988984,-354999.98045034793904
0.22329376579137466541,803.87075143674553601,-355803.85080528864637,-354999.98005385190481
0.22349921726091354079,795.14779651339654265,-355795.1273247608915,-354999.97952824749518
0.22370781704440706461,787.55279867301339891,-355787.53173163323663,-354999.97893296024995
0.22391976364503160535,782.02428816627218566,-355782.00266474031378,-354999.97837657405762
0.22413511951870801475,779.48154683667610243,-355779.4595447301399,-354999.97799789346755
0.22435376159742931312,780.61459654036798383,-355780.59252377960365,-354999.9779272392625
0.22457535604449840871,785.67327785906365989,-355785.6514945977251,-354999.97821673867293
0.22479937746149183941,794.3544748277911367,-355794.33329995488748,-354999.97882512712386
0.22502517673022057187,805.84002160348006782,-355805.81962895666948,-354999.97960735316155
0.22525208168608024106,818.99789321125695096,-355818.97825298039243,-354999.98035976913525
0.22547949366785138836,832.67695393104554569,-355832.65791114105377,-354999.98095721000573
0.22570693544291903221,845.91691459900425798,-355845.89827620383585,-354999.98136160481954
0.22593407566193388081,858.03271504495432964,-355858.01428215007763,-354999.98156710510375
0.22616072607332499134,868.63137255090964572,-355868.61298742116196,-354999.98161487025209
0.22638680008231787388,877.56062131001635862,-355877.54217438108753,-354999.98155307106208
0.22661228141542236192,884.83873021966257966,-355884.82015412021428,-354999.9814239005791
0.2268371977190112021,890.58712052730322739,-355890.57131375302561,-354999.98419322574046
0.22706160060880759,894.89305559289812209,-355894.87735801539384,-354999.98430242249742
0.22728555289123009153,898.02180141665564861,-355898.00595239014365,-354999.98415097349789
0.22750912131330586208,900.1608403878228728,-355900.14485496043926,-354999.9840145726339
0.2277323728865021657,901.48254954555238783,-355901.46644636720885,-354999.98389682167908
0.22795537314079522551,902.05901624772479863,-355902.05005376297049,-354999.99103751522489
0.22817820633604354863,901.93796689438329395,-355901.92894691647962,-354999.99098002212122
0.22840097031097458813,901.20120750870603388,-355901.19418328814209,-354999.99297577945981
0.22862374953501263253,899.9689783628348323,-355899.96195301553234,-354999.99297465267591
0.22884663786671105568,898.2631024573609011,-355898.25610553997103,-354999.99300308263628
0.2290697428979255601,896.05204924811812361,-355896.04511173616629,-354999.99306248803623
0.22929318939471465821,893.18599394696207128,-355893.17718250403414,-354999.99118855706183
0.22951713428518358273,889.61878006286372056,-355889.61011170910206,-354999.9913316462189
0.22974175917788308698,885.23000208811731682,-355885.22535423381487,-354999.99535214569187
0.22996728091143900374,879.7281231338284897,-355879.72369210055331,-354999.99556896672584
0.23019397424302431854,872.90399928893373271,-355872.89982365875039,-354999.99582436983474
0.23042219093548751974,864.37015391136014841,-355864.36796947522089,-354999.99781556386733
0.2306523989730714097,853.82044342645417601,-355853.81857347278856,-354999.99813004635507
0.23088519344445279646,840.8612822379653835,-355840.85972080810461,-354999.99843857012456
0.23112135792537064072,825.08447333618437369,-355825.08317070396151,-354999.99869736778783
0.23136193943067476231,806.14700389986057871,-355806.1457953894278,-354999.99879148957552
0.2316083508326506335,783.91570879277969652,-355783.91428105020896,-354999.99857225740561
0.2318625129239371141,758.70086371475588294,-355758.69864545552991,-354999.99778174079256
0.23212704851251123039,731.65830725005821478,-355731.65450111113023,-354999.99619386106497
0.23240551823825436606,705.25679525133011794,-355705.25065820640884,-354999.99386295507429
0.23270264611682939249,683.55826451671634914,-355683.54963057930581,-354999.99136606260436
0.23302433835482372348,671.89828409442804968,-355671.88850745331729,-354999.99022335890913
0.23337690881034456325,675.07875224263239033,-355675.07120495766867,-354999.99245271505788
0.23375299722753276055,693.1205448501674482,-355693.11830005305819,-354999.99775520287221
0.23410345849880970226,716.60912574815279186,-355716.6105117109837,-355000.00138596282341
0.23442133921066810043,738.27805025289887908,-355738.28078256588196,-355000.00273231300525
0.23471948716562354709,756.41021715260490055,-355756.41311855579261,-355000.0029014031752
0.23500485291155970291,770.99840015386530467,-355771.00082914746599,-355000.00242899358273
0.23528157321034451344,782.62050824307868879,-355782.62246706581209,-355000.0019588227151
0.23555227039520457155,792.03370926555237475,-355792.03515664214501,-355000.00144737662049
0.23581868413379333815,799.92975723863969506,-355799.93075492454227,-355000.00099768588552
0.2360820136088277732,806.8928696226696502,-355806.89348041173071,-355000.00061078905128
0.23634311244302139143,813.40422329242039723,-355813.40452558768447,-355000.00030229525873
0.23660259706605549224,819.83055823787594818,-355819.83102687605424,-355000.00046863820171
0.2368609153895705477,826.32176450813847168,-355826.3199546316755,-354999.99819012352964
0.23711839795125128072,833.03805628568795782,-355833.03621170087717,-354999.99815541517455
0.23737529240602836533,839.97141480652214796,-355839.97192772314884,-355000.00051291665295
0.2376317868919962939,846.96440890364158349,-355846.96411098726094,-354999.99970208364539
0.23788802669767999953,853.94836894827949436,-355853.94743919663597,-354999.99907024833374
0.23814412531572412557,860.65406092192699816,-355860.65002393571194,-354999.99596301378915
0.2384001761403441999,866.86228851931048212,-355866.85835710214451,-354999.99606858281186
0.23865628525172996599,872.59987388276454112,-355872.59602512966376,-354999.99615124688717
0.23891249261588473618,877.70747743809795338,-355877.7036869401345,-354999.99620950204553
0.23916883680244654942,882.00139153585530494,-355881.99638364405837,-354999.99499210820068
0.23942537891697818209,885.2798849263235752,-355885.26907348056557,-354999.98918855423108
0.23968222324234439435,887.5468348079327825,-355887.53604220121633,-354999.98920739325695
0.2399394563082907772,888.77359490892013127,-355888.76281020411989,-354999.98921529517975
0.24019716823186731958,888.91076469665779314,-355888.90000439132564,-354999.98923969466705
0.24045546430426348317,887.8954281304338565,-355887.88543535437202,-354999.99000722391065
0.2407144727478719437,885.67447662429162847,-355885.66454012470786,-354999.990063500416
0.24097435323740609703,882.11639149068253118,-355882.10560187429655,-354999.98921038361732
0.24123530927723471629,877.1712135477918082,-355877.16045302315615,-354999.98923947534058
0.24149759423976874251,870.80741593068887596,-355870.7967047576094,-354999.98928882693872
0.24176151116977720457,862.95235004196570117,-355862.94171437964542,-354999.98936433769995
0.24202743003150711809,853.43556842763211989,-355853.42228810820961,-354999.9867196806008
0.24229581408775252571,842.21523272544175143,-355842.20203546097036,-354999.98680273554055
0.2425672491746820314,829.20434165246592784,-355829.19119745597709,-354999.98685580352321
0.24284247994793223269,814.32940894731552817,-355814.31625394162256,-354999.98684499430237
0.24312245333780460599,797.54656989274144507,-355797.53550481400453,-354999.98893492127536
0.24340837035992146653,779.00674104645463558,-355778.99537492543459,-354999.98863387899473
0.24370174244526826568,759.18666340352399402,-355759.17474580183625,-354999.98808239831124
0.24400443791608183997,738.81555499784928998,-355738.80752865906106,-354999.99197366123553
0.24431868893548458477,719.37008576914456626,-355719.36100128293037,-354999.99091551377205
0.24464699669478812138,702.70877102742144871,-355702.69865202374058,-354999.98988099629059
0.24499183020478232375,690.94692632072303695,-355690.93623546371236,-354999.98930914298398
0.24535501336602791311,685.84941896589680255,-355685.83909298537765,-354999.98967401945265
0.24573683864529513587,687.97306148786310587,-355687.96415274695028,-354999.99109125911491
0.24613535500175109938,696.12568238016967825,-355696.11871445458382,-354999.99303207441699
0.2465466027830840734,707.78899512736177257,-355707.78368488681735,-354999.9946897594491
0.24695168259102712183,719.89292239299754783,-355719.88842100510374,-354999.99549861211563
0.24733343356670356439,730.44829976382436598,-355730.44394246296724,-354999.99564269912662
0.2476999079210697452,739.3085546650310107,-355739.30402279365808,-354999.99546812864719
0.24805597209887053634,746.69213398719841734,-355746.68741222925019,-354999.99527824204415
0.24840475100297010336,752.97419029753768882,-355752.96919766289648,-354999.99500736535992
0.2487483440040388627,758.50493274763073259,-355758.4996939067496,-354999.99476115911966
0.2490882135965604427,763.58809378880187069,-355763.5826319445041,-354999.9945381556754
0.24942541465367365494,768.48762138344579853,-355768.48195730592124,-354999.99433592247078
0.24976072783400407595,773.42578177610437251,-355773.41996564215515,-354999.99418386607431
0.25009473326170306162,778.55961221961945284,-355778.55369686119957,-354999.99408464157023
0.25042786449320580955,783.97452609273932467,-355783.9685583623359,-354999.99403226957656
0.25076045091373122542,789.69261774026381318,-355789.68663615605328,-354999.99401841580402
0.25109274941530840275,795.57942152489818,-355795.57672391558299,-354999.99730239069322
0.25142504115521424612,801.47464750398205524,-355801.4720278182067,-354999.99738031422021
0.25175762549112429278,807.44396651301667589,-355807.44159419601783,-354999.99762768298388
0.25209065505544042685,813.33067530897085362,-355813.32839555793907,-354999.99772024899721
0.25242428967787933214,818.96075362224212313,-355818.95877749141073,-354999.99802386917872
0.25275870043823112088,824.15959307178241033,-355824.15769336058293,-354999.99810028879438
0.25309407246134785208,828.80225512238860119,-355828.80041493172757,-354999.99815980932908
0.25343060661486288554,832.66477853066260195,-355832.6594342389144,-354999.99465570825851
0.25376852024435675448,835.69518950481756292,-355835.68988648307277,-354999.99469697824679
0.25410804866937725111,837.72754786215887179,-355837.72085196059197,-354999.99330409843242
0.2544494534181150347,838.65425664272379436,-355838.64957747992594,-354999.99532083718805
0.25479303145660359142,838.46620458573397627,-355838.45539421297144,-354999.9891896272311
0.25513922379557707476,837.020896485592516,-355837.01008003257448,-354999.98918354697526
0.25548842727105347539,834.50197541066927442,-355834.49109031056287,-354999.98911489988677
0.25584103674064045952,830.98627725106030084,-355830.97532541246619,-354999.98904816142749
0.25619743588481336261,826.53696999736541784,-355826.52594170486555,-354999.98897170752753
0.2565579928749205374,821.19304723486175135,-355821.17935844062595,-354999.9863112057792
0.25692304548277988818,814.93995715578944328,-355814.92791679839138,-354999.98795964260353
0.25729288651781767605,807.89257641388314823,-355807.88025246863253,-354999.98767605476314
0.25766774969678235552,800.22096330412909992,-355800.20860362955136,-354999.98764032544568
0.25804780227065227116,791.9830692786634927,-355791.97069438430481,-354999.98762510565575
0.25843315042629005918,783.20982963160429335,-355783.19745663099457,-354999.98762699938379
0.25882385870224156044,773.87728228586183832,-355773.8592284291517,-354999.98194614326349
0.25921998091285874954,763.96398822967717024,-355763.94699500937713,-354999.98300677968655
0.259621598170343304,753.63538772621473072,-355753.61834959755652,-354999.98296187137021
0.26002885156133098699,743.0028716549895762,-355742.98911366658285,-354999.98624201159691
0.26044196403409208829,732.20447440682187334,-355732.19055154843954,-354999.9860771415988
0.26086124654801423617,721.6006536807296925,-355721.5859479008941,-354999.98529422015417
0.26128707919643284763,711.54396576515205197,-355711.52898776985239,-354999.98502200469375
0.26171986732572211087,702.59816178598350689,-355702.58290023903828,-354999.98473845305853
0.26215997556233494592,695.25213259998236026,-355695.23712572437944,-354999.98499312438071
0.26260764140238651576,689.88421761462836912,-355689.86923388123978,-354999.98501626658253
0.26306288327653121195,686.9114799607890518,-355686.89648446836509,-354999.98500450758729
0.2635254315036342776,686.51440265237101812,-355686.49952633795328,-354999.98512368556112
0.26399470986284706564,688.62889338220054469,-355688.61427784187254,-354999.98538445966551
0.26446988494222678501,692.95189149478267154,-355692.93762042571325,-354999.98572893091477
0.26494997952650162221,699.0086977963536583,-355698.99476705561392,-354999.98606925923377
0.26543397299979415438,706.26518280255993432,-355706.25157064711675,-354999.9863878445467
0.26592086185494157036,714.17803947227741901,-355714.16471696388908,-354999.98667749162996
0.26640974963262770148,722.2294665020423281,-355722.21637680369895,-354999.9869103016681
0.26689992511291310562,729.97645001348530513,-355729.9632043732563,-354999.98675435979385
0.26739088154555090693,737.04200272341927302,-355737.02556781115709,-354999.98356508772122
0.26788231096971071299,743.20092955150062153,-355743.18450539920013,-354999.98357584769838
0.26837407134512170082,748.27762684106039615,-355748.26058886817191,-354999.98296202713391
0.2688661411333647111,752.32968964579856674,-355752.31528234347934,-354999.98559269768884
0.26935859602150696857,755.4378345592988353,-355755.42330919805681,-354999.9854746387573
0.26985158164486872101,757.76304499964862771,-355757.74838716187514,-354999.9853421622538
0.27034529440255927746,759.36536713558314204,-355759.34644581162138,-354999.9810786760645
0.27083999309053186089,760.11933724347125008,-355760.10826310352422,-354999.98892586003058
0.27133647316264886129,760.12180277959203067,-355760.11459227534942,-354999.99278949573636
0.27183540579118853353,759.47476860082088024,-355759.4676234673243,-354999.99285486649023
0.27233755675155607578,758.22581400243677763,-355758.21966491255444,-354999.99385091010481
0.2728438618965696727,756.09505566567827373,-355756.08904602844268,-354999.99399036273826
0.27335553724021416366,752.97120505817383673,-355752.96510522277094,-354999.99390016461257
0.27387417450072831793,748.59428212060720398,-355748.58831327559892,-354999.99403115501627
0.27440187373474955734,742.57588421165121417,-355742.57494911749382,-354999.99906490586
0.27494144016735660996,734.8470208662844243,-355734.84672548668459,-354999.99970462039346
0.27549668363652207725,725.24736396294235874,-355725.24762987485155,-355000.00026591192
0.27607209374639679611,713.7879288727799576,-355713.7880048075458,-355000.00007593474584
0.27665093326436968058,701.06692686101064282,-355701.0611462079687,-354999.99421934696147
0.27723403090223452949,687.50312823371473314,-355687.50037198537029,-354999.99724375165533
0.27782283787777672934,674.04152475221292207,-355674.03814347030129,-354999.99661871808348
0.27841876733146697642,661.62361093609615637,-355661.62055789073929,-354999.99694695463404
0.27902353927180845172,651.18917317659986566,-355651.19068959879223,-355000.00151642219862
0.27963921895833754316,643.17281640652288388,-355643.17392889765324,-355000.00111249112524
0.28026869917106339569,637.93247793078194263,-355637.92561531980755,-354999.99313738901401
0.28091506014253592172,635.39590861491876694,-355635.38872299529612,-354999.99281438038452
0.28156705235561058087,635.31365925723775945,-355635.30988593131769,-354999.9962266740622
0.2821967658964625314,637.02976087253500737,-355637.02616029325873,-354999.99639942072099
0.2827955393069164769,640.07245695235872063,-355640.06896207953105,-354999.99650512717199
0.28337288577368463516,644.06697919003545394,-355644.0635699290433,-354999.99659073899966
0.28393504523278167984,648.65509802413339457,-355648.65333287359681,-354999.99823484948138
0.2844863239654050191,653.63391915953866373,-355653.63223919877782,-354999.9983200392453
0.28502983582815377694,658.87949361455309827,-355658.8778885534266,-354999.9983949388843
0.28556793127018714751,664.23168136628760294,-355664.23012724157888,-354999.99844587530242
0.28610239670674914025,669.55919270486549522,-355669.55770099128131,-354999.99850828642957
0.28663456167679035591,674.72418485200398663,-355674.72276291029993,-354999.99857805832289
0.28716541924562610788,679.55470290792948163,-355679.5530751045444,-354999.99837219662732
0.28769573164743494909,683.87004616884246389,-355683.8675485716667,-354999.99750240280991
0.2882264056345531511,687.70492855773250085,-355687.70271617430262,-354999.99778761656489
0.28875781558634722179,690.96755542462426547,-355690.96649016597075,-354999.99893474136479
0.28929020593102006131,693.57289307845485382,-355693.57409521599766,-355000.00120213755872
0.28981910026586998885,695.27254137876934692,-355695.27273544849595,-355000.0001940697548
0.29034042318798325422,695.88427293111953986,-355695.88795799412765,-355000.003685062984
0.29085671788628220114,695.74420057988731969,-355695.75153964263154,-355000.00733906275127
0.29136958694698145145,694.93483546215384195,-355694.94215618766611,-355000.00732072553365
0.29188043247696171534,693.5421636529368925,-355693.55500742583536,-355000.01284377288539
0.29239059621666996236,691.34565502792179359,-355691.35800192638999,-355000.01234689849662
0.29290135242123038761,688.3608515539488053,-355688.37187752110185,-355000.01102596713463
0.29341408451852440953,684.76845946268872467,-355684.77950413234066,-355000.01104466966353
0.29393028398654258426,680.52413745936155465,-355680.53573482809588,-355000.01159736874979
0.29445159983043683871,675.55241763225740215,-355675.56507173378486,-355000.01265410153428
0.29498011351016578674,669.90002482392276306,-355669.91230471676681,-355000.01227989286417
0.29551807601521240532,663.667676908771341,-355663.68018267530715,-355000.01250576652819
0.2960678458266362556,657.03741404110019175,-355657.04947892326163,-355000.01206488214666
0.29663212561288165858,650.07419772642538192,-355650.08681235916447,-355000.01261463272385
0.29721391268090552318,642.98213396888195348,-355642.9914209812996,-355000.00928701239172
0.29781634585991911823,636.1604378278528884,-355636.16932908131275,-355000.00889125344111
0.29844234964367050145,629.99188300911737315,-355629.99952283367747,-355000.00763982458739
0.29909399533150060613,624.89183946837351868,-355624.89764776395168,-355000.00580829556566
0.29977173908069359998,621.25738568194435629,-355621.26259278133512,-355000.00520709936973
0.3004738929235872269,619.21994243403514702,-355619.2255709686433,-355000.00562853459269
0.30119676733990424777,618.74245039749609987,-355618.74426093150396,-355000.0018105339841
0.3019364641478275435,619.67133709778147477,-355619.67339194065426,-355000.00205484288745
0.30268960998566629694,621.74764263034569467,-355621.74993416212965,-355000.0022915317677
0.3034121740772761644,624.25796467179554838,-355624.25973017595243,-355000.00176550413016
0.30411031904447749508,626.97322327942151787,-355626.97510246676393,-355000.00187918735901
0.30479155772214000519,629.74541909693698472,-355629.75000139826443,-355000.00458230130607
0.30546101343081677459,632.40082217560939171,-355632.40541707642842,-355000.00459490081994
0.30612231975757953073,634.96578765721608306,-355634.97037880920107,-355000.00459115201375
0.30677814106533735083,637.37262826040102937,-355637.37877946323715,-355000.00615120283328
0.3074304973316847045,639.62750660076528675,-355639.62715772667434,-354999.99965112592326
0.30808105485842468552,641.64242340564942424,-355641.64206413610373,-354999.99964073044248
0.30873163705163420012,643.54155908745337911,-355643.54114360339008,-354999.99958451592829
0.30938340662947039217,645.27525130112053375,-355645.27484332816675,-354999.99959202704486
0.3100379472921156454,646.815490171917304,-355646.81658064201474,-355000.00109047011938
0.31069659668740939873,648.16231598567958372,-355648.1634057512274,-355000.00108976557385
0.31136090400536009515,649.34696427246274197,-355649.34790489310399,-355000.00094062066637
0.31203268529435690404,650.14715324032920307,-355650.15317458892241,-355000.00602134858491
0.31271406042873950426,650.55587634575260836,-355650.5633278042078,-355000.00745145842666
0.31340539313439319535,650.61020729307335841,-355650.61769633315271,-355000.00748904008651
0.3140980110886065213,650.37347768197128062,-355650.38236310367938,-355000.00888542173197
0.31479243464962830545,649.73521658425784153,-355649.74085426947568,-355000.00563768524444
0.31548939571327605513,648.61762187357669518,-355648.62292462214828,-355000.00530274858465
0.31619024359535657931,647.10375385001498216,-355647.10834962001536,-355000.00459576997673
0.31689587301173860467,645.20422049115768459,-355645.21045025007334,-355000.00622975890292
0.31760726952494594544,642.85206322815690783,-355642.86487404291984,-355000.01281081477646
0.31832551642677359149,640.16856273705548119,-355640.18347154697403,-355000.01490880991332
0.31905179884915674249,637.25102337535577135,-355637.2702793518547,-355000.01925597648369
0.31978743857513480808,634.26072668618223815,-355634.27999185287626,-355000.01926516671665
0.32053391664475794354,631.14567434174921345,-355631.16449209029088,-355000.01881774852518
0.3212941028280421607,627.83102395597029499,-355627.84696638048626,-355000.01594242453575
0.32207084415199266347,624.21840654664481463,-355624.2377250706777,-355000.01931852404959
0.32286733594599148489,620.27217283985453378,-355620.29171410005074,-355000.01954126020428
0.32368718419411696141,615.98705825842591821,-355616.01196603273274,-355000.02490777429193
0.3245344984149386991,611.40427626000007422,-355611.4294551294297,-355000.02517886942951
0.32539360520449023273,606.73785985612062177,-355606.76287042011973,-355000.02501056401525
0.32625051648697500628,601.96323835571308791,-355601.98578477848787,-355000.02254642278422
0.32710527293786828551,597.12789066726963938,-355597.15047795820283,-355000.02258729090681
0.32795798415680110782,592.26535574043646193,-355592.28802090330282,-355000.02266516286181
0.32880882488909457528,587.20754245608793553,-355587.2307162201032,-355000.02317376399878
0.32965799627086800339,582.10770533565914775,-355582.1306991322781,-355000.02299379662145
0.33050569311416400087,577.19232307802280957,-355577.21511568542337,-355000.02279260742944
0.33135211723465418654,572.57989590121337642,-355572.59780369751388,-355000.01790779631119
0.33219746431104663076,568.74450125329667571,-355568.7609306249069,-355000.01642937160796
0.33304189803299871775,566.11484091501301918,-355566.1297948245774,-355000.01495390955824
0.33388556255677354079,565.11076715452702501,-355565.12565586215351,-355000.01488870760659
0.33472858174842690104,565.80138828215365265,-355565.81897251564078,-355000.01758423348656
0.33557106254506852139,567.91236972365334168,-355567.93023851810722,-355000.01786879444262
0.33641311232202131265,571.04201295921996007,-355571.06170629250119,-355000.01969333330635
0.33725484335283817394,574.49126564032894748,-355574.50808013253845,-355000.01681449223543
0.33809636840712731232,577.94264211087511285,-355577.95964100881247,-355000.01699889794691
0.33893779529159667741,581.02930061693302832,-355581.05044340179302,-355000.02114278485533
0.33977923105223761802,583.57341481354296775,-355583.59357660065871,-355000.02016178710619
0.34062078332563933136,585.48484907872989425,-355585.5072808804689,-355000.02243180171354
0.34146255937538466663,586.63160099889159937,-355586.65544173144735,-355000.02384073258145
0.34230466485641031227,587.35258111396888125,-355587.37539422034752,-355000.02281310636317
0.34314720245278113042,587.68096315186426182,-355587.70022550213616,-355000.01926235028077
0.34399026964807261075,587.5705235230453809,-355587.58305452630157,-355000.01253100327449
0.34483396768437402091,587.10725962902608899,-355587.12180923542473,-355000.0145496064215
0.34567841561244450066,586.32132823934125554,-355586.33712567621842,-355000.01579743687762
0.34652375091734100021,585.37996589594058605,-355585.39686516305665,-355000.01689926709514
0.34737012627405189358,584.24254720633962279,-355584.25960308732465,-355000.01705588097684
0.34821770432001913909,583.02472271757710587,-355583.04480042972136,-355000.02007771213539
0.34906664146169924523,581.53900551364165494,-355581.55801690422231,-355000.01901139057009
0.34991706611593437204,579.95596012187013457,-355579.97495614504442,-355000.01899602316553
0.35076906671202329191,578.20397525951932494,-355578.22308713872917,-355000.01911187922815
0.35162269789984323953,576.2123655245285363,-355576.23485749668907,-355000.02249197213678
0.3524779945380548396,574.02652228602664763,-355574.05050291446969,-355000.02398062846623
0.35333497406708119781,571.62471065451461527,-355571.64791405346477,-355000.02320339897415
0.35419366729325091336,568.95504356493188425,-355568.98015758942347,-355000.02511402446544
0.35505417633231900476,566.07970096474514321,-355566.10180626058718,-355000.02210529585136
0.35591669880807907944,563.07721182617524391,-355563.09912274969975,-355000.02191092353314
0.35678148033294593278,560.0116833502515874,-355560.03291267307941,-355000.02122932282509
0.35764866411356049936,557.02717277277554331,-355557.04837195505388,-355000.02119918225799
0.35851825847493967725,554.2299668873047267,-355554.25112866982818,-355000.02116178249707
0.35939012963224159503,551.68063888560811847,-355551.70175535004819,-355000.02111646445701
0.36026407557862955011,549.28835901106128858,-355549.31260676292004,-355000.02424775186228
0.36113986201749381788,547.20464865747987915,-355547.22352581506129,-355000.01887715759221
0.36201722601637453813,545.35883064139625276,-355545.3804392182501,-355000.02160857687704
0.36289589586650933262,543.96213494738094596,-355543.98439606995089,-355000.02226112259086
0.3637756098898795587,543.04951380518116366,-355543.07181282178499,-355000.02229901659302
0.36465612538613073612,542.45495369451009537,-355542.47423787671141,-355000.01928418222815
0.3655372312125399481,542.0652994588731417,-355542.08461938030086,-355000.01931992144091
0.36641875552327213272,541.87401308693404189,-355541.89043502183631,-355000.01642193488078
0.36730058693623701682,541.82466584981671076,-355541.84092510794289,-355000.01625925814733
0.36818269071400000492,541.95954068179469232,-355541.97586893045809,-355000.01632824866101
0.36906513540589253042,542.16017596492804387,-355542.17567089153454,-355000.01549492659979
0.36994815961902144386,542.13110289608812309,-355542.14326682628598,-355000.01216393022332
0.37083217958395536806,541.87110820427290037,-355541.88146695494652,-355000.01035875064554
0.37171767231392216502,541.32027350123416909,-355541.33420627866872,-355000.01393277745228
0.37260509083739323799,540.55895208822516906,-355540.57543834461831,-355000.01648625638336
0.37349489326324564198,539.42548588987187941,-355539.44167384237517,-355000.01618795248214
0.37438761854901425608,537.72784223753137667,-355537.74570578639396,-355000.01786354888463
0.37528627713164319779,535.69260092204115153,-355535.71250465023331,-355000.01990372821456
0.37619243143714103939,533.3493853757576062,-355533.36945675860625,-355000.02007138286717
0.37710777918141541454,530.75924843514928853,-355530.77738016628427,-355000.01813173113624
0.37803430196996479218,527.91990209062009853,-355527.93799655057956,-355000.01809445995605
0.37897430441341156682,525.01126194938490244,-355525.03212992055342,-355000.02086797117954
0.37993045794047519692,521.97333051908708512,-355521.9941469472833,-355000.02081642817939
0.38090580536909107723,518.77978503759243267,-355518.80985943501582,-355000.03007439745124
0.38190377174453571385,515.51473091148000094,-355515.54446958348854,-355000.02973867201945
0.38292811853381475418,512.34095067349562669,-355512.37024539872073,-355000.02929472521646
0.38398276038658013531,509.39051008654558927,-355509.41982668254059,-355000.02931659598835
0.38507160888951613709,506.86835185163431561,-355506.89766224351479,-355000.0293103918666
0.38619841803747689823,504.74435830678345383,-355504.77553011197597,-355000.03117180516711
0.38736660855650612012,503.14914430474374285,-355503.18211747612804,-355000.0329731713864
0.38856551643257603024,502.05334025329023007,-355502.08492589567322,-355000.03158564236946
0.38976731970873679245,501.58324749864954128,-355501.61495779006509,-355000.03171029139776
0.39095222184618871886,501.58704516856124656,-355501.62342500325758,-355000.03637983469525
0.39211701360071060662,501.70564267790439317,-355501.73746924928855,-355000.03182657138677
0.39326969212848111868,501.20908356283956664,-355501.24251857568743,-355000.03343501285417
0.39441954945746721117,500.0976884719735267,-355500.1306906734826,-355000.03300220152596
0.39556966374194302283,498.3313541409374352,-355498.36216842231806,-355000.03081428137375
0.39672575774118551406,495.8058914344667869,-355495.83882032852853,-355000.03292889404111
0.39789189870300822882,492.49530230695711452,-355492.52818524406757,-355000.03288293711375
0.39907736584778619182,488.69097435420110287,-355488.7210897092591,-355000.03011535503902
0.40027188371350724827,484.2955850573355292,-355484.32138127775397,-355000.02579622040503
0.40147539999327808147,479.5177345743143178,-355479.55097722739447,-355000.03324265306583
0.40269181077523075185,474.59970737848840372,-355474.63390023232205,-355000.03419285384007
0.40390134111940712014,470.1930174193018388,-355470.22711496503325,-355000.03409754572203
0.40506937742415721759,466.49269017853163177,-355466.53030203899834,-355000.03761186049087
0.40620192155126533251,463.45194142518755598,-355463.48328898893669,-355000.0313475637231
0.40730501946033903504,460.97904097013253022,-355461.00604184146505,-355000.02700087131234
0.40838454320175665568,458.82459501525721635,-355458.85163150378503,-355000.02703648852184
0.40944627974096436951,456.79234392332227799,-355456.82123896968551,-355000.02889504638733
0.41049914330594772238,454.60879561180701103,-355454.64051589422161,-355000.03172028239351
0.41155510674565287665,452.45221344510395056,-355452.48393621254945,-355000.03172276745318
0.41262173042304939319,450.2122368181718457,-355450.24406243651174,-355000.03182561835274
0.41370804229684676745,447.95000760482258784,-355447.98273527633864,-355000.0327276714961
0.41482575341918032086,445.71852738950741468,-355445.75419471279019,-355000.03566732327454
0.41599092754509825465,443.81411997068016717,-355443.84397839393932,-355000.02985842328053
0.41715671843897345061,442.49203376275193023,-355442.52322961523896,-355000.03119585249806
0.41831688633152669388,442.16307587230642184,-355442.19419773935806,-355000.03112186706858
0.41947395466384929108,442.94980761536447744,-355442.98079678718932,-355000.03098917182069
0.42062933071994845768,444.73731367501216027,-355444.76970369310584,-355000.03239001811016
0.42178419930001986859,447.26084317508224331,-355447.29752311087213,-355000.03667993581621
0.42293964518211657477,450.24359463845297569,-355450.27865350578213,-355000.03505886730272
0.42409693841036139039,453.1845818748728334,-355453.22118981363019,-355000.03660793876043
0.42525763825677664887,455.4057065639880193,-355455.44992329215165,-355000.04421672818717
0.42638063142227317082,456.83909155768077426,-355456.88368217553943,-355000.04459061787929
0.42745539044336738899,457.46992426802989939,-355457.51585966732819,-355000.04593539930647
0.42849648252674915616,457.26850920689366831,-355457.31936593085993,-355000.05085672397399
0.42951405046899032714,456.38049882994494055,-355456.42992208321812,-355000.04942325328011
0.43051540017250272685,454.88288110844564471,-355454.9316471479251,-355000.04876603948651
0.43150594159304589414,452.99664100271041889,-355453.0432926393114,-355000.04665163659956
0.4324897462746252752,450.7539720575699107,-355450.79907816305058,-355000.04510610550642
0.43347240964243616279,448.49998590413269994,-355448.54498198407236,-355000.04499607993057
0.43445511698723626726,446.55406118237306146,-355446.59896820370341,-355000.04490702133626
0.43543881786804816691,445.04256929135317478,-355445.08741890976671,-355000.04484961839626
0.43642429882336880587,444.04634992872274779,-355444.09118945529917,-355000.04483952658484
0.43741221689463416489,443.51311469653626318,-355443.55958635231946,-355000.04647165577626
0.43840314692009924036,443.401580008995154,-355443.44864387187408,-355000.04706386290491
0.43939762110294788844,443.63237549869893428,-355443.67907070700312,-355000.04669520829339
0.44039614571767254914,444.08425237636595284,-355444.13199709565379,-355000.04774471931159
0.44139924483465925453,444.63319533994842914,-355444.68171380180866,-355000.04851846187375
0.44240751657298998945,445.04646586208190229,-355445.09260151954368,-355000.04613565746695
0.44342176838948121897,445.2933911402806757,-355445.34087514207931,-355000.04748400178505
0.44444319297337864239,445.22371909260232314,-355445.27053116034949,-355000.04681206773967
0.44547366489482403962,444.72447395581536966,-355444.77193357015494,-355000.04745961434674
0.44651699860977434042,443.91703008200408931,-355443.97148065001238,-355000.05445056798635
0.44757494338376546672,442.69806149374613824,-355442.75256171613,-355000.05450022238074
0.44864864775766649663,441.08760486103619769,-355441.14614676381461,-355000.05854190280661
0.44973888340954099041,439.20129165497127133,-355439.26095244294265,-355000.05966078798519
0.45084609105011358432,437.14324023691193588,-355437.20287101715803,-355000.05963078024797
0.45197043870697001244,434.91131100624005512,-355434.97076057543745,-355000.05944956920575
0.45311186056966373803,432.43494896456479637,-355432.49815406091511,-355000.06320509634679
0.4542701153862455099,429.78369006117526396,-355429.84911462897435,-355000.06542456778698
0.4554448601273418662,426.85833898913062967,-355426.92173447576351,-355000.06339548662072
0.45663587605291716676,423.81716115884961482,-355423.88054197677411,-355000.06338081794092
0.45784341185262789065,420.82958020175146885,-355420.89292789192405,-355000.06334769015666
0.45906827980208825268,417.96033631019020049,-355418.02411233284511,-355000.06377602263819
0.46031142272067920862,415.17021184887192931,-355415.23327783780405,-355000.06306598894298
0.46157370090724575418,412.52738780797864138,-355412.58925728395116,-355000.06186947599053
0.46285602395507602358,410.14085380137618131,-355410.19960765505675,-355000.0587538536638
0.46415963832326706529,407.99635637918936482,-355408.05851590534439,-355000.06215952616185
0.46549004309590352735,406.13883185127724573,-355406.20571275259135,-355000.06688090128591
0.46685273027515128419,404.65478035062659501,-355404.72225960536161,-355000.0674792547361
0.46825171329899978323,403.46031759730976773,-355403.5286299813306,-355000.06831238401355
0.46969121206530772827,402.38978988657765967,-355402.45744163892232,-355000.06765175232431
0.47117542478132140582,401.52057855500316919,-355401.58422363077989,-355000.06364507577382
0.47270819431163352276,400.80323711685610988,-355400.86729618383106,-355000.06405906699365
0.4742021705783233676,400.37350677901071094,-355400.43600135308225,-355000.06249457405647
0.47564301832567795758,400.22491855255395876,-355400.28782013751334,-355000.0629015849554
0.47705012424474374511,400.24094680368489207,-355400.30065230780747,-355000.05970550409984
0.47843721982088516231,400.43976493784799686,-355400.50300316407811,-355000.06323822622653
0.47982116471437058491,400.740202745032434,-355400.80365190294106,-355000.06344915792579
0.48120729161295927589,401.09934634182963009,-355401.16455778165255,-355000.06521143979626
0.48259984576753023333,401.37436722201533712,-355401.44095749704866,-355000.06659027503338
0.48400308520887069808,401.47045253679726784,-355401.54112746351166,-355000.07067492674105
0.48542166536011938094,401.14469523574905452,-355401.20919689605944,-355000.0645016602939
0.48687304830244226839,400.43782671362873771,-355400.49660662648967,-355000.05877991288435
0.48837205260704880105,399.32841573079963382,-355399.38870809826767,-355000.06029236747418
0.4899388263927761944,397.9475865376620618,-355398.00640512467362,-355000.05881858698558
0.49154939334805003437,396.56952080926458848,-355396.62904778425582,-355000.0595269749756
0.49316468584072481462,395.36519268376497394,-355395.42457796167582,-355000.05938527791295
0.49479060974672023354,394.41147248372425338,-355394.47186919342494,-355000.06039670971222
0.49643344024466290465,393.81303106102564016,-355393.86892325524241,-355000.05589219421381
0.49810124129508126511,393.43190708458928384,-355393.48972978838719,-355000.05782270379132
0.49982264457232761234,393.25415076414702753,-355393.30938268604223,-355000.05523192189867
0.50162116005302948007,392.99862174603543963,-355393.0506458459422,-355000.05202409991762
0.50333322272203173675,392.61805162791807788,-355392.67187794588972,-355000.05382631794782
0.50495065562910257384,391.93429548601483248,-355391.9873365733074,-355000.05304108728888
0.50650763151114575056,390.99569896965329008,-355391.04911800101399,-355000.05341903137742
0.50802684679448972815,389.86176769733128822,-355389.91857169207651,-355000.05680399475386
0.50952652716010038425,388.48778353661407436,-355388.54283365129959,-355000.05505011469359
0.51102442574338913239,387.1687741456220806,-355387.22488980507478,-355000.05611565947765
0.5125256817306231838,385.96183150544351292,-355386.01712276559556,-355000.05529126012698
0.51403522419438973934,384.89950291788841241,-355384.95511114771944,-355000.05560822982807
0.51555800167342968887,384.00624518103518312,-355384.06186452304246,-355000.05561934201978
0.51709945476248819762,383.1267706281536789,-355383.18373813742073,-355000.05696750927018
0.51867576779751634053,382.19447206876202472,-355382.24963567807572,-355000.05516360932961
0.52030775912154259011,381.15233917201334179,-355381.20372354314895,-355000.05138437112328
0.52201928634159633358,379.99389697124234999,-355380.04526016523596,-355000.05136319401208
0.5237869022128442964,378.83986354041797995,-355378.89297872164752,-355000.05311518121744
0.52555741552818224793,377.70896513061921951,-355377.76093380490784,-355000.05196867429186
0.52733839549899930166,376.64235140406299251,-355376.69291672186228,-355000.05056531779701
0.52913738549135247435,375.77847762473237481,-355375.83025395526784,-355000.05177633051062
0.53096247935492879577,375.25101520779986686,-355375.30277975462377,-355000.05176454683533
0.53279672224201735098,374.93603295752325266,-355374.99047488404904,-355000.05444192653522
0.53464129146417749272,374.76775667452636753,-355374.82226269773673,-355000.0545060231816
0.53646412495273276821,374.7512372473052551,-355374.8054632563726,-355000.05422600905877
0.5381994510186463021,374.76816330415681477,-355374.82317579054506,-355000.0550124864094
0.53988023073566837606,374.82017952469453803,-355374.88210182322655,-355000.06192229851149
0.54153042999821365822,374.76872938100160582,-355374.82793371850858,-355000.05920433747815
0.54317636635531363343,374.66629262763825636,-355374.72400635911617,-355000.05771373148309
0.54482465371845667512,374.59306516618539717,-355374.65088135603582,-355000.05781618983019
0.54648132091679890721,374.69161873735509971,-355374.74775046715513,-355000.05613172979793
0.54815220037277434528,374.87841800856853069,-355374.93463376478758,-355000.05621575622354
0.54984345622890939964,375.04158974152994688,-355375.09529014630243,-355000.05370040476555
0.55156220447505210913,375.00905502999228247,-355375.06176098238211,-355000.0527059523738
0.55333319451112394916,374.78131925140337444,-355374.83344224712346,-355000.05212299572304
0.55518480356524468888,374.1445887314665697,-355374.1967947789235,-355000.05220604746137
0.55715264483733706324,373.23065392588290479,-355373.28101167385466,-355000.05035774799762
0.5592021141498129122,372.12655390271027045,-355372.17394501005765,-355000.04739110736409
0.56125075947376801277,370.92834053386150117,-355370.97731143509736,-355000.04897090123268
0.5633084673452432023,370.0108699431795003,-355370.05903620552272,-355000.04816626233514
0.56538445523000191439,369.74352492177922613,-355369.78955586045049,-355000.04603093868354
0.56743786725987910291,370.11974634507367909,-355370.16577164892806,-355000.04602530383272
0.56947565348128803553,371.20722265745149571,-355371.25331245642155,-355000.04608979896875
0.57147487898610105361,372.63903465849472241,-355372.68196227471344,-355000.04292761621764
0.57338632085494689594,373.97892807188100051,-355374.02214504458243,-355000.04321697272826
0.57524522070288885978,374.81289041430494535,-355374.86118734185584,-355000.04829692753265
0.57709129356189592386,375.11148289373863918,-355375.15952399512753,-355000.04804110137047
0.578937210110258893,374.77499078926661014,-355374.82817969837924,-355000.05318890913622
0.58079087071966295497,373.77865944574506329,-355373.83324853540398,-355000.05458908964647
0.58265961338317184826,372.48199395876298468,-355372.53459217585623,-355000.05259821709478
0.58455074804743722972,371.06877453825819657,-355371.12159091385547,-355000.05281637562439
0.58647229611922524484,369.4787554691938567,-355369.53086830198299,-355000.05211283278186
0.58843384205652971009,367.88098789297475832,-355367.93137544440106,-355000.05038755142596
0.59046438004495793717,366.44648756015641311,-355366.49701387260575,-355000.05052631243598
0.59260909430504338236,365.28260251268062575,-355365.33311632846016,-355000.05051381577505
0.594848779051815435,364.42973003218821759,-355364.48030328494497,-355000.05057325278176
0.59704439360627048483,363.85529712868827801,-355363.90563725057291,-355000.05034012190299
0.5992025072483203596,363.37959240681800566,-355363.42996264365502,-355000.05037023685873
0.60133672920511394011,362.9416396957541906,-355362.99121354235103,-355000.04957384656882
0.6034571717378069966,362.54836074026621873,-355362.59798972331919,-355000.04962898307713
0.60556920923448720462,362.14973758894478806,-355362.19946796051227,-355000.04973037156742
0.60767645559870653305,361.4316722893934184,-355361.47493992210366,-355000.0432676327182
0.60976942754369312105,360.64396098650712474,-355360.68721372250002,-355000.04325273598079
0.61185104501597376014,359.66817073901785307,-355359.70610442676116,-355000.03793368773768
0.61392389114075374135,358.69241301395481969,-355358.73025888326811,-355000.03784586931579
0.61599036212249258515,357.88371285554688939,-355357.92152661125874,-355000.0378137556836
0.61805275969366513245,357.15456596173066828,-355357.19382998265792,-355000.03926402091747
0.62011338337342258864,356.42805125295285507,-355356.46888922015205,-355000.04083796718623
0.62216155002116158013,355.89335689439388943,-355355.93470103724394,-355000.04134414286818
0.62416927268935551432,355.65132446415788081,-355355.69301183184143,-355000.0416873676586
0.62614500755774982199,355.6937918850219944,-355355.73456195695326,-355000.0407700719079
