# Time-averaged data for fix 2
# TimeStep v_my_press
100 88.6898
200 96.4035
300 120.054
400 138.729
500 135.568
600 130.815
700 130.257
800 130.246
900 134.328
1000 135.225
1100 129.577
1200 122.348
1300 116.96
1400 114.603
1500 113.932
1600 116.033
1700 117.336
1800 115.808
1900 110.946
2000 104.271
2100 103.732
2200 104.102
2300 104.437
2400 104.177
2500 101.113
2600 98.7696
2700 100.541
2800 103.236
2900 104.247
3000 102.954
3100 102.068
3200 101.841
3300 101.745
3400 101.675
3500 102.425
3600 102.851
3700 102.989
3800 101.823
3900 100.603
4000 100.266
4100 100.881
4200 101.356
4300 100.201
4400 98.9003
4500 97.9372
4600 98.5772
4700 99.1711
4800 99.1186
4900 99.4116
5000 100.07
5100 101.184
5200 101.444
5300 101.644
5400 101.964
5500 101.772
5600 101.867
5700 101.684
5800 100.51
5900 99.7916
6000 99.5843
6100 99.5884
6200 98.7686
6300 97.8727
6400 97.5496
6500 97.2189
6600 96.9231
6700 96.0013
6800 94.5067
6900 93.6513
7000 93.7238
7100 94.0908
7200 93.8433
7300 93.2617
7400 92.302
7500 91.9363
7600 91.6003
7700 91.7368
7800 91.487
7900 91.6487
8000 91.8341
8100 91.7553
8200 91.6931
8300 92.1325
8400 92.6703
8500 93.2237
8600 93.6999
8700 93.7702
8800 93.7322
8900 93.6249
9000 93.5959
9100 93.4861
9200 92.8228
9300 92.0717
9400 91.8435
9500 91.571
9600 91.6316
9700 91.489
9800 92.0136
9900 93.0915
10000 93.9566
10100 94.252
10200 93.9847
10300 93.4636
10400 93.6148
10500 93.4571
10600 94.1739
10700 94.6367
10800 94.3346
10900 94.013
11000 93.9309
11100 93.8208
11200 94.2619
11300 94.8935
11400 95.2764
11500 95.0825
11600 94.7506
11700 94.3702
11800 94.3904
11900 94.8719
12000 95.2018
12100 95.0094
12200 95.156
12300 95.2819
12400 95.7523
12500 96.0178
12600 95.7974
12700 95.1617
12800 94.9691
12900 95.3591
13000 95.5976
13100 95.5203
13200 95.3278
13300 95.4074
13400 96.0897
13500 96.6777
13600 96.731
13700 96.5385
13800 96.1698
13900 95.9796
14000 96.0359
14100 96.528
14200 96.5488
14300 96.1826
14400 96.1398
14500 96.1986
14600 96.5335
14700 96.9772
14800 96.8642
14900 96.9167
15000 96.9084
15100 96.9617
15200 97.3207
15300 97.5815
15400 97.3333
15500 97.1114
15600 97.05
15700 97.3509
15800 97.4985
15900 97.4831
16000 97.2497
16100 97.0889
16200 97.0835
16300 96.9258
16400 96.7223
16500 96.4008
16600 95.8807
16700 95.6648
16800 95.7528
16900 95.9059
17000 95.8422
17100 95.6816
17200 95.5562
17300 95.5558
17400 95.3483
17500 95.2524
17600 95.2077
17700 95.2101
17800 95.462
17900 95.6428
18000 95.5474
18100 95.2893
18200 95.2544
18300 95.5448
18400 95.9818
18500 96.1798
18600 96.1223
18700 96.0965
18800 96.2792
18900 96.5039
19000 96.312
19100 95.8716
19200 95.4318
19300 95.2812
19400 95.5162
19500 95.6884
19600 96.0952
19700 96.1852
19800 96.0239
19900 95.7473
20000 95.7145
20100 95.8148
20200 95.7906
20300 95.5162
20400 95.4361
20500 95.5265
20600 95.8217
20700 95.8519
20800 95.6028
20900 95.4891
21000 95.3999
21100 95.4663
21200 95.687
21300 95.7629
21400 95.6414
21500 95.4714
21600 95.3265
21700 95.2628
21800 95.322
21900 95.2028
22000 94.8945
22100 94.6201
22200 94.5718
22300 94.721
22400 94.8364
22500 94.8724
22600 94.9665
22700 95.211
22800 95.1649
22900 95.2655
23000 95.2656
23100 95.3357
23200 95.4657
23300 95.5043
23400 95.4023
23500 95.2967
23600 95.2652
23700 95.3652
23800 95.5554
23900 95.5499
24000 95.5795
24100 95.5379
24200 95.6001
24300 95.5805
24400 95.5984
24500 95.4739
24600 95.5449
24700 95.6988
24800 95.9049
24900 95.693
25000 95.4989
25100 95.3502
25200 95.3151
25300 95.4085
25400 95.6003
25500 95.7598
25600 96.0504
25700 96.0947
25800 96.0024
25900 95.9758
26000 96.0868
26100 96.3062
26200 96.4773
26300 96.568
26400 96.5444
26500 96.2841
26600 96.1605
26700 96.1438
26800 96.227
26900 96.2695
27000 96.1504
27100 95.8856
27200 95.7498
27300 95.6494
27400 95.6245
27500 95.6603
27600 95.7285
27700 95.5987
27800 95.2927
27900 95.2913
28000 95.4658
28100 95.7617
28200 95.768
28300 95.6684
28400 95.6177
28500 95.543
28600 95.5626
28700 95.3982
28800 95.1951
28900 94.9434
29000 94.8068
29100 94.7715
29200 94.8077
29300 94.7665
29400 94.6076
29500 94.4396
29600 94.3167
29700 94.3282
29800 94.2772
29900 94.1477
30000 93.9357
