# Time-averaged data for fix 3
# TimeStep v_my_temp
100 88.6376
200 89.5871
300 90.8234
400 91.0254
500 91.1539
600 90.8115
700 90.4608
800 90.7001
900 91.1822
1000 91.3153
1100 91.2846
1200 91.1468
1300 90.9808
1400 90.77
1500 90.8714
1600 90.9352
1700 90.853
1800 90.7022
1900 90.3769
2000 90.171
2100 90.1037
2200 90.1589
2300 90.209
2400 90.1536
2500 90.0843
2600 89.9982
2700 90.028
2800 90.1007
2900 90.1336
3000 90.0947
3100 90.0104
3200 89.9959
3300 89.9951
3400 90.0005
3500 90.0078
3600 90.0232
3700 90.0477
3800 90.0223
3900 89.9393
4000 89.9349
4100 89.9953
4200 90.0225
4300 90.0364
4400 89.9948
4500 89.9695
4600 90.046
4700 90.1046
4800 90.0939
4900 90.0404
5000 90.0426
5100 90.08
5200 90.1259
5300 90.1291
5400 90.1214
5500 90.1225
5600 90.1241
5700 90.0975
5800 90.0469
5900 90.0435
6000 90.0964
6100 90.113
6200 90.1172
6300 90.111
6400 90.0829
6500 90.0988
6600 90.1191
6700 90.0906
6800 90.0334
6900 90.0138
7000 90.0273
7100 90.0355
7200 90.0498
7300 90.0066
7400 89.9686
7500 89.9642
7600 89.9723
7700 89.9695
7800 89.9725
7900 89.9669
8000 89.9674
8100 89.966
8200 89.9675
8300 89.9527
8400 89.9503
8500 89.9914
8600 90.0073
8700 89.9843
8800 89.9598
8900 89.9648
9000 89.9776
9100 89.9666
9200 89.9178
9300 89.8876
9400 89.8812
9500 89.8955
9600 89.8823
9700 89.8798
9800 89.8874
9900 89.9163
10000 89.9321
10100 89.9116
10200 89.9099
10300 89.9158
10400 89.9005
10500 89.9229
10600 89.9494
10700 89.9561
10800 89.9465
10900 89.9354
11000 89.9341
11100 89.9389
11200 89.9524
11300 89.9955
11400 90.019
11500 90.0201
11600 90.0082
11700 90.0076
11800 90.0192
11900 90.0525
12000 90.0717
12100 90.0663
12200 90.0489
12300 90.0546
12400 90.0696
12500 90.0716
12600 90.0508
12700 90.0376
12800 90.0343
12900 90.0557
13000 90.079
13100 90.0783
13200 90.0733
13300 90.0558
13400 90.0655
13500 90.0917
13600 90.1048
13700 90.0967
13800 90.0939
13900 90.0885
14000 90.1052
14100 90.1237
14200 90.1353
14300 90.1272
14400 90.1129
14500 90.1094
14600 90.1173
14700 90.1233
14800 90.1356
14900 90.1331
15000 90.125
15100 90.1325
15200 90.1604
15300 90.1848
15400 90.1899
15500 90.1762
15600 90.1745
15700 90.1856
15800 90.1956
15900 90.1752
16000 90.1583
16100 90.1611
16200 90.1663
16300 90.1698
16400 90.1621
16500 90.1464
16600 90.1203
16700 90.1103
16800 90.1145
16900 90.1264
17000 90.1305
17100 90.1098
17200 90.1016
17300 90.1009
17400 90.1074
17500 90.1071
17600 90.1025
17700 90.1072
17800 90.1282
17900 90.144
18000 90.1415
18100 90.1355
18200 90.1295
18300 90.1399
18400 90.1589
18500 90.163
18600 90.1508
18700 90.1432
18800 90.1514
18900 90.1636
19000 90.1562
19100 90.1415
19200 90.1371
19300 90.1391
19400 90.1396
19500 90.1608
19600 90.1766
19700 90.1782
19800 90.1721
19900 90.1662
20000 90.1719
20100 90.1915
20200 90.1955
20300 90.1843
20400 90.1734
20500 90.1787
20600 90.184
20700 90.1879
20800 90.1739
20900 90.1567
21000 90.1567
21100 90.1604
21200 90.1587
21300 90.1549
21400 90.1478
21500 90.1454
21600 90.1443
21700 90.143
21800 90.1526
21900 90.1636
22000 90.1573
22100 90.1426
22200 90.1391
22300 90.1412
22400 90.145
22500 90.1463
22600 90.1438
22700 90.1369
22800 90.1393
22900 90.135
23000 90.1371
23100 90.1436
23200 90.149
23300 90.1434
23400 90.1367
23500 90.1289
23600 90.1352
23700 90.149
23800 90.147
23900 90.1428
24000 90.136
24100 90.1369
24200 90.1362
24300 90.1357
24400 90.1271
24500 90.1244
24600 90.1235
24700 90.1327
24800 90.1361
24900 90.13
25000 90.1164
25100 90.1101
25200 90.1115
25300 90.1094
25400 90.1102
25500 90.1224
25600 90.1315
25700 90.1274
25800 90.1188
25900 90.1158
26000 90.125
26100 90.1318
26200 90.1347
26300 90.133
26400 90.1279
26500 90.1238
26600 90.1194
26700 90.1215
26800 90.1296
26900 90.1342
27000 90.1265
27100 90.1207
27200 90.1165
27300 90.1201
27400 90.119
27500 90.1204
27600 90.1156
27700 90.1033
27800 90.0965
27900 90.094
28000 90.0981
28100 90.1038
28200 90.1019
28300 90.0882
28400 90.0817
28500 90.0851
28600 90.087
28700 90.0841
28800 90.0661
28900 90.0583
29000 90.0562
29100 90.0557
29200 90.0591
29300 90.064
29400 90.0542
29500 90.0442
29600 90.0488
29700 90.0529
29800 90.0541
29900 90.0526
30000 90.0528
