# Time-averaged data for fix 1
# TimeStep v_my_vol
100 41688.1
200 41688.1
300 41688.1
400 41688.1
500 41688.1
600 41688.1
700 41688.1
800 41688.1
900 41688.1
1000 41688.1
1100 41688.1
1200 41688.1
1300 41688.1
1400 41688.1
1500 41688.1
1600 41688.1
1700 41688.1
1800 41688.1
1900 41688.1
2000 41688.1
2100 41688.1
2200 41688.1
2300 41688.1
2400 41688.1
2500 41688.1
2600 41688.1
2700 41688.1
2800 41688.1
2900 41688.1
3000 41688.1
3100 41688.1
3200 41688.1
3300 41688.1
3400 41688.1
3500 41688.1
3600 41688.1
3700 41688.1
3800 41688.1
3900 41688.1
4000 41688.1
4100 41688.1
4200 41688.1
4300 41688.1
4400 41688.1
4500 41688.1
4600 41688.1
4700 41688.1
4800 41688.1
4900 41688.1
5000 41688.1
5100 41688.1
5200 41688.1
5300 41688.1
5400 41688.1
5500 41688.1
5600 41688.1
5700 41688.1
5800 41688.1
5900 41688.1
6000 41688.1
6100 41688.1
6200 41688.1
6300 41688.1
6400 41688.1
6500 41688.1
6600 41688.1
6700 41688.1
6800 41688.1
6900 41688.1
7000 41688.1
7100 41688.1
7200 41688.1
7300 41688.1
7400 41688.1
7500 41688.1
7600 41688.1
7700 41688.1
7800 41688.1
7900 41688.1
8000 41688.1
8100 41688.1
8200 41688.1
8300 41688.1
8400 41688.1
8500 41688.1
8600 41688.1
8700 41688.1
8800 41688.1
8900 41688.1
9000 41688.1
9100 41688.1
9200 41688.1
9300 41688.1
9400 41688.1
9500 41688.1
9600 41688.1
9700 41688.1
9800 41688.1
9900 41688.1
10000 41688.1
10100 41688.1
10200 41688.1
10300 41688.1
10400 41688.1
10500 41688.1
10600 41688.1
10700 41688.1
10800 41688.1
10900 41688.1
11000 41688.1
11100 41688.1
11200 41688.1
11300 41688.1
11400 41688.1
11500 41688.1
11600 41688.1
11700 41688.1
11800 41688.1
11900 41688.1
12000 41688.1
12100 41688.1
12200 41688.1
12300 41688.1
12400 41688.1
12500 41688.1
12600 41688.1
12700 41688.1
12800 41688.1
12900 41688.1
13000 41688.1
13100 41688.1
13200 41688.1
13300 41688.1
13400 41688.1
13500 41688.1
13600 41688.1
13700 41688.1
13800 41688.1
13900 41688.1
14000 41688.1
14100 41688.1
14200 41688.1
14300 41688.1
14400 41688.1
14500 41688.1
14600 41688.1
14700 41688.1
14800 41688.1
14900 41688.1
15000 41688.1
15100 41688.1
15200 41688.1
15300 41688.1
15400 41688.1
15500 41688.1
15600 41688.1
15700 41688.1
15800 41688.1
15900 41688.1
16000 41688.1
16100 41688.1
16200 41688.1
16300 41688.1
16400 41688.1
16500 41688.1
16600 41688.1
16700 41688.1
16800 41688.1
16900 41688.1
17000 41688.1
17100 41688.1
17200 41688.1
17300 41688.1
17400 41688.1
17500 41688.1
17600 41688.1
17700 41688.1
17800 41688.1
17900 41688.1
18000 41688.1
18100 41688.1
18200 41688.1
18300 41688.1
18400 41688.1
18500 41688.1
18600 41688.1
18700 41688.1
18800 41688.1
18900 41688.1
19000 41688.1
19100 41688.1
19200 41688.1
19300 41688.1
19400 41688.1
19500 41688.1
19600 41688.1
19700 41688.1
19800 41688.1
19900 41688.1
20000 41688.1
20100 41688.1
20200 41688.1
20300 41688.1
20400 41688.1
20500 41688.1
20600 41688.1
20700 41688.1
20800 41688.1
20900 41688.1
21000 41688.1
21100 41688.1
21200 41688.1
21300 41688.1
21400 41688.1
21500 41688.1
21600 41688.1
21700 41688.1
21800 41688.1
21900 41688.1
22000 41688.1
22100 41688.1
22200 41688.1
22300 41688.1
22400 41688.1
22500 41688.1
22600 41688.1
22700 41688.1
22800 41688.1
22900 41688.1
23000 41688.1
23100 41688.1
23200 41688.1
23300 41688.1
23400 41688.1
23500 41688.1
23600 41688.1
23700 41688.1
23800 41688.1
23900 41688.1
24000 41688.1
24100 41688.1
24200 41688.1
24300 41688.1
24400 41688.1
24500 41688.1
24600 41688.1
24700 41688.1
24800 41688.1
24900 41688.1
25000 41688.1
25100 41688.1
25200 41688.1
25300 41688.1
25400 41688.1
25500 41688.1
25600 41688.1
25700 41688.1
25800 41688.1
25900 41688.1
26000 41688.1
26100 41688.1
26200 41688.1
26300 41688.1
26400 41688.1
26500 41688.1
26600 41688.1
26700 41688.1
26800 41688.1
26900 41688.1
27000 41688.1
27100 41688.1
27200 41688.1
27300 41688.1
27400 41688.1
27500 41688.1
27600 41688.1
27700 41688.1
27800 41688.1
27900 41688.1
28000 41688.1
28100 41688.1
28200 41688.1
28300 41688.1
28400 41688.1
28500 41688.1
28600 41688.1
28700 41688.1
28800 41688.1
28900 41688.1
29000 41688.1
29100 41688.1
29200 41688.1
29300 41688.1
29400 41688.1
29500 41688.1
29600 41688.1
29700 41688.1
29800 41688.1
29900 41688.1
30000 41688.1
