# Fix print output for fix printe
0.2001952110304038579,2499.9095225705691519,-355999.8801855291822,-353499.97066295862896
0.20039042558788791593,2499.6092972228575491,-355999.57999563624617,-353499.97069841338089
0.20058565186868274055,2499.0755523827983779,-355999.04616162105231,-353499.97060923825484
0.20078089899724912981,2498.3941921054697559,-355998.36475040216465,-353499.97055829671444
0.20097617275052129249,2497.6293281671360091,-355997.59988622821402,-353499.97055806108983
0.20117147640655116958,2496.7663056482742832,-355996.73697525216267,-353499.97066960390657
0.2013668138218436543,2495.7296377421084799,-355995.7002032129094,-353499.97056547080865
0.20156219181506734861,2494.5923119515246071,-355994.56285730726086,-353499.97054535575444
0.20175761436035560825,2493.3889261124827499,-355993.3594960848568,-353499.97056997235632
0.20195308408594223049,2492.0919881469512802,-355992.06260156002827,-353499.9706134130829
0.20214860470818871163,2490.4681297074534996,-355990.43930818932131,-353499.97117848187918
0.20234418913302440468,2488.4569415964392647,-355988.42819677415537,-353499.97125517769018
0.2025398527032560847,2485.953677375692223,-355985.9235492363805,-353499.969871860696
0.20273561498278244719,2482.5138430556180538,-355982.48388289072318,-353499.9700398350833
0.20293151325052299905,2478.0892848370735919,-355978.05953439511359,-353499.97024955804227
0.20312758705682604221,2472.4272595719862693,-355972.39777194563067,-353499.97051237366395
0.20332388653813493473,2465.2084058544674008,-355965.17926222924143,-353499.97085637476994
0.20352047548444998637,2456.0156326428977991,-355955.98694210057147,-353499.97130945767276
0.20371743596219485384,2444.2987284616842771,-355944.27063697599806,-353499.9719085143297
0.20391487495065674374,2429.3408982058303991,-355929.3135234938236,-353499.97262528800638
0.20411293346065564891,2410.305701812557345,-355910.2789939592476,-353499.97329214669298
0.20431179581587310956,2386.4626680600099462,-355886.43621666153194,-353499.9735486014979
0.20451169301379693022,2357.6580460443074116,-355857.63088431803044,-353499.97283827373758
0.20471289077382531785,2325.0473900602746653,-355825.01790615892969,-353499.97051609866321
0.20491564947342111314,2291.9220603002913776,-355791.88844868069282,-353499.9663883803878
0.20512014399457903502,2263.9438805561080699,-355763.90532952576177,-353499.96144896966871
0.20532635358357234634,2247.8515717056893664,-355747.80948437441839,-353499.95791266870219
0.20553397548956989227,2248.6374804686306561,-355748.59516293671913,-353499.95768246811349
0.20574243896093655226,2266.8191179533705508,-355766.78048749425216,-353499.96136954089161
0.20595104138761935464,2297.7100566731555773,-355797.67696537578013,-353499.96690870262682
0.20615917268031899723,2333.9881177223855957,-355833.95981066481909,-353499.97169294243213
0.2063664944938355672,2369.1229561633622325,-355869.09744089201558,-353499.97448472864926
0.20657291642901451367,2399.0846460897778343,-355899.05105307616759,-353499.9664069864084
0.20677851994082441234,2421.8769586406001508,-355921.84337143908488,-353499.96641279850155
0.20698348997751833678,2437.4674777030531914,-355937.43362812855048,-353499.96615042549092
0.20718803894760154383,2446.0727856954954405,-355946.03898723347811,-353499.96620153798722
0.20739239750082413827,2447.450216787964564,-355947.4227397950599,-353499.97252300707623
0.20759682241270613345,2440.6351241218908399,-355940.61002312781056,-353499.97489900590153
0.20780163982561875025,2422.6813574740012882,-355922.66119200945832,-353499.97983453545021
0.20800733829822784515,2387.4358711731379117,-355887.42495862924261,-353499.9890874560806
0.20821473658108838323,2323.3845452612035842,-355823.38948461227119,-353500.00493935105624
0.20842532993409113029,2210.8841134631593377,-355710.89829475391889,-353500.01418129075319
0.20864203211386533887,2022.1998464412383782,-355522.23304080870003,-353500.03319436748279
0.20887089366965505555,1816.2078874702842768,-355319.15776011894923,-353502.94987264869269
0.20911725610213866,1577.9868979968227904,-355080.89415907475632,-353502.9072610779549
0.20939519826059976859,1371.2778496050416379,-354874.09067736961879,-353502.81282776460284
0.20974034863524199102,1395.5612290285716881,-354898.39484956127126,-353502.83362053270685
0.21006589634619490803,1669.8903240470399396,-355172.8725038736593,-353502.98217982659116
0.21032762813312980144,1915.9508919600264107,-355418.96330930705881,-353503.012417347054
0.21056391591648818129,2136.1411008665172631,-355635.76014063740149,-353499.61903977085603
0.21078447186411528036,2284.6428179040176474,-355784.23514795699157,-353499.59233005298302
0.21099675248773028247,2368.4277122900234644,-355868.00134943565354,-353499.57363714562962
0.21120488682845964257,2415.3397206677459508,-355914.8987743674661,-353499.55905369971879
0.21141082756300488832,2441.1996872322442869,-355940.75036256789463,-353499.55067533563124
0.21161558977209343757,2454.8680509178107059,-355954.41511303163134,-353499.5470621138229
0.21181972992691908142,2460.9385767074345495,-355960.48381766688544,-353499.54524095944362
0.21202358493628836733,2461.7070275298410706,-355961.25147251703311,-353499.54444498720113
0.21222738471856583686,2458.1796349575161003,-355957.72390742792049,-353499.54427247040439
0.21243130960678860419,2450.5883261214489721,-355950.13283402519301,-353499.5445079037454
0.21263553921814803971,2438.5546360857410946,-355938.11027535970788,-353499.55563927395269
0.2128402740840335261,2421.6863766819624288,-355921.2394929851871,-353499.55311630322831
0.21304574069769968703,2399.4666059269229663,-355899.01986624486744,-353499.55326031794539
0.21325220450130455419,2371.9743366504662845,-355871.52686402754625,-353499.55252737709088
0.21345995372971560133,2340.3322633184393453,-355839.88271387404529,-353499.55045055563096
0.21366926444492989612,2307.4262478462928811,-355806.97321527672466,-353499.54696743044769
0.21388032714861707206,2277.998484581034063,-355777.54117939429125,-353499.54269481328083
0.21409315151711927339,2257.8305402778096322,-355757.36987478821538,-353499.53933451039484
0.21430748144284655909,2251.4950504443727368,-355751.03399492276367,-353499.53894447837956
0.21452279692976292114,2259.7307334324927979,-355759.27248865138972,-353499.54175521887373
0.21473845345656025763,2279.0068086306350779,-355778.55300050508231,-353499.54619187442586
0.21495385624207838382,2303.4841445611432391,-355803.03437021520222,-353499.55022565403488
0.21516865227351028578,2327.7085947539057997,-355827.26115172612481,-353499.552556972194
0.21538271521486701543,2348.3675171686331851,-355847.9207144776592,-353499.55319730902556
0.21559606985641679988,2364.3478083737663837,-355863.90075401094509,-353499.55294563720236
0.21580880780804850838,2375.7884257637870178,-355875.34074313292513,-353499.5523173691472
0.21602103813232734209,2383.3841398638187457,-355882.93578785343561,-353499.55164798960323
0.21623286260076524101,2387.9346788872321667,-355887.48579941084608,-353499.55112052359618
0.21644436833802518927,2389.9100179998240492,-355889.44916994613595,-353499.53915194631554
0.21665564159922676146,2389.3741600256689708,-355888.91339462890755,-353499.53923460323131
0.21686678177584173266,2386.4004161233792729,-355885.94007985352073,-353499.539663730131
0.21707789838557950413,2380.4964919994208685,-355880.03710023203166,-353499.54060823260807
0.21728913452397702333,2370.5139128094219814,-355870.04660018044524,-353499.53268737101462
0.21750070758548953331,2354.0965699030584801,-355853.63274842267856,-353499.53617851960007
0.21771296762265593405,2327.3165633321750647,-355826.85906001017429,-353499.54249667801196
0.21792649495358781819,2282.3421015061089747,-355781.89567399967927,-353499.55357249354711
0.2181423441229546345,2205.4511754796999412,-355705.02252363122534,-353499.57134815154132
0.21836252433968619813,2074.833072609580995,-355574.42806161928456,-353499.5949890097254
0.21859106360546035064,1875.6915048424546058,-355376.67449451581342,-353500.98298967338633
0.21883555278445318559,1675.3653149089986982,-355176.33169243490556,-353500.9663775258814
0.21910284859769307841,1457.3505268211408747,-354958.25409315736033,-353500.90356633620104
0.21941506355073039924,1337.3449343185552607,-354838.17109233065275,-353500.82615801208885
0.21982734069396211996,1537.274114496274251,-355038.29175517312251,-353501.01764067687327
0.22011943039293427327,1795.3792569278930387,-355296.46035019139526,-353501.08109326352132
0.22037361590380255549,2020.2583719630026735,-355518.64809123484883,-353498.38971927185776
0.22060775160191178901,2199.1487650615681559,-355697.51624838262796,-353498.36748332105344
0.22083022984971723002,2302.6933963958467757,-355801.04149205132853,-353498.34809565549949
0.22104704248371137565,2362.4657194845349295,-355860.79954683955293,-353498.33382735500345
0.22126090164013265116,2397.5847399840331491,-355895.91038791084429,-353498.32564792683115
0.22147315124223129756,2418.6395033987123497,-355916.96061502979137,-353498.32111163105583
0.22168450149058016585,2431.2052335916487209,-355929.51760022900999,-353498.31236663734308
0.22189535957288036849,2438.4525693971654619,-355936.76353343273513,-353498.31096403556876
0.22210596858888165261,2442.175421973054199,-355940.48558436334133,-353498.31016239029123
0.22231648314762325613,2443.0294665044434623,-355941.33170015102951,-353498.30223364656558
0.22252702394494591753,2441.5047879105131869,-355939.81846043351106,-353498.31367252301425
0.22273769063546353109,2437.7612346714195155,-355936.07500852021622,-353498.31377384881489
0.22294857839509774067,2432.1060609532719354,-355930.41999338613823,-353498.31393243285129
0.22315976910884544049,2424.3449700220226077,-355922.65912338718772,-353498.31415336515056
0.22337135677959918389,2414.2062839302329849,-355912.52074927877402,-353498.31446534855058
0.22358345255944009344,2401.3023320863057961,-355899.61726393096615,-353498.31493184465216
0.22379619259823665955,2385.0517004794901368,-355883.36702404741663,-353498.31532356794924
0.22400974987867350308,2364.9232323809346781,-355863.23848763492424,-353498.3152552539832
0.22422433739724315083,2341.0844732291925538,-355839.39912194560748,-353498.31464871641947
0.22444018649326533121,2314.478289157432755,-355812.7912887011189,-353498.31299954367569
0.22465751496256380904,2287.4237137789305052,-355785.73385558533482,-353498.31014180643251
0.22487646258370494468,2263.815274846263037,-355762.12197831156664,-353498.30670346529223
0.22509700152009426422,2248.3176755056474576,-355746.6217950390419,-353498.30411953339353
0.22531886609068191296,2244.5924591802740906,-355742.89592160284519,-353498.30346242256928
0.22554155925520122383,2253.519544754286926,-355751.82513158034999,-353498.30558682605624
0.22576445080962567746,2272.5300604004055458,-355770.83947380934842,-353498.30941340891877
0.22598695189633441482,2296.6528372314855915,-355794.96596414758824,-353498.31312691612402
0.22620870118049124509,2320.9194498895353718,-355819.23509636172093,-353498.31564647221239
0.22642956526513560722,2341.8509628830133806,-355840.15714114450384,-353498.30617826146772
0.22664958690184230927,2357.2430845834564934,-355855.54965099145193,-353498.30656640802044
0.2268689361955996131,2366.6578486612688721,-355864.96449029317591,-353498.30664163193433
0.22708782718000358747,2369.9245645874752881,-355868.23147854954004,-353498.30691396206385
0.2273065080453958442,2366.6109482361002847,-355864.91660874534864,-353498.30566050927155
0.22752526405645090435,2355.514694563618832,-355853.82264487614157,-353498.30795031250454
0.22774447464744007608,2333.9221591524487849,-355832.23472175956704,-353498.31256260711234
0.22796470446319144765,2296.0928805151943379,-355794.41396468051244,-353498.32108416530536
0.2281869009829104733,2231.4286806889863328,-355729.76411972404458,-353498.33543903508689
0.22841279350655313563,2122.1472035336237241,-355620.50447399017867,-353498.35727045655949
0.22864575414655813335,1944.1331509508679574,-355442.50439700577408,-353498.37124605488498
0.22889281043284520623,1745.0429302332695443,-355242.79624519229401,-353497.75331495900173
0.22916139258354742414,1532.3896406994549579,-355030.09794801042881,-353497.70830731099704
0.22946813439921423528,1369.5954544536239155,-354867.2235814613523,-353497.62812700774521
0.22985748666505376181,1442.2857654648385051,-354939.98321299464442,-353497.69744752981933
0.23018684526483015884,1680.1008299110787902,-355177.89745289843995,-353497.79662298737094
0.23046072148545523883,1894.186718144215547,-355388.48557191807777,-353494.29885377385654
0.23070927445223557428,2089.4004785745205481,-355583.68563884252217,-353494.28516026801663
0.23094216738079095808,2203.4776563832142529,-355697.74045554286567,-353494.26279915962368
0.23116768687158678608,2269.5543278144918986,-355763.80153064243495,-353494.24720282794442
0.23138943265977771069,2308.7393222651044198,-355802.97731520619709,-353494.23799294111086
0.23160915282753816169,2332.6196364431225447,-355826.84779002738651,-353494.22815358429216
0.23182778002386245086,2347.622447396915959,-355841.8483064273023,-353494.22585903038271
0.23204583641985429554,2357.1133545476254767,-355851.33792202163022,-353494.22456747398246
0.23226364663315429704,2362.6852588989809192,-355856.90928353584604,-353494.22402463684557
0.23248143551343597446,2364.9889603183369218,-355859.21287618693896,-353494.2239158686134
0.23269938401974887832,2364.1377336036653105,-355858.36177930887789,-353494.22404570522485
0.23291766781426845312,2359.766834142706557,-355853.97646395559423,-353494.20962981285993
0.23313648011864107623,2351.7506210061492311,-355845.9603961869725,-353494.20977518084692
0.23335602343673989001,2340.1143947273062622,-355834.32391979591921,-353494.20952506863978
0.23357650738528923373,2325.2170417863990224,-355819.42552253312897,-353494.20848074671812
0.23379813740171148662,2308.206919271116476,-355802.4138267794624,-353494.20690750837093
0.23402107611211445115,2291.1874546794792877,-355785.39226692623924,-353494.20481224678224
0.23424539301477551034,2276.9695122545076629,-355771.17192544363206,-353494.20241318910848
0.23447101372042566947,2268.6129129163578,-355762.81385689624585,-353494.20094397990033
0.23469768340610996926,2268.0700921517341158,-355762.27113819232909,-353494.20104604057269
0.23492500367652305315,2275.265590966605032,-355769.46819217898883,-353494.20260121236788
0.23515253160393476128,2288.2136733286843082,-355782.41851271985797,-353494.20483939116821
0.23537987296553761207,2303.9760210692520559,-355798.18295418506023,-353494.20693311578361
0.23560678852955127538,2319.8201077590979367,-355814.02815208974062,-353494.20804433064768
0.23583317574964410279,2334.1372565946007853,-355828.34572995686904,-353494.20847336226143
0.23605901808186643964,2346.2597564187872194,-355840.4682825631462,-353494.20852614438627
0.23628434339076873072,2356.0520835332922616,-355850.26047153217951,-353494.20838799886405
0.23650919984219004322,2363.6363360768200437,-355857.84602832782548,-353494.20969225099543
0.23673364234979338283,2369.0607131767860665,-355863.27139094530139,-353494.21067776851123
0.23695772916034027467,2372.1444989741848985,-355866.36454819166102,-353494.22004921745975
0.23718155023100026546,2372.7435921448468434,-355866.96404268185142,-353494.22045053698821
0.23740521286869736839,2370.4288859108428369,-355864.65005851048045,-353494.2211725996458
0.23762885689333659855,2364.2875859311780005,-355858.51106871070806,-353494.22348277951824
0.23785267801425888368,2352.7278259763265851,-355846.93986512091942,-353494.21203914459329
0.23807698294856299848,2332.9225205206794271,-355827.138787539443,-353494.21626701875357
0.23830226683938188215,2299.8739207627736505,-355794.09446784912143,-353494.22054708632641
0.23852937358865636264,2244.2418935809782852,-355738.47507191030309,-353494.23317832930479
0.23875985844444216899,2150.4792244871737239,-355644.73080109641887,-353494.25157660926925
0.23899673883041522293,1996.2611717041181691,-355490.53746418014634,-353494.27629247604636
0.23924622804659340103,1798.4237138338526165,-355293.33887462678831,-353494.91516079293797
0.23951749847770295587,1600.3393301071726,-355095.21902775205672,-353494.87969764490845
0.23982378507480883734,1431.7134881873055292,-354926.5190896698623,-353494.80560148257064
0.24020375345556321811,1451.5310983873043824,-354946.35545691294828,-353494.82435852562776
0.2405601696026617442,1671.867531054694382,-355166.80781883304007,-353494.94028777832864
0.24084775049120790702,1876.6246348596355347,-355370.72698719718028,-353494.10235233756248
0.24110649235992318018,2075.4296861569050634,-355569.52532730146777,-353494.09564114455134
0.2413469393368775362,2190.7649673725090906,-355684.83919637755025,-353494.0742290050257
0.24157891101860057281,2255.3194344064827419,-355749.37768549262546,-353494.05825108615682
0.24180657666764615588,2290.9039574617645485,-355784.95261096174363,-353494.04865349997999
0.24203193237365475121,2310.0815034093388931,-355804.12476018699817,-353494.04325677768793
0.24225600736302413396,2319.6198410480437815,-355813.66666532214731,-353494.04682427411899
0.24247937628946913957,2323.3591524281023339,-355817.40425929194316,-353494.04510686383583
0.24270237869008090548,2323.5402665889641867,-355817.58436318556778,-353494.04409659659723
0.24292522689021253668,2321.4305966784982047,-355815.4749154477613,-353494.04431876924355
0.24314806469371685882,2317.4481482367286844,-355811.49105319596129,-353494.04290495923487
0.24337101974365760171,2311.9673183275176598,-355805.9930520306807,-353494.02573370316532
0.2435942067946021139,2305.5568142422453093,-355799.58252810360864,-353494.02571386133786
0.24381771828712958672,2298.3488150431062422,-355792.37452152697369,-353494.02570648386609
0.24404164563118854736,2290.3598472575226879,-355784.38556108681951,-353494.02571382932365
0.24426608454528295211,2281.5717441553028948,-355775.59755649860017,-353494.02581234328682
0.24449113578504999555,2271.8593038323610926,-355765.88532289396971,-353494.02601906162454
0.24471691067227202554,2261.0124831578923477,-355755.03840350767132,-353494.02592034975532
0.24494353655722753138,2249.1197542049421827,-355743.14537160599139,-353494.02561740105739
0.24517114050978200401,2236.5931443927947839,-355730.61811352416407,-353494.02496913139476
0.2453998324222848304,2224.3045593023107358,-355718.3283570674248,-353494.02379776514135
0.24562967955885464666,2213.8045424042934428,-355707.82675464299973,-353494.02221223869128
0.24586066407270518175,2207.1401662847688385,-355701.15852079261094,-353494.01835450786166
0.2460926418647686742,2206.2787254865565956,-355700.29612735519186,-353494.01740186865209
0.24632533212136312195,2212.5496811750008419,-355706.56724023283459,-353494.01755905785831
0.24655833922874528796,2225.810969200458203,-355719.83001368719852,-353494.01904448674759
0.24679121626829841896,2244.168629838562083,-355738.18984689144418,-353494.021217052883
0.24702360450539534442,2264.7988597724802275,-355758.8221681630821,-353494.02330839057686
0.24725529179172586747,2284.9133725045398933,-355778.93676253769081,-353494.02339003316592
0.24748621529453465606,2302.2222696579283365,-355796.24131256493274,-353494.01904290699167
0.2477164500108874623,2315.3366411539936962,-355809.35628856939729,-353494.01964741537813
0.24794616013061293591,2323.5360615066470018,-355817.55626179534011,-353494.02020028867992
0.24817556515417513174,2326.0935054498709178,-355820.11462957505137,-353494.02112412516726
0.24840493875425811998,2321.7462119966116916,-355815.77217085997108,-353494.02595886337804
0.24863464375801172523,2308.3033970221904383,-355802.33293999976013,-353494.02954297757242
0.24886521604678893405,2281.4007583833326862,-355775.436919548898,-353494.03616116556805
0.24909752105870971994,2232.7919085525550145,-355726.8394704022212,-353494.04756184964208
0.24933309949697596286,2148.3397697451041495,-355642.40430213301443,-353494.06453238788527
0.24957488984852943537,2007.243536042277583,-355501.32085456635104,-353494.07731852406869
0.24982888066047412301,1810.0193737828606118,-355306.13847995840479,-353496.11910617555259
0.25010571349344640213,1621.8941304181587384,-355117.98155039577978,-353496.08741997764446
0.2504172010540893778,1456.2797623202286559,-354952.29879511112813,-353496.01903279090766
0.25080071845101364891,1456.6057395124125833,-354952.63010531465989,-353496.0243658022373
0.25117251362867915043,1656.9421467952238345,-355153.07884084252873,-353496.13669404730899
0.25146967900555705633,1851.4937099584144562,-355349.56611502886517,-353498.07240507047391
0.25173581454650029166,2039.3030897654018645,-355537.37061573180836,-353498.06752596638398
0.25198272157234974378,2147.7948219796016929,-355645.84213468286907,-353498.04731270327466
0.2522207307159277101,2207.7870376062460309,-355705.8191866237903,-353498.03214901755564
0.25245421799524953022,2240.0761948761378335,-355738.09908263094258,-353498.02288775477791
0.25268528379986660015,2256.5974305938457292,-355754.60302363097435,-353498.00559303711634
0.25291502710322394387,2263.8734150064224195,-355761.8762103691115,-353498.00279536267044
0.25314406813007001018,2265.5640535372722297,-355763.56536633789074,-353498.00131280062487
0.25337278125813628149,2263.5434296282655851,-355761.54400683782296,-353498.00057720957557
0.25360141972594585358,2258.7465177545918777,-355756.7467884629732,-353498.00027070840588
0.25383017245625322245,2251.5734008871991136,-355749.57360307162162,-353498.0002021844266
0.25405921452206370326,2241.851755505022993,-355739.86799534101738,-353498.01623983599711
0.2542887350298598248,2229.8141981154044515,-355727.83046709344489,-353498.01626897801179
0.25451891386833580544,2215.6130542755595343,-355713.63046326965559,-353498.01740899408469
0.25474993001516826885,2199.5424014109821655,-355697.5594077341957,-353498.01700632320717
0.25498195300096898608,2182.5325007505512076,-355680.54843789327424,-353498.01593714271439
0.25521511374677718909,2165.9960850269098955,-355664.01067695440724,-353498.01459192752372
0.25544947083856356373,2151.7515445887029273,-355649.7645040898351,-353498.01295950112399
0.25568497952305829779,2141.8770530994993351,-355639.88885459303856,-353498.01180149352876
0.2559214622390088012,2137.9037099150864378,-355635.91526918881573,-353498.01155927375657
0.25615862858982374473,2140.1945798814731461,-355638.2067892147461,-353498.01220933324657
0.25639614012521144693,2147.9237024054314134,-355645.93737145734485,-353498.01366905192845
0.25663367877680171025,2159.5092237078529251,-355657.52421642106492,-353498.01499271322973
0.25687100655173800146,2173.2857530010442133,-355671.30153100175085,-353498.01577800069936
0.25710798954451663523,2188.1215269732574598,-355686.13772300083656,-353498.01619602757273
0.25734455655550642073,2203.391514818532869,-355701.40798959735548,-353498.01647477882216
0.25758067205895146534,2218.6662539590965935,-355716.68295122002019,-353498.0166972609004
0.25781632614305416418,2233.5998327329416497,-355731.61676572752185,-353498.01693299459293
0.25805152891953375693,2247.8441747436954756,-355745.86138573475182,-353498.01721099106362
0.25828630958207943191,2260.7119135987732079,-355758.7254394304473,-353498.01352583168773
0.25852074025846000227,2271.4935116289821053,-355769.507642920129,-353498.01413129112916
0.25875493300015278697,2279.5027866072077813,-355777.5177502782899,-353498.01496367109939
0.25898904209192313841,2283.6793291523676999,-355781.69557238579728,-353498.01624323340366
0.25922327874587780538,2282.3755450360781651,-355780.39526561275125,-353498.01972057664534
0.25945797550632637707,2272.827394650057613,-355770.85097076871898,-353498.02357611863408
0.25969366457638243251,2250.5270514148933216,-355748.55738865735475,-353498.03033724246779
0.25993123426696701506,2207.0559498342254301,-355705.09762108651921,-353498.0416712522856
0.26017230481484288074,2128.3273107885815989,-355626.38323005195707,-353498.05591926339548
0.26041999788630276758,1994.3295077008262979,-355492.40781205013627,-353498.07830434932839
0.26068070442211743742,1806.6934482591725555,-355304.83931340742856,-353498.14586514828261
0.26096590213571307926,1630.9983849972838925,-355129.11117537540849,-353498.11279037810164
0.26128860127809272473,1485.3194972451153717,-354983.36687232268741,-353498.04737507755635
0.26169007151343159912,1513.9033709271079715,-355011.96940085431561,-353498.06602992722765
0.26205944408622378061,1714.5997255774148016,-355212.76472803851357,-353498.16500246111536
0.26235955627849760763,1913.7459161731230779,-355414.28701468301006,-353500.54109850991517
0.2626283552159049961,2087.6542507578242294,-355588.18849109514849,-353500.53424033732153
0.26287920152465410473,2188.4959537995628125,-355689.01116749830544,-353500.5152136987308
0.26312161546220930175,2245.0994369750646911,-355745.60074499971233,-353500.50130802462809
0.26335970695319255164,2276.3412180487703154,-355776.83450945810182,-353500.49329140933696
0.26359546560917734848,2293.1003402699843718,-355793.5889592168387,-353500.48861894686706
0.26382992725126724887,2301.0847860251124075,-355801.5780051832553,-353500.49321915814653
0.26406368588659223651,2303.6546424709817984,-355804.14645428565564,-353500.49181181465974
0.26429709106325111057,2302.5312943507578893,-355803.02528150664875,-353500.4939871559036
0.26453036932960349858,2298.7287374227971668,-355799.22229995566886,-353500.49356253287988
0.26476367647094800617,2292.5133847122815496,-355793.02867946459446,-353500.51529475231655
0.26499715605105322869,2284.0298432762815537,-355784.54296736256219,-353500.51312408625381
0.2652309442346522661,2273.8006615149720346,-355774.31376888212981,-353500.51310736715095
0.26546514318757757911,2261.862149461230274,-355762.37516824784689,-353500.51301878661616
0.26569985512277982664,2248.3357143879852629,-355748.84856829821365,-353500.5128539102152
0.26593517813295292074,2233.4225945568787211,-355733.93530390440719,-353500.5127093475312
0.26617120240015473831,2217.3187408605645032,-355717.83136554481462,-353500.51262468425557
0.26640801236862327039,2200.2029526381656979,-355700.71489781839773,-353500.51194518024568
0.26664568723516129944,2182.6090641878886345,-355683.12055982631864,-353500.5114956384059
0.26688428150858733989,2165.1818675567415085,-355665.69279427046422,-353500.51092671370134
0.26712381867418416581,2148.715018018452156,-355649.22516789165093,-353500.51014987321105
0.26736428065802286813,2134.2747206365188504,-355634.78395722963614,-353500.50923659309046
0.26760558792897604086,2123.1079928171975553,-355623.61647217825521,-353500.50847936107311
0.267847582866986067,2116.3431341508330661,-355616.85159003426088,-353500.50845588342054
0.26809003071213444169,2114.8390304528534216,-355615.34673849702813,-353500.50770804419881
0.26833262472014957067,2118.7290724613931161,-355619.23736912559252,-353500.50829666422214
0.26857502222388024427,2127.0384212257240506,-355627.54801402625162,-353500.50959280051757
0.26881695046434889163,2138.174780687511884,-355638.68574573245132,-353500.51096504495945
0.26905823908733217387,2150.4044490392689113,-355650.91652395518031,-353500.51207491592504
0.26929883250981073717,2161.943288283781385,-355662.45184203138342,-353500.50855374761159
0.26953880140714392422,2171.6042364753880065,-355672.11350704112556,-353500.50927056575892
0.26977829965062938289,2178.5174596606934756,-355679.02728142513661,-353500.50982176442631
0.27001754786714121659,2181.661754032384124,-355682.17286212160252,-353500.51110808923841
0.27025683437413988708,2179.4838424158415364,-355680.00293121061986,-353500.51908879476832
0.27049656930679077949,2169.370697899177685,-355669.8937390219653,-353500.52304112276761
0.27073737664111213741,2146.5203054056159999,-355647.05037669971352,-353500.5300712941098
0.27098028448212291286,2102.1606574383195039,-355602.70243204251165,-353500.5417746041785
0.27122714959761717868,2021.848968848765935,-355522.40706406201934,-353500.55809521325864
0.27148155317090966188,1885.9093915925868714,-355386.47739747166634,-353500.56800587906037
0.27175089280983200091,1706.8069132303680817,-355206.11542759905569,-353499.30851436866214
0.2720474645433383909,1542.7130940628642293,-355041.98151917580981,-353499.26842511293944
0.27238751589526355446,1427.5563858786222227,-354926.76293253747281,-353499.20654665882466
0.27282129855653142192,1512.6752857475057681,-355011.9513049320085,-353499.27601918450091
0.27317617130963972594,1713.6279863590336845,-355212.97694308462087,-353499.34895672556013
0.27347437630203630388,1917.3330934256796354,-355419.29933065082878,-353501.96623722516233
0.27374282554540674273,2068.2879322496160057,-355570.24006787256803,-353501.95213562296703
0.27399616894448064475,2156.1828213019311988,-355658.11756420502206,-353501.93474290310405
0.27424221715613850137,2206.5351199139881828,-355708.4579734064173,-353501.92285349243321
0.27448446785775415524,2235.3421910064503209,-355737.25556042906828,-353501.91336942260386
0.27472465297349502045,2251.3920220795248497,-355753.30990185670089,-353501.91787977720378
0.27496370986992868524,2259.69882824794513,-355761.61460101202829,-353501.91577276407043
0.27520217779351746623,2262.9790162365925426,-355764.89365819952218,-353501.91464196291054
0.27544039336747710989,2262.6496893230928436,-355764.56375090562506,-353501.91406158253085
0.27567858823870067253,2259.4221987534060645,-355761.33857333369087,-353501.91637458029436
0.27591694311992587263,2253.4253056090628888,-355755.35814504045993,-353501.93283943139249
0.2761556327588430837,2244.6453442632368933,-355746.58025597361848,-353501.93491171038477
0.27639483676620218988,2233.5877874287493796,-355735.52258772810455,-353501.93480029935017
0.2766347104366548848,2220.4140829730285986,-355722.34854742215248,-353501.93446444912115
0.27687540588155068466,2205.5640097878349479,-355707.49787801702041,-353501.93386822915636
0.27711705378480072648,2189.7972094170495438,-355691.73031495022587,-353501.93310553318588
0.2773597410167033539,2174.0695687632910449,-355676.00188394612633,-353501.93231518281391
0.27760349251328064746,2159.5445480971625329,-355661.47588540060678,-353501.93133730342379
0.27784825048301436956,2147.510554110328485,-355649.44129357254133,-353501.93073946220102
0.27809386005460318136,2138.7154053981034849,-355640.64613504020963,-353501.93072964210296
0.27834009836828538242,2133.1800576976024786,-355635.11242499446962,-353501.93236729688942
0.27858671870836715367,2130.3821766933351682,-355632.31520037387963,-353501.93302368052537
0.27883349150412040096,2129.5288537231595001,-355631.4625684300554,-353501.93371470691636
0.27908022646146901646,2129.8539543278379824,-355631.78783786622807,-353501.93388353841146
0.27932678430913798762,2131.0270344318028037,-355632.96113356458955,-353501.93409913277719
0.27957304634646829022,2132.7889049178061214,-355634.72331192198908,-353501.93440700415522
0.27981891295486521765,2134.7924864344740854,-355636.72725986398291,-353501.93477342952974
0.28006431375656437588,2136.6158035248658962,-355638.55098576867022,-353501.93518224381842
0.28030921523347285262,2137.7754069534730661,-355639.72654769237852,-353501.95114073890727
0.28055362823530877181,2137.3274953641948741,-355639.27981191058643,-353501.9523165464052
0.28079764257672445993,2134.8267744644058439,-355636.77970363752684,-353501.95292917313054
0.28104139292192298338,2129.5637436616102605,-355631.51751166128088,-353501.95376799965743
0.28128507946360825631,2120.5454610298556872,-355622.50059802085161,-353501.95513699098956
0.28152898484448046768,2106.0120929814675037,-355607.97186956525547,-353501.95977658376796
0.28177355824900113257,2083.1325868758822253,-355585.09682923491346,-353501.96424235904124
0.2820195116559623405,2046.5346649340137901,-355548.50671811343636,-353501.97205317940097
0.28226807399500808415,1986.5507471455978248,-355488.53539114026353,-353501.98464399465593
0.28252152582316375495,1887.7837597048726366,-355389.78400460560806,-353502.00024490075884
0.28278435737579277198,1731.5995297712015599,-355233.60275621141773,-353502.00322644022526
0.2830660618108793436,1553.6057317592885738,-355055.51765790057834,-353501.91192614129977
0.28337999871812175057,1398.4232432115629763,-354900.28728312329622,-353501.86403991171392
0.2837497975831128616,1331.9991005301053519,-354833.81801466434263,-353501.81891413423
0.28420553008359294989,1490.7045320625022669,-354992.64842456899351,-353501.94389250647509
0.28454008953682530247,1686.805260161888782,-355190.23108003137168,-353503.42581986950245
0.28483173537856659729,1889.2904205015013304,-355392.72559785982594,-353503.43517735833302
0.28509782259096416723,2013.6517038460933691,-355517.06981537910178,-353503.41811153298477
0.28535246559774218866,2088.1388425545292193,-355591.54228320321999,-353503.40344064868987
0.28560137679701008695,2133.4703010347343479,-355636.86444519856013,-353503.39414416381624
0.2858472378912052525,2161.9675586256735187,-355665.35662359267008,-353503.38906496699201
0.28609141606559101989,2180.275246494127714,-355683.66955525235971,-353503.39430875825929
0.28633467327700123928,2192.1583337310530624,-355695.55100734060397,-353503.39267360954545
0.28657745825135688689,2199.7346014061686219,-355703.12636522058165,-353503.39176381443394
0.28682005584111069929,2204.1267823622738433,-355707.51803258649306,-353503.39125022420194
0.28706266207490843678,2205.9222185895723669,-355709.32048885314725,-353503.39827026356943
0.28730543315527562465,2205.0289260314066269,-355708.42405572836287,-353503.39512969693169
0.28754854008009567146,2202.0689876931423896,-355705.46404471958522,-353503.39505702647148
0.28779211213294869642,2197.2175300743047046,-355700.6124234048184,-353503.39489333052188
0.28803627177626273115,2190.6735473037833799,-355694.06814634404145,-353503.39459904027171
0.28828113402750482619,2182.7908871536451443,-355686.18576325493632,-353503.39487610128708
0.28852679636849271061,2173.9495013088849191,-355677.34311872266699,-353503.39361741376342
0.28877333326009424486,2164.6146222216702881,-355668.00769929715898,-353503.39307707548141
0.28902079506989464264,2155.4097348123827942,-355658.80223717156332,-353503.39250235917279
0.28926918935862755422,2146.8161407164893717,-355650.20823892136104,-353503.39209820487304
0.28951847607092273673,2139.4936016582228149,-355642.88535485172179,-353503.39175319351489
0.28976857501752001367,2133.8961896087057539,-355637.28925966122188,-353503.39307005249429
0.29001936804932099134,2130.3959499350858096,-355633.78798565024044,-353503.39203571516555
0.29027069821446488396,2129.3907308479133462,-355632.7825323183788,-353503.39180147048319
0.29052237455995755244,2131.1710996828069256,-355634.5625189380371,-353503.3914192552329
0.29077416832018015969,2135.7750353420506144,-355639.16955199092627,-353503.3945166488993
0.29102580921128301528,2142.9071839462440039,-355646.30252799554728,-353503.39534404932056
0.29127706032886957477,2151.6026344681490627,-355654.99902098753955,-353503.39638651936548
0.29152775037355505017,2160.55565734234915,-355663.95303314150078,-353503.39737579913344
0.29177779659708502624,2168.3797822722044657,-355671.76926835655468,-353503.38948608434293
0.29202721814195092831,2173.6167369801128189,-355677.00704802188557,-353503.39031104178866
0.29227614047263411612,2175.4368196978412016,-355678.82793188421056,-353503.3911121863639
0.29252475549141271349,2172.860009081959106,-355676.2521821691189,-353503.39217308716616
0.29277333210192413304,2164.5716841252396989,-355667.96557696798118,-353503.39389284275239
0.29302224351326411345,2148.2725158684338567,-355651.66313187009655,-353503.3906160016777
0.29327207479009198554,2120.3847933223860309,-355623.78095174324699,-353503.39615842088824
0.29352375315970052894,2074.0207952570558518,-355577.42635753075592,-353503.40556227369234
0.29377891887744028709,1997.4987256181645989,-355500.91825359861832,-353503.41952798044076
0.2940406744931823857,1873.7273011739866888,-355377.16677933454048,-353503.43947816058062
0.29431528409708462846,1687.6509304207745572,-355191.07959857443348,-353503.42866815364687
0.2946165047089182587,1513.0697643423272893,-355019.55388309457339,-353506.48411875223974
0.29495880166456051041,1372.7850774269522844,-354879.21348619041964,-353506.42840876348782
0.2953824932985526508,1377.9319661089484725,-354884.37503381865099,-353506.44306770968251
0.29577805768667830844,1539.55844545533364,-355046.08706608152715,-353506.52862062619533
0.29609865938544055464,1727.7008135408930229,-355235.29873161111027,-353507.59791807021247
0.2963824531070332613,1872.9457963232737256,-355380.53482313745189,-353507.58902681415202
0.29664804409281103625,1957.7992760620816171,-355465.37186694290722,-353507.57259088085266
0.29690498359155959029,2006.5529577827867342,-355514.11371266876813,-353507.56075488595525
0.29715745204520649381,2035.1146802137666327,-355542.66838663327508,-353507.55370641947957
0.29740749610070649211,2052.5617206317901946,-355560.11704487854149,-353507.55532424675766
0.29765620121586927604,2063.6534420157163368,-355571.20656696637161,-353507.55312495067483
0.29790419593446648694,2071.0927557621084816,-355578.64480065240059,-353507.55204489029711
0.29815186215439865025,2076.1834663121112499,-355583.73524020682089,-353507.55177389469463
0.29839945788511407221,2079.5245476688819508,-355587.07637725479435,-353507.55182958592195
0.29864717238038895886,2081.2385291154432707,-355588.78521598287625,-353507.54668686742662
0.29889518217294158697,2081.0917257816181518,-355588.63943202467635,-353507.5477062430582
0.2991436713712161688,2079.4319825328548177,-355586.97967285255436,-353507.54769031971227
0.29939278888643655607,2076.2724883653563666,-355583.81997982849134,-353507.54749146313407
0.29964268084387590818,2071.8309666202462722,-355579.37806193111464,-353507.54709531087428
0.29989347605890809279,2066.5650547493951308,-355574.11164868448395,-353507.54659393511247
0.30014526926273910057,2061.0687475252275362,-355568.61473636946175,-353507.54598884424195
0.30039811017681256056,2056.0778044998683072,-355563.62299930059817,-353507.54519480071031
0.30065198927788000516,2052.5274454288314701,-355560.07212386350147,-353507.54467843467137
0.30090681821819403874,2051.0512602963890458,-355558.59572356787976,-353507.54446327150799
0.30116244685440446416,2051.9058121078105614,-355559.45016769214999,-353507.54435558436671
0.30141868996996562524,2055.0294120724906861,-355562.57399632805027,-353507.54458425554913
0.30167535118044253029,2060.2083961536895913,-355567.75323911517626,-353507.54484296147712
0.30193224072854296658,2067.1559647752010278,-355574.70077558502089,-353507.54481080983533
0.30218918056958843366,2075.8369726960149819,-355583.38185283786152,-353507.54488014185335
0.30244598018109453141,2086.1419251246425119,-355593.68716078734724,-353507.5452356627211
0.30270245789584204754,2097.594896835770669,-355605.13932559755631,-353507.54442876175744
0.30295846406230619863,2109.3927141431508971,-355616.93721119360998,-353507.54449705046136
0.30321390401665554437,2120.7579453130747424,-355628.30308803758817,-353507.54514272452798
0.30346874959861291909,2130.53605120725706,-355638.0731791984872,-353507.53712799120694
0.3037230723535553345,2137.812956107233731,-355645.34836941841058,-353507.53541331115412
0.30397701707032775964,2141.6750948671319748,-355649.21137486491352,-353507.53627999778837
0.30423080209144115482,2141.0789298944819166,-355648.61676428141072,-353507.53783438692335
0.30448472769300993779,2134.3097715412641264,-355641.85634879604913,-353507.54657725477591
0.30473925935478834992,2118.7856164695335792,-355626.3361490535317,-353507.5505325840204
0.30499512271156314913,2089.7523688670989941,-355597.30986928398488,-353507.55750041687861
0.30525354025569428895,2038.5934450615757214,-355546.16181866172701,-353507.56837360013742
0.30551674828462760392,1951.6050342258479304,-355459.18788505590055,-353507.58285083004739
0.30578910067285047791,1811.5320008329067605,-355319.12650944030611,-353507.59450860740617
0.30607969690140024444,1629.3598954993360621,-355137.63614253443666,-353508.27624703507172
0.3064055303475081149,1478.9389305105298718,-354987.17318175424589,-353508.2342512437026
0.30678763674121894978,1399.644082373505853,-354907.83537556044757,-353508.19129318691557
0.30726933824658347882,1518.017950831264443,-355026.32185803935863,-353508.30390720808646
0.30762040481382596502,1694.7468260328548695,-355202.67348378978204,-353507.92665775690693
0.30792285825707860214,1862.8551002089943722,-355370.78977460315218,-353507.93467439414235
0.30819936275490195099,1960.9261367436147339,-355468.84500261559151,-353507.91886587196495
0.30846416274232424382,2014.3294534098511122,-355522.23363091232022,-353507.90417750249617
0.30872307092209777535,2041.6645672312672559,-355549.5600965222693,-353507.89552929101046
0.30897883306907514278,2054.2838475483927141,-355562.17441799677908,-353507.89057044836227
0.30923285674621087127,2058.3011968656646786,-355566.19764607236721,-353507.89644920668798
0.3094859364445085026,2057.3120718153440976,-355565.20695179805625,-353507.89487998269033
0.30973854199265249409,2053.3254717012987385,-355561.219440110086,-353507.89396840881091
0.30999097751049797811,2047.4950065291575356,-355555.38847212120891,-353507.89346559206024
0.31024345552216309185,2040.4956913067694586,-355548.38887073972728,-353507.89317943295464
0.31049615055035734157,2032.2160013923401038,-355540.13282526226249,-353507.91682386992034
0.31074926073545183769,2023.3605251416472584,-355531.27729299583007,-353507.91676785418531
0.31100293421511765457,2014.0489505610794367,-355521.96556699159555,-353507.91661643050611
0.31125731751563229244,2004.4835535726379021,-355512.39988295699004,-353507.91632938437397
0.31151254713057563439,1995.0156921696225254,-355502.93166909867432,-353507.91597692907089
0.31176873495833945515,1986.0804007720957998,-355493.99604392959736,-353507.91564315749565
0.31202595853246095636,1978.1308427012750144,-355486.04586989228847,-353507.91502719098935
0.31228425418387001367,1971.8187221715545547,-355479.73323961859569,-353507.91451744706137
0.31254359252701818805,1967.7401480094695216,-355475.65440860099625,-353507.91426059155492
0.31280388109806600561,1966.2103230990085194,-355474.12449789937818,-353507.91417480038945
0.31306498194342302632,1967.2843846918858617,-355475.19888277375139,-353507.91449808183825
0.31332672730177335563,1970.9240565367981617,-355478.83858487813268,-353507.9145283413236
0.31358893026238338075,1977.0320953729278699,-355484.94664592703339,-353507.91455055412371
0.31385139412139512194,1985.5785258532537227,-355493.49301146075595,-353507.91448560752906
0.3141139008096841545,1996.5662256949299262,-355504.48102958902018,-353507.91480389406206
0.31437620577013442036,2009.5738005179616721,-355517.48924083152087,-353507.91544031357625
0.31463809249054858208,2023.7791469230114672,-355531.6953965232824,-353507.91624960029731
0.31489940320731230061,2038.147407614539361,-355546.06445260858163,-353507.91704499401385
0.31516006104082378014,2051.5352680714318012,-355559.45462687313557,-353507.91935880167875
0.3154200876779142404,2062.6786689981458949,-355570.59874214848969,-353507.92007315036608
0.31567961433901026158,2070.8198675126182025,-355578.74067265517078,-353507.92080514255213
0.315938843229242039,2074.9877943435494672,-355582.90976109856274,-353507.921966755006
0.31619806125138250064,2073.912633934094174,-355581.8382300240919,-353507.92559608997544
0.31645767772011312857,2065.4142938622812835,-355573.34290451335255,-353507.92861065105535
0.316718336942698242,2046.0242716442464825,-355553.9579636422568,-353507.93369199801236
0.3169810661822893838,2009.0256664491762422,-355516.96823810914066,-353507.94257165997988
0.31724769106773531568,1943.3415858680091333,-355451.29716341325548,-353507.95557754521724
0.31752167470931946802,1833.2227487302786813,-355341.19359601935139,-353507.97084728907794
0.31781003804605739704,1666.5930883596033709,-355174.54946108924923,-353507.95637272961903
0.31812832048481659575,1513.5620340360819682,-355021.87247316271532,-353508.31043912662426
0.31849470979425575923,1408.8000156039092872,-354917.06063994171564,-353508.26062433782499
0.31895694403928837035,1459.3242943060834023,-354967.62448451208184,-353508.30019020597683
0.31934977449965085139,1620.4611121367133819,-355128.82775892317295,-353508.3666467864532
0.31967702413237486514,1812.8593680319022496,-355322.76584046060452,-353509.90647242870182
0.31996687913072446863,1934.1087398891334033,-355444.00443902960978,-353509.89569914049935
0.32024094691733484552,2003.6291628459516687,-355513.51202589855529,-353509.8828630525968
0.32050730132854787779,2042.1742195911408544,-355552.04739205969963,-353509.87317246856401
0.32076960471668003461,2062.7252181418543842,-355572.59297438379144,-353509.86775624193251
0.32102968922122676609,2072.5813889063078932,-355582.4501938567264,-353509.8688049504417
0.32128854961372316223,2075.6768864270770791,-355585.54383849841543,-353509.86695207131561
0.32154677377830176432,2074.3051055212736173,-355584.17104728997219,-353509.86594176868675
0.32180472740705640122,2069.7120100350271059,-355579.57743007759564,-353509.86542004259536
0.32206266152602730513,2062.5676853096315426,-355572.43281803291757,-353509.86513272329466
0.32232076965747019637,2052.9712106792162558,-355562.84314855386037,-353509.87193787464639
0.32257924947019928075,2041.2428465979935481,-355551.11473530891817,-353509.87188871094259
0.32283827841345186238,2027.7424366165664651,-355537.61415684991516,-353509.87172023335006
0.32309801503142232537,2012.7216349399807314,-355522.59302216756623,-353509.87138722761301
0.32335861241733515614,1996.6289278151321014,-355506.49963546742219,-353509.87070765229873
0.32362020280410264128,1980.067488435721998,-355489.93770644598408,-353509.87021801027004
0.32388288383481289578,1963.755133750126106,-355473.62467161385575,-353509.86953786370577
0.32414671135446571082,1948.5530671685244215,-355458.42132806731388,-353509.86826089880196
0.32441167689692651521,1935.4016115019853714,-355445.26940394635312,-353509.86779244436184
0.32467769742925478571,1924.9514143026976853,-355434.81897109583952,-353509.86755679314956
0.3249446342959524392,1917.5502763888669051,-355427.41777777159587,-353509.867501382716
0.32521231376660436618,1913.3274905155356009,-355423.19499746244401,-353509.86750694690272
0.32548054226539974154,1912.2913634959911633,-355422.15896963316482,-353509.8676061371807
0.32574911709692055961,1914.4293841067626545,-355424.29682800639421,-353509.86744389962405
0.3260178277661117674,1919.8640366883166735,-355429.73161882074783,-353509.86758213245776
0.32628642584246159153,1928.3862509560588023,-355438.25566886685556,-353509.86941791081335
0.32655467371859853154,1939.2901373878810318,-355449.16014782676939,-353509.87001043889904
0.32682238079731862346,1951.609844718396289,-355461.48136174998945,-353509.87151703156997
0.3270894329089871766,1964.303393636312876,-355474.17566419148352,-353509.87227055517724
0.32735580379565293319,1975.9047384950445121,-355485.77909516857471,-353509.87435667350655
0.32762160057756467557,1985.5449151300001631,-355495.42005036608316,-353509.87513523607049
0.32788700140781268377,1992.250091165834192,-355502.12616649578558,-353509.87607532995753
0.32815227557803722247,1994.8217841874388796,-355504.69928496092325,-353509.87750077346573
0.32841779071768978371,1991.333290040065549,-355501.2202167075593,-353509.88692666747374
0.3286841249652844299,1978.9594762991175685,-355488.85109621146694,-353509.89161991234869
0.32895217436925994203,1952.3718898953470671,-355462.27042400348,-353509.89853410812793
0.32922348163404213661,1902.5092879778217139,-355412.41908183251508,-353509.90979385469109
0.32950090535945686376,1815.5782191062417041,-355325.50073999079177,-353509.92252088454552
0.32979009829750555172,1676.9620254271910653,-355186.87255814019591,-353509.91053271299461
0.3301031551527679464,1513.9728530624511222,-355024.2932331059128,-353510.32038004347123
0.33046159018454607237,1398.5970223026633903,-354908.87198198097758,-353510.274959678296
0.33089748645722605325,1392.3211960246048875,-354902.58913124655373,-353510.26793522195658
0.33134020857811313787,1537.7920620881061495,-355048.14178383734543,-353510.34972174925497
0.33169005399320516947,1726.6000247030194714,-355239.63022026966792,-353513.03019556665095
0.33199422311535625729,1861.7419783336722503,-355374.76588416530285,-353513.02390583162196
0.33227824413789219804,1941.2390363669173894,-355454.24878868367523,-353513.00975231674965
0.33255268813451605014,1986.5337677709192121,-355499.5349697562051,-353513.00120198528748
0.33282217231053695672,2011.8659114574934392,-355524.86076793086249,-353512.9948564733495
0.33308896120131303853,2025.5769562348884847,-355538.57642597227823,-353512.99946973740589
0.33335425425190295945,2032.0417314503533817,-355545.03921387076844,-353512.99748242041096
0.33361875491018122553,2033.9255422145529337,-355546.92192629014608,-353512.99638407560997
0.33388289007848442891,2032.5550322622700605,-355545.5492528709583,-353512.99422060867073
0.33414694856309506976,2028.6689173169484093,-355541.66282757633599,-353512.99391025939258
0.33441114232050761501,2022.5699222262578587,-355535.54553721728735,-353512.97561499103904
0.33467567082443816506,2014.2664749285615926,-355527.24209832539782,-353512.97562339680735
0.33494073753563774476,2004.1907211625077707,-355517.16626746446127,-353512.97554630192462
0.33520651064400142083,1992.3823476887307606,-355505.35805921896826,-353512.9757115302491
0.33547315658817716821,1979.1485416071200234,-355492.12389513890957,-353512.97535353177227
0.33574082509292263454,1965.0305197744551151,-355478.00545591919217,-353512.9749361447175
0.33600963346821743905,1950.5719571772820018,-355463.5463667731965,-353512.97440959588857
0.33627965804859855092,1936.4763097990917231,-355449.45003646728583,-353512.97372666822048
0.33655091515344515152,1923.5868162102992756,-355436.56007874873467,-353512.97326253843494
0.33682334047647016773,1912.5185859032308144,-355425.49159488821169,-353512.97300898499088
0.33709680548345866136,1903.6285838190815412,-355416.6014942266047,-353512.97291040752316
0.33737113891517944708,1897.0860682415022893,-355410.05895586946281,-353512.97288762795506
0.33764614431990536136,1892.9646366619404034,-355405.93756299681263,-353512.97292633488541
0.33792161077839671934,1891.2693857182493957,-355404.24221140274312,-353512.97282568446826
0.33819731889897836075,1892.2115812935348913,-355405.18435676349327,-353512.97277546994155
0.33847301494847925607,1895.8848481244760933,-355408.85796489473432,-353512.97311677027028
0.33874842949984801388,1901.8649206400575622,-355414.83851716655772,-353512.97359652648447
0.33902333453166277888,1909.4062891827768453,-355422.38065125979483,-353512.97436207701685
0.3392975769692006538,1917.5298792948799473,-355430.5047207964235,-353512.97484150156379
0.33957109814191177577,1925.0203398014377854,-355438.00316052767448,-353512.9828207262326
0.33984396528578797447,1930.8891202132920171,-355443.87263889017049,-353512.98351867689053
0.34011634922017813798,1934.3814801996904862,-355447.36561060324311,-353512.98413040355081
0.34038850834529760236,1934.4754957275106335,-355447.46076679986436,-353512.98527107236441
0.34066079764281559372,1929.6381353478891469,-355442.61950468184659,-353512.981369333982
0.34093375587374691316,1917.5331176401127777,-355430.51801636378514,-353512.9848987236619
0.34120821544279694715,1893.9214913677881214,-355406.91371851274744,-353512.99222714494681
0.34148556504045157745,1851.1551367865497468,-355364.15721029479755,-353513.00207350822166
0.34176832955201424946,1777.3563420777118154,-355290.37067512935027,-353513.01433305162936
0.34206141114737381725,1658.0599555135079299,-355171.07526964641875,-353513.0153141329065
0.34237506174767751155,1492.494751545620602,-355005.4734313961817,-353512.9786798505811
0.342733062775426367,1375.9686061430397785,-354890.4642689882312,-353514.49566284520552
0.3431608822809972259,1345.0359200886598501,-354859.50745039968751,-353514.47153031104244
0.34364489897033706489,1475.0723950904362027,-354989.62993514240952,-353514.55754005198833
0.34401381534587560651,1663.8417375417930089,-355180.91804750426672,-353517.07630996248918
0.34432973690922313859,1803.0749143350233226,-355320.14798018086003,-353517.07306584581966
0.34462293769855434356,1886.9950932549122626,-355404.05481409671484,-353517.05972084181849
0.34490546304285440993,1936.3752364653314544,-355453.42670915543567,-353517.05147269013105
0.3451824875264633552,1965.3889297368893949,-355482.43403742834926,-353517.04510769143235
0.34545653056741398856,1982.4297677073102477,-355499.47238127648598,-353517.04261356918141
0.34572891440889841341,1991.9343778210982236,-355508.97664678038564,-353517.0422689592815
0.34600041525039193502,1996.6069882140004665,-355513.6481358356541,-353517.04114762163954
0.34627149986065675069,1997.8609093700649737,-355514.9014454788994,-353517.0405361088342
0.34654248263934506191,1996.4553673138934755,-355513.49557616282254,-353517.04020884894999
0.34681359072026457513,1992.6850962528974378,-355509.72377444984159,-353517.03867819695733
0.34708503457194694874,1986.4716434949607446,-355503.50226360355737,-353517.03062010859139
0.3473570312484355882,1978.3034278345155599,-355495.33396080305101,-353517.03053296852158
0.34762976057893069104,1968.2851094930445015,-355485.31544182926882,-353517.03033233620226
0.34790340163667576867,1956.6187923319337187,-355473.64892211195547,-353517.03012978000334
0.34817811864313424897,1943.8210904497677802,-355460.85080997785553,-353517.02971952810185
0.34845404440310101535,1930.3997340656746928,-355447.42838872806169,-353517.02865466236835
0.34873127099788864269,1917.0640073345537076,-355434.09197896393016,-353517.0279716294026
0.34900983024406068145,1904.6259693948297809,-355421.65372563881101,-353517.02775624400238
0.34928966917485454458,1893.6557373623006697,-355410.68421085027512,-353517.02847348799696
0.34957066532723568564,1884.541068433678447,-355401.56943964445964,-353517.0283712107921
0.34985264848711788988,1877.4714956443312985,-355394.49969239975326,-353517.02819675544742
0.35013541901985656413,1872.4918665707023138,-355389.52009581535822,-353517.02822924463544
0.35041875763095936547,1869.6461070913865115,-355386.67663250252372,-353517.03052541112993
0.35070243141889989591,1868.996959879619908,-355386.02741948445328,-353517.03045960480813
0.35098617348717975339,1870.7545719173003818,-355387.78535931120859,-353517.0307873939164
0.35126968161089477949,1874.4825784321396895,-355391.51376734819496,-353517.03118891606573
0.35155269294273450154,1879.389840545937659,-355396.4218381785322,-353517.03199763258453
0.35183502191522803004,1884.5227301903753414,-355401.5555649503367,-353517.03283475997159
0.35211658601748313524,1888.7159284412471152,-355405.74744173040381,-353517.031513289141
0.3523974307103020509,1890.7523577950053095,-355407.78395569196437,-353517.03159789694473
0.35267773015906134226,1889.9854775662383872,-355407.01780734455679,-353517.03232977830339
0.35295774720600237018,1885.5211863278223063,-355402.55455143772997,-353517.0333651099354
0.35323784714233613657,1875.9971356130965887,-355393.03024449030636,-353517.03310887719272
0.35351857358675564669,1859.3024292760226217,-355376.338664024428,-353517.03623474843334
0.35380076338942539893,1831.7517657728444647,-355348.7934476393275,-353517.04168186651077
0.35408579244817744991,1786.582853282826818,-355303.63330671249423,-353517.05045342969242
0.35437613889871288908,1712.9812084608900022,-355230.04302095540334,-353517.06181249453221
0.3546765745670507064,1597.3659995787086245,-355114.43826423503924,-353517.07226465630811
0.35499699148283497818,1436.8356461092389509,-354953.87814162706491,-353517.04249551781686
0.35536004793008901803,1308.8168368739075049,-354825.88258379860781,-353517.0657469247235
0.35579653349867079726,1266.7598065378915635,-354783.80085137370043,-353517.04104483581614
0.35630105783936294461,1378.7218632912763496,-354895.84395789634436,-353517.12209460505983
0.35668286326579851098,1566.0776449935644905,-355082.96957897290122,-353516.89193397935014
0.35700610630722462435,1693.9953100040661411,-355210.88366804859834,-353516.88835804455448
0.35730670092858624054,1771.486934294531693,-355288.36269164108671,-353516.87575734657003
0.35759659330915893882,1817.878542603393953,-355334.74478021037066,-353516.86623760696966
0.35788095118129426009,1846.263026899690658,-355363.12336528202286,-353516.86033838230651
0.35816230336200260975,1864.3614456895579679,-355381.2184216423193,-353516.85697595274542
0.35844198262803361743,1876.1481026023300274,-355393.01321385428309,-353516.86511125194374
0.35872077628621523715,1884.0137836226915624,-355400.87791287945583,-353516.86412925674813
0.35899916055149733163,1889.2025662481751169,-355406.06619038095232,-353516.8636241327622
0.3592774575750063426,1892.3211507681360217,-355409.18454105174169,-353516.86339028360089
0.35955590370973122827,1893.5306817343057446,-355410.37809125700733,-353516.84740952268476
0.35983472062387306112,1892.7731834644437185,-355409.61605815321673,-353516.84287468879484
0.36011413285038673671,1890.3403817305070334,-355407.18324541352922,-353516.84286368300673
0.36039433269833603957,1886.268289978764642,-355403.11095343576744,-353516.84266345697688
0.36067551185962787308,1880.7723083483185746,-355397.61466798058245,-353516.84235963225365
0.36095784679604531187,1874.2054618352651687,-355391.04669436602853,-353516.84123253077269
0.36124148238464609539,1867.0400527893641538,-355383.88075054372894,-353516.84069775434909
0.36152652271697405251,1859.9651780005444834,-355376.8052315984969,-353516.84005359793082
0.3618130048437011026,1853.7711749651323316,-355370.61077187670162,-353516.83959691156633
0.36210087716032379745,1849.0377166852497339,-355365.87704997701803,-353516.83933329174761
0.36239001630548312027,1846.0592429470696061,-355362.89922908437438,-353516.83998613728909
0.36268024896937001156,1844.9975783184254396,-355361.83742951916065,-353516.83985120075522
0.36297136996668671882,1845.9772204097764643,-355362.81705418840284,-353516.83983377862023
0.3632631499106810935,1849.0301695832363293,-355365.87002600252163,-353516.83985641930485
0.36355533924066441021,1854.2788009151061033,-355371.11772329360247,-353516.83892237849068
0.36384764909973316138,1861.8204362680176018,-355378.65847905236296,-353516.83804278436583
0.3641397427592121816,1871.1866572717751751,-355388.02376617514528,-353516.83710890338989
0.36443132610438000452,1881.546678774503107,-355398.38464878941886,-353516.83797001489438
0.36472218985657361978,1891.9328647910695054,-355408.77206099836621,-353516.83919620729284
0.36501223916697100869,1901.073204947437489,-355417.92536507709883,-353516.85216012963792
0.36530151979341929369,1907.835393337589494,-355424.68825438932981,-353516.85286105173873
0.36559021786298612211,1911.4937984008749936,-355428.3474052187521,-353516.85360681789462
0.36587861599301152449,1911.1134449040964682,-355427.96809103374835,-353516.85464612965006
0.3661671064961509181,1905.2669045177278804,-355422.12238811876159,-353516.8554836010444
0.36645627375645023482,1891.8795763758773774,-355408.73815385357011,-353516.8585774776875
0.36674701241172935617,1867.3325661708727239,-355384.19644187460653,-353516.86387570371153
0.36704079473898620911,1825.0208535326985384,-355341.89349964668509,-353516.87264611397404
0.36734027133454877356,1754.4884481050701197,-355271.37130784906913,-353516.88285974401515
0.36765054923151591071,1643.0598473983504846,-355159.93749594519613,-353516.87764854682609
0.36798223877555441552,1489.3423830430267572,-355006.18926667101914,-353516.84688362799352
0.36835975980868096435,1365.4950741972365904,-354881.3678011658485,-353515.872726968606
0.36882092828822066188,1334.0863837806132324,-354849.9438662143657,-353515.85748243372655
0.36932176850471548635,1454.2228575423343955,-354967.05295707209734,-353512.83009952976136
0.36970030182347757286,1617.6916726118890892,-355130.56915734917857,-353512.87748473731335
0.37002785012660260877,1721.5658968755126352,-355234.43674418178853,-353512.87084730627248
0.37033475760267492438,1780.440842744570773,-355293.29990607744548,-353512.8590633329004
0.3706317244895979135,1811.8088681114822975,-355324.65941193868639,-353512.85054382722592
0.37092349636714622152,1827.2144483660986225,-355340.05973594717216,-353512.84528758109082
0.37121243063892789271,1833.4940929071115079,-355346.33633583318442,-353512.84224292606814
0.37149978452217213842,1834.2135825037912582,-355347.05201450153254,-353512.83843199774856
0.37178631572125364624,1831.6684513608975067,-355344.50592584273545,-353512.83747448184295
0.37207248774360357491,1827.0680333670841264,-355339.90494125155965,-353512.83690788445529
0.37235861773645612116,1821.0718285398718308,-355333.90855887869839,-353512.83673033880768
0.37264494743189696679,1813.9578431428690237,-355326.79805844346993,-353512.84021530061727
0.3729317147483384165,1805.899189838248958,-355318.73979356733616,-353512.8406037290697
0.37321914530259769904,1797.2388620828630792,-355310.07938980770996,-353512.84052772482391
0.37350744358722048899,1788.10917389500014,-355300.94950003083795,-353512.84032613586169
0.37379681413042564753,1778.7310887477881352,-355291.57141508255154,-353512.84032633475726
0.3740874442678772116,1769.4716180108468961,-355282.31153367966181,-353512.83991566882469
0.37437948927773212482,1760.7502150890591111,-355273.59036156942602,-353512.840146480361
0.37467306223837698598,1753.1651955368599829,-355266.00401259644423,-353512.83881705958629
0.37496819723673513458,1747.3883621776110431,-355260.2268580684904,-353512.83849589090096
0.37526483822215345176,1743.8492075855181156,-355256.68756379268598,-353512.8383562071831
0.37556285749608481206,1742.6777967626746886,-355255.51698371412931,-353512.83918695145985
0.37586207729479081951,1743.8527144993042839,-355256.69200100877788,-353512.83928650949383
0.37616228568380827291,1747.4110745165594381,-355260.25038261723239,-353512.83930810069432
0.37646324021247018488,1753.3518738576856322,-355266.19106320629362,-353512.83918934862595
0.37676466836307515029,1761.788956042742484,-355274.62811872496968,-353512.83916268224129
0.37706624680245354186,1772.7231293921317956,-355285.56269534822786,-353512.83956595609197
0.37736759814893749976,1785.5877076678118556,-355298.42757289181463,-353512.83986522402847
0.37766839752248970719,1799.4230750797566998,-355312.26381574606057,-353512.84074066631729
0.37796841926424568081,1813.0970107147254566,-355325.93864822085015,-353512.84163750614971
0.37826756719592952161,1825.3690669032714595,-355338.20261715119705,-353512.83355024794582
0.37856590156823310966,1835.0744232269037184,-355347.90863969351631,-353512.83421646663919
0.37886363627525410092,1841.4993283029768918,-355354.33425842027646,-353512.83493011730025
0.37916108835778122854,1843.7418517556668576,-355356.57780078030191,-353512.8359490246512
0.3794586925104045938,1840.4059189800286731,-355353.25387943681562,-353512.84796045679832
0.37975710710348115073,1829.478101436906627,-355342.32889194856398,-353512.85079051164212
0.3800573294160238258,1807.2197299015701901,-355320.07580988557311,-353512.85607998399064
0.38036102160516738202,1767.0584498592756972,-355279.92274775751866,-353512.86429789825343
0.38067119260278925452,1698.880498129349462,-355211.7544519295916,-353512.873953800241
0.38099367611942019929,1591.3056434643929151,-355104.17011331365211,-353512.8644698492717
0.38134070632597089068,1447.6079283562191904,-354960.43560726277065,-353512.82767890655668
0.38174085329676227252,1342.5797277807359933,-354855.53330388641916,-353512.953576105705
0.38224480175194991416,1348.9813907285185905,-354861.93566240579821,-353512.9542716772994
0.38272478984957952752,1498.3515701312664987,-355012.69274748681346,-353514.34117735555628
0.38309639338054740643,1638.4394184740629044,-355152.80107203638181,-353514.36165356234415
0.38342811829234801912,1724.9848056348268983,-355239.33824908069801,-353514.35344344587065
0.38374253785008055617,1774.5648146764231115,-355288.90819574444322,-353514.34338106802898
0.384048351237852581,1801.791510383802688,-355316.12801354943076,-353514.33650316559942
0.3843495849347818849,1815.8694194184354274,-355330.20278888341272,-353514.33336946496274
0.38464829200832778566,1822.0801769606746348,-355336.41968044708483,-353514.33950348640792
0.3849455985162497651,1823.1875374279970856,-355337.52574748499319,-353514.33821005700156
0.38524219910633156205,1820.9993575661976593,-355335.33685227984097,-353514.33749471366173
0.38553853086839001696,1816.3883095233909444,-355330.724898182787,-353514.33658865938196
0.38583489846022384073,1809.782199778074073,-355324.12720522121526,-353514.34500544314506
0.3861315554349807333,1801.3353228679952736,-355315.68954454886261,-353514.35422168084187
0.38642874933307824747,1791.2560314280190141,-355305.61023728532018,-353514.35420585732209
0.38672670877352571805,1779.6809153308593068,-355294.03610735299299,-353514.35519202210708
0.38702565287519391513,1766.7759368297990932,-355281.13016127521405,-353514.35422444541473
0.38732579627057528437,1752.866730702452287,-355267.22014817839954,-353514.35341747594066
0.38762733179096181546,1738.4069221615814058,-355252.75999940559268,-353514.35307724401355
0.38793041891456925274,1723.9828420300684684,-355238.33533077780157,-353514.3524887477397
0.38823516612713926399,1710.3898725008446036,-355224.74167142453371,-353514.35179892368615
0.38854158836159941037,1698.3527948684441071,-355212.70354702521581,-353514.3507521567517
0.38884961305926279973,1688.33452358805107,-355202.6850718439091,-353514.35054825583939
0.38915910055219027353,1680.6932372050816866,-355195.04366526496597,-353514.35042805987177
0.38946986470973088412,1675.6445109301982939,-355189.99478826101404,-353514.3502773308428
0.38978168229460491423,1673.4293626983464947,-355187.77907350589521,-353514.34971080755349
0.39009428342492946662,1674.234781004004617,-355188.58420455205487,-353514.34942354803206
0.39040734844240948531,1678.2433647748773637,-355192.59231245645788,-353514.34894768160302
0.39072049675177672468,1685.3666068446136705,-355199.71606187749421,-353514.3494550329051
0.39103332070840890466,1694.9855689888756842,-355209.33581848419271,-353514.35024949529907
0.39134548884026715276,1706.0725053214393938,-355220.42363094171742,-353514.35112562030554
0.39165678991930064079,1717.4668871351677808,-355231.81856728001731,-353514.35168014484225
0.39196715522195413328,1727.9460035408212661,-355242.30390377249569,-353514.35790023166919
0.39227668639806584361,1736.4497854461883435,-355250.8083572331816,-353514.35857178701553
0.39258563238475069346,1742.2571659704242393,-355256.61618310364429,-353514.35901713324711
0.39289434652492294386,1744.5395376467574806,-355258.90169006865472,-353514.36215242190519
0.39320329460003983213,1741.9823322419399574,-355256.33798614516854,-353514.35565390321426
0.39351318128804335661,1732.8604105873316712,-355247.21876816614531,-353514.35835757880704
0.39382503684235026231,1713.8573958859271897,-355228.22013287351001,-353514.36273698759032
0.39414055589718588468,1679.5780917595373012,-355193.94711868441664,-353514.36902692489093
0.39446270729837024094,1622.4212250467539889,-355136.78403846098809,-353514.3628134142491
0.39479698004168556347,1535.4080374409700198,-355049.76866897218861,-353514.36063153122086
0.3951540578707747331,1425.5792613532073574,-354939.91039274272043,-353514.33113138953922
0.3955556254618705081,1344.0278839625038927,-354858.30631482868921,-353514.27843086619396
0.39604628886283277378,1398.5620880218698403,-354912.89406820369186,-353514.33198018179974
0.39652614168893984825,1548.1392948873321984,-355062.55063287587836,-353514.41133798856754
0.39691860772747811215,1651.302463476455614,-355165.7142480884213,-353514.41178461199161
0.39728007774976603628,1712.8622399444691382,-355227.26434182818048,-353514.40210188372293
0.39762744848058223512,1748.4658454138855177,-355262.86195269832388,-353514.39610728441039
0.39796769731780595736,1768.8203078994131374,-355283.21231732564047,-353514.39200942619937
0.39830415505324284764,1780.1382778935392253,-355294.52798953140154,-353514.38971163786482
0.39863855912198392639,1786.1282426416748876,-355300.51316972915083,-353514.38492708746344
0.39897186520236893603,1788.7869747148538409,-355303.17480645078467,-353514.38783173594857
0.39930464856033276444,1789.0448677647582372,-355303.43243568093749,-353514.38756791618653
0.39963730301358951769,1787.5066998339984821,-355301.88660367880948,-353514.37990384479053
0.39997010050658499125,1784.5536517643924981,-355298.93551995704183,-353514.38186819263501
0.4003032641340613651,1780.504832414767634,-355294.88659980660304,-353514.38176739180926
0.4006369605844647408,1775.569347918089079,-355289.9524746806128,-353514.38312676252099
0.40097132276872360368,1769.7076056938353759,-355284.09862330218311,-353514.39101760834455
0.40130647768980798329,1763.0510857630692954,-355277.44003614020767,-353514.38895037712064
0.40164252456874677266,1755.882303693853828,-355270.2707833731547,-353514.38847967929905
0.40197953083308590738,1748.5046119967339564,-355262.89490000117803,-353514.39028800441884
0.40231749980464065475,1741.2315616899318229,-355255.62055164837511,-353514.38898995844647
0.40265636687736272581,1734.3197676580280131,-355248.70650720584672,-353514.38673954783008
0.40299602045477617152,1727.9837334944434133,-355242.37144144187914,-353514.38770794746233
0.40333628597057857856,1722.5252179977337619,-355236.91294677893165,-353514.38772878120653
0.40367695445042200975,1717.9670140739237922,-355232.35481714562047,-353514.38780307170236
0.40401781547589987742,1714.2385308735251783,-355228.62644938356243,-353514.3879185100086
0.40435867254934709791,1711.1670318902176859,-355225.55543104698882,-353514.38839915680001
0.40469936405196371698,1708.5037618682385983,-355222.90589647099841,-353514.402134602773
0.40503979175846616112,1705.7457308578148059,-355220.14815098012332,-353514.40242012229282
0.4053799783276724189,1702.6814303529870358,-355217.08909272390883,-353514.40766237094067
0.40572000814837350102,1698.8214189459085901,-355213.2297138631111,-353514.40829491720069
0.40606006391427929003,1693.8453153734369607,-355208.2539431595942,-353514.40862778614974
0.40640041067813692521,1687.3765986908740615,-355201.78563869115897,-353514.40904000028968
0.40674141651821088539,1678.8595387878492602,-355193.26995625911513,-353514.41041747125564
0.40708357050532140153,1667.7634432773747903,-355182.17820449906867,-353514.4147612216766
0.40742751115364816972,1654.032685021656107,-355168.44732627470512,-353514.41464125306811
0.40777396682201616507,1638.0657107862064095,-355152.47963284217985,-353514.41392205597367
0.40812369797053676956,1620.9432403842304211,-355135.35567011497915,-353514.41242973075714
0.40847738231119451457,1604.7391317466972396,-355119.1477244720445,-353514.40859272534726
0.40883539084937470243,1592.2670237266138429,-355106.67380491888616,-353514.40678119228687
0.4091975530872446476,1586.1643344800575051,-355100.57105304975994,-353514.40671856969129
0.40956302728418025882,1587.4974965467035872,-355101.90700310957618,-353514.40950656286441
0.40993043820090352414,1594.9418576530852079,-355109.35366353200516,-353514.41180587891722
0.41029836799244434609,1605.5101404921952053,-355119.92399650602601,-353514.41385601385264
0.41066576874672916508,1616.2317207365688319,-355130.64691412006505,-353514.41519338352373
0.41103219150052727748,1625.0958856858176205,-355139.5116144734202,-353514.41572878760053
0.41139762945399172001,1631.2066550570068557,-355145.62371292803437,-353514.41705787100364
0.41176233366812864389,1634.7029294701901563,-355149.11958390072687,-353514.41665443056263
0.41212660196560979564,1636.2415963505545733,-355150.65769842651207,-353514.41610207594931
0.4124906882390109164,1636.5251790064721717,-355150.94078451849055,-353514.4156055120402
0.41285477974248241395,1636.1243153805041857,-355150.53907286957838,-353514.41475748905214
0.41321898707324478117,1635.6737541535619584,-355150.08826012880309,-353514.41450597526273
0.41358334978397864878,1635.166072976701571,-355149.59552154701669,-353514.42944857029943
0.41394795290972025148,1634.2452219172039349,-355148.66300252918154,-353514.4177806119551
0.41431296310464865718,1632.8468881761614284,-355147.2654313123785,-353514.41854313621297
0.41467862237908353906,1630.0778590414652172,-355144.49439045204781,-353514.41653141059214
0.41504540609160123221,1624.4267548420759795,-355138.84506716043688,-353514.41831231833203
0.41541418931961632266,1613.7265283950930552,-355128.14983779779868,-353514.42330940271495
0.41578651540109273776,1594.6455946549592682,-355109.07272159715649,-353514.42712694220245
0.41616510492544017685,1562.6512619429188362,-355077.08264263195451,-353514.43138068902772
0.41655485903686190197,1512.9035521083264939,-355027.33684500260279,-353514.43329289427493
0.41696484892194696226,1445.841203909333899,-354960.26335544587346,-353514.42215153656434
0.41741229333207247043,1381.0777311741201174,-354895.46966802678071,-353514.39193685265491
0.41792985918340325169,1372.8639678629670016,-354887.24677359999623,-353514.3828057370265
0.41856908082269467242,1466.6636192193650459,-354981.12603680731263,-353514.46241758792894
0.41907570515748271411,1551.3933005129176763,-355065.87108483153861,-353514.47778431861661
0.4195268218537866467,1603.997654280083907,-355118.47039037337527,-353514.47273609327385
0.41995423575612095268,1634.3258897465184418,-355148.79274856142001,-353514.46685881487792
0.42037000405509999945,1651.0486645199378017,-355165.51155840652063,-353514.46289388660807
0.42077966540982880694,1659.5671989020245292,-355174.02576922043227,-353514.45857031841297
0.42118607113703881994,1662.7987221741541362,-355177.26314484805334,-353514.46442267391831
0.421590886167358736,1662.2160737671024435,-355176.67887845635414,-353514.4628046892467
0.4219952241353864264,1658.9588388972340454,-355173.42168280656915,-353514.46284390933579
0.42239986108277688404,1653.2094936093171782,-355167.68102350190748,-353514.47152989258757
0.42280559600442740864,1645.0823131622660185,-355159.54985062550986,-353514.4675374632352
0.42321322912530628946,1634.2822813279299226,-355148.74915784318,-353514.46687651524553
0.42362376160320153184,1620.2257579676070236,-355134.69400711287744,-353514.46824914525496
0.42403854309000965639,1602.4338422415135028,-355116.90344904281665,-353514.46960680128541
0.42445937147080531338,1580.8639762547695682,-355095.33318307733862,-353514.46920682257041
0.4248885718121999111,1556.6244244171919036,-355071.09494653850561,-353514.47052212129347
0.42532884679374333148,1533.0835228606288183,-355047.54963726073038,-353514.4661144001293
0.4257825329105768275,1516.0121681601806358,-355030.47497346036835,-353514.4628053001943
0.42625029912523121345,1510.8271000634829306,-355025.29053687991109,-353514.46343681641156
0.42672984134073488338,1518.2155472094702873,-355032.68275919521693,-353514.46721198572777
0.42721628609408346389,1533.0926753297619598,-355047.56485526566394,-353514.47217993589584
0.42770455763768294721,1548.3587251784101682,-355062.83232595038135,-353514.47360077197663
0.42819148390872974197,1559.3633056371977545,-355073.83735341322608,-353514.4740477760206
0.42867618214914204877,1564.8635953825084925,-355079.33670628716936,-353514.47311090468429
0.42915889329684420161,1565.4123667317805939,-355079.88329211331438,-353514.47092538152356
0.42964022805592333443,1562.0865103097635256,-355076.55012475489639,-353514.46361444512149
0.43012089898058664117,1555.767035331568195,-355070.2293199323467,-353514.46228460076964
0.43060168646884838806,1547.5234204934818081,-355061.98522910126485,-353514.46180860779714
0.43108332293937334789,1538.1590391377260403,-355052.62055993149988,-353514.46152079378953
0.43156666004663829517,1528.1353128420826124,-355042.58327704214025,-353514.4479642000515
0.43205277376195699857,1518.22122165985229,-355032.66696507297456,-353514.44574341311818
0.43254289725341071859,1508.4557211471544633,-355022.90245921863243,-353514.44673807150684
0.43303866540682789399,1498.729057429444083,-355013.1750543784583,-353514.44599694904173
0.43354217881438977811,1489.2462627872930625,-355003.69302398955915,-353514.44676120224176
0.43405593288202393154,1480.7770119392600918,-354995.22351054317551,-353514.44649860390928
0.43458247277311939927,1474.9902956969119714,-354989.44214223645395,-353514.45184653956676
0.43512340210651995198,1474.6090556870717592,-354989.05893390451092,-353514.44987821741961
0.43567805586357449821,1481.3594076834010593,-354995.81068262300687,-353514.45127493957989
0.43624284959645875936,1493.7288344814860466,-355008.17788155574817,-353514.44904707424575
0.43681271505472879513,1507.3239901775098133,-355021.78062596276868,-353514.4566357852309
0.43738361235974060337,1518.4265075148716733,-355032.88415801385418,-353514.45765049901092
0.4379534162092609817,1525.2635263089853197,-355039.72105852951063,-353514.45753222052008
0.43852180425446429801,1527.5427719036485996,-355041.99990636686562,-353514.45713446324226
0.43908930833914089353,1525.9352186422038358,-355040.38957487256266,-353514.45435623032972
0.4396567363230290959,1521.1379920924059661,-355035.59495533327572,-353514.45696324086748
0.44022505140054229988,1514.2730723360846241,-355028.72908233583439,-353514.45600999973249
0.44079504228200927507,1506.2880197994541049,-355020.73527754162205,-353514.44725774216931
0.44136721483934671095,1498.190720869610459,-355012.63305451412452,-353514.44233364448883
0.44194185374248817766,1490.8537776354969537,-355005.29273279558402,-353514.4389551600907
0.44251889661706800272,1484.819676827979265,-354999.25847637455445,-353514.43879954656586
0.44309812030479478473,1480.1468133838545782,-354994.58102152496576,-353514.43420814111596
0.44367923556947908015,1476.9947788336917256,-354991.43976041325368,-353514.4449815795524
0.44426198690202556296,1474.8610242351930992,-354989.30483271135017,-353514.44380847614957
0.44484663442384758669,1473.4763191763468058,-354987.92036122409627,-353514.44404204777675
0.44543357339307487752,1472.2877265815545798,-354986.72432084719185,-353514.43659426562954
0.44602348386040829853,1470.7721413414269591,-354985.21347242034972,-353514.44133107893867
0.44661748068281237334,1468.1120207675155598,-354982.55255136976484,-353514.44053060223814
0.44721734399545287619,1463.3159787159813732,-354977.75970220856834,-353514.44372349261539
0.4478256928970889561,1455.8596279867124395,-354970.30291016912088,-353514.44328218238661
0.44844608409826730577,1445.8327952793763416,-354960.28303939278703,-353514.45024411339546
0.44908296739034708756,1434.5365622032031752,-354948.98586689907825,-353514.44930469588144
0.44974065027145587736,1424.3216421088959578,-354938.76853597071022,-353514.44689386180835
0.45042154060487060718,1418.0235178541313417,-354932.46607502532424,-353514.44255717121996
0.45112379811287528497,1416.1991860541766073,-354930.63157671689987,-353514.43239066272508
0.45184083721620099672,1417.0952919539688537,-354931.52454832394142,-353514.42925637000008
0.45256451090191324171,1417.9776690847950249,-354932.40806756750681,-353514.43039848271292
0.45328865210766539073,1416.9788866797803166,-354931.40695373679046,-353514.42806705698604
0.45401080772676633002,1413.8645638022373987,-354928.28637942043133,-353514.42181561817415
0.45473132724955583894,1410.0876619145522,-354924.50859171128832,-353514.4209297967609
0.45545137339307684154,1406.7690719183385681,-354921.18524318875279,-353514.41617127042264
0.45617227333109261478,1404.127137863017424,-354918.53494347201195,-353514.40780560899293
0.45689569592833467748,1401.918125297143888,-354916.32887564640259,-353514.41075034928508
0.45762368248908741331,1400.4408021030585587,-354914.85177478811238,-353514.41097268502926
0.45835833956179700133,1399.7568602896703851,-354914.17030947480816,-353514.41344918514369
0.45910212482076712126,1399.4932594407991928,-354913.90563156898133,-353514.41237212816486
0.45985841405267524618,1399.3913446051381015,-354913.79975578613812,-353514.40841118100798
0.46063178473108651323,1399.2104725022511502,-354913.62208613206167,-353514.41161362978164
0.4614281029910446974,1398.8991918987348981,-354913.31445357494522,-353514.41526167618576
0.4622543950374028987,1399.1037553495659722,-354913.52218678203644,-353514.41843143245205
0.46311718982005900536,1401.0069825571722504,-354915.43547973467503,-353514.4284971774905
0.4640190152500068832,1405.029737764704123,-354919.47245107358322,-353514.44271330890479
0.46495487723918171863,1410.3310201127735581,-354924.77347123099025,-353514.44245111820055
0.46591309928701035714,1414.6657212868260558,-354929.10555522132199,-353514.43983393447706
0.4668811077829503331,1415.5108016357889937,-354929.95341881277272,-353514.44261717697373
0.46785104742634686659,1412.0890438570120295,-354926.54232966224663,-353514.45328580524074
0.46882017236682155259,1404.974773196835713,-354919.42861221928615,-353514.45383902243339
0.4697889624612321402,1394.8773990909683107,-354909.31617114227265,-353514.43877205130411
0.47075909585993658268,1381.827942540312506,-354896.25634046422783,-353514.42839792394079
0.4717353726503473732,1366.460257822868698,-354880.88415330316639,-353514.42389548028586
0.47272389736727432608,1349.4274175020809707,-354863.83407144085504,-353514.40665393875679
0.47373337355178529728,1330.4219954882191814,-354844.829554380849,-353514.40755889262073
0.47477863151714533307,1309.471016609449407,-354823.878166066017,-353514.40714945655782
0.47588640231452489227,1286.6611593003212874,-354801.06656865274999,-353514.40540935244644
0.4770744218305165707,1265.2758186874718831,-354779.67755264753941,-353514.40173396008322
0.47828097207198871921,1252.5808336351180969,-354766.98209657485131,-353514.40126293973299
0.47951277388836716087,1251.7754504058939347,-354766.1904118793318,-353514.41496147343423
0.48077736931798847886,1259.1555771267082946,-354773.59439157927409,-353514.43881445255829
0.48198465932557627012,1267.5238696340211391,-354781.95730386709329,-353514.43343423306942
0.48308611702002107746,1273.4792289029094263,-354787.91506725363433,-353514.43583835073514
0.48413508964033591386,1276.9616332230350508,-354791.40460616827477,-353514.44297294522403
0.48515650911988039695,1278.5513797357821204,-354792.99318951333407,-353514.44180977757787
0.48616405806307660953,1279.1581782368211861,-354793.6015610944014,-353514.44338285760023
0.48716594452564054851,1278.8688873911792143,-354793.31855670211371,-353514.4496693109395
0.48816786982370413694,1277.4922418636267594,-354791.93977617187193,-353514.44753430824494
0.48917376362172737547,1274.7195290330244006,-354789.17059306584997,-353514.45106403285172
0.49018680599027286693,1271.0050661677960306,-354785.45624928950565,-353514.45118312170962
0.49120999728770764481,1266.582933457570789,-354781.03931927587837,-353514.45638581831008
0.4922472409384743286,1261.5799654766685762,-354776.04100343259051,-353514.46103795594536
0.49330212821797853051,1256.346842137552585,-354770.80467283341568,-353514.45783069584286
0.49437826264288436962,1251.3712942079891945,-354765.82729002356064,-353514.45599581557326
0.49547881736007837183,1246.65996180060597,-354761.0997779465979,-353514.43981614598306
0.49660574630783238526,1242.7989682856232321,-354757.24225703172851,-353514.44328874611529
0.49775952811224677408,1240.1566278804093599,-354754.60362167889252,-353514.44699379848316
0.49893883847244824281,1238.1921795769117125,-354752.64495682832785,-353514.4527772514266
0.5001421195965743971,1236.3027165258947662,-354750.76089930266608,-353514.45818277675426
0.50136729557479975394,1233.4029606890287596,-354747.87376384646632,-353514.47080315742642
0.50261170482184602815,1228.3549783143394052,-354742.83291692991043,-353514.47793861554237
0.50387270664260486175,1220.0683270130527944,-354734.54789090174017,-353514.47956388868624
0.50514794570612786551,1208.5578371923702434,-354723.02880873699905,-353514.47097154462244
0.50643545581667603894,1193.4814465646375083,-354707.97979866125388,-353514.49835209659068
0.50773438655153746435,1176.2930299455777003,-354690.8080980401719,-353514.51506809459534
0.50904810591880123027,1158.1562167071770091,-354672.66600161831593,-353514.50978491111891
0.51038365605208813047,1139.7128664948606911,-354654.22944471566007,-353514.51657822082052
0.51175232014007443482,1122.0699505660445539,-354636.58933137799613,-353514.51938081195112
0.51317198871504832169,1105.8378832566579604,-354620.36147477757186,-353514.52359152090503
0.51467041068210539478,1092.126994867994199,-354606.65477234730497,-353514.52777747932123
0.51628728950853963742,1083.186317485339714,-354597.71208305994514,-353514.52576557459543
0.51807058991105026102,1082.0735142837827425,-354596.59024599997792,-353514.51673171616858
0.51987943758950427853,1089.2246685645691286,-354603.74619740172056,-353514.52152883715462
0.52160323958689258639,1099.6163072939864378,-354614.12571188347647,-353514.50940458948025
0.52329036094884484598,1108.593634812423943,-354623.11368224048056,-353514.52004742802819
0.52496958514295044562,1114.1141614412319996,-354628.63879491714761,-353514.52463347592857
0.52659292630483289788,1114.58283726235004,-354629.09480271319626,-353514.51196545083076
0.52815233116681015169,1110.0495350554381275,-354624.56515361403581,-353514.51561855862383
0.52968373344350971887,1101.7945318602985481,-354616.31403517746367,-353514.51950331719127
0.53120992979649472865,1089.945093573753411,-354604.47879317658953,-353514.53369960281998
0.53275655345351480285,1074.6446451941592386,-354589.17367368726991,-353514.52902849309612
0.53434752900792492625,1056.6082434000884405,-354571.16103503922932,-353514.55279163911473
0.53602221945347450216,1036.5120832290781436,-354551.06062520726118,-353514.54854197817622
0.53778127061704572576,1017.8815678124472015,-354532.43746118585113,-353514.55589337338461
0.53958251668036927295,1004.8986623154922881,-354519.45769733819179,-353514.55903502268484
0.5414547686542827698,999.81455428988840595,-354514.37885199941229,-353514.56429770949762
0.5434335130430680838,1001.391417365287225,-354515.95509280287661,-353514.56367543758824
0.54526873893004312865,1005.8500127679302523,-354520.41786450485233,-353514.56785173690878
0.54700261385238480027,1010.1949285296600465,-354524.75456915190443,-353514.55964062223211
0.54864473920913736649,1012.8850537507935314,-354527.43149630358675,-353514.54644255281892
0.55024501378463097634,1013.559976889624636,-354528.10747253929731,-353514.54749564966187
0.5518310634315017893,1011.6555734788261134,-354526.19354427605867,-353514.53797079721699
0.55342972148993374581,1006.6024774660822914,-354521.13474969891831,-353514.53227223281283
0.5550658809007963379,997.67594711764138538,-354512.20576948754024,-353514.52982236992102
0.55677508619770588183,985.62997220286581523,-354500.15116710361326,-353514.52119490073528
0.55862090216503812456,971.83826964898798906,-354486.32974465261213,-353514.49147500359686
0.56061190922437420525,960.33044349385590976,-354474.81419473642018,-353514.48375124257291
0.562637382829079713,955.53764370253429661,-354470.01403151272098,-353514.47638781019486
0.56470485274748816185,956.40317923257271104,-354470.87192903313553,-353514.46874980058055
0.56669002849199590077,958.77715599014538839,-354473.24802271323279,-353514.47086672310252
0.56849902923707096303,960.12955513818474174,-354474.60147852578666,-353514.47192338760942
0.57020747730490972671,960.20863531908389632,-354474.68135795311537,-353514.47272263403283
0.57187102721003368888,959.29120552007213973,-354473.77235745941289,-353514.48115193936974
0.57352122218264334208,956.9885274106821953,-354471.45269614981953,-353514.46416873915587
0.57519140271822444266,953.21152385084201342,-354467.68216998607386,-353514.47064613521798
0.57691319353701953077,947.41616323432856461,-354461.88223880704027,-353514.46607557270909
0.57873754872878602207,938.56751302556972405,-354453.04826158197829,-353514.48074855637969
0.58076428946510638696,927.40618558682956518,-354441.87791260937229,-353514.47172702255193
0.58318182727249234798,917.72041241646195431,-354432.18976957717678,-353514.46935716073494
0.58555861290142996456,914.77242727214513707,-354429.25385602924507,-353514.48142875707708
0.58781742605678799496,913.88194608057449386,-354428.3802201411454,-353514.49827406054828
0.58980245457898050621,910.91279266372100665,-354425.41613889345899,-353514.50334622972878
0.59168576723218535562,905.09008108307102702,-354419.58851737086661,-353514.49843628780218
0.59350658929878730152,897.0895320052528632,-354411.59874959557783,-353514.50921759032644
0.59530491521074235806,889.23827409573914338,-354403.73026129172649,-353514.49198719597189
0.5971128279471746847,885.98155681428204389,-354400.46814639912918,-353514.48658958484884
0.59896288828374111279,888.01092262375561859,-354402.49869550007861,-353514.48777287633857
0.60089777950793155092,891.40792856585596837,-354405.91165908594849,-353514.50373052008217
0.6029775744641416857,891.53144898647826722,-354406.01717011479195,-353514.48572112829424
0.60489710617310477048,888.96141503489877778,-354403.44596875068964,-353514.48455371579621
0.60682012671686536009,885.98447393692777041,-354400.46243821247481,-353514.47796427557478
0.60887087112427140667,884.02952403090739608,-354398.49973759404384,-353514.47021356312325
0.61123815149526272705,884.6240746835749178,-354399.10529254860012,-353514.48121786501724
0.61331590272172742395,887.26254066369494922,-354401.75548960559536,-353514.49294894188643
0.61525705379570638787,889.82622879675534477,-354404.31191596889403,-353514.48568717215676
0.61713788264392899219,891.20862895912284785,-354405.69420245510992,-353514.48557349597104
0.61897216401406995878,890.96948209262302498,-354405.43406312109437,-353514.46458102850011
0.62071138015216997807,889.50804460877077418,-354403.97491365356836,-353514.46686904481612
0.62240130503978274845,887.09643118359565506,-354401.56290166859981,-353514.46647048502928
0.62407048184112734468,884.07380563996582623,-354398.54161680303514,-353514.46781116304919
0.6257360356293938386,880.73333695763290052,-354395.21550979465246,-353514.48217283701524
0.62741515038980821828,877.74872288727476644,-354392.22669279458933,-353514.47796990734059
0.62913497894431991142,875.68841324433913087,-354390.16606671363115,-353514.47765346930828
0.63093624746156240501,875.18223570907196063,-354389.65963875991292,-353514.47740305081243
0.63289196392823388049,876.47328345935079597,-354390.95375160314143,-353514.48046814376721
0.63515172471479586225,880.60264837991417153,-354395.07039233355317,-353514.46774395363173
0.63730451085256667465,886.96044053543687369,-354401.42679381137714,-353514.46635327592958
0.6393183852112942489,893.17009968588172342,-354407.63305921084248,-353514.46295952494256
0.64127377238541749538,897.54605590193466469,-354411.99815040879184,-353514.4520945068798
