# Fix print output for fix printe
0.20013803504336097339,4999.9093820198822868,-355999.88018486090004,-350999.97080284100957
0.2002760713337242704,4999.6091474118966289,-355999.57998573116492,-350999.97083831927739
0.20041411176870457811,4999.0753671642451081,-355999.0461163277505,-350999.97074916353449
0.20055215957334845966,4998.3939372922741313,-355998.36463554110378,-350999.97069824882783
0.20069021678815965326,4997.6289630212013435,-355997.59966107225046,-350999.9706980510382
0.20082828456950352347,4996.7657597987517875,-355996.73656946478877,-350999.97080966603244
0.20096636427755459886,4995.7288080721600636,-355995.69951357715763,-350999.97070550499484
0.20110445831756856849,4994.5910877466449165,-355994.5617732455139,-350999.97068549884716
0.20124256808831270105,4993.3871160032949774,-355993.35782624885906,-350999.97071024554316
0.20138069451295520507,4992.0892681515106233,-355992.06002202321542,-350999.97075387171935
0.2015188388985900414,4990.4634886732756058,-355990.43428034847602,-350999.9707916752086
0.20165700579694212369,4988.4487730310838742,-355988.41964232141618,-350999.9708692903514
0.20179520061565509037,4985.9336238052273984,-355985.90818720665993,-350999.97456340142526
0.20193343032504529333,4982.4822451203253877,-355982.45697931165341,-350999.97473419131711
0.20207170797405751839,4978.038036579785512,-355978.01298488816246,-350999.9749483083724
0.20221004746233323113,4972.3433047387843544,-355972.31852277024882,-350999.975218031439
0.2023484663733824962,4965.0708377598912193,-355965.04641133284895,-350999.97557357297046
0.20248698701630615804,4955.79015818730295,-355955.76620591693791,-350999.97604772960767
0.20262563799314678437,4943.9255968294610284,-355943.9022858858807,-350999.97668905643513
0.2027644564561889573,4928.7072016357324173,-355928.68469561223174,-350999.97749397647567
0.20290349125188875123,4909.1836977937045958,-355909.1620397833176,-350999.97834198962664
0.20304280624894743834,4884.3823708061681828,-355884.36131664324785,-350999.97894583706511
0.20318248201591604385,4853.674499870407999,-355853.6533230804489,-350999.97882321005454
0.20332261315102737043,4817.3936318198193476,-355817.37093446729705,-350999.97730264748679
0.20346329757450037912,4777.668955395642115,-355777.64282639045268,-350999.97387099481421
0.20360461374870691964,4739.0461809891912708,-355739.01496022101492,-350999.9687792318291
0.2037465866061845543,4708.1504449341973668,-355708.11387253453722,-350999.9634276003344
0.20388915322205800051,4691.9744018891587984,-355691.93423424020875,-350999.95983235107269
0.20403214737884609042,4695.1640596316783558,-355695.12424460810144,-350999.96018497640034
0.2041753212682906049,4717.4023208247199364,-355717.36671272967942,-350999.96439190494129
0.20431839950282817964,4753.4383954687054938,-355753.40875250630779,-350999.97035703761503
0.20446117324362814149,4795.6521820782127179,-355795.6279075818602,-350999.97572550363839
0.20460353109859200083,4837.0183349128355985,-355837.00366917008068,-350999.985334257246
0.20474545460016052578,4872.4737165636388454,-355872.46071789227426,-350999.98700132861268
0.20488699572793811488,4899.8672229273988705,-355899.854689633823,-350999.98746670642868
0.20502823988751484041,4918.3477174734061919,-355918.33370201772777,-350999.98598454432795
0.20516929027590249945,4927.7656342106947704,-355927.75221030041575,-350999.9865760896937
0.20531025868545613178,4927.3863770966572702,-355927.37485268642195,-350999.98847558978014
0.2054512690675786013,4914.8052665159320895,-355914.79815989651252,-350999.99289338057861
0.20559248999312068618,4884.5094265825418915,-355884.51122703100555,-351000.00180044845911
0.20573418154862571638,4825.4219330689320486,-355825.44036285753828,-351000.01842978858622
0.20587678863681649344,4716.9219868071850215,-355716.96917857421795,-351000.04719176702201
0.20602112867418068132,4523.5906078556154171,-355523.68092233256903,-351000.09031447692541
0.20616877710099687504,4291.6866484033307643,-355294.6749138594605,-351002.98826545610791
0.2063208503793527715,3971.3274255644159894,-354974.32909265486524,-351003.0016670904588
0.20648011500604612767,3539.3583690295299675,-354542.32513422792545,-351002.96676519839093
0.20665219923322888929,3060.7622034495084336,-354063.580324899056,-351002.8181214495562
0.2068482796873632179,2797.034822692529815,-353799.67773463646881,-351002.64291194395628
0.20708995999798179843,3164.6278133838641224,-354167.62041104771197,-351002.99259766383329
0.20730317776680773356,3771.6236588406268311,-354774.82820538477972,-351003.20454654417699
0.20748487131128665051,4202.7913428485853728,-355205.995848556282,-351003.20450570771936
0.20765363061285002644,4479.8342700928751583,-355483.00697962171398,-351003.17270952882245
0.20781592094734452347,4709.5917872601157796,-355711.80718802206684,-351002.21540076192468
0.20797353066834134427,4832.9757157848271163,-355835.15181140834466,-351002.176095623523
0.20812889919592891808,4897.5237618361143177,-355899.68696790374815,-351002.16320606763475
0.20828315124613674958,4930.7766908735975449,-355932.92926815024111,-351002.15257727663266
0.20843684481248436757,4946.3330963933294697,-355948.48075261554914,-351002.1476562222233
0.20859028637506446535,4950.4345454525719106,-355952.58061588386772,-351002.14607043127762
0.20874367363128149,4945.0927523632171869,-355947.23974335222738,-351002.14699098898564
0.20889716865200660956,4929.1787085771456987,-355931.32938690314768,-351002.15067832602654
0.20905096815041138147,4898.1132847215612856,-355900.2717525617918,-351002.1584678402287
0.20920536521795085605,4842.0704264888472608,-355844.2269758611219,-351002.15654937230283
0.20936086491896635509,4743.1108139218922588,-355745.29228683083784,-351002.1814729089383
0.20951839387533660597,4570.8293251425320705,-355573.0473874991294,-351002.21806235658005
0.20967974291680815946,4347.0244495047663804,-355349.88190501200734,-351002.85745550727006
0.20984669917186798971,4062.3747886883634237,-355065.2394326912472,-351002.86464400286786
0.21002220990152609126,3688.603668609984652,-354691.43034778349102,-351002.82667917350773
0.21021293508356181379,3293.3386378657678506,-354296.03343307296745,-351002.69479520717869
0.21043211895556171442,3111.356303048290556,-354113.93058433249826,-351002.57428128423635
0.210705277990701767,3472.5100887038765904,-354475.4282764333766,-351002.91818772949046
0.21093063600677736114,3953.4148149853708674,-354956.46889067965094,-351003.05407569429372
0.21112594477561036355,4290.6437382072417677,-355293.69464494287968,-351003.050906735647
0.21130825198848962598,4532.3329440655297731,-355534.67331259703496,-351002.34036853152793
0.21148303356355988014,4699.8837215656712942,-355702.17581542860717,-351002.29209386295406
0.21165328218652865178,4780.5747545862368497,-355782.83753763593268,-351002.2627830497222
0.21182131639921658595,4813.3208947633302159,-355815.57459611672675,-351002.25370135338744
0.21198822631880373524,4818.3757523297763328,-355820.62167594296625,-351002.2459236131981
0.21215456337234223083,4805.9395598967166734,-355808.18170428997837,-351002.24214439326897
0.21232063097634740201,4781.0889637300642789,-355783.32930722663878,-351002.24034349655267
0.21248661880320765527,4746.4942086405453665,-355748.73370507411892,-351002.23949643358355
0.21265266381163455689,4703.7610150956670623,-355706.00010294863023,-351002.23908785294043
0.21281890167295494654,4654.0639100530870564,-355656.3000548358541,-351002.23614478274249
0.21298549025081994768,4598.1456702660534575,-355600.39430281624664,-351002.24863255018136
0.21315264042028186919,4537.18588100899251,-355539.43519184691831,-351002.24931083794218
0.2133206311927953458,4471.3787586267562801,-355473.62873633042909,-351002.2499777036719
0.21348984648422636434,4401.0299624497793047,-355403.27919378422666,-351002.24923133442644
0.213660783575905594,4328.4149485332136464,-355330.65957198647084,-351002.24462345323991
0.21383401337093643768,4261.0404783040739858,-355263.27433369116625,-351002.23385538707953
0.2140100462542801063,4214.564964503552801,-355216.78423564875266,-351002.21927114517894
0.21418906563157905087,4209.4499699481275456,-355211.66092033003224,-351002.21095038187923
0.21437063110195456184,4257.8231707018685483,-355260.04094857757445,-351002.21777787571773
0.21455366271486850382,4351.258787765008492,-355353.49508659332059,-351002.23629882832756
0.21473686183753745715,4464.4611407425791185,-355466.71508682018612,-351002.25394607760245
0.21491929742340876164,4571.93559088429447,-355574.1984676142456,-351002.26287672994658
0.21510063879012553123,4659.1323500697662894,-355661.39511894085445,-351002.2627688710927
0.21528095754988826882,4722.6564331214476624,-355724.91650579625275,-351002.26007267477689
0.21546049291683613824,4764.9267784631410905,-355767.18343099125195,-351002.25665252812905
0.21563951441458559244,4789.7153635011864026,-355791.96946739032865,-351002.25410388916498
0.21581827651107485244,4799.9655285676335552,-355802.21863621467492,-351002.25310764706228
0.21599701958743525165,4796.8151249165384797,-355799.06922039639903,-351002.254095479846
0.21617600589864630067,4779.0054503991868842,-355781.26310966967139,-351002.25765927048633
0.2163555904714973277,4742.0860792700068487,-355744.35383848764468,-351002.26775921764784
0.21653631277381854559,4677.4314252820668116,-355679.71020656509791,-351002.27878128300654
0.21671906272240795688,4571.8359124382432128,-355574.1307380211656,-351002.29482558293967
0.21690536167608795437,4409.7632508450906244,-355412.07670708419755,-351002.31345623912057
0.21709782750721728917,4232.2167686037173553,-355237.82587233488448,-351005.60910373117076
0.21729838084095065565,4057.0937293853253323,-355062.67751327657606,-351005.58378389122663
0.2175092187489130191,3903.5433306072195592,-354909.08621219475754,-351005.54288158752024
0.21773368802829506929,3839.0208907939277196,-354844.54066970740678,-351005.51977891346905
0.21797332135584046586,3914.8162514424734582,-354920.37978713621851,-351005.56353569374187
0.21822478667729150459,4098.9749545575787124,-355104.60927610885119,-351005.6343215512461
0.21848086447121733977,4302.36307341182237,-355306.41191744385287,-351004.04884403204778
0.2187359052196102549,4510.9778675287361693,-355515.01509132230422,-351004.03722379356623
0.21898746880021413563,4617.766142422628036,-355621.76927494397387,-351004.00313252134947
0.21923648579585600094,4657.4707463394815932,-355661.45110997068696,-351003.98036363121355
0.21948405855042196766,4657.9099728607097859,-355661.87844062485965,-351003.96846776414895
0.21973088225623704783,4634.5943824516261884,-355638.54361748986412,-351003.94923503824975
0.21997734738734461835,4596.4638442527702864,-355600.41343287250493,-351003.94958861975465
0.22022367941114276424,4551.2541488502783977,-355555.19865452038357,-351003.9445056701079
0.22047004339990264321,4507.2722662645128366,-355511.22670713439584,-351003.95444086985663
0.22071657111428782949,4471.826422867099609,-355475.77525455725845,-351003.94883169018431
0.22096341439990632716,4449.2044715388810801,-355453.15531751076924,-351003.95084597187815
0.22121075850242452598,4437.1617488027141007,-355441.11877825530246,-351003.95702945260564
0.22145885816054838857,4427.2567090390139128,-355431.22280856594443,-351003.96609952690778
0.22170808636274078052,4407.111470232780448,-355411.08669207582716,-351003.97522184305126
0.22195900794464459849,4364.2482480614235101,-355368.23072951857466,-351003.98248145717662
0.22221246421972137841,4289.3564789601632583,-355293.34121094294824,-351003.98473198281135
0.22246968175544015733,4180.9611256851203507,-355184.9372177850455,-351003.9760920999106
0.22273236542699034746,4053.5417777879392816,-355057.49355471919989,-351003.95177693123696
0.22300262065046330684,3943.9944972752587091,-354947.9138847773429,-351003.91938750207191
0.22328241293711340032,3901.7887607809716428,-354905.69399818149395,-351003.90523740049684
0.22357229660734034837,3953.9910245316332293,-354957.92038518108893,-351003.92936064943206
0.22387006969763895148,4075.7971668856462202,-355079.75954151048791,-351003.96237462485442
0.22417138674752729033,4212.2247382964724238,-355216.20887714670971,-351003.98413885023911
0.22447240551377606321,4325.5411432785776924,-355329.52208581299055,-351003.98094253439922
0.22477152143676698559,4408.7889689296735014,-355412.75891918159323,-351003.96995025192155
0.22506868209223904187,4470.3010835533114005,-355474.26345571596175,-351003.96237216267036
0.22536433026421490156,4518.838464576871047,-355522.80401201290078,-351003.96554743603338
0.22565892865355918762,4558.1732156887210294,-355562.13427416497143,-351003.96105847624131
0.22595283609508878819,4588.5203482380939022,-355592.47937532630749,-351003.95902708818903
0.22624630857763378122,4608.3335515736425805,-355612.29340349970153,-351003.95985192607623
0.22653953071277491138,4615.3511485320113934,-355619.32403904257808,-351003.97289051057305
0.22683271248392072872,4607.9565548243654121,-355611.93029321439099,-351003.97373839002103
0.22712605303077915142,4585.0637931563996972,-355589.04272623092402,-351003.97893307451159
0.22741983534499671249,4547.1339968448692161,-355551.11190385289956,-351003.9779070080258
0.22771444297812179491,4495.6663494382228237,-355499.64325300918426,-351003.97690357093234
0.22801049975194825903,4433.9696326212106214,-355437.94642713689245,-351003.97679451567819
0.22830906582390783632,4365.0742189948414307,-355369.0553917613579,-351003.98117276653647
0.22861203292591966707,4288.0694900556845823,-355292.05824893084355,-351003.98875887517352
0.22892296046319599023,4195.2138720676957746,-355199.21303261618596,-351003.99916054849746
0.22924878594196176906,4076.0255724411908886,-355080.01915653963806,-351003.993584098469
0.22960398119218705659,3942.64368678616529,-354946.58894347649766,-351003.94525669032009
0.22996177827146593864,3884.3013346627403735,-354887.60424404963851,-351003.30290938692633
0.23032173472985520424,3897.246769531222526,-354900.55507228948409,-351003.30830275826156
0.23068551096845135717,3991.2737656650497229,-354995.0571409376571,-351003.78337527258554
0.23105584508493631768,4116.2774519455942936,-355120.10163759812713,-351003.82418565254193
0.23140899211097432087,4190.4739702999422661,-355194.29223741299938,-351003.81826711306348
0.23173790901279975318,4216.2227727407971543,-355220.02292872651014,-351003.80015598569298
0.23205544227729366091,4221.9072264339947651,-355225.69363070098916,-351003.78640426701168
0.23236713054338536955,4230.9852376295330032,-355234.76212269556709,-351003.7768850660068
0.23267566276601561737,4256.8442164362550102,-355260.62012589292135,-351003.77590945665725
0.23298244943282792052,4299.7450455757816599,-355303.52645299542928,-351003.78140741965035
0.23328828163256984385,4350.646133288949386,-355354.41759891668335,-351003.7714656277094
0.23359362832190824766,4398.7663247467162364,-355402.54229781974573,-351003.77597307303222
0.23389878456214435731,4436.1243598237797414,-355439.88759490812663,-351003.76323508436326
0.23420401360999540397,4458.4042684484575148,-355462.16965177847305,-351003.76538332999917
0.23450958299571339483,4464.4155877951625371,-355468.18085870979121,-351003.76527091464959
0.23481576070032864068,4453.9100744440011113,-355457.6753832421382,-351003.76530879811617
0.23512295327859200622,4426.7591408948228491,-355430.52533181727631,-351003.76619092246983
0.23543181493521644909,4381.9735464101795515,-355385.7435636529699,-351003.77001724281581
0.23574345582123354403,4316.6129618488366759,-355320.39684776240028,-351003.78388591355179
0.23605986049411178951,4224.7513081013339615,-355228.53666776348837,-351003.78535966214258
0.23638469655628135957,4098.1552702770322867,-355101.94595032400684,-351003.79068004695
0.23672499280176784175,3932.3902464531811347,-354936.16879946307745,-351003.77855300990632
0.23709496440575578147,3750.0286505780672996,-354753.76664415653795,-351003.73799357848475
0.23752501830291039564,3649.9671112432683913,-354653.64274385431781,-351003.67563261103351
0.23800294607733193941,3762.2179932327462666,-354765.9960280606756,-351003.77803482790478
0.23843750962386425774,3956.7351196771442119,-354960.58402016502805,-351003.84890048787929
0.23881169464908091893,4097.3383165329460098,-355101.19719772669487,-351003.85888119373703
0.23916201812937673554,4180.8849412998652042,-355184.73665841796901,-351003.85171711811563
0.23950101839121437641,4219.7004817199995159,-355223.54344073310494,-351003.84295901312726
0.23983417817980337561,4226.324275592777667,-355230.15849884285126,-351003.83422325010179
0.2401641940624012761,4212.0819910365789838,-355215.90859639993869,-351003.82660536334151
0.24049248604217346448,4188.2566566147852427,-355192.07479810691439,-351003.81814149214188
0.2408198515540429796,4166.3998346915559523,-355170.21083316858858,-351003.81099847704172
0.24114676528795828125,4156.9262708623646176,-355160.74149857845623,-351003.81522771611344
0.24147352592936360827,4165.3788147471623233,-355169.19339162181132,-351003.81457687466173
0.24180038478478707575,4191.1151740646319013,-355194.92992592626251,-351003.81475186161697
0.24212759200332700793,4227.6799224392007091,-355231.48796875256812,-351003.80804631335195
0.24245536244629936617,4266.302322368725072,-355270.11069596710149,-351003.80837359838188
0.24278397204105217622,4299.0911340359589303,-355302.90627060848055,-351003.81513657252071
0.24311379311796932345,4321.0104807413508752,-355324.82529620249989,-351003.81481546116993
0.24344536483047160558,4329.3424580846385652,-355333.15725710184779,-351003.81479901721468
0.24377950093331104964,4323.1710248767676603,-355326.9890575495665,-351003.81803267280338
0.24411738851016684393,4302.3399602406880149,-355306.15738175495062,-351003.81742151424987
0.24446076660468651909,4267.4309938471287751,-355271.24576596531551,-351003.81477211817401
0.24481212795237239366,4220.9028764449676601,-355224.71276309364475,-351003.80988664866891
0.24517475550547013219,4169.69300348822253,-355173.49193189048674,-351003.79892840224784
0.24555219406565464979,4127.6347983522246068,-355131.42424879572354,-351003.7894504435244
0.24594654091030371257,4109.5715253114476582,-355113.35207835433539,-351003.78055304288864
0.24635575285407029789,4118.4545163097955083,-355122.24806030699983,-351003.7935439972207
0.2467664085633134996,4140.3048555040704741,-355144.10345988895278,-351003.79860438487958
0.24717755708400815373,4159.5952779856816051,-355163.40094038110692,-351003.80566239543259
0.24758837129143834721,4169.4408151944408019,-355173.23469398799352,-351003.79387879354181
0.24799838458252362883,4169.3497185824717235,-355173.13725424360018,-351003.78753566113301
0.24840765557088798077,4160.8307778341550147,-355164.6179032396758,-351003.78712540550623
0.24881655720063444726,4144.3903318137627139,-355148.18167219788302,-351003.79134038410848
0.24922580953254075409,4120.6922052748504939,-355124.48061790480278,-351003.78841262997594
0.24963663649714404325,4091.2594826386748537,-355095.05474775831681,-351003.79526511963923
0.25004727288116151973,4059.0633987939118015,-355062.84902671165764,-351003.78562791773584
0.25045812796117250532,4024.4715889842464094,-355028.24909545632545,-351003.77750647207722
0.250869820794694387,3983.7874167883660448,-354987.57192727760412,-351003.78451048926217
0.25128319380813984862,3930.9246919923039059,-354934.71671683929162,-351003.79202484700363
0.25169956787180819413,3869.0304709581014322,-354872.81140164093813,-351003.78093068284215
0.25212105421392710936,3817.1442200569722445,-354820.91232253541239,-351003.76810247846879
0.25255111064867763471,3794.5192258538336318,-354798.2904895307729,-351003.77126367692836
0.25299559026635987102,3794.7571706001776874,-354798.55513012659503,-351003.79795952641871
0.253464317745608958,3792.1531967861310477,-354795.96666153764818,-351003.81346475152532
0.25393595273024432979,3778.7261275039809334,-354782.51581260265084,-351003.78968509868719
0.25437534470694800337,3770.7433688196547337,-354774.52646480250405,-351003.78309598285705
0.25479891072865779034,3775.1607003523013191,-354778.95184180699289,-351003.79114145471249
0.25521403335279829738,3786.7976055418284886,-354790.5921003583353,-351003.79449481650954
0.25562447776025321033,3799.5310660535674288,-354803.32536271132994,-351003.79429665778298
0.2560323407794692363,3811.1818859410018376,-354814.98612862254959,-351003.80424268153729
0.25643902684035230211,3823.3072871538770414,-354827.11119835294085,-351003.80391119903652
0.25684546938326507926,3836.5931984843423379,-354840.3953731599031,-351003.8021746755694
0.25725238057535193548,3848.8311600727074619,-354852.63299545861082,-351003.80183538590791
0.25766050112198785049,3857.0335793105869016,-354860.83265253825812,-351003.79907322768122
0.25807050401576581145,3860.1595710742999472,-354863.95635520247743,-351003.79678412817884
0.25848315250315190283,3861.9828764273956949,-354865.77396141504869,-351003.79108498763526
0.25889933607499304724,3870.7034875593062679,-354874.49059255956672,-351003.78710500028683
0.25932005527700879854,3893.267419459048142,-354897.05154117615893,-351003.78412171709351
0.25974630174023022322,3929.711112715614945,-354933.49894048750866,-351003.78782777191373
0.260178864581131708,3973.7178352187584096,-354977.50163737358525,-351003.78380215482321
0.26061794499318480245,4018.929456491460769,-355022.71470774401678,-351003.78525125252781
0.26106280921815339102,4062.5475158589119928,-355066.33857260691002,-351003.79105674801394
0.26151172707276953977,4102.8905984801831437,-355106.68838669976685,-351003.79778821958462
0.26196249049077680038,4137.8950438192150614,-355141.69997781707207,-351003.80493399786064
0.26241313644702657371,4164.9827972558314286,-355168.7890328973881,-351003.80623564153211
0.26286251178008762652,4181.6816806531278417,-355185.47733161994256,-351003.79565096681472
0.26331029432621189112,4186.2808678173341832,-355190.0732819546829,-351003.79241413733689
0.26375693724788001893,4177.7650077960361159,-355181.54895083873998,-351003.78394304268295
0.26420322647836935737,4156.0071859957524794,-355159.79125399974873,-351003.78406800399534
0.26465028190086159476,4121.7282574163582467,-355125.51329464605078,-351003.78503722971072
0.26509980242385139393,4078.4802322784721582,-355082.26823291979963,-351003.78800064133247
0.26555446132753574018,4030.9540273841548697,-355034.7419551537605,-351003.78792776959017
0.26601875711197470187,3980.169411298477371,-354983.96874710486736,-351003.79933580639772
0.26650097307903242161,3920.5939284088576642,-354924.39419979951344,-351003.80027139064623
0.26701768631332234438,3846.3665540388151385,-354850.15683625941165,-351003.79028222057968
0.26760579269738077324,3771.7245157291486066,-354775.46876997494837,-351003.74425424577203
0.26824087819524178311,3752.9818480571893815,-354756.72523071384057,-351003.74338265665574
0.26884278953055046335,3792.1485458348970496,-354795.91879674553638,-351003.77025091066025
0.26939335237115735744,3841.6337503959957758,-354845.40568272443488,-351003.77193232841091
0.2698883260757998781,3883.6187636006884532,-354887.38722165464424,-351003.76845805393532
0.27035786853490828552,3920.3070940227221399,-354924.07365996239241,-351003.76656593964435
0.2708142693019510161,3953.1010047849613329,-354956.86870171595365,-351003.76769693096867
0.27126347628301727966,3981.3240399461528796,-354985.08630294899922,-351003.76226300286362
0.27170868789799224041,4003.3812445148391816,-355007.13426285365131,-351003.75301833881531
0.27215183357770972306,4018.7287758861925795,-355022.4823228494497,-351003.75354696327122
0.27259427529798335721,4027.4185215888242055,-355031.17301952367416,-351003.75449793483131
0.27303695619888135315,4029.9073362384187931,-355033.6580342327361,-351003.75069799431367
0.27348075612847538851,4026.8804901749954297,-355030.62831933656707,-351003.74782916158438
0.27392648984595091566,4019.7092892650907743,-355023.45474737870973,-351003.74545811361168
0.27437498760041534318,4009.5316901937453622,-355013.27490535879042,-351003.74321516504278
0.27482720998079818164,3997.5849248133677065,-355001.31982208223781,-351003.73489726887783
0.27528425179423110514,3984.9109441787391006,-354988.64910346496617,-351003.73815928620752
0.27574720467013896785,3972.6653815264166951,-354976.40131191094406,-351003.73593038454419
0.27621700462791287656,3961.7918013860671635,-354965.53215747524519,-351003.74035608919803
0.27669407522369388053,3953.0748760743767889,-354956.81510095758131,-351003.74022488319315
0.27717791933730506759,3947.3437946164840469,-354951.09775373118464,-351003.75395911472151
0.27766695233236765583,3944.2721715570137349,-354948.030108106439,-351003.75793654943118
0.27815886190273231282,3942.4789602553073564,-354946.24448387243319,-351003.76552361709764
0.27865139728665833108,3940.0843425315765671,-354943.85131019580876,-351003.76696766423993
0.27914299745970189148,3936.0310278930037384,-354939.79895411984762,-351003.7679262268357
0.27963305220058481959,3929.83423032166138,-354933.61119380540913,-351003.77696348377503
0.28012180732039043685,3921.1478687459216417,-354924.93583781347843,-351003.78796906757634
0.28061007222960232532,3909.5625629711421425,-354913.3442758655292,-351003.78171289438615
0.28109899835814333713,3893.7830099634434191,-354897.56763337762095,-351003.78462341416162
0.28159036487895372503,3871.842424807790394,-354875.62684117589379,-351003.78441636811476
0.28208692705785942678,3841.1736678966367435,-354844.96816530963406,-351003.79449741297867
0.28259328608085060308,3798.5479270269097469,-354802.33997628872748,-351003.79204926179955
0.28311780016123377912,3741.0007049663545331,-354744.79161532374565,-351003.79091035737656
0.28367675961651322991,3669.3713364755617476,-354673.14821397740161,-351003.77687750186305
0.28430545228367343213,3599.8234400421570172,-354603.58654667809606,-351003.76310663594631
0.28500657617715102754,3580.0238336231313951,-354583.79468882468063,-351003.77085520152468
0.28570865322157040778,3621.3980285202269442,-354625.19835327635519,-351003.80032475612825
0.28632030534762326068,3669.9660500779841641,-354673.78668051632121,-351003.82063043833477
0.28686601996654831348,3705.8981948086520788,-354709.69983731722459,-351003.80164250859525
0.28738178961697008473,3731.4992792353841651,-354735.29840124817565,-351003.7991220128024
0.28788210241754741414,3749.4144774283663537,-354753.2048176828539,-351003.79034025449073
0.28837395399262882867,3760.5359351328997946,-354764.32148478593444,-351003.78554965305375
0.28886111150846699447,3764.6416902696360012,-354768.43093708105152,-351003.78924681141507
0.28934580073900673103,3761.4343163357957565,-354765.22354564408306,-351003.78922930831322
0.28982963887750062826,3751.4564437789790645,-354755.24862797919195,-351003.79218420019606
0.29031370395046557364,3735.0933511366342827,-354738.8787014100235,-351003.78535027336329
0.29079898728175379574,3714.0759586582835254,-354717.85331850411603,-351003.77735984581523
0.29128628506198417369,3690.5140433132778526,-354694.29864605824696,-351003.78460274497047
0.29177644229321553215,3667.5795141704461457,-354671.36077424278483,-351003.78126007231185
0.29227032578003014907,3649.4493760871537233,-354653.23582062940113,-351003.78644454223104
0.29276878279675078165,3639.9458532485414253,-354643.72817166295135,-351003.78231841442175
0.29327258104801701144,3641.4077518217745819,-354645.19688960554777,-351003.78913778375136
0.29378230093746621199,3653.8971536657745673,-354657.68902387376875,-351003.79187020799145
0.29429806258795448981,3675.502819570833708,-354679.29517392278649,-351003.79235435195733
0.29481932233998997539,3702.5825000655486292,-354706.37154123978689,-351003.78904117422644
0.29534478765813010348,3731.3789698754562778,-354735.16530607262393,-351003.78633619716857
0.29587269506798535845,3758.4156962512161044,-354762.21794354578014,-351003.80224729457404
0.29640133666728651907,3781.3992053026413487,-354785.20567950390978,-351003.80647420126479
0.29692943116541531401,3799.096176809948247,-354802.89942129823612,-351003.80324448831379
0.29745639546566765565,3810.8224372280769785,-354814.60977291420568,-351003.7873356861528
0.29798250292375227932,3816.7273624997324077,-354820.51656539423857,-351003.78920289449161
0.29850857270384562048,3817.296278454248295,-354821.08025770942913,-351003.7839792551822
0.29903597027474437819,3812.3966539577386357,-354816.18691477901302,-351003.79026082128985
0.29956693082964974684,3800.8666194128863935,-354804.67213885230012,-351003.80551943939645
0.30010509363037235486,3779.8092977659866847,-354783.61423637368716,-351003.80493860767456
0.3006567276577161163,3746.014884762399106,-354749.80912961263675,-351003.79424485022901
0.30123351147592991595,3696.1473460958218311,-354699.95060981949791,-351003.80326372367563
0.30185901881897042598,3633.0848892652770701,-354636.88016173214419,-351003.79527246684302
0.30256513656365158216,3578.1155748000319363,-354581.88401202787645,-351003.76843722781632
0.30327793855805379453,3566.7610716711928944,-354570.54677884525154,-351003.78570717404364
0.30399845487391108367,3585.3320765375956398,-354589.13860917941201,-351003.80653264181456
0.3046284195327345623,3601.2579180716666087,-354605.06834050908219,-351003.81042243744014
0.30520338238015853882,3607.9965003603329023,-354611.7933878058102,-351003.7968874454964
0.30575192455850475071,3608.9460500935242635,-354612.74130098184105,-351003.79525088833179
0.30628645623201417036,3607.1115252650483853,-354610.90319370344514,-351003.79166843841085
0.30681324573727036809,3604.2745500885230285,-354608.06578167388216,-351003.7912315853755
0.30733578561283192432,3601.3392276231643336,-354605.13352096488234,-351003.79429334169254
0.30785621299686966035,3597.9756607909389459,-354601.7653324881685,-351003.78967169724638
0.30837614606339147638,3593.8279536383952291,-354597.60632786492351,-351003.77837422653101
0.30889667958030836425,3588.409956385123678,-354592.18527384113986,-351003.77531745599117
0.30941883952091475685,3581.9036122436668848,-354585.67335413652472,-351003.76974189287284
0.30994345636414849521,3574.6662433787341797,-354578.43669346137904,-351003.77045008266577
0.31047130234993397524,3567.4176155510454009,-354571.18615742458496,-351003.76854187354911
0.31100311232916594273,3561.4163431276142546,-354565.1839816494612,-351003.76763852185104
0.31153952697640707736,3558.5131632098064074,-354562.28016134054633,-351003.76699813071173
0.31208104885940196604,3559.7936601342130416,-354563.55956992972642,-351003.76590979553293
0.31262794700165291717,3565.5981640839827378,-354569.36180990526918,-351003.76364582130918
0.31318002638794872894,3575.1828837000562089,-354578.950300769764,-351003.76741706969915
0.31373657450040598471,3587.3417578928788316,-354591.11460685281781,-351003.77284895995399
0.31429634614309714946,3600.0165841289835953,-354603.79157329257578,-351003.77498916361947
0.31485788703311701209,3611.1424312474159706,-354614.9187459097011,-351003.77631466230378
0.31541989970155198675,3619.6855789429209835,-354623.45866604638286,-351003.77308710344369
0.31598145813903705248,3625.7909473786589842,-354629.56055822537746,-351003.7696108467062
0.31654227937059670195,3630.3069158280209194,-354634.08762432838557,-351003.78070850035874
0.3171029437990598443,3635.0629147053523411,-354638.84645341162104,-351003.78353870625142
0.31766452453373206222,3641.1723423313273997,-354644.95780095772352,-351003.78545862640021
0.31822899137989796303,3648.0005413145158855,-354651.78941743518226,-351003.78887612064136
0.31879963645415604345,3652.5350705038595152,-354656.33457404130604,-351003.79950353741879
0.31938207406283691814,3649.7117265029551163,-354653.51191453856882,-351003.80018803558778
0.31998642967590940067,3634.1067033643516879,-354637.9196587781189,-351003.8129554137704
0.32063262705100226135,3604.4588159568916126,-354608.26239191682544,-351003.80357595992973
0.32136348972075789998,3571.2384939540665982,-354575.03476813394809,-351003.79627417988377
0.32216847784816815548,3564.8313475643130914,-354568.63650243374286,-351003.80515486944932
0.32295308619121615434,3587.3035599502100013,-354591.10935151099693,-351003.8057915607933
0.32364789169554258885,3607.2990242317018783,-354611.10818698455114,-351003.80916275287746
0.32427066721842806585,3616.1303539362488664,-354619.93185684003402,-351003.80150290380698
0.32485995701240094613,3616.8861023469453357,-354620.6917897676467,-351003.80568742071046
0.3254317373501669497,3612.3660283125900605,-354616.19072654598858,-351003.82469823339488
0.32599389347202190059,3604.545901306367341,-354608.36873463488882,-351003.82283332850784
0.32655075389083587645,3594.6740577353284607,-354598.49810619372874,-351003.82404845842393
0.32710491055503609914,3582.6331083384784506,-354586.45092919375747,-351003.81782085529994
0.32765815616582227854,3568.2212542858428606,-354572.04819393105572,-351003.82693964522332
0.32821184747005505145,3551.1578321672254788,-354554.98442960251123,-351003.82659743528347
0.32876721548575266185,3531.6806634592171577,-354535.49867465707939,-351003.81801119784359
0.32932508141177818661,3509.9333864013506172,-354513.75587916816585,-351003.82249276683433
0.32988622171441511766,3486.427945746471778,-354490.24991811753716,-351003.82197237107903
0.33045134218932176173,3461.9920824510022612,-354465.8136418609065,-351003.82155940990197
0.3310210243311945133,3437.5878587622387386,-354441.41134044341743,-351003.8234816811746
0.33159571102614293636,3414.1316716788660415,-354417.95891510194633,-351003.82724342308939
0.33217566239408868878,3392.5466661117579861,-354396.3749777515186,-351003.82831163977971
0.33276073314250192992,3373.3837333966830556,-354377.21257959137438,-351003.82884619466495
0.33335036515681415459,3356.9639641744165601,-354360.79310404806165,-351003.82913987361826
0.33394350081239415617,3343.3186871099742348,-354347.15881534887012,-351003.84012823889498
0.33453883289993413541,3332.746524760295415,-354336.58850840420928,-351003.84198364394251
0.33513512464466599372,3325.8018791642948599,-354329.64164912124397,-351003.83976995694684
0.3357314168385995834,3323.4475924183047937,-354327.29988589533605,-351003.85229347704444
0.33632725605335483943,3326.0407251331475891,-354329.89755091798725,-351003.85682578483829
0.33692316104528874376,3333.5333302257627111,-354337.39032355812378,-351003.85699333238881
0.33752020914384311956,3344.5572570643553263,-354348.42194311320782,-351003.86468604888069
0.33812049385630960074,3356.261039204451663,-354360.12576753186295,-351003.86472832743311
0.33872762233805425724,3365.6975053863056928,-354369.56699935958022,-351003.8694939732668
0.33934780959429666769,3368.8670608063025611,-354372.74087281536777,-351003.87381200905656
0.33999228827405392206,3361.8304988992299513,-354365.69276836724021,-351003.86226946802344
0.34068312950421492102,3343.3694141324208431,-354347.2125353331212,-351003.84312120068353
0.34146800562261819811,3322.4772871037339428,-354326.28492890362395,-351003.80764179991093
0.34243021626107161826,3324.3685129181531011,-354328.18810784391826,-351003.81959492579335
0.34330337873600957899,3343.7399139766330336,-354347.56594607181614,-351003.82603209518129
0.34401577032653551935,3354.0554401859149039,-354357.87853658595122,-351003.8230964000104
0.34466597143941823944,3356.2306704601764977,-354360.04686277499422,-351003.81619231484365
0.34528596666818694993,3355.6778230948252713,-354359.48778104799567,-351003.80995795316994
0.34588985330098737103,3356.6362030522132045,-354360.44305133621674,-351003.80684828403173
0.34648485505243170612,3361.6174669368920149,-354365.42744588898495,-351003.80997895210749
0.34707505579680364427,3370.8711460473332409,-354374.67407741595525,-351003.80293136864202
0.34766297093996317846,3383.1750500944294799,-354386.97294112748932,-351003.79789103305666
0.34825037661260438426,3396.8009586101716195,-354400.598645501188,-351003.79768689099001
0.3488388686173176656,3410.4463506899269305,-354414.24458458344452,-351003.79823389352532
0.34942959079139562784,3422.7703573109943136,-354426.56820626428816,-351003.79784895328339
0.35002340682504773373,3432.8593654360993241,-354436.66090546210762,-351003.80154002603376
0.35062113581446052724,3440.1179852491154634,-354443.91434849449433,-351003.79636324540479
0.35122347821059574091,3444.5202751462265951,-354448.31652525189565,-351003.79625010566087
0.35183098162880988014,3446.1611578013148574,-354449.9523064973182,-351003.79114869597834
0.3524440645787533799,3445.3914707931553494,-354449.18609035946429,-351003.7946195662953
0.3530628662118832084,3443.1170843864051676,-354446.90433786367066,-351003.7872534772614
0.3536871100071591334,3440.0037038358318568,-354443.78972645557951,-351003.78602261975175
0.35431607680325261089,3436.1797470743622398,-354439.96512804599479,-351003.785380971618
0.35494857250573780272,3431.8571146829399368,-354435.64994034531992,-351003.79282566235634
0.35558324134355651092,3426.9146332581681236,-354430.70680854236707,-351003.79217528417939
0.35621886341036734791,3421.1884434223188691,-354424.97341206861893,-351003.78496864630142
0.35685453372308167941,3414.4101986849645982,-354418.21034987131134,-351003.80015118635492
0.35749006620557605141,3405.5513731729161009,-354409.35011901648249,-351003.79874584358186
0.35812625628374000764,3394.4022358675479154,-354398.20278741535731,-351003.80055154778529
0.3587647124597482251,3380.1071781691271099,-354383.89969384064898,-351003.79251567152096
0.35940840937864526605,3361.428236428542732,-354365.22854301764164,-351003.80030658910982
0.36006249554058650242,3337.2466935247216497,-354341.04585323808715,-351003.7991597133805
0.36073602384729452908,3305.6419011369193868,-354309.44495491893031,-351003.80305378203047
0.36144591871541881245,3265.6462484963444695,-354269.44227505335584,-351003.79602655698545
0.36222696575797019847,3222.0533737501300493,-354225.85142894636374,-351003.79805519623915
0.36315926197634634809,3193.7368223895291521,-354197.5298447785899,-351003.79302238905802
0.36413618031708083755,3203.3188626122614551,-354207.13639903179137,-351003.81753641954856
0.36496466581945369301,3224.4347464322304404,-354228.25560886703897,-351003.82086243480444
0.36568763061349057741,3240.3144839711890199,-354244.13269760867115,-351003.81821363751078
0.36636364289904704838,3250.7593708197746309,-354254.57432727783453,-351003.81495645805262
0.36701553582915724672,3257.8554402949407631,-354261.66979788383469,-351003.81435758888256
0.36765428559347074211,3263.0781758950320182,-354266.8884874493815,-351003.81031155434903
0.36828584346733345134,3267.7031705494564449,-354271.51032202824717,-351003.80715147877345
0.36891373886974543339,3272.2600053542773821,-354276.06717112823389,-351003.80716577393468
0.3695402449204768236,3276.716828517769045,-354280.53489428036846,-351003.81806576257804
0.37016726702566277174,3280.8274905129023864,-354284.63814990367973,-351003.81065939075779
0.37079647705661239465,3284.5037042754106551,-354288.31155578570906,-351003.80785151029704
0.37142888391913347901,3286.9808907039800943,-354290.79493765172083,-351003.81404694775119
0.37206547641876458465,3287.3663500819616274,-354291.18295606953325,-351003.81660598755116
0.37270714468313287382,3285.3499270303764206,-354289.16790442971978,-351003.81797739933245
0.37335461350413484682,3280.8519772673457737,-354284.6673278149683,-351003.81535054760752
0.37400846093196876696,3273.8001884140089714,-354277.61258324264782,-351003.81239482865203
0.37466907653528080946,3265.7467714109243389,-354269.56412320950767,-351003.81735179858515
0.37533634956285860662,3257.7439681152682169,-354261.55133411218412,-351003.80736599693773
0.37600976316258422072,3251.589894259589073,-354255.39695488894358,-351003.80706062936224
0.3766881993981843757,3247.8435378334147572,-354251.6606575337355,-351003.81711970031029
0.37737015066966406174,3246.2727321462730288,-354250.10242431797087,-351003.82969217171194
0.37805410660365157405,3245.6187857064173841,-354249.4494441737188,-351003.83065846731188
0.37873883241068445615,3244.2367761730192797,-354248.05746132595232,-351003.82068515295396
0.37942352865309475485,3240.3445007141162932,-354244.17292721028207,-351003.82842649618397
0.38010879456055696179,3232.9015310230315663,-354236.73052099510096,-351003.82898997206939
0.38079600397777224607,3221.053391360247133,-354224.88679224462248,-351003.83340088435216
0.38148792291365390961,3204.3183988468831558,-354208.15585122670745,-351003.83745237981202
0.38218943967017265928,3182.0933747571966705,-354185.93025904404931,-351003.83688428683672
0.38290907574595778318,3154.4526748903217594,-354158.30198517208919,-351003.84931028174469
0.3836623567843303606,3120.7114940621568167,-354124.55546850286191,-351003.84397444070783
0.38448036201230489928,3084.4025722644369125,-354088.23133623460308,-351003.8287639701739
0.38543118295450257138,3057.2044361072776155,-354061.01568743656389,-351003.81125132925808
0.38649507913734848508,3057.3211561432299277,-354061.15857579326257,-351003.83741965005174
0.38744171734982035815,3069.4095240245810601,-354073.24321275064722,-351003.83368872606661
0.38824209924855251908,3073.9727764583212775,-354077.79857730329968,-351003.82580084499205
0.38898097338153947433,3070.5621806701401511,-354074.39161142345984,-351003.82943075330695
0.38968894782290952605,3062.2642056526296983,-354066.09217046247795,-351003.82796480983961
0.39038025039471696553,3051.3805972802888391,-354055.20206341950689,-351003.82146613922669
0.39106245828021540811,3039.7827507314418654,-354043.60160135931801,-351003.8188506278675
0.39174000324327512557,3028.7803999437674065,-354032.59918400645256,-351003.81878406269243
0.39241571653647139284,3019.2859000395665134,-354023.11846155242529,-351003.83256151288515
0.39309180299869811437,3011.7391690474264578,-354015.57061940839048,-351003.83145036094356
0.39377042912841025979,3006.9532948815258351,-354010.7830683607026,-351003.8297734791995
0.39445283001445208271,3005.1422106361446822,-354008.97390938666649,-351003.83169875049498
0.39514023569042028283,3006.5277905685634323,-354010.36236040794756,-351003.83456983941142
0.39583378888455045264,3010.9154275782980221,-354014.75459917960688,-351003.83917160128476
0.39653445474405429882,3017.998052015356734,-354021.83632115600631,-351003.83826914062956
0.39724304213697370081,3026.7732435602397345,-354030.60764265281614,-351003.83439909259323
0.39796016449186555342,3036.3436281437670914,-354040.186684866203,-351003.84305672242772
0.39868581004757325248,3045.8713482405055402,-354049.71255889197346,-351003.84121065144427
0.39941947556980039735,3054.7569438745522348,-354058.59387200162746,-351003.83692812710069
0.40015994599104515173,3062.248721474775266,-354066.0954193432699,-351003.84669786848826
0.4009054113180656187,3068.2796572722641031,-354072.12882492219796,-351003.84916764992522
0.40165397158449445136,3072.0039826073561926,-354075.85008778498741,-351003.84610517765395
0.40240402749925602288,3072.905730069711808,-354076.74879851087462,-351003.84306844114326
0.40315451674219177081,3070.4491673776710741,-354074.28951611067168,-351003.84034873300698
0.40390584134763252155,3063.8756182009233271,-354067.69143042818177,-351003.81581222725799
0.40465972706322139718,3052.9426271208144499,-354056.76050945033785,-351003.81788232951658
0.40541948917491432702,3037.3070020064210439,-354041.1220970749855,-351003.81509506853763
0.40619105819336581709,3016.0190532519936824,-354019.83907120203367,-351003.82001795002725
0.40698484733888373732,2988.5067557029719865,-353992.33298189006746,-351003.82622618711321
0.40782003116219345262,2953.5974824501217881,-353957.39358496497152,-351003.79610251483973
0.40873537683533295306,2916.2930687324396786,-353920.08662894088775,-351003.79356020846171
0.40981777476379477321,2890.1482068260002052,-353893.94453802064527,-351003.79633119463688
0.41101163167868937087,2892.3914632628279833,-353896.2164391487604,-351003.8249758859165
0.41200848465549261279,2904.6407358571605073,-353908.47873578983126,-351003.83799993264256
0.41287090450284008591,2912.1185328957758429,-353915.96410848083906,-351003.84557558508823
0.41367418911401887538,2914.4958786188531121,-353918.33784600999206,-351003.84196739114122
0.41444741457294698161,2913.8506705233007779,-353917.68811871134676,-351003.83744818804553
0.41520460662190278311,2912.2459577725348936,-353916.07595939876046,-351003.83000162622193
0.41595350369149652892,2911.0036560066978382,-353914.83322869904805,-351003.82957269233884
0.41669931815351785032,2910.9976442447687077,-353914.83143026317703,-351003.8337860184256
0.41744538746792869688,2912.0252973166657284,-353915.87408538517775,-351003.84878806851339
0.4181951147703205085,2914.3375832498045384,-353918.1856098031858,-351003.84802655340172
0.41895058308394933499,2917.7783374565410668,-353921.62921641231515,-351003.85087895579636
0.41971354468776783664,2922.098051402969304,-353925.94263313699048,-351003.84458173403982
0.42048557607872888431,2926.5447682264125433,-353930.38888708478771,-351003.84411885839654
0.42126788285465921469,2930.5328879980784222,-353934.3798135748948,-351003.84692557679955
0.42206127951408717314,2933.7582978758441641,-353937.60556092835031,-351003.8472630524775
0.42286635631166896721,2935.277622903939573,-353939.12267296679784,-351003.84505006286781
0.42368306712302972183,2934.6734195730205101,-353938.51570784125943,-351003.84228826826438
0.42451055867112608144,2931.8104608754965739,-353935.64684704039246,-351003.83638616488315
0.42534760813235727994,2926.5152776632526184,-353930.35405865043867,-351003.83878098719288
0.42619244045594717463,2918.6700299275189536,-353922.51102848153096,-351003.84099855402019
0.42704270543107852864,2909.4020222641679538,-353913.24654196837218,-351003.84451970423106
0.42789612101034818492,2900.0343536078071338,-353903.89297696063295,-351003.85862335283309
0.4287511048129429847,2891.7379906677642794,-353895.59433987818193,-351003.85634921042947
0.42960704187573128809,2884.7543719999043788,-353888.60922517365543,-351003.85485317377606
0.43046459317660235033,2877.6016090315183646,-353881.45122561603785,-351003.84961658454267
0.43132679550153418813,2869.8203032673568487,-353873.67316359560937,-351003.85286032827571
0.43219737187847517834,2861.0065044508787651,-353864.86251451796852,-351003.85601006710203
0.43308232703791699203,2850.8742567442077416,-353854.7350513356505,-351003.86079459142638
0.43399071413459544555,2840.2359472093380646,-353844.09231848380296,-351003.85637127445079
0.43493535387523613034,2830.2762636798047424,-353834.12303379195509,-351003.84677011216991
0.43593521047315669792,2823.8565800479373138,-353827.69708207226358,-351003.84050202433718
0.43701876622607105372,2824.9213546992223201,-353828.7770481586922,-351003.8556934594526
0.43822730504504991966,2837.2288442715553174,-353841.08301419625059,-351003.85416992468527
0.439552202127270919,2859.8261965106025855,-353863.68358863983303,-351003.85739212925546
0.44085073687620884852,2881.8234983907691458,-353885.68438625626732,-351003.86088786547771
0.44203985169819531853,2896.1671352826542716,-353900.03156840056181,-351003.86443311790936
0.44316977235854815298,2903.4789654555484049,-353907.33827719662804,-351003.85931174107827
0.44427755651075789833,2904.1792480812450776,-353908.0508821294643,-351003.87163404823514
0.4453892690730293924,2898.6415306856129064,-353902.53644172806526,-351003.89491104247281
0.44653106250802532262,2887.6613304824199986,-353891.53688032820355,-351003.87554984580493
0.44770757846124037416,2872.1833719267301603,-353876.03368781093741,-351003.85031588422135
0.44890271018840810502,2854.255404462907336,-353858.0979512676131,-351003.84254680469166
0.45009325830351076814,2836.3097708400541705,-353840.1497398900101,-351003.83996904996457
0.4512795413572006642,2820.1194020898760755,-353823.96422303083818,-351003.84482094098348
0.45246189285952886916,2805.4057650673871649,-353809.24979835824342,-351003.8440332908649
0.45364107204844489329,2793.5062977261009109,-353797.35211525531486,-351003.84581752918893
0.45481855569639956238,2786.4082340168220071,-353790.25512574904133,-351003.84689173224615
0.45599535617593789372,2785.1851254843913921,-353789.03045012021903,-351003.84532463585492
0.45717216475231325923,2788.4192066292953314,-353792.26668850751594,-351003.84748187824152
0.45834953498979974507,2794.881234290732209,-353798.72594974550884,-351003.84471545479028
0.45952802297540651377,2802.1745127200397292,-353806.02461310615763,-351003.85010038613109
0.46070833058994808962,2809.1823920516499129,-353813.03523147199303,-351003.85283942031674
0.46189185854334896542,2814.8136628363504315,-353818.6655681990087,-351003.85190536268055
0.46308047106032806939,2818.307395624559831,-353822.16594676848035,-351003.85855114390142
0.46427473947856351399,2819.3344173389295975,-353823.20041229721392,-351003.86599495826522
0.46547491678095542778,2818.0322877924572822,-353821.90830525220372,-351003.87601745972643
0.46668144468768113509,2814.2441230845811333,-353818.11976951855468,-351003.87564643396763
0.46789552655264754488,2806.1673670483596652,-353810.04292542370968,-351003.87555837532273
0.46912367318390763016,2791.7614585916630858,-353795.64015416271286,-351003.87869557103841
0.47037704523382839472,2771.3278253825942556,-353775.20135918527376,-351003.87353380268905
0.47167516024198474778,2745.8523116031688005,-353749.72779940516921,-351003.87548780202633
0.47305323777107982641,2718.0796504430818459,-353721.92558884830214,-351003.84593840519665
0.4744748741635555489,2694.51588184134107,-353698.36249316233443,-351003.84661132097244
0.47588868900339642565,2681.9282352298614569,-353685.77436722890707,-351003.84613199904561
0.47728239824467083574,2680.9629265219887202,-353684.80440663191257,-351003.84148010989884
0.47859164932011849514,2685.5692957542819386,-353689.42461932904553,-351003.85532357473858
0.47985929472109828398,2689.8000268870664513,-353693.65135659021325,-351003.851329703175
0.48110785901294067513,2691.3963751968781253,-353695.25569479144178,-351003.8593195945723
0.48235295545666395656,2689.3415229974889371,-353693.2039519304526,-351003.86242893297458
0.4836118185135657721,2684.3292061727306645,-353688.18632567877648,-351003.85711950605037
0.48490027710671729233,2676.751211393774156,-353680.59260141500272,-351003.84139002120355
0.48624366643027094881,2667.6335799969356231,-353671.4695973675698,-351003.83601737063145
0.48768701363802618998,2657.9154187309991357,-353661.77995004050899,-351003.8645313095185
0.48919262287733805694,2651.8780298401211439,-353655.73363787541166,-351003.85560803528642
0.49069887014104984768,2652.1837944045223594,-353656.05480093468213,-351003.8710065301857
0.49220908075733427189,2656.2354245417859602,-353660.11082539358176,-351003.8754008517717
0.4937276272171478575,2658.6920163240433794,-353662.56120079627726,-351003.86918447224889
0.49521672708078950942,2656.4850121468521138,-353660.3663101544953,-351003.88129800761817
0.49659662400503890023,2651.5188350667440318,-353655.38663455104688,-351003.86779948428739
0.49792355345907746145,2646.2957780624396946,-353650.16652936104219,-351003.87075129861478
0.49922569201606975531,2642.4534529139582446,-353646.32685207662871,-351003.87339916266501
0.50052012837075465779,2639.1494198132054407,-353643.03190373943653,-351003.88248392625246
0.50182592477202336845,2635.9428827354540772,-353639.83230367908254,-351003.88942094362574
0.50315938224626466369,2631.1193836333804938,-353635.01640748541104,-351003.89702385204146
0.50450728783153442336,2624.0737147003228529,-353627.97548520890996,-351003.9017705086153
0.50585563296762692254,2615.0548591287397358,-353618.93950277101249,-351003.88464364229003
0.50721111295911402994,2604.8050700184712696,-353608.68357617815491,-351003.87850615970092
0.50858774024484476595,2594.0756231964273866,-353597.96123335784068,-351003.88561016140739
0.51000794747305477905,2584.9625346160401023,-353588.85055436240509,-351003.88801974634407
0.51151420586886220399,2576.9269367590059119,-353580.82082011108287,-351003.89388335205149
0.51311474973135340338,2569.625807193800938,-353573.52965015376685,-351003.90384295996046
0.51461013376387554352,2563.9002262844164761,-353567.81982295995113,-351003.91959667555057
0.51601866451033440164,2560.7505296161662045,-353564.67438490659697,-351003.92385529045714
0.51738518281682088773,2558.484539604965903,-353562.39447823236696,-351003.90993862738833
0.51873363518949922035,2555.4847544682379521,-353559.38467524352018,-351003.89992077526404
0.52008220197086896253,2549.9353757292892624,-353553.85279385792091,-351003.9174181286362
0.52144339540895823237,2541.0481352493270606,-353544.96101608197205,-351003.91288083262043
0.52276665989568338322,2529.9568910912535102,-353533.8851100532338,-351003.92821896198438
0.52407982263218355623,2517.2015249464407134,-353521.12994126405101,-351003.92841631761985
0.52540441469002996389,2502.7163834440179926,-353506.65365438262234,-351003.93727093859343
0.52676540543257277527,2487.6157981700812343,-353491.55461140710395,-351003.93881323700771
0.52819229964976699421,2473.8626175468798465,-353477.79364532907493,-351003.93102778220782
0.52973450624126305897,2464.1897092130598139,-353468.11706437414978,-351003.92735516111134
0.53143645526927485445,2461.4367845074943943,-353465.38669101492269,-351003.94990650744876
0.53308365308733707266,2466.4284679399293054,-353470.38993179774843,-351003.96146385779139
0.53459007111226153341,2475.721813454009407,-353479.6818948686705,-351003.96008141466882
0.53602966092971959799,2484.9679368270540181,-353488.91282493452309,-351003.94488810747862
0.53743811165304988808,2491.1005933170681601,-353495.04796784394421,-351003.94737452687696
0.53883584959952812721,2491.9602098213063073,-353495.89851337310392,-351003.93830355181126
0.54023502480823903937,2486.7172620970436583,-353490.67636252508964,-351003.95910042803735
0.54164034516733317037,2475.0242258132284405,-353478.96966604841873,-351003.94544023519848
0.5430858707014630804,2457.9041711187246619,-353461.83117001946084,-351003.92699890071526
0.54461369681822480171,2438.5148546155924123,-353442.43595231475774,-351003.92109769914532
0.54626920433283021605,2422.1243912089285004,-353426.03836388140917,-351003.91397267248249
0.54809469781291908497,2414.6298648815786692,-353418.54977657936979,-351003.91991169779794
0.55005668422277642637,2417.2641736419273002,-353421.17413740576012,-351003.90996376384282
0.55193240086570283243,2424.2482755563237333,-353428.15780373336747,-351003.90952817705693
0.5535663465600998423,2428.9731588322865719,-353432.87725356977899,-351003.90409473748878
0.55509281083405537238,2430.7045599325724652,-353434.61561859329231,-351003.91105866071302
