# Fix print output for fix printe
0.20021825256697040052,499.97741105329953371,-355999.94794042536523,-355499.97052937204717
0.20043651005810941834,499.9096533423455071,-355999.88018885720521,-355499.97053551487625
0.20065478234023345627,499.79040550616485916,-355999.76095011772122,-355499.97054461156949
0.20087308066119155536,499.60950096897693129,-355999.58004492084729,-355499.97054395184387
0.20109141850406569985,499.36751072912340987,-355999.3380446259398,-355499.97053389681969
0.20130980925213767807,499.07588335761636245,-355999.04640486440621,-355499.97052150679519
0.20152826381570818071,498.7483166896347484,-355998.71883069904288,-355499.97051400941564
0.20174679013588228682,498.39490289495421393,-355998.36541152145946,-355499.97050862648757
0.20196539396653342968,498.0217165640864323,-355997.99222358409315,-355499.97050702001434
0.20218407974840910124,497.63074682087409428,-355997.60125556244748,-355499.97050874156412
0.20240285150178496942,497.21808575672656616,-355997.18860872765072,-355499.9705229709507
0.20262171412328022768,496.76898087323814934,-355996.73951735888841,-355499.97053648566362
0.20284067578323020098,496.27093174580210189,-355996.24145600758493,-355499.97052426176379
0.20305974745100011103,495.73411948009379557,-355995.70462929748464,-355499.97050981741631
0.20327893790082279812,495.17490843371234632,-355995.14541398891015,-355499.97050555521855
0.20349825233032114991,494.59954703711639468,-355994.57005187403411,-355499.97050483693602
0.20371769458314512025,494.00874111293057922,-355993.97924763645278,-355499.97050652350299
0.20393726837425288356,493.40041481264961476,-355993.37092563661281,-355499.97051082394319
0.20415697791190498545,492.76953805323137203,-355992.74005379131995,-355499.97051573806675
0.20437682856548169963,492.11018608502831739,-355992.08070741244592,-355499.97052132739918
0.20459682708060331069,491.36856316243046194,-355991.33858560113003,-355499.9700224386761
0.2048169923920975799,490.50539134679490871,-355990.47542253969004,-355499.97003119287547
0.20503735251388000016,489.55955330282915838,-355989.52959328657016,-355499.97003998374566
0.20525792695278305411,488.52049576836691358,-355988.49054434208665,-355499.97004857374122
0.20547873789413012569,487.3779068585801042,-355987.34796314011328,-355499.97005628154147
0.20569981023538316811,486.06933685401401135,-355986.03626947681187,-355499.96693262277404
0.20592118363081404753,484.49603198349007016,-355984.46298239240423,-355499.96695040893974
0.20614292124715533072,482.71556442711727186,-355982.68253366468707,-355499.96696923754644
0.20636507426822048306,480.70472397597507097,-355980.67171439365484,-355499.96699041768443
0.20658770066199558246,478.43771525904514874,-355978.40472858108114,-355499.96701332204975
0.20681086623707833905,475.88637843203133571,-355975.85341673408402,-355499.96703830204206
0.20703464578849262168,473.01988302549784748,-355972.9869489846169,-355499.9670659591211
0.20725912450018360578,469.80407703759277638,-355969.77117342670681,-355499.9670963890967
0.20748439975332574892,466.20125346476930872,-355966.16838354314677,-355499.96713007835206
0.20771058333902303605,462.16987323542605282,-355962.13703899539541,-355499.96716575999744
0.20793780422106411532,457.66581882432831208,-355957.633021899499,-355499.96720307518262
0.20816621165997098442,452.64353554436416971,-355952.61077546852175,-355499.96723992418265
0.20839597896270500854,447.05894328410812477,-355947.02621578064281,-355499.96727249654941
0.20862730773169188558,440.87520188342546135,-355940.84249465522589,-355499.96729277179111
0.20886043225154907188,434.07369592499838973,-355934.04098552127834,-355499.96728959627217
0.20909562298987777185,426.67000401659515774,-355926.63725253066514,-355499.96724851406179
0.20933318801142761223,418.7349454599906835,-355918.70209730195347,-355499.96715184196364
0.20957347057077804764,410.42101939590145321,-355910.3880030278815,-355499.96698363195173
0.20981684005828152295,401.98812384180121171,-355901.95485901139909,-355499.96673516958253
0.2100636735894685081,393.82141999029227009,-355893.78783015557565,-355499.96641016530339
0.21031432555671908391,386.43274347996708684,-355886.39877851726487,-355499.96603503730148
0.21056908297560184007,380.42972467802115943,-355880.39538855140563,-355499.9656638733577
0.21082810878336410987,376.44197639233948394,-355876.40735022985609,-355499.96537383750547
0.21109138200242374972,375.00613745945435085,-355874.97138550499221,-355499.96524804551154
0.21135865206904008717,376.43189275043846465,-355876.39723841490922,-355499.96534566447372
0.21162943022851787855,380.6955253905280756,-355880.66118983179331,-355499.96566444128985
0.21190303485632641656,387.41873033008886296,-355887.38487513083965,-355499.96614480076823
0.2121786842262612105,395.94224650908284957,-355895.90893481340026,-355499.96668830432463
0.21245561114548358606,405.47299349261214729,-355905.44016155076679,-355499.96716805815231
0.21273316243475517973,415.27325482099371357,-355915.24076627660543,-355499.96751145558665
0.21301083831765468823,424.77661245603366069,-355924.74434112710878,-355499.96772867109394
0.21328828520628867471,433.5974286688726238,-355933.56526362436125,-355499.9678349554888
0.21356529957879244463,441.51852901262321893,-355941.48638221027795,-355499.96785319765331
0.21384177971546736163,448.45658159707437562,-355948.42440045787953,-355499.96781886077952
0.21411769434643185273,454.41459990562623261,-355954.38235185807571,-355499.96775195247028
0.21439305900791699733,459.44990141923102556,-355959.41757416841574,-355499.96767274918966
0.21466791687745140349,463.64447648633932886,-355963.61207092308905,-355499.96759443677729
0.2149423265618441159,467.08565562293432549,-355967.05317767395172,-355499.96752205101075
0.21521635550866738407,469.85687081208487825,-355969.82432944711763,-355499.96745863504475
0.21549007616828344536,472.03276613241075665,-355972.00017063866835,-355499.96740450628567
0.21576356400650181788,473.67026408527772219,-355973.63123299111612,-355499.96096890582703
0.2160369031755925151,474.63239439637351325,-355974.59334720752668,-355499.96095281117596
0.21631025357420233246,475.05832392183327784,-355975.01927657512715,-355499.96095265331678
0.2165837388888000592,474.94791211574585077,-355974.90888004156295,-355499.96096792584285
0.216857503388411893,474.24210032424360861,-355974.20973677723669,-355499.96763645298779
0.21713172265359134694,472.86951939941673118,-355972.83722140907776,-355499.96770200965693
0.21740661042168601957,470.89696891809677481,-355970.86475263116881,-355499.967783713073
0.21768239983920675829,468.1362447464395018,-355968.10375784762437,-355499.96751310117543
0.2179593824378813216,464.49059039435383056,-355964.45822462649085,-355499.9676342321327
0.21823792529425781184,459.83235276269186897,-355959.80012804706348,-355499.96777528437087
0.2185184941236778533,453.92270183778703085,-355953.88785260671284,-355499.96515076892683
0.21880170514469712839,446.61603651155905936,-355946.58135575486813,-355499.96531924331794
0.21908833255907428361,437.71489193361713887,-355937.68037569365697,-355499.96548376005376
0.21937938215941837905,427.00142553746013618,-355926.96703539713053,-355499.96560985967517
0.21967618805245228697,414.30615017585137139,-355914.27178387675667,-355499.96563370089279
0.2199805391125173315,399.59648667224865903,-355899.561939138046,-355499.96545246581081
0.22029485575250670748,383.13503414462803676,-355883.09991837758571,-355499.9648842329625
0.22062242698977807542,365.74733265915750735,-355865.7111900486052,-355499.96385738946265
0.22096768885142448191,349.0521582918634067,-355849.01459726865869,-355499.9624389767996
0.22133649842419816922,335.58859724682577053,-355835.54960700502852,-355499.96100975817535
0.22173615906262772457,328.56105469945453024,-355828.52157132513821,-355499.96051662566606
0.2221745033512645684,330.67228434561542372,-355830.63441022788174,-355499.96212588227354
0.22263277441700268788,341.29905845613785687,-355841.26434549916303,-355499.96528704301454
0.22305890257191537951,354.75287128760254518,-355854.72021261998452,-355499.96734133240534
0.22344688554469063768,367.01466592534200117,-355866.98271857399959,-355499.96805264864815
0.22381129818026135325,377.17687949613400633,-355877.14494343381375,-355499.96806393767474
0.22416020873626990584,385.33843357402281526,-355885.30621466075536,-355499.96778108674334
0.22449850314511202165,391.94274341623952296,-355891.91016455658246,-355499.96742114034714
0.2248293263851617596,397.48537948076278781,-355897.4524843476247,-355499.96710486686788
0.22515479731267504238,402.38029685134472402,-355902.34716179518728,-355499.96686494385358
0.2254764034309180154,406.9260901204994525,-355906.89277177769691,-355499.96668165718438
0.22579522262022236334,411.32720095154439832,-355911.29376816307195,-355499.96656721155159
0.22611204087708206001,415.69302224515672606,-355915.6595441174577,-355499.96652187232394
0.22642743387997063542,420.04170045340907791,-355920.00822113826871,-355499.96652068488766
0.22674183059891250824,424.33127168526482365,-355924.29781751288101,-355499.96654582762858
0.22705555500952773196,428.48647286947687007,-355928.4530531061464,-355499.96658023667987
0.22736885567832257338,432.42100930167731576,-355932.38762151374249,-355499.96661221206887
0.22768192620859334374,436.01316194588747521,-355935.98279570252635,-355499.96963375661289
0.22799494430605996009,439.10723338147045069,-355939.07446514524054,-355499.96723176375963
0.2283080684970537344,441.80105724447315652,-355941.76831115828827,-355499.96725391381187
0.22862136404915078813,444.06903974517661027,-355944.03630455635721,-355499.96726481115911
0.2289348933551718368,445.87543861710543069,-355945.84270524862222,-355499.9672666315455
0.2292487186112226738,447.0871754639766209,-355947.05943875369849,-355499.97226328973193
0.22956294883094124915,447.58749308186662574,-355947.55976288154488,-355499.97226979967672
0.22987779005121408704,447.48944360592577141,-355947.46172041888349,-355499.97227681294316
0.23019338513760143061,446.77340100089139696,-355946.74570020363899,-355499.97229920275277
0.23050990187858558245,445.40607885099257146,-355945.37840909254737,-355499.97233024158049
0.23082754609702899051,443.33958977308867588,-355943.31197690451518,-355499.97238713141996
0.23114657581796282937,440.50253219770689839,-355940.47497765766457,-355499.97244545997819
0.23146732245413309537,436.82380140636121268,-355936.79627130471636,-355499.97246989834821
0.23179020119352819473,432.2592727221503992,-355932.23178113705944,-355499.9725084148813
0.2321157093192141585,426.72732481134192994,-355926.69968749617692,-355499.97236268484266
0.23244445499116211939,420.16146636351885491,-355920.1338872796623,-355499.97242091613589
0.23277720341881297239,412.42417612670379867,-355912.39748725458048,-355499.97331112786196
0.2331149288721980628,403.37762146538619845,-355903.35379727231339,-355499.97617580695078
0.23345888141944434735,393.09485218864449507,-355893.07097612426151,-355499.97612393560121
0.23381066924998319956,381.69438872376503014,-355881.6703453642549,-355499.97595664049732
0.23417235859253293651,369.41640834306667784,-355869.39203038974665,-355499.97562204668066
0.23454658696590749423,356.76455642722777384,-355856.73963960458059,-355499.97508317732718
0.23493666209545979728,344.60226291815564537,-355844.57662591274129,-355499.97436299460242
0.2353465778088528193,334.19400500118473474,-355834.16761783836409,-355499.97361283720238
0.23578080052640218445,327.08505920921822963,-355827.05821425613249,-355499.97315504692961
0.23624357122391870245,324.69318220153746779,-355824.66658212430775,-355499.97339992277557
0.23673750129600687475,327.61659964136964618,-355827.59112223947886,-355499.97452259808779
0.23725004158810844568,334.8485505504453954,-355834.824585040682,-355499.97603449021699
0.23775810887982481989,343.95439299490050189,-355843.93152182979975,-355499.97712883487111
0.23822650402154005311,352.4477201565738369,-355852.42527106765192,-355499.97755091107683
0.23866954187029562617,359.76930278809805941,-355859.74691244296264,-355499.97760965488851
0.23909549930342152702,365.89437550015043144,-355865.87186716170982,-355499.977491661557
0.23950954766941420782,371.01261144550323934,-355870.98992339870892,-355499.97731195320375
0.23991510313183686542,375.37221023503735751,-355875.34934796759626,-355499.97713773255236
0.24031452143341544558,379.20385199159380818,-355879.1808398081921,-355499.97698781662621
0.24070949350922571375,382.6989623191812484,-355882.67581368179526,-355499.97685136261862
0.24110127155146879319,386.01903991693910712,-355885.99578606087016,-355499.97674614394782
0.24149078712874122443,389.28231875499841408,-355889.25900093780365,-355499.97668218280887
0.24187873419133365527,392.55118546921312372,-355892.52783997455845,-355499.97665450535715
0.24226563731717104533,395.83951056196116269,-355895.81616205809405,-355499.97665149613749
0.2426519024904822408,399.12689626427959411,-355899.10356205736753,-355499.97666579310317
0.24303785010084327789,402.26885147520147257,-355902.24217997712549,-355499.97332850191742
0.24342385412231717923,405.244317111374869,-355905.21360108384397,-355499.96928397245938
0.24381021831506918818,408.04826699138345703,-355908.01759343617596,-355499.96932644478511
0.24419716704500635251,410.63125229192542065,-355910.60061536636204,-355499.96936307445867
0.2445848963687084765,412.92514862846326196,-355912.89453750674147,-355499.969388878264
0.24497361215286053704,414.87666019224974434,-355914.84606417338364,-355499.96940398111474
0.24536353253038298283,416.44753716814096833,-355916.41694803070277,-355499.96941086254083
0.24575488843639595182,417.61199607747846585,-355917.58140605269,-355499.96940997522324
0.24614792292413298358,418.3403586922067916,-355918.31013628432993,-355499.96977759210858
0.24654289133601309247,418.35298946756756777,-355918.32520884269616,-355499.97221937513677
0.24694025540353758963,417.80871600256318743,-355917.78093865298433,-355499.97222265042365
0.24734040445182864376,416.7598852344694933,-355916.73210549366195,-355499.97222025919473
0.24774377310000939012,415.20270597887861186,-355915.17489051085431,-355499.97218453197274
0.24815085088673963232,413.16842889042140996,-355913.14056279580109,-355499.972133905394
0.24856214861106395997,410.70901523639997777,-355910.6811049511889,-355499.97208971477812
0.24897818026538270919,407.87236446269804446,-355907.84441335615702,-355499.97204889345448
0.24939947399627948599,404.70320964143888887,-355904.67521936405683,-355499.97200972260907
0.24982658139610133818,401.21879021874553928,-355901.19393556891009,-355499.97514535015216
0.25026008543020195063,397.42450960905364354,-355897.39962913654745,-355499.97511952748755
0.2507006134987378454,393.43102337625816745,-355893.40440558857517,-355499.97338221233804
0.25114885333122982658,389.21627025548860956,-355889.18867075751768,-355499.97240050201071
0.25160557357438423365,384.8099085646466051,-355884.78252773423446,-355499.97261916956631
0.25207164432712675373,380.28204804200879607,-355880.25462509889621,-355499.97257705690572
0.25254805210902686596,375.7492800728250586,-355875.72179491329007,-355499.9725148404832
0.25303589497042361378,371.25774819656606951,-355871.23233696515672,-355499.97458876861492
0.25353634189400536814,367.0220108795390388,-355866.99650645651855,-355499.97449557698565
0.2540505489171621667,363.23637680605287414,-355863.2107810654561,-355499.97440425941022
0.25457951708435377913,360.09990397137863738,-355860.07423674431629,-355499.97433277295204
0.25512389811728486411,357.79425055581094739,-355857.76857586600818,-355499.97432531020604
0.25568378553921145002,356.38910430189901035,-355856.36293775052764,-355499.97383344860282
0.25625855443672435063,355.9031359887512167,-355855.87711613276042,-355499.97398014401551
0.25684683618963766172,356.22423735473864781,-355856.198400221474,-355499.97416286671069
0.25744667397007475751,357.14060711543788784,-355857.11492520273896,-355499.97431808727561
0.25805583758258382465,358.34911177559672524,-355858.32075485493988,-355499.97164307936328
0.25867218366291611087,359.73499680938317624,-355859.70669162273407,-355499.97169481334276
0.25929395898281665245,361.17918798985232343,-355861.15272358752554,-355499.97353559767362
0.2599199342508561883,362.60547936935017788,-355862.57896285777679,-355499.97348348842934
0.26054927711500558418,364.12690487020131513,-355864.10035112698097,-355499.97344625677215
0.26118139557894809455,365.76336595395179074,-355865.73680846719071,-355499.97344251326285
0.26181505270538502073,367.48539563475947034,-355867.45887361414498,-355499.97347797936527
0.26244213560188955903,369.19215687073580057,-355869.16568696429022,-355499.9735300935572
0.26306491193478714896,370.74674792402277035,-355870.72566285077482,-355499.9789149267599
0.26368517375572669836,371.94836627061778245,-355871.92734091077,-355499.97897464013658
0.26430437614004120839,372.69569318355479481,-355872.68038036860526,-355499.98468718503136
0.26492423912862872459,373.00725326482802302,-355872.994583503576,-355499.98733023874229
0.26554591336140048741,372.68797699567528525,-355872.67325929034268,-355499.98528229468502
0.26617072541276987074,371.72264196579419604,-355871.70768343348755,-355499.98504146770574
0.2667998342846263915,370.15457770321825137,-355870.13962293742225,-355499.98504523420706
0.26743459601305119566,367.86132245573105592,-355867.84140557399951,-355499.98008311825106
0.26807663163839046128,364.88810077253179998,-355864.86817363009322,-355499.98007285757922
0.26872791137702167763,361.23361928148716515,-355861.21432266943157,-355499.98070338793332
0.26939085022979186723,356.84189051552317551,-355856.82256522297394,-355499.98067470744718
0.2700684581293046338,351.70806891919767168,-355851.6908546818886,-355499.98278576269513
0.27076241545016477286,345.92571760363239264,-355845.9117511860095,-355499.98603358236142
0.27147215416882236605,339.55395234175017549,-355839.54150567948818,-355499.98755333776353
0.27220257159577421202,332.95264466924879798,-355832.93950847216183,-355499.98686380288564
0.27296029571379554213,326.53499063297408611,-355826.52161141077522,-355499.98662077781046
0.27374009503969559676,320.84139867943923718,-355820.82778353826143,-355499.98638485884294
0.27452422872644910434,316.43434237498814809,-355816.42054914357141,-355499.98620676860446
0.27531330043939572505,313.62287647682182978,-355813.60900115850382,-355499.98612468165811
0.27610789987295009107,312.51326746237043608,-355812.5005842493847,-355499.98731678701006
0.27690861815639600252,313.03456068667662748,-355813.02204301033635,-355499.98748232366052
0.27771604843002156704,315.00148852933909893,-355814.98829026834574,-355499.9868017390254
0.27853078605663805778,317.88722269161962686,-355817.87296342675108,-355499.98574073513737
0.27935398492927265846,321.27028603252949779,-355821.25740939349635,-355499.98712336097378
0.28018697390076025,324.6722826230687815,-355824.65702080552001,-355499.98473818245111
0.28099841178919260365,327.59443427001770033,-355827.57924841012573,-355499.98481414013077
0.28179001350589022445,329.98970575708517572,-355829.97452538751531,-355499.98481963045197
0.28256712307878539825,331.82316775696381228,-355831.80796734802425,-355499.98479959106771
0.28333356376484064576,333.01995129054535028,-355833.00801927910652,-355499.98806798853911
0.28409188644522470613,333.50565348311414482,-355833.50039556343108,-355499.99474208033644
0.28484221558163153043,333.458105090413369,-355833.45371221925598,-355499.99560712883249
0.28558573243617874082,332.96491148351304901,-355832.95788314705715,-355499.9929716635379
0.28632544624004990785,331.94941026674655404,-355831.93969038547948,-355499.99028011871269
0.2870635909070500813,330.37096590035503141,-355830.36562955618137,-355499.99466365581611
0.28780279354104565392,328.51374127282377913,-355828.51005421148147,-355499.99631293863058
0.28854379528643853137,326.36054117285368648,-355826.35575163312024,-355499.99521046027075
0.28928715254962322767,323.9570565991677995,-355823.95227652834728,-355499.99521992920199
0.29003333253164820249,321.29410360889022513,-355821.29013171192491,-355499.99602810305078
0.29078276005555153683,318.33104441419237673,-355818.32603062392445,-355499.99498620972736
0.29153584974119217677,315.11813691359793665,-355815.11608175066067,-355499.99794483708683
0.29229303193392691673,311.62673525264040109,-355811.62423302803654,-355499.99749777541729
0.29305497717917272649,307.95629358158203104,-355807.9548112899065,-355499.99851770832902
0.29382295059304752716,304.37522495686994262,-355804.37362182949437,-355499.99839687260101
0.29459779180057427128,301.10914590720614115,-355801.10808088077465,-355499.99893497355515
0.29538054221979032077,298.27849257550155926,-355798.28199409530498,-355500.00350151979364
0.29617334229167885384,296.00261053501128572,-355796.00567189557478,-355500.00306136056315
0.296979509291782795,294.44280863036902929,-355794.4458946888335,-355500.00308605848113
0.2978020344209548198,293.58851846075924641,-355793.59031585347839,-355500.00179739273153
0.29864440219802046439,293.23108481934008296,-355793.23588286055019,-355500.00479804119095
0.29951093357932928596,293.13022780215902685,-355793.13517233694438,-355500.00494453479769
0.30037751276208529694,293.16413563046825175,-355793.17000791395549,-355500.00587228348013
0.30119589616961273126,293.13185559633791399,-355793.13777123065665,-355500.00591563433409
0.30198006700542540104,292.99739491586899476,-355793.00338977290085,-355500.00599485705607
0.30273939044566888779,292.71028769613724307,-355792.71625714108814,-355500.00596944493009
0.30348043787606215904,292.37413629242013258,-355792.38006614049664,-355500.00592984806281
0.3042080068015727834,292.03388416428464325,-355792.03977408073843,-355500.00588991644327
0.30492572988369520681,291.72810343237256347,-355791.73171376739629,-355500.00361033499939
0.30563645854329962726,291.39943849153110023,-355791.40516762353946,-355500.00572913198266
0.30634251984869104168,291.04016606905514664,-355791.04087893193355,-355500.00071286287857
0.30704671353898599362,290.64521277666921151,-355790.64550756692188,-355500.00029479025397
0.30775179650009693022,290.15200472713013369,-355790.1480439628358,-355499.99603923573159
0.30846124056064072594,289.64784969667528003,-355789.64392774039879,-355499.99607804371044
0.3091775985190609588,289.07086357472343252,-355789.06400775158545,-355499.99314417684218
0.30990387781612993567,288.29949839963308023,-355788.29271351522766,-355499.99321511556627
0.31064381956625158887,287.36694969911400221,-355787.36018370400416,-355499.99323400488356
0.31140220140865426668,286.25711657502779417,-355786.25033209915273,-355499.99321552412584
0.31218527684149344203,284.99292531863869726,-355784.98607547034044,-355499.99315015168395
0.31300141921453450422,283.66755591641543788,-355783.66061676759273,-355499.9930608511786
0.31386203506489984694,282.42661300016698078,-355782.42055414646165,-355499.99394114629831
0.31478285684226853247,281.46873874937142546,-355781.46332805394195,-355499.99458930455148
0.31572871968479016003,281.16566821773596985,-355781.16008069872623,-355499.99441248096991
0.31666378360227431799,281.8067155866353346,-355781.79519166133832,-355499.98847607470816
0.31759217441477566313,283.2515087382424781,-355783.24016155896243,-355499.98865282069892
0.31851833757887793031,285.34855102650010394,-355785.33712027553702,-355499.98856924904976
0.31944338467721539176,287.69791494924271547,-355787.6867108354345,-355499.98879588616546
0.32036488540208529763,289.91682413257899498,-355789.90487126144581,-355499.9880471288925
0.32123354623691374732,291.57270398172607884,-355791.56018928973936,-355499.9874853080255
0.3220662563178730009,292.6766861044929442,-355792.66304544341983,-355499.98635933891637
0.32287398224866004082,293.28068609755507623,-355793.26701626484282,-355499.98633016727399
0.32366423865471444232,293.49664861306467856,-355793.48294067848474,-355499.98629206541227
0.32444239376705924505,293.38062477487591195,-355793.36688040522859,-355499.98625563032692
0.32521241954043794697,292.98272455766169742,-355792.96894965932006,-355499.98622510163113
0.32597736144011113524,292.34282762293815949,-355792.32903191703372,-355499.98620429408038
0.32673965711339930662,291.32524904496949603,-355791.31933724449482,-355499.9940881995135
0.32750248244192076141,289.84785325954919699,-355789.84241339872824,-355499.99456013919553
0.32826905493830399463,288.07663193127837076,-355788.07121627678862,-355499.9945843454916
0.32904165737005913739,285.95971201085512803,-355785.95416815334465,-355499.99445614247816
0.32982305819881951869,283.49152738248841388,-355783.48599872342311,-355499.99447134090587
0.33061673676189640148,280.67308156049659829,-355780.66755326150451,-355499.99447170103667
0.33142716847113079526,277.4970147697468974,-355777.4914653134183,-355499.99445054365788
0.33226022726684695252,273.97637058402273169,-355773.96978362271329,-355499.99341303866822
0.33312377854309849212,270.08312865278531945,-355770.07600473996717,-355499.99287608719897
0.33402856391388485724,265.9462464133457047,-355765.94016776478384,-355499.99392135144444
0.33498249205937963291,261.91399822054989954,-355761.90767216135282,-355499.99367394082947
0.33593861697390747789,258.62781304679441519,-355758.62127833545674,-355499.99346528865863
0.33689724811600318954,256.43903441191923775,-355756.43239870818797,-355499.99336429627147
0.33785854176989077446,255.51558200350120842,-355755.50898012635298,-355499.9933981228387
0.33882261401054458716,255.80405174946605484,-355755.7950852974318,-355499.99103354796534
0.3397895629594735456,256.87630205969730923,-355756.86571533780079,-355499.98941327811917
0.34075950780291192066,258.49330618468849252,-355758.48291659285314,-355499.98961040814174
0.34173262024648309865,260.34953718909787312,-355760.33931761863641,-355499.98978042951785
0.34267961589104456444,262.0489743139936536,-355762.03804968425538,-355499.98907537024934
0.34358724938540824434,263.43110337645964592,-355763.42021653649863,-355499.98911316005979
0.34446793133638609063,264.43980668185821514,-355764.42905742168659,-355499.98925073980354
0.34533015861642563094,265.04960829593557037,-355765.03710161498748,-355499.98749331902945
0.34617999511953795322,265.2139891578704578,-355765.19893555413,-355499.98494639626006
0.34702193249676194231,264.85482529841533506,-355764.83672571391799,-355499.98190041549969
0.34785943071998232101,264.05567373422377386,-355764.03602329641581,-355499.98034956218908
0.34869625570738410625,262.92786915082490395,-355762.90819981548702,-355499.98033066466451
0.34953478939790266766,261.36012457688372024,-355761.32972122723004,-355499.96959665033501
0.35037866160568775786,259.4534657446130268,-355759.42306530009955,-355499.96959955547936
0.35123113631167240944,257.28292468741500443,-355757.25251928361831,-355499.96959459618665
0.35209590598856305155,254.85529942557380423,-355754.82487410021713,-355499.96957467461471
0.35297770018221696908,252.19636932540328189,-355752.16590266989078,-355499.9695333444979
0.35388272063910647391,249.34541972254186248,-355749.31485419499222,-355499.96943447244121
0.35481924954962895669,246.35396940903871155,-355746.32114405120956,-355499.96717464219546
0.35579864528686383496,243.39780477555143534,-355743.36484074493637,-355499.96703596937004
0.3567994558556231155,240.75315477070171255,-355740.71967524371576,-355499.96652047301177
0.35780891195348979439,238.80706581356253082,-355738.77355666819494,-355499.96649085462559
0.3588281713526128569,237.77185432663034703,-355737.73814262112137,-355499.96628829446854
0.35985863365039599815,237.66121462477227055,-355737.62469494622201,-355499.96348032145761
0.36090489269815495543,238.42143424509896477,-355738.38508595322492,-355499.96365170815261
0.36197282184277895789,239.87763279710000575,-355739.84255798585946,-355499.96492518874584
0.36306881950539132697,241.62261378995142991,-355741.58538869593758,-355499.96277490595821
0.36417692557977532353,243.33369362089038646,-355743.29663872759556,-355499.96294510673033
0.36521379675480514226,244.62828247266531889,-355744.59128451172728,-355499.96300203906139
0.3662032630462036531,245.47247729498675994,-355745.43546351871919,-355499.96298622374889
0.36716050287826595966,245.9129614213408388,-355745.87382266676286,-355499.96086124540307
0.3680957882180763141,245.97383336806009879,-355745.93462995451409,-355499.96079658647068
0.36901640005650954146,245.70098478882229642,-355745.66246267413953,-355499.9614778853138
0.36992770278697179043,245.19060059276668539,-355745.15374212729512,-355499.96314153453568
0.37083380467907450795,244.48718798417448284,-355744.44432791357394,-355499.95713992940728
0.37173941128280862944,243.77307235626375359,-355743.73014408012386,-355499.95707172388211
0.37264708330726703522,242.90896995759231913,-355742.86607635015389,-355499.95710639253957
0.37356057501926021036,241.89226667586692088,-355741.84936200350057,-355499.95709532761248
0.37448422360092842309,240.71864849020406041,-355740.67571954650339,-355499.95707105629845
0.37542244186648660031,239.31276663409462913,-355739.26967685308773,-355499.95691021898529
0.37638094731284327255,237.62079545744083475,-355737.57713869295549,-355499.95634323550621
0.37736737994911978555,235.62856717414837249,-355735.58488009846769,-355499.95631292433245
0.37839222518158033282,233.35730454715084647,-355733.3109814330237,-355499.95367688586703
0.37947028143942396206,230.81818229927591801,-355730.77175038465066,-355499.95356808538781
0.38062325434877369856,228.2006348390052608,-355728.15405925991945,-355499.95342442090623
0.38177607915762779012,225.89908363564777005,-355725.85189680370968,-355499.95281316805631
0.38292364599069167452,224.06938329879855587,-355724.02213206712622,-355499.95274876832264
0.38407484907015415621,222.92597808784748281,-355722.87947609042749,-355499.95349800260738
0.38523249204294629511,222.4374283341965679,-355722.39101538283285,-355499.95358704862883
0.38639858744666977231,222.48492871992266373,-355722.43882523989305,-355499.95389651996084
0.38757470030431911967,222.79594427736472539,-355722.74843937158585,-355499.9524950942141
0.38869886787466756406,223.11950405976372735,-355723.07213905843673,-355499.95263499865541
0.38976577992728705935,223.29781873427123173,-355723.24996266362723,-355499.95214392937487
0.39079413360723186388,223.32641799623110046,-355723.2785599383642,-355499.95214194210712
0.39179641445357027418,223.16074622920288562,-355723.11302038916619,-355499.95227415993577
0.39278138643656201889,222.77092342059762586,-355722.72367692220723,-355499.952753501595
0.3937554512536113327,222.26581927239675451,-355722.21855938842054,-355499.95274011604488
0.39472347785005496013,221.56062300818425115,-355721.51224751514383,-355499.95162450696807
0.39569138194780317797,220.78069919949993505,-355720.73234017775394,-355499.95164097828092
0.3966617314099457059,219.87827280283784148,-355719.82724530715495,-355499.94897250429494
0.3976378413010139834,218.61103442564976262,-355718.55807140225079,-355499.94703697657678
0.39862550852976502691,217.04607591973712033,-355716.99446484696819,-355499.94838892720873
0.39962985917722226858,215.1707874482321472,-355715.11917520366842,-355499.9483877554303
0.40065760964984220571,212.99020410888138599,-355712.93846102751559,-355499.94825691863662
0.40171781704744952135,210.53821503894130274,-355710.48347804270452,-355499.94526300375583
0.40282305771637916258,207.80370315920939106,-355707.74888137390371,-355499.94517821469344
0.40399139339135087257,204.98653558607520608,-355704.93158401199616,-355499.94504842592869
0.40524998092321035115,202.17214105555342485,-355702.12243491271511,-355499.9502938571386
0.40664193572434009782,199.6352839470322067,-355699.58542463427875,-355499.95014068722958
0.4081772341702919471,197.89158730361532434,-355697.84362994722323,-355499.9520426436211
0.40976767611685011028,197.28161066450076078,-355697.23398751881905,-355499.95237685431493
0.41116942039976916989,197.52126584347146832,-355697.4738503661938,-355499.9525845227181
0.41243300381318098724,198.07121984573424811,-355698.02473728236509,-355499.95351743663196
0.41361009008854432434,198.63256471012738302,-355698.58912148384843,-355499.95655677374452
0.41473025563845811181,199.10379313618565789,-355699.06147903029341,-355499.9576858941
0.41581218091725469233,199.47769857494043322,-355699.43537772132549,-355499.9576791463769
0.41686847156717843355,199.77647033995131665,-355699.73413300554967,-355499.95766266557621
0.41790804921291196949,200.01027930953128475,-355699.96825799928047,-355499.95797868975205
0.41893749226276788544,200.11122154147184915,-355700.06492041621823,-355499.95369887474226
0.41996288301228223983,200.02382867862039006,-355699.97573879157426,-355499.95191011292627
0.42098958645747769358,199.91402960878113504,-355699.86597819509916,-355499.95194858632749
0.42201993803591086873,199.68793667189066809,-355699.6424075741088,-355499.95447090221569
0.42305871066975370143,199.28997378478285896,-355699.24446257785894,-355499.95448879309697
0.4241123815594923796,198.7493591337386647,-355698.70386233599856,-355499.95450320228701
0.42518737365237269099,198.03750129176421524,-355697.99337823607493,-355499.9558769442956
0.42629224461542181146,197.0899563151742484,-355697.04575043939985,-355499.95579412422376
0.42743876393967650262,195.93307454438132709,-355695.8880094877095,-355499.95493494335096
0.42864366697251571336,194.60393943302386788,-355694.55974596110173,-355499.95580652810168
0.4299317144470466423,193.25282700289798754,-355693.20731740177143,-355499.95449039887171
0.43134162003847364986,192.12393596830415277,-355692.07826028298587,-355499.95432431466179
0.43293812277880644457,191.52894951745238927,-355691.48322582792025,-355499.95427631045459
0.43468454389854049857,191.65436510085191912,-355691.60642005770933,-355499.95205495686969
0.4362203282033473295,192.31788594532014258,-355692.27068691398017,-355499.9528009686619
0.43758566546717125867,193.03256213330783453,-355692.98549420892959,-355499.95293207559735
0.43884681844088385683,193.63219724282862444,-355693.58490813878598,-355499.95271089597372
0.44004037920050570465,194.05173457273676263,-355694.00446849956643,-355499.95273392682429
0.44118890036934860222,194.27646820887432,-355694.22918991401093,-355499.95272170513636
0.44230736638122902793,194.32335595490479818,-355694.27605160151143,-355499.9526956466143
0.44340626929795634581,194.2249999607141433,-355694.17766805592692,-355499.95266809524037
0.44449327834362895029,193.96462957565651664,-355693.92272216739366,-355499.95809259172529
0.4455758414481086338,193.56414297475370745,-355693.52223696338478,-355499.95809398865094
0.4466596922798873881,193.1356894676634397,-355693.09379545727279,-355499.95810598961543
0.44774744264503957281,192.61859471882422667,-355692.58146753767505,-355499.96287281886907
0.44884295198865559184,191.83968318437584344,-355691.80257779592648,-355499.96289461152628
0.44995435077401613189,190.89945291716978204,-355690.86236031830776,-355499.96290740114637
0.45108864078712435086,189.74043211425842514,-355689.7018405982526,-355499.96140848397044
0.45225519767709015939,188.34315434061943506,-355688.30425622407347,-355499.96110188344028
0.45346696086189358654,186.75961760536839051,-355686.72066487779375,-355499.96104727243073
0.45474241136903398308,185.07995654642843419,-355685.04091438779142,-355499.9609578413656
0.45610908608425132504,183.4346383677215897,-355683.3954730068217,-355499.96083463908872
0.45761046126559440372,181.95020925159667513,-355681.91406714986078,-355499.96385789825581
0.45932029019536962933,181.05009944400259769,-355681.01390689105028,-355499.96380744705675
0.46119567767961422433,181.10598634755669423,-355681.06995779892895,-355499.96397145139053
0.46277499374480673966,181.79024466237285651,-355681.75441256095655,-355499.96416789857903
0.46418955030033226539,182.62178908641428166,-355682.58553975902032,-355499.96375067258487
0.46550236566444369579,183.40746303623532754,-355683.37128948862664,-355499.96382645238191
0.46674899292809901574,184.0492277850302969,-355684.01309322100133,-355499.96386543597328
0.46795169908984562968,184.49768069135393489,-355684.46155850065406,-355499.96387780929217
0.46912544451839133242,184.73759576693254303,-355684.70147602283396,-355499.96388025587657
0.47028080391095933299,184.76691946172911685,-355684.73079260106897,-355499.96387313934974
0.47142558176610854792,184.45452222122059993,-355684.42336022970267,-355499.9688380084699
0.47256953171553978121,183.96660184311986086,-355683.93480859487318,-355499.9682067517424
0.47371606864584187013,183.27026154537074376,-355683.23837177245878,-355499.96811022708425
0.47486810236224652471,182.37737048555862884,-355682.34564779768698,-355499.9682773121167
0.47603072366302118246,181.19038093129634603,-355681.15866297471803,-355499.96828204341
0.47721339424758685288,179.76266679705645402,-355679.73103841033299,-355499.96837161330041
0.4784247432401905753,178.10088145120982972,-355678.06923128827475,-355499.96834983705776
0.47967651852457843242,176.23659172835371578,-355676.20490209886339,-355499.96831037051743
0.48098524223167887781,174.21007701850317062,-355674.17832083645044,-355499.96824381797342
0.4823750065372912621,172.10113548814513251,-355672.06928408879321,-355499.96814860065933
0.48388276548045783265,170.0267034600360887,-355669.99472562992014,-355499.96802216989454
0.48556910522227031413,168.20531747316508131,-355668.17323625343852,-355499.96791878028307
0.48754260756021355894,166.94476939083267553,-355666.91271261655493,-355499.96794322569622
0.48931936598132891314,166.56095401067494777,-355666.5288352429634,-355499.96788123226725
0.4908753812541865047,166.61599867777536588,-355666.58400882012211,-355499.96801014232915
0.49230027568004303129,166.81174502636571333,-355666.7798318460118,-355499.96808681963012
0.49364172789141574915,166.94869697367934691,-355666.91811122978106,-355499.96941425610567
0.49492842357864841318,167.00128416663835651,-355666.97070653556148,-355499.96942236891482
0.49617915147852492685,166.95792845989612374,-355666.92732972058002,-355499.96940126066329
0.49740694539245688954,166.78410770563712617,-355666.75388446310535,-355499.96977675746894
0.49862127631690994489,166.44061715198117213,-355666.4098779251799,-355499.96926077321405
0.4998333320165058713,166.05764773359061337,-355666.0268602364813,-355499.96921250288142
0.50104768397967347493,165.65429972260233171,-355665.62357814505231,-355499.96927842247533
0.50226758591570663803,165.24326363795094608,-355665.21254979481455,-355499.96928615687648
0.50349639616419594734,164.67295253315651848,-355664.64112545887474,-355499.96817292569904
0.50474459019148698591,163.98600037339335245,-355663.95418955414789,-355499.96818918077042
0.50602206970385421592,163.18384052692042019,-355663.15202712459723,-355499.96818659768905
0.50734103839106525768,162.26819980495133677,-355662.23636288626585,-355499.96816308132838
0.50871863821445761911,161.22479234068518394,-355661.19300240767188,-355499.96821006695973
0.51017980143604069188,160.14140859431898889,-355660.10951053275494,-355499.96810193842975
0.51176261645668996714,159.20055707660739586,-355659.16855072206818,-355499.96799364546314
0.51352927247189916748,158.59840909911216045,-355658.5681175965583,-355499.9697084974614
0.51559057547732456417,158.68371092659691612,-355658.65344751731027,-355499.96973659069045
0.51748278714880324713,159.50374810004177561,-355659.47354730393272,-355499.96979920391459
0.51913631897162670903,160.57437534264371948,-355660.54424849303905,-355499.96987315040315
0.5206489548353254726,161.68619126329298297,-355661.656137552578,-355499.96994628926041
0.52207248283786622522,162.71672904030290852,-355662.68635686615016,-355499.96962782583432
0.52343799288209935661,163.6283952927728933,-355663.59803520690184,-355499.9696399141103
0.52476583904216345111,164.42858916705966976,-355664.3982258430915,-355499.96963667601813
0.52607015059287642877,165.10149053830136268,-355665.07543219445506,-355499.97394165617879
0.52736266616179805489,165.59396290853945288,-355665.56790138024371,-355499.97393847169587
0.52865497279398609987,166.01583105960145303,-355665.9883550220402,-355499.97252396243857
0.52995078428356268141,166.40501872997637633,-355666.37745604338124,-355499.97243731340859
0.5312537746062296895,166.74018684268614265,-355666.71262030338403,-355499.97243346070172
0.53256778813708793852,166.92221067424398484,-355666.89474771701498,-355499.97253704274772
0.53390425952998055159,166.9802905539935125,-355666.95283132337499,-355499.97254076937679
0.5352756624940100405,166.94828418051395147,-355666.9208171091741,-355499.97253292868845
0.53669663667106526361,166.8137436601016077,-355666.78651918040123,-355499.97277552029118
0.53818800649692000171,166.66389511165613158,-355666.63661177601898,-355499.97271666437155
0.53978052875737014826,166.59956667248971485,-355666.5709759905003,-355499.97140931803733
0.54152224015044114758,166.76648165877898577,-355666.73781051923288,-355499.97132886043983
0.54349369943455516641,167.46349424102473336,-355667.43480391125195,-355499.97130967024714
0.54574986351732757139,168.95100253174373961,-355668.92246170667931,-355499.97145917493617
0.54764043422321884158,170.56679768914091255,-355670.53897226625122,-355499.97217457712395
0.54933025855978445673,172.10206804423319227,-355672.07431937963702,-355499.97225133539177
0.55089784502993977,173.50214917124839076,-355673.47444162436295,-355499.97229245310882
0.55238737219006428525,174.73456554830929122,-355674.70687631587498,-355499.97231076756725
0.5538265454515365338,175.79305426478637742,-355675.76537030789768,-355499.97231604310218
0.55523405089935096157,176.68083665487048961,-355676.65537523990497,-355499.97453858505469
0.55662347034951642488,177.29913396737006792,-355677.26929964032024,-355499.97016567294486
0.55801144192329954485,177.80837140197445478,-355677.77872676029801,-355499.97035535832401
0.55940233210935552677,178.21347160498490325,-355678.18382297852077,-355499.97035137354396
0.56080037524839976282,178.53174000932838794,-355678.5020879949443,-355499.97034798562527
0.56220985935687273205,178.75978611743283864,-355678.72692808508873,-355499.96714196767425
0.56363604017387924916,178.74130912740199051,-355678.7084564557299,-355499.96714732830878
0.56509719833558547109,178.58252176104062414,-355678.54966667632107,-355499.96714491525199
0.56660828104626703716,178.28655096522419399,-355678.25368330924539,-355499.96713234402705
0.56819042322072932372,177.87315297561860916,-355677.84024128114106,-355499.96708830550779
0.56987466613672166371,177.40297864186098309,-355677.36996111425105,-355499.96698247239692
0.57170900061400986569,177.02649347070234853,-355676.99337776144966,-355499.96688429074129
0.57377294483446528162,176.9514855830311717,-355676.91833865514491,-355499.9668530721101
0.5761279992771968228,177.37404754643839055,-355677.34097136609489,-355499.96692381968023
0.57819860190374539055,178.08427273474413255,-355678.05134884122526,-355499.96707610646263
0.58003770078268923616,178.81816682318930134,-355678.78535568958614,-355499.96718886640156
0.58173788786138369566,179.43993766966431735,-355679.40717747440794,-355499.96723980474053
0.58335048260129196418,179.89113256858510681,-355679.85839094081894,-355499.96725837222766
0.58490736404089416212,180.1587422186855747,-355680.12600015103817,-355499.96725793235237
0.58642993661455655729,180.20327301328168801,-355680.16846276645083,-355499.96518975315848
0.5879376963186125904,180.03916325814000743,-355680.00431746977847,-355499.96515421161894
0.58944492372465273622,179.73449462099176799,-355679.70010364917107,-355499.96560902817873
0.59095674557763289148,179.33120238737288332,-355679.29679666168522,-355499.96559427434113
0.59247809780895865917,178.83936860436566008,-355678.80521833320381,-355499.96584972884739
0.59401402186181850862,178.29344640544783829,-355678.25928478868445,-355499.96583838324295
0.59557015425092141303,177.60356829135582757,-355677.57070296694292,-355499.96713467559312
0.59716617524401260919,176.84351838464624507,-355676.81062910961919,-355499.96711072494509
0.5988224645099141652,176.07221608928469436,-355676.03929567924934,-355499.9670795899583
0.6005649410235874841,175.34288490454383691,-355675.30992274911841,-355499.96703784458805
0.60243225142758771717,174.73776102144344691,-355674.70475026604254,-355499.96698924462544
0.60448545731730074504,174.37897999803243465,-355674.34591030934826,-355499.96693031128962
0.60682847281750451618,174.47463014346141108,-355674.44156887021381,-355499.96693872677861
0.60932587146714867199,175.08640721705239685,-355675.05542553891428,-355499.96901832183357
0.61146319462145071189,175.86128894495624309,-355675.83039035083493,-355499.96910140587715
0.61339715826143981214,176.68088644586279656,-355676.65007051237626,-355499.96918406651821
0.61520706409575420803,177.44980222287495053,-355677.41901815653546,-355499.96921593364095
0.61693924450631598688,178.11623930779668967,-355678.08544548996724,-355499.96920618216973
0.6186236350180013277,178.63516611449134075,-355678.60681353788823,-355499.97164742340101
0.62028678797044878301,179.02427273824659437,-355678.99590918107424,-355499.97163644281682
0.62194792837374213157,179.40264800400404965,-355679.37428072397597,-355499.97163271997124
0.62361349284362121992,179.7754912960140814,-355679.74712711374741,-355499.97163581772475
