# Fix print output for fix printe
0.20043650513394076218,499.90963986595647839,-355999.88019087607972,-355499.97055101010483
0.20087304970407324212,499.60948859964327085,-355999.58007487666328,-355499.97058627702063
0.2013097253952312593,499.07602710267661905,-355999.04652405407978,-355499.97049695142778
0.20174663445943927242,498.39522406484286421,-355998.36566985590616,-355499.97044579108479
0.20218384197979497041,497.63124410729773217,-355997.60168936190894,-355499.97044525458477
0.20262138526771852898,496.76966974245027586,-355996.74022596585564,-355499.97055622341577
0.2030593082835643326,495.73527767851294357,-355995.705729991314,-355499.97045231278753
0.20349768867022557939,494.60111605267775303,-355994.57154738163808,-355499.97043132898398
0.20393657247809504618,493.40242765222535581,-355993.37288254930172,-355499.97045489709126
0.2043759906542025051,492.11278098413464477,-355992.083277850179,-355499.97049686603714
0.20481598651933208277,490.50429074467916735,-355990.47955748636741,-355499.97526674170513
0.2052567072640985868,488.52128023643524557,-355988.49661641730927,-355499.97533618088346
0.20569832879335797626,486.0799186796681397,-355986.04626931290841,-355499.96635063324356
0.20614107072973331114,482.73196283872698586,-355982.69845947256545,-355499.96649663383141
0.20658536912456010315,478.46339433858020129,-355978.43006663466804,-355499.96667229611194
0.20703168803970820044,473.06030175277078342,-355973.02718352200463,-355499.96688176924363
0.20748062566161548648,466.26502037222866193,-355966.23215690726647,-355499.96713653503684
0.20793296044037140602,457.76648667223702205,-355957.73391301441006,-355499.96742634219117
0.20838972167482475162,447.2172418405708072,-355947.18494450638536,-355499.96770266583189
0.20885228922012841202,434.31853528454547586,-355934.28631226439029,-355499.96777697984362
0.20932251833897053128,419.09582499915569542,-355919.06307866150746,-355499.96725366235478
0.20980282735416305728,402.46358659096716792,-355902.42923974030418,-355499.96565314935287
0.2102960814401701739,386.92372489115916778,-355886.8866660175845,-355499.96294112643227
0.21080499268271765678,376.69590471963573464,-355876.65620842925273,-355499.96030370960943
0.21133080458337677454,376.14782030469871188,-355876.10783827066189,-355499.96001796599012
0.21187169724940943527,386.54607639596667923,-355886.50909594877157,-355499.96301955281524
0.21242261458503633453,404.3118979267583768,-355904.27903918211814,-355499.96714125538711
0.21297763234215541517,423.67012406626798793,-355923.63962021714542,-355499.96949615085032
0.21353258101588679096,440.63295474193250811,-355940.60303133714478,-355499.97007659520023
0.21408562411370685163,453.77040790997779141,-355953.74011048336979,-355499.96970257337671
0.21463643079890518117,463.2033712034779569,-355963.17244224308524,-355499.96907103958074
0.21518531097172696742,469.57364925078491069,-355969.54216832167003,-355499.96851907088421
0.21573279391650190817,473.51667314784100427,-355973.48496914230054,-355499.96829599444754
0.21627948104178731925,475.04105168750510302,-355974.99808923061937,-355499.95703754312126
0.2168264115005994197,474.37493497344473781,-355974.33143993082922,-355499.95650495740119
0.21737472489348183546,471.17029568378825388,-355971.12737346277572,-355499.95707777899224
0.21792606896046090581,464.98255597387890248,-355964.94660558045143,-355499.96404960658401
0.21848273698730369397,454.74575023184257816,-355954.71425633394392,-355499.96850610210095
0.21904841507830488667,439.04861276152593064,-355939.01843126583844,-355499.96981850429438
0.21962915344793301764,416.43241066731707178,-355916.40293495898368,-355499.97052429168252
0.2202352087431252714,386.31750712939015102,-355886.28568538639229,-355499.96817825699691
0.22088480058554954555,352.79252667795026355,-355852.752270899422,-355499.95974422147265
0.22161014423613359381,329.84134150451001233,-355829.79232346086064,-355499.95098195632454
0.22246157706992136793,336.60316655516567153,-355836.56713301112177,-355499.96396645595087
0.22334858449184044615,363.99990681142566018,-355863.98044143908191,-355499.98053462768439
0.22408577119938274946,383.70809613745063871,-355883.68812565418193,-355499.98002951673698
0.22476543567165660487,396.45689976430264778,-355896.43409599998267,-355499.97719623567536
0.22541776292220400135,406.10012566592342864,-355906.0755037793424,-355499.97537811339134
0.22605608510895736085,414.91397690235868367,-355914.88861551170703,-355499.97463860933203
0.22668722346754446861,423.5869755156957126,-355923.56167278572684,-355499.97469727002317
0.22731485202417206493,431.75668114447188373,-355931.73164665972581,-355499.97496551525546
0.22794107418291340017,438.59280735450772681,-355938.57433971459977,-355499.98153236007784
0.22856732409270955064,443.6976813955955663,-355943.6793615736533,-355499.98168017808348
0.22919434068530339377,446.9218738113278846,-355946.90492090093903,-355499.98304708959768
0.22982266984809285315,447.5451438943401854,-355947.52334012521897,-355499.97819623089163
0.23045360821976740295,445.69203653401751808,-355945.67042625893373,-355499.97838972491445
0.23108849591494037834,441.07168976239233871,-355941.05053921684157,-355499.97884945443366
0.23172934172548695364,433.17887791350949556,-355933.15795321436599,-355499.97907530085649
0.232379317541219238,421.53414059821227511,-355921.51229653094197,-355499.97815593273845
0.23304312797216700237,405.38294510325215469,-355905.37076724797953,-355499.98782214469975
0.23372819352325849285,384.41568329092473277,-355884.40285729599418,-355499.98717400507303
0.23444658276180280199,360.07457108459601614,-355860.05880914838053,-355499.98423806380015
0.2352176977984192785,337.10514994301945535,-355837.08398961706553,-355499.97883967403322
0.23607022667679841699,324.9294808994345658,-355824.90583626320586,-355499.97635536378948
0.23703506810494495705,331.4117417292901564,-355831.39637779555051,-355499.98463606624864
0.23807088257387859498,349.6569882934479665,-355849.65029470669106,-355499.99330641323468
0.2389695940882049785,364.16171667165906456,-355864.15529230516404,-355499.9935756335035
0.23980287303564656876,374.20993008010316316,-355874.20206784992479,-355499.99213776981924
0.24060416436971279741,381.78142090349945192,-355881.77235360239865,-355499.99093269888544
0.24138891632206110893,388.42560778582333114,-355888.41576801799238,-355499.990160232177
0.24216536103895866527,394.9837061515561345,-355894.97369079629425,-355499.98998464475153
0.24293808262265606523,401.4642388477114423,-355901.45229665760417,-355499.98805780988187
0.24370999801792864181,407.33348730263213611,-355907.31963618495502,-355499.98614888230804
0.24448354363700033898,412.34947448456637176,-355912.33589174313238,-355499.98641725856578
0.24526040516545302705,416.06190366466842079,-355916.04842650622595,-355499.98652284155833
0.24604229579659200877,418.18277054828075734,-355918.17069432290737,-355499.98792377463542
0.24683112238010948558,417.98644381252853464,-355917.98377746064216,-355499.99733364809072
0.24762979444931701445,415.66987921001629047,-355915.66711954004131,-355499.9972403300344
0.24844173360606397472,411.44469568200224785,-355911.44155587814748,-355499.99686019617366
0.24927089869237417652,405.67465375440258413,-355905.67119719961192,-355499.99654344521696
0.25012142600510095525,398.62957038898184692,-355898.62506814236986,-355499.995497753378
0.25099783155972754667,390.62634420475035313,-355890.6231709891581,-355499.99682678439422
0.25190537233878379508,381.86834364055067681,-355881.85797288327012,-355499.98962924274383
0.25285059332467585413,372.90899323590332415,-355872.90145241573919,-355499.99245917983353
0.25384169275625534379,364.6751221105500349,-355864.66687530855415,-355499.9917531980318
0.25488753217283405261,358.66709155282308075,-355858.65837651025504,-355499.99128495744662
0.25599402538238108518,356.01616055866833221,-355856.01075488078641,-355499.99459432211006
0.25715866931030778586,356.6566506200248341,-355856.65260694234166,-355499.99595632229466
0.25836864232975781386,359.05565071356113549,-355859.05062155332416,-355499.99497083976166
0.25960722351587361967,361.89224672535141281,-355861.89337766671088,-355500.00113094138214
0.26086271118022680282,364.91755249220540236,-355864.9183963178657,-355500.00084382563364
0.26212937256055202084,368.32073374842178737,-355868.32181703788228,-355500.00108328944771
0.26337812304185920231,371.34790886773936336,-355871.35473996785004,-355500.00683110009413
0.26461698649210235734,372.8770103438595811,-355872.90534163825214,-355500.02833129436476
0.26585798405261351629,372.23167339701336687,-355872.2635296274093,-355500.0318562304019
0.26711159361618758146,369.06133783053479647,-355869.0823909494793,-355500.02105311892228
0.2683878484080872151,363.1747588822660191,-355863.19572146446444,-355500.02096258220263
0.2697009583701570623,354.53009223161103591,-355854.55237893713638,-355500.02228670549812
0.27107217688788992627,343.13802651950669542,-355843.16470023157308,-355500.02667371206917
0.27250837317131776372,330.24989646890418271,-355830.2776490097167,-355500.02775254083099
0.27405095788259847822,318.88820216948994357,-355818.91412274958566,-355500.02592058008304
0.27562355751258721392,312.97102869600405484,-355812.9962263154448,-355500.02519761945587
0.27721792131712807983,313.60636159442583448,-355813.63994041469414,-355500.03357882029377
0.27883873113947488243,319.09014368922879612,-355819.12813161697704,-355500.03798792773159
0.28049261810835773856,325.78690502459795653,-355825.81904488848522,-355500.03213986387709
0.28209738761327068923,330.74708869341156969,-355830.77935314230854,-355500.03226444887696
0.2836416204386668638,333.2630858383520831,-355833.30534456577152,-355500.04225872742245
0.28515234396927774396,333.28050592655119999,-355833.31771536567248,-355500.03720943914959
0.28663508014786054368,331.29858277667193533,-355831.34246007038746,-355500.04387729370501
0.28811175082016604598,327.61336738396732926,-355827.66375683475053,-355500.05038945080014
0.28959532767694162736,322.86238136997417314,-355822.91284467885271,-355500.05046330887126
0.29109000088960579333,317.03464308920433723,-355817.08679135877173,-355500.05214826954762
0.2925991434760445431,310.16570208589013191,-355810.21239766443614,-355500.04669557855232
0.29412750093023432019,303.06782935393550815,-355803.11048012005631,-355500.04265076614683
0.29568292932109718762,297.34931662147630504,-355797.39924344414612,-355500.04992682265583
0.29727788442104402522,294.05888752792799323,-355794.10613387357444,-355500.0472463456681
0.29893633125413554552,293.14144885908780225,-355793.19125749298837,-355500.0498086339212
0.30068801058696836837,293.11256684883881007,-355793.16545534541365,-355500.05288849654607
0.30229528027726820794,292.83191506960906736,-355792.88082294672495,-355500.04890787712066
0.30379755972368999162,292.16552932334838033,-355792.21413317415863,-355500.04860385082429
0.30524403245041298316,291.5261360687855472,-355791.57340588106308,-355500.04726981226122
0.30666181697543243301,290.79506704825507768,-355790.85792230290826,-355500.0628552546259
0.30807203355333295791,289.86525288869518135,-355789.93975295132259,-355500.07450006261934
0.30949823932311520958,288.70021836947654492,-355788.78241342387628,-355500.08219505439047
0.31096340418160245411,286.89765681885842241,-355786.97881094604963,-355500.08115412719781
0.31250054681724626082,284.48144848125957651,-355784.56214825878851,-355500.08069977752166
0.31416496543240102213,282.06092362414869967,-355782.14086676365696,-355500.07994313951349
0.31605533604842234174,281.25443046978881512,-355781.34143027727259,-355500.0869998075068
0.31791862859231267979,283.84318562389285034,-355783.9395396617474,-355500.09635403787252
0.31976987516388627464,288.38574196278733552,-355788.48043725563912,-355500.0946952928789
0.32157184198907179384,291.91333598746086864,-355792.0201926669688,-355500.10685667948565
0.32321686527714144077,293.26402608836178842,-355793.36701658065431,-355500.10299049230525
0.32478812445216354021,293.09170705399913004,-355793.19440354726976,-355500.10269649326801
0.32632545657166561748,291.80206242620261037,-355791.91385501844343,-355500.11179259221535
0.32785266738369794881,288.94767339705509812,-355789.07842149306089,-355500.13074809598038
0.32939305961845860571,284.78814788696200822,-355784.91808705794392,-355500.12993917096173
0.33096784884130409088,279.26508576609251122,-355779.39502793404972,-355500.12994216795778
0.3326078971525511796,272.3984267003731361,-355772.52642885310343,-355500.12800215272
0.33436535614248408255,264.45822276846377008,-355764.58573023439385,-355500.12750746594975
0.33627465156354197084,257.68165521630612602,-355757.80469198990613,-355500.12303677358432
0.3381937465093539652,255.37308759555438087,-355755.49620818987023,-355500.12312059430405
0.34012386740125338802,257.1901458267916496,-355757.32310980604962,-355500.13296397926752
0.34206589080940147385,260.74972777192914464,-355760.88732483575586,-355500.13759706384735
0.34393307345366019856,263.6653656196071438,-355763.80337519082241,-355500.13800957123749
0.34568218313491377858,264.9886017077442375,-355765.12928114860551,-355500.14067944086855
0.34737798837313932365,264.4366388279394755,-355764.57318350701826,-355500.13654467905872
0.34905437361380081684,262.20135044692779047,-355762.353572339518,-355500.15222189261112
0.35073801454876962769,258.47960333032744984,-355758.63229143444914,-355500.15268810413545
0.35245452213322897572,253.75841192570860017,-355753.91095897404011,-355500.15254704834661
0.35423624419348331838,248.24167430039048554,-355748.3932240807917,-355500.15154978039209
0.35613749922373899581,242.48331369166680815,-355742.63406458537793,-355500.15075089369202
0.35814586558508898495,238.33548155235502009,-355738.48161457636161,-355500.14613302401267
0.36019263044232391335,237.67187259950355838,-355737.82047360803699,-355500.14860100852093
0.36229939012494127848,240.12756857255882892,-355740.27756334946025,-355500.14999477687525
0.36451306736243904716,243.50030524831950629,-355743.65181083569769,-355500.15150558738969
0.3665600536665943876,245.41001893704881809,-355745.56152418849524,-355500.15150525147328
0.36846243441468229385,245.68143972737237846,-355745.84459078533109,-355500.16315105796093
0.37030028074010712391,244.73544502379291998,-355744.90664381335955,-355500.17119878955418
0.37211565737178187163,243.29530150494886698,-355743.46506774792215,-355500.16976624296512
0.37393802492285199701,241.3292952474551214,-355741.49029434256954,-355500.16099909512559
0.3757980570328163239,238.63708547473206067,-355738.80004188424209,-355500.16295640950557
0.37773472070686597846,234.8356207364097088,-355734.99457450443879,-355500.15895376802655
0.37981484231180207001,230.03338372775658627,-355730.18605632265098,-355500.15267259487882
0.38213834375065902638,225.18500485647521714,-355725.34259857062716,-355500.15759371413151
0.38443677865301895125,222.51101148616987757,-355722.67162798385834,-355500.1606164976838
0.38675871599476907559,222.27032681846978335,-355722.43367433559615,-355500.16334751714021
0.38911938870685697234,222.90050374060925265,-355723.05568979575764,-355500.15518605516991
0.3912296031488463055,223.01728425673624656,-355723.17044947086833,-355500.15316521411296
0.39322481146966703491,222.31917488383754744,-355722.47544347407529,-355500.15626859024633
0.39517217543930016621,221.02655984980705739,-355721.1770907525206,-355500.15053090272704
0.39711387640700479551,219.21187159688338397,-355719.362229391234,-355500.15035779436585
0.39907769549651261887,216.18185617492747497,-355716.33197113964707,-355500.15011496469378
0.40110483434293309202,211.99735723911172158,-355712.14848644670565,-355500.15112920757383
0.40325440550813806961,206.80364045301047327,-355706.95807313953992,-355500.15443268651143
0.4056370416205745677,201.39331489349805793,-355701.54591090651229,-355500.15259601303842
0.40849017305315965531,197.519523545394037,-355697.66633787797764,-355500.14681433257647
0.41168199327061927306,197.42313492988509438,-355697.56725218729116,-355500.14411725738319
0.41415087007815160058,198.59332976932051906,-355698.74406540987547,-355500.1507356405491
0.41636369499164516128,199.42189068507863681,-355699.57256246497855,-355500.15067177987657
0.41846592261251142064,199.94000401463276262,-355700.08995697827777,-355500.14995296363486
0.42052468096305095635,199.87433457110904556,-355700.02995904162526,-355500.15562447049888
0.42258625355609436003,199.47077785683231355,-355699.62566444976255,-355500.15488659293624
0.42467966044311505902,198.44192675363785838,-355698.59692019101931,-355500.15499343740521
0.42685541546822558523,196.64691564844494565,-355696.80085795116611,-355500.15394230274251
0.42919033078981827511,194.11674620494872556,-355694.26437310187612,-355500.1476268969127
0.43183494114339804337,191.84274043186988479,-355691.99079080397496,-355500.14805037208134
0.43513655759138303303,191.58607018451050408,-355691.73474350606557,-355500.14867332152789
0.438130131450575111,193.01073091779019819,-355693.15593646233901,-355500.14520554454066
0.44061032037045988474,193.91718251061459455,-355694.06265549943782,-355500.14547298883554
0.44288888153930572322,194.07923908918732536,-355694.22452233644435,-355500.14528324728599
0.44508205188404204034,193.61987115354338584,-355693.77022937114816,-355500.15035821759375
0.44725379252515812256,192.78740399216496826,-355692.93785302666947,-355500.15044903452508
0.44943966849675931474,191.36663970391549583,-355691.50728429103037,-355500.14064458711073
0.45168203115114152757,189.14711882547669575,-355689.28403931390494,-355500.1369204884395
0.45404695310378018203,186.11845835153948769,-355686.2524282594095,-355500.13396990788169
0.45664946904065761846,182.90936815577168773,-355683.04111141641624,-355500.13174326065928
0.4597342916063402174,180.8340553674271689,-355680.96527971606702,-355500.13122434861725
0.46339209213708826285,181.81346265605264989,-355681.94338857324328,-355500.12992591719376
0.46615663253706285385,183.42308721906007918,-355683.55377343355212,-355500.13068621448474
0.46861960526017532036,184.37249828808350571,-355684.50333521841094,-355500.13083693030057
0.4709563823832886853,184.43039691765014254,-355684.55154856713489,-355500.12115164950956
0.47324926352495005899,183.43291138189565004,-355683.54873738117749,-355500.11582599929534
0.4755511130811370113,181.66073859143475033,-355681.77741674118442,-355500.11667814973043
0.4778945976453787825,178.88684017627718958,-355679.00449904764537,-355500.11765887134243
0.48034774397545609848,175.30619932383171999,-355675.42358273081481,-355500.1173834069632
0.48301550000933707318,171.27656259977140962,-355671.39375973440474,-355500.11719713464845
0.48611317975510132117,167.71051036733013007,-355667.82696670049336,-355500.11645633314038
0.49017923191652784665,166.3180080084173369,-355666.43795566371409,-355500.11994765530108
0.49317788232320047825,166.68998569809517107,-355666.81104534154292,-355500.12105964345392
0.49580946900694539137,166.84012571960465721,-355666.96127283014357,-355500.12114711053437
0.4982911124212253684,166.50058876268454355,-355666.6316342750797,-355500.13104551238939
0.50072265383658687288,165.75290240150204113,-355665.88371296168771,-355500.13081056019291
0.50316335524083499742,164.91199926212698301,-355665.03998445661273,-355500.12798519450007
0.50564391303597078231,163.57107821410082238,-355663.69916739675682,-355500.12808918266091
0.50824123799228904108,161.78546156633575492,-355661.91472123982385,-355500.1292596734711
0.51106885870050111631,159.72742192088017532,-355659.85589961276855,-355500.12847769190557
0.51436069767100101036,158.5198779631859054,-355658.6417866924312,-355500.12190872925567
0.51867797361412226742,160.04018988600631701,-355660.16390612337273,-355500.12371623737272
0.52182263177148602296,162.30621989718875398,-355662.43143321026582,-355500.12521331309108
0.52460033701468700151,164.16043002322754774,-355664.28573990962468,-355500.12530988641083
0.52723086722169787421,165.47911551160453314,-355665.59721560374601,-355500.11810009216424
0.52982227043425345059,166.34719488112432373,-355666.46584867377533,-355500.1186537926551
0.53242957770525245476,166.99236986788730519,-355667.10213680181187,-355500.1097669339506
0.53508852403316731206,167.11486569081094444,-355667.22465311631095,-355500.10978742549196
0.53789334905194885472,166.89086640854961274,-355666.99845390405972,-355500.1075874955277
0.54098709218817708777,166.80563984847941583,-355666.91028504155111,-355500.1046451930888
0.54467671264564199163,168.0907177095845384,-355668.19526310410583,-355500.10454539454076
0.54886925493861549175,171.45027316545568397,-355671.55880352272652,-355500.10853035724722
0.55211479826834375384,174.29653071397549979,-355674.40543424570933,-355500.10890353174182
0.55503749403302038434,176.40325620853010946,-355676.5122215381125,-355500.10896532959305
0.55783535729338795672,177.667593118852011,-355677.7666158262291,-355500.09902270737803
0.56062109245514379907,178.44712400559100729,-355678.54611186101101,-355500.09898785542464
0.56343689407276342784,178.79463841110933231,-355678.9032584434608,-355500.10862003237708
0.56633520590055097532,178.47340357093352736,-355678.58201029658085,-355500.10860672564013
0.56943789715244741423,177.68140887794251626,-355677.78953327226918,-355500.10812439431902
0.57294964507339640747,177.02512086567341498,-355677.13294259621762,-355500.10782173054758
0.57734457037734854268,177.69524471740376725,-355677.80102134868503,-355500.10577663127333
0.58128272521226087566,179.18932700077863274,-355679.29610957822297,-355500.10678257746622
0.584597288881575472,180.09594067117765803,-355680.20288670185255,-355500.10694603068987
0.58768071836116719808,180.15205520602589218,-355680.26378624164499,-355500.11173103563488
0.59070709153620826193,179.51464698515241025,-355679.62764709058683,-355500.11300010542618
0.59375235013849936294,178.55052576624393623,-355678.66285025049001,-355500.11232448427472
0.59685681815095015246,177.2724183880726514,-355677.38557391206268,-355500.11315552401356
0.60011713008942824121,175.84455805130957629,-355675.95749832584988,-355500.11294027452823
0.60372004595445749597,174.74512650983635353,-355674.85818371962523,-355500.11305720976088
0.60803735262266456196,174.81424229404095172,-355674.92946589231724,-355500.11522359825904
0.61278483334365785318,176.38783255868315791,-355676.49777207453735,-355500.10993951588171
0.61654477667724505441,177.96664395789019864,-355678.07710375130409,-355500.11045979341725
0.61997087475887657781,179.02351818220026303,-355679.14270606695209,-355500.11918788473122
0.62331106448781359308,179.80165914764350532,-355679.92083580582403,-355500.11917665816145
0.62666880317765027986,180.53474807717194039,-355680.65400463435799,-355500.11925655719824
0.63009237014121488585,181.07815867447953906,-355681.20826322305948,-355500.13010454858886
0.6336583310795868007,181.10675126787006661,-355681.23685522918822,-355500.13010396133177
0.63758224893798687294,180.8239572959935515,-355680.95469018293079,-355500.13073288695887
0.64225116618522337664,180.57379055510082821,-355680.70403577433899,-355500.13024521921761
0.64733636722681142661,181.39790646779758276,-355681.52833950496279,-355500.13043303717859
0.65155120457864290628,182.80295034856771963,-355682.93354149046354,-355500.1305911418749
0.65538485963884296481,184.15515308884764067,-355684.27842203958426,-355500.12326895073056
0.6591490498872346615,185.51235635908898303,-355685.63581520551816,-355500.123458846414
0.66294700239769255301,186.6495044052113883,-355686.779045232106,-355500.12954082689248
0.66683966777388736791,187.25344222876952927,-355687.38227997900685,-355500.12883775023511
0.67089944184725469611,187.19749100441435985,-355687.32455408992246,-355500.12706308549969
0.67540078750471010949,186.89468254084576415,-355687.02144335897174,-355500.12676081812242
0.68001042475850437263,186.77651849751518398,-355686.9032625144464,-355500.12674401694676
0.68475019882549292838,186.89994290437655877,-355687.0271367416135,-355500.12719383725198
0.68959819243452402659,186.44163374433242097,-355686.57439272262855,-355500.13275897828862
0.69401914551373578011,185.27607733803711199,-355685.40868554404005,-355500.13260820601135
0.69841285001299269197,183.991226529586271,-355684.12345306697534,-355500.13222653738922
0.70287346782392934319,182.93180136748711107,-355683.0642058273661,-355500.13240445987321
0.70748260520189321099,182.11279823466202288,-355682.24526656128,-355500.13246832659934
0.71210068275279081451,181.26920857022236078,-355681.38677572424058,-355500.11756715399679
0.71681279167946332365,180.63034339047246135,-355680.74758288345765,-355500.11723949300358
0.72180638365286331481,180.82243895510711695,-355680.93469278793782,-355500.11225383280544
0.72727725491777905908,182.08751152141786633,-355682.20015255326871,-355500.11264103185385
0.73303635069051331641,184.13964396773835119,-355684.24116856546607,-355500.10152459773235
0.73847119490995449809,186.33192000341148287,-355686.43841751827858,-355500.10649751487654
0.74393349279937504015,188.4683217774485513,-355688.57483746710932,-355500.10651568963658
0.74955975694199228343,190.50293495727595428,-355690.60386611730792,-355500.10093116003554
0.75543689463488195024,192.64823158050961638,-355692.74223876354517,-355500.09400718304096
0.76129918470974489164,194.98851441466806023,-355695.08299480844289,-355500.09448039380368
0.76675900843628819192,196.79148350345462859,-355696.88520978705492,-355500.0937262835796
0.77189900663595290009,197.26876044856803105,-355697.36312249355251,-355500.09436204499798
0.77685025418804831698,196.70236821706657793,-355696.79711882519769,-355500.09475060814293
0.78173009911660007454,195.43609133279943535,-355695.53106128028594,-355500.09496994747315
0.78658953569104361758,193.4095190527378918,-355693.50424483674578,-355500.09472578403074
0.7914722198947058418,190.7983821801784643,-355690.88882750144694,-355500.0904453212861
0.79644132181072158083,188.22985002968954404,-355688.31357836828101,-355500.08372833859175
0.801594705089530013,186.08437290578993384,-355686.16775046783732,-355500.08337756205583
0.80705295369309604236,185.09208981086985091,-355685.17543134279549,-355500.08334153192118
0.81291335875167780589,185.56187349187428026,-355685.64557397284079,-355500.08370048098732
0.81910726173220271829,187.1389597025186049,-355687.22131150297355,-355500.08235180046177
0.82540513309369079042,189.14781039406921082,-355689.23115140304435,-355500.08334100898355
0.832027834420027812,190.62597461333021442,-355690.70913408277556,-355500.0831594694173
0.83915775071104858895,191.55480362977735354,-355691.63762643822702,-355500.08282280847197
0.84590858561024462325,192.27780486898478784,-355692.36024211067706,-355500.08243724168278
0.85268499396881425323,193.28639593207836356,-355693.3690576297231,-355500.08266169764102
0.85982601219763266087,194.57956836442656368,-355694.66205789044034,-355500.08248952601571
0.86670907378593287085,196.18976963724355755,-355696.2727372625377,-355500.08296762529062
0.87342355334683963175,197.62686946219642437,-355697.71057617070619,-355500.08370670850854
0.87978646789165537712,197.94858712706309234,-355698.02453085104935,-355500.07594372396125
