# Fix print output for fix printe
0.20008730102678815022,499.99635638726687148,-355999.96688676648773,-355499.97053037921432
0.20017460236922701711,499.98551902629156984,-355999.95604935265146,-355499.97053032636177
0.20026190465780613348,499.96753216978976297,-355999.9380624947371,-355499.97053032496478
0.20034920851677470721,499.94237338289025274,-355999.91290401434526,-355499.97053063142812
0.20043651457244954228,499.90965577882343496,-355999.88018697337247,-355499.97053119452903
0.20052382348508637766,499.86873151205253407,-355999.83926330029499,-355499.97053178824717
0.20061113597173488299,499.81889301842295481,-355999.78942539280979,-355499.97053237439832
0.20069845281154399808,499.75943887947465782,-355999.72997179313097,-355499.97053291363409
0.20078577484533607911,499.68971826823576521,-355999.66025147313485,-355499.97053320490522
0.20087310297131888426,499.60949065007218906,-355999.58002321049571,-355499.97053256043
0.20096043810937036511,499.51940167772096402,-355999.48993359331507,-355499.97053191560553
0.20104778112367235887,499.42022326270620169,-355999.39075452939142,-355499.97053126670653
0.20113513281169151381,499.31272772966462981,-355999.28325839078752,-355499.97053066111403
0.2012224939041336591,499.19764221976606677,-355999.16817225172417,-355499.97053003194742
0.20130986506886913712,499.07579632266788394,-355999.04632529127412,-355499.97052896860987
0.20139724690191887491,498.94833951074252809,-355998.91886790189892,-355499.97052839113167
0.20148463989935308516,498.81601604735288902,-355998.78654403437395,-355499.97052798699588
0.20157204449267229762,498.67931746729300357,-355998.64984504325548,-355499.97052757593337
0.20165946107088050798,498.53873141397809832,-355998.50925860041752,-355499.97052718646592
0.2017468899807671745,498.39471858949934813,-355998.36524550872855,-355499.97052691923454
0.20183433152920532416,498.24759771529437558,-355998.21812448184937,-355499.97052676655585
0.20192178599554727603,498.09755493972176055,-355998.06808159814682,-355499.97052665840602
0.20200925364321864475,497.94470631216415768,-355997.91523299121764,-355499.97052667906974
0.20209673472585040765,497.78903520015245476,-355997.75956195342587,-355499.9705267532845
0.20218422949893039009,497.63045500343628191,-355997.6009819348692,-355499.97052693145815
0.20227173822596461461,497.46864805503929574,-355997.43917586747557,-355499.9705278124311
0.20235926119883143603,497.3026561474052869,-355997.27318491437472,-355499.97052876697853
0.20244679879425606095,497.13134508531265965,-355997.10187472496182,-355499.97052963962778
0.2025343514895246444,496.95365331461709957,-355996.9241838195012,-355499.97053050488466
0.20262191985633537517,496.76854205672617582,-355996.73907343903556,-355499.97053138230694
0.20270950455905259457,496.57508400911791568,-355996.54561495274538,-355499.97053094365401
0.20279710634515346612,496.37367719961116563,-355996.34420714911539,-355499.97052994952537
0.20288472592847170417,496.16549867306474653,-355996.13602765556425,-355499.9705289825215
0.20297236392033524144,495.95170583980302581,-355995.9222338880063,-355499.97052804823034
0.20306002083107474454,495.73341618023999899,-355995.70394333085278,-355499.97052715061
0.20314769707330812554,495.51170283535998351,-355995.48222931136843,-355499.97052647598321
0.20323539296560824696,495.28728252821827027,-355995.25780900748214,-355499.97052647924284
0.20332310876383385967,495.06024058091696816,-355995.03076698712539,-355499.97052640619222
0.20341084471697054581,494.83065772408906469,-355994.80118407111149,-355499.97052634699503
0.20349860106754116829,494.59859934513286817,-355994.5691256748978,-355499.97052632976556
0.20358637805297033485,494.36408789366680594,-355994.33461421565153,-355499.97052632196574
0.20367417590940770089,494.12711775436901007,-355994.09764423046727,-355499.97052647609962
0.20376199487424981327,493.88751449890406775,-355993.85804122290574,-355499.97052672400605
0.20384983520120958378,493.64498118709121854,-355993.61550818243995,-355499.97052699537016
0.20393769717132223529,493.39919139101778001,-355993.36971867480315,-355499.97052728378912
0.20402558109570267941,493.14979783450320383,-355993.12032542109955,-355499.97052758658538
0.20411348731754999641,492.89643529924967424,-355992.86696320422925,-355499.97052790498128
0.20420141621390872078,492.63871972996258819,-355992.60924796992913,-355499.97052823996637
0.20428936819752616105,492.37624789035334061,-355992.34677647938952,-355499.97052858903771
0.20437734371875784789,492.10859657149973145,-355992.07912553759525,-355499.97052896610694
0.20446534326756277133,491.83530631224937224,-355991.80583572830074,-355499.97052941605216
0.20455336737697679683,491.5294390136160132,-355991.50018676952459,-355499.97074775589863
0.20464141901016147385,491.19913550346927877,-355991.16988387296442,-355499.97074836952379
0.20472950040732837418,490.85692845350496327,-355990.82767738774419,-355499.97074893425452
0.2048176126854773238,490.5021354246385954,-355990.47288489551283,-355499.97074947087094
0.20490575702873872754,490.13410322411425568,-355990.10485323757166,-355499.97075001348276
0.20499393468644122596,489.7521714409393212,-355989.72292203153484,-355499.97075059061171
0.20508214697450433128,489.35564810941394853,-355989.32639927382115,-355499.97075116442284
0.20517039527908711993,488.94384195294151141,-355988.91459367307834,-355499.97075172013137
0.20525868105740482927,488.5160825048506581,-355988.48683475994039,-355499.97075225511799
0.20534700583679174613,488.07172398186605733,-355988.04247674689395,-355499.9707527650171
0.20543537121347019148,487.61014852230499628,-355987.58090177742997,-355499.9707532551256
0.20552377885108205624,487.13076624445494645,-355987.10151995741762,-355499.97075371298706
0.20561223047927104646,486.63307091503133961,-355986.60377121833153,-355499.97070030332543
0.20570072788723595125,486.0587251433684628,-355986.03016912849853,-355499.97144398512319
0.20578927822212084164,485.45225941929606961,-355985.42370452644536,-355499.97144510713406
0.20587788459338143832,484.81470387896501961,-355984.7861501337029,-355499.9714462547563
0.20596655004255642885,484.14465878943457255,-355984.1161062111496,-355499.97144742170349
0.20605527776853951871,483.44069623859542162,-355983.41214485606179,-355499.97144861746347
0.20614407113363553137,482.70135114043245039,-355982.67280099447817,-355499.97144985402701
0.20623293367079456595,481.92510112554617763,-355981.89655230636708,-355499.97145118081244
0.2063218690931031829,481.11032551879407038,-355981.08177806960884,-355499.97145255078794
0.20641088130753765251,480.25534033365119058,-355980.22679429373238,-355499.97145396005362
0.20649997442603726383,479.35841092855952184,-355979.32986634853296,-355499.97145541995997
0.20658915277598746685,478.41774108502170293,-355978.38919800956501,-355499.97145692456979
0.20667842091236027224,477.43147327690189741,-355977.40293175989063,-355499.9714584829635
0.20676778363055745014,476.39768255459534885,-355976.3691426544101,-355499.9714600997977
0.2068572459806435615,475.31436804073928215,-355975.28582982235821,-355499.97146178159164
0.20694681328330660763,474.17944369954074091,-355974.15090724313632,-355499.97146354359575
0.20703649114774871909,472.99072697798544596,-355972.96219235227909,-355499.97146537428489
0.20712628549186365423,471.74594493974171883,-355971.71741221210686,-355499.9714672723785
0.2072162025632189597,470.44273750851397153,-355970.4142067541834,-355499.97146924567642
0.20730624896129137835,469.07864835391779934,-355969.05011965188896,-355499.97147129796213
0.20739643166234780769,467.65112192480404474,-355967.6225953657995,-355499.97147344099358
0.20748675804664665212,466.15748902771838402,-355966.12896470550913,-355499.97147567779757
0.2075772359293657221,464.59496807073622904,-355964.56644601380685,-355499.97147794306511
0.20766787359410568414,462.96073538973820405,-355962.93221562949475,-355499.97148023976479
0.20775867982256635003,461.25193071003081968,-355961.22341330256313,-355499.97148259251844
0.20784966392700077176,459.46562895400700199,-355959.43711394187994,-355499.9714849878801
0.2079408357892533199,457.5988597631300081,-355957.57034717203351,-355499.97148740891134
0.20803220590226847997,455.64863566398611283,-355955.62012548022904,-355499.97148981626378
0.20812378541376527763,453.61200007182446825,-355953.58349224925041,-355499.97149217739934
0.20821558617066987518,451.48607531300649498,-355951.45756976073608,-355499.97149444773095
0.20830762076490069723,449.26812413762564802,-355949.23962074250448,-355499.97149660490686
0.20839990257977739074,446.95559712581803069,-355946.92709567700513,-355499.97149855119642
0.20849244583918336016,444.54625443181691935,-355944.51775460131466,-355499.97150016948581
0.208585265652483004,442.03832598636455486,-355942.00982734805439,-355499.97150136169512
0.20867837805154834663,439.43065405654886035,-355939.40215606731363,-355499.97150201076875
0.2087718000219331016,436.72285919809070265,-355936.69436118227895,-355499.97150198416784
0.20886554952581559697,433.91552982678138051,-355933.88703096233075,-355499.97150113555836
0.20895964551396845055,431.01043237588396551,-355930.98193168919533,-355499.97149931330932
0.20905410792389358954,428.01075730986065082,-355927.98225361725781,-355499.97149630740751
0.20914895765898178226,424.92139847715725409,-355924.89289046690101,-355499.97149198973784
0.20924421654294800277,421.74919289079275586,-355921.72067897755187,-355499.97148608678253
0.20933990725107096131,418.50330023466779039,-355918.47477863647509,-355499.97147840179969
0.20943605319829283751,415.19551523560937767,-355915.16698410175741,-355499.97146886616247
0.20953267838581651761,411.84044765480604156,-355911.81190499267541,-355499.97145733784419
0.20962980721479065882,408.45577486971109238,-355908.42721858108416,-355499.97144371137256
0.20972746425052271602,405.06245846186328663,-355905.03388641041238,-355499.97142794856336
0.20982567393112616649,401.68487900783793521,-355901.65628908027429,-355499.97141007240862
0.20992446021834901271,398.35089486682136339,-355898.32228502898943,-355499.97139016218716
0.21002384618629443835,395.09181160551594303,-355895.06318001134787,-355499.97136840585154
0.21012385354421414529,391.94219922013775204,-355891.9135443281848,-355499.97134510806063
0.21022450209734708237,388.93953933728965922,-355888.91086006292608,-355499.97132072562817
0.21032580915274709521,386.12363746774013862,-355886.09493331698468,-355499.97129584924551
0.21042778888793456371,383.53584485367235857,-355883.50711594766472,-355499.97127109399298
0.21053045169976797313,381.21814952117068742,-355881.18939676106675,-355499.97124723991146
0.21063380354791352844,379.21202337125055237,-355879.1832485263003,-355499.9712251550518
0.21073784533043377065,377.55708617851348663,-355877.52829194022343,-355499.97120576171437
0.21084257233115558106,376.28963762414360872,-355876.26082759175915,-355499.97118996758945
0.21094797378256760489,375.44114930555025467,-355875.4123279232299,-355499.97117861767765
0.21105403258550592405,375.03679358310796488,-355875.00796605704818,-355499.97117247391725
0.21116072522563317237,375.09408883741781437,-355875.06526091310661,-355499.97117207566043
0.21126802192305160766,375.62179812565977954,-355875.59297594579402,-355499.97117782011628
0.21137588703175391736,376.61909478188789535,-355876.59028454008512,-355499.9711897582165
0.21148427970291822087,378.07527555788129803,-355878.04648298199754,-355499.97120742412517
0.2115931547737750773,379.97012647416335085,-355879.94135672895936,-355499.97123025479959
0.2117024638091448141,382.27462942891850162,-355882.24588684423361,-355499.97125741530908
0.21181215625857102713,384.95208216549275448,-355884.92337037221296,-355499.97128820669604
0.21192218066356258155,387.9591278171537283,-355887.93044992379146,-355499.97132210666314
0.21203248592082898916,391.24706168464518896,-355891.21841869875789,-355499.97135701408843
0.21214302253564479295,394.76440067992183458,-355894.7357928295969,-355499.97139214968774
0.21225374362995058641,398.45853709205186988,-355898.42996345448773,-355499.97142636246281
0.21236460578193311344,402.27747939197661253,-355902.24893730634358,-355499.97145791439107
0.21247556963651215156,406.1725555124425,-355906.14404030528385,-355499.97148479282623
0.21258660008198171365,410.10048166417487892,-355910.07199035061058,-355499.97150868643075
0.21269766606151696564,414.02232688916410552,-355913.9938561685849,-355499.97152927942807
0.21280874035837324398,417.90382430669109226,-355917.87537074170541,-355499.97154643503018
0.21291979900740129472,421.71564406917110546,-355921.68720437539741,-355499.97156030620681
0.21303082278777388248,425.43322384554318205,-355925.40479553246405,-355499.97157168691047
0.21314179592449092326,429.03610520898791947,-355929.00768539396813,-355499.97158018499613
0.21325270587143935197,432.50813715306441054,-355932.47972286876757,-355499.97158571571345
0.21336354295934154002,435.83755009598598917,-355935.80913870257791,-355499.97158860659692
0.21347429997362740717,439.01645274672233654,-355938.98804246739019,-355499.97158972069155
0.21358497176932264572,442.03976315085066062,-355942.01135282666655,-355499.97158967581345
0.21369555501077369675,444.90459048529567099,-355944.87617861514445,-355499.97158812987618
0.21380604796142288482,447.61026438923141768,-355947.58184979343787,-355499.97158540418604
0.21391645022403960041,450.1579937774206428,-355950.12957557145273,-355499.9715817940305
0.21402676249805918651,452.55045804809736865,-355952.5220355297206,-355499.97157748159952
0.21413698637300754291,454.79146739475652339,-355954.76304016116774,-355499.97157276642974
0.21424712415134172794,456.88561466357424479,-355956.85718240024289,-355499.97156773664756
0.2143571786969022952,458.83807745897172481,-355958.80964008718729,-355499.97156262822682
0.21446715331090698831,460.65432638339615323,-355960.62588389118901,-355499.97155750781531
0.21457705164648266383,462.33998162682843258,-355962.31153411604464,-355499.97155248920899
0.21468687763689806025,463.90066770922834394,-355963.87221530923853,-355499.9715475999983
0.21479663544367857964,465.34194601343841668,-355965.31348885816988,-355499.97154284472344
0.21490632941191137317,466.66928473071578765,-355966.64082303410396,-355499.97153830336174
0.21501596402936923313,467.88796109051605754,-355967.85949508252088,-355499.9715339919785
0.2151255438966756528,469.0030207068305117,-355968.97455062554218,-355499.97152991872281
0.21523507370674022088,470.01925874876837952,-355969.9907848345465,-355499.97152608580654
0.21534455822950879234,470.94120209411471478,-355970.91272460832261,-355499.97152251418447
0.21545400230195604907,471.77309905564300152,-355971.74461818404961,-355499.97151912841946
0.21556341081609495247,472.51896658053283318,-355972.49048257153481,-355499.97151599102654
0.21567278870505424138,473.18254134708530501,-355973.15405444934731,-355499.97151310223853
0.21578214094354239427,473.74309935749471379,-355973.71366639417829,-355499.97056703671115
0.21589147731252730789,474.17823301882981468,-355974.14879881159868,-355499.97056579275522
0.21600081098771617416,474.5265540556151791,-355974.49711896129884,-355499.97056490567047
0.2161101492051630546,474.78908603227927188,-355974.75965048687067,-355499.97056445461931
0.21621949989069233489,474.96634262443041052,-355974.93690704449546,-355499.97056442004396
0.21632887137474723915,475.05832574257379974,-355975.02889051253442,-355499.97056476998841
0.21643827244541549715,475.06456208551054488,-355975.03512759367004,-355499.97056550817797
0.216547712406387316,474.9840997516989205,-355974.95466640440281,-355499.97056665271521
0.21665720113955960757,474.81548264108067769,-355974.7860508839367,-355499.97056824283209
0.2167667491751762987,474.55671289859526496,-355974.52728317026049,-355499.97057027166011
0.21687636777001675914,474.16167163616927382,-355974.13300146092661,-355499.97132982476614
0.21698607210971043724,473.66402458166066936,-355973.63535838731332,-355499.97133380564628
0.21709587570509814025,473.07768895524384334,-355973.04902712767944,-355499.97133817244321
0.21720579182403090823,472.39725783818244054,-355972.36860078893369,-355499.9713429507683
0.21731583494330930506,471.6167989411217718,-355971.58814711752348,-355499.97134817641927
0.21742602087684351209,470.72981736304353717,-355970.70117114362074,-355499.97135378059465
0.21753636692029890143,469.70538019219753778,-355969.67664720292669,-355499.97126701072557
0.21764689201423037535,468.53659660850644286,-355968.50787034397945,-355499.97127373545663
0.21775761692841066886,467.23277360590884655,-355967.20405454456341,-355499.97128093865467
0.21786856445560037754,465.78479934503326376,-355965.75608803553041,-355499.97128869051812
0.21797975963378884989,464.18282708892127175,-355964.1541240697843,-355499.97129698086064
0.21809123001242472495,462.4162785230093391,-355962.38758429535665,-355499.97130577237112
0.21820300595165098567,460.47386211501833486,-355960.44517720030854,-355499.97131508530583
0.21831512095985552979,458.33849569369539267,-355958.30962634051684,-355499.97113064682344
0.21842761273903621433,455.97459620373535927,-355955.94573714229045,-355499.97114093857817
0.21854052599516635147,453.40009117207489453,-355953.37124273838708,-355499.97115156630753
0.21865390592810604597,450.60094624452653989,-355950.57210869004484,-355499.97116244549397
0.21876780282656591026,447.56265955885663743,-355947.53383294679224,-355499.97117338795215
0.21888227274577934378,444.27046617450037047,-355944.24165034852922,-355499.97118417400634
0.21899737828115253824,440.70960174890063854,-355940.6807965527405,-355499.97119480383117
0.21911318945042385087,436.86523754358984206,-355936.83644288068172,-355499.97120533708949
0.21922978475121973618,432.72261512260331529,-355932.69382974435575,-355499.97121462173527
0.21934725241372010629,428.26828055528159211,-355928.23950252693612,-355499.97122197167482
0.21946569178332808736,423.49101481069260444,-355923.46224142203573,-355499.97122661134927
0.219585214892765751,418.3828031225462496,-355918.35403167642653,-355499.97122855385533
0.21970594827242631575,412.93924924835812362,-355912.91047549882205,-355499.97122625046177
0.21982803513911527982,407.16147396775539846,-355907.13269198220223,-355499.971218014427
0.21995163786759838742,401.05859567791526388,-355901.02979811211117,-355499.97120243421523
0.22007694072304323507,394.65004238781193635,-355894.62121926841792,-355499.97117688058643
0.22020415294246492577,387.96977802357105247,-355887.9409162774682,-355499.97113825392444
0.22033351195548586676,381.07057194963221036,-355881.04165978747187,-355499.9710878378246
0.22046528667252957012,374.02492597908457128,-355873.99595056322869,-355499.97102458414156
0.22059978119544199071,366.92818251001307317,-355866.89913072308991,-355499.9709482130711
0.22073733847350565651,359.90126995193156745,-355859.87213060486829,-355499.9708606529166
0.22087834349180041071,353.09220955630217986,-355853.06297233991791,-355499.97076278360328
0.22102322538148158615,346.67793267589405559,-355846.64859159244224,-355499.97065891657257
0.22117245716817757195,340.86301310844771706,-355840.83356935181655,-355499.970556243381
0.22132655149273497419,335.87418532061394671,-355835.84465069876751,-355499.97046537813731
0.22148604996236551101,331.9494384001883418,-355831.91983762208838,-355499.97039922187105
0.22165150305012978893,329.32099500869890107,-355829.29136836528778,-355499.97037335659843
0.22182343691888128934,328.19054041703964231,-355828.16094402223825,-355499.97040360519895
0.22200230453505173656,328.697727210873893,-355828.66822943266015,-355499.97050222178223
0.22218361933270888708,330.81047034290207876,-355830.78112977382261,-355499.97065943089547
0.22236703631026988326,334.33791638132845492,-355834.30877318407875,-355499.97085680277087
0.22255144086808353876,338.98249107119767132,-355838.95355987001676,-355499.97106879879721
0.22272621035437370485,344.09513476155160561,-355844.06637476454489,-355499.97124000301119
0.22289328556118845337,349.36744325424098179,-355849.33881353371544,-355499.97137027949793
0.22305411318021328704,354.5904193519806995,-355854.56188336026389,-355499.9714640082675
0.22320979883711999925,359.62784441696157955,-355859.59937098523369,-355499.97152656828985
0.22336120493682434796,364.39684279340411877,-355864.36840724688955,-355499.97156445350265
0.22350901559888061709,368.85281667586110643,-355868.82440000027418,-355499.97158332442632
0.2236537814311794492,372.97831715301464328,-355872.94990454491926,-355499.97158739191946
0.22379595116677708511,376.77526947331125484,-355876.74685033399146,-355499.97158086067066
0.22393589442313699411,380.25865808005147528,-355880.23022520320956,-355499.97156712313881
0.22407391849466287703,383.45172437525138776,-355883.42327299079625,-355499.97154861554736
0.22421028100975287645,386.38265052299539093,-355886.3541777866194,-355499.97152726363856
0.22434519956374512906,389.08212889881860974,-355889.05363345623482,-355499.97150455741212
0.22447885915111601141,391.58150749506586408,-355891.55298934411258,-355499.97148184903199
0.22461141799327669077,393.91130431033263903,-355893.88276457216125,-355499.97146026184782
0.22474301219787426454,396.0998430348379884,-355896.07128353259759,-355499.97144049778581
0.22487375961713396144,398.17260395510288618,-355898.14402635680744,-355499.97142240172252
0.22500376295933521842,400.15234522365420844,-355900.12375154485926,-355499.97140632121591
0.22513311218842613215,402.058841120165539,-355902.03023346530972,-355499.97139234514907
0.22526188648339232068,403.90881288063383181,-355903.88019269006327,-355499.9713798094308
0.22539015584897936773,405.71687967476924541,-355905.68824760819552,-355499.97136793343816
0.22551798216955934451,407.49618361966503244,-355907.46754161908757,-355499.97135799942771
0.22564541995838083288,409.2572304029116026,-355909.22858038294362,-355499.97134998004185
0.22577251729713007644,411.00788653708394804,-355910.97923024802003,-355499.97134371096035
0.22589931665130769112,412.75360697182628655,-355912.72494607948465,-355499.9713391076657
0.22602585555819243446,414.49746968597008845,-355914.46880625805352,-355499.97133657208178
0.22615216727913273198,416.24006754622087101,-355916.2114027532516,-355499.97133520705393
0.22627828145584527597,417.98031475057740636,-355917.95164955803193,-355499.97133480745833
0.22640422455383071854,419.71583311033725749,-355919.68716830038466,-355499.97133519005729
0.2265300202249735384,421.44321087394052938,-355921.41454705962678,-355499.97133618569933
0.226655689626422574,423.15819074502786634,-355923.12952871259768,-355499.97133796755224
0.22678125171549770589,424.85566801570519146,-355924.82700803328771,-355499.97134001756785
0.22690672357229710321,426.53016086003606233,-355926.50150303397095,-355499.97134217392886
0.22703212062430183638,428.1760803270125848,-355928.14742476766696,-355499.97134444065159
0.22715745682273774664,429.78779723263147616,-355929.75914388429374,-355499.97134665166959
0.22728274480514501499,431.3598231565521246,-355931.33117184694856,-355499.97134869039292
0.22740799604336753292,432.88696669926434879,-355932.85831721004797,-355499.9713505107793
0.22753322097725478534,434.36441821836200461,-355934.33577029034495,-355499.97135207196698
0.22765842913126949076,435.76194166397908702,-355935.73268736770842,-355499.97074570372934
0.22778363542162044508,437.06909010516324088,-355937.04028088017367,-355499.97119077498792
0.2279088545786156772,438.29400374480218261,-355938.26458643708611,-355499.97058269230183
0.22803409101122801284,439.46125784516294743,-355939.43184241605923,-355499.97058457089588
0.22815934896882622551,440.56759707634915912,-355940.53818317432888,-355499.97058609797386
0.2282846325805118759,441.60933774209070179,-355941.57992511219345,-355499.97058737010229
0.22840994589124602454,442.58327152004426353,-355942.55385984509485,-355499.97058832505718
0.22853529289255516965,443.48669141635531332,-355943.45728041307302,-355499.97058899671538
0.22866067754766905562,444.31735813667523871,-355944.28794755967101,-355499.97058942297008
0.22878610381765762671,445.07345462808893899,-355945.04404424829409,-355499.97058962017763
0.22891157568566011804,445.75355144740746027,-355945.72414107155055,-355499.97058962413576
0.22903709717809039859,446.34624646630908273,-355946.31695967342239,-355499.97071320709074
0.2291626724065611298,446.82516412534232586,-355946.79575341194868,-355499.97058928658953
0.2292883122909803173,447.18483023466592385,-355947.15453426260501,-355499.96970402792795
0.22941403160456716459,447.42628868979761592,-355947.39599313260987,-355499.96970444283215
0.22953984496830262541,447.57329360964303078,-355947.54299846536014,-355499.96970485569909
0.2296657609040883008,447.62464551143898461,-355947.59435078885872,-355499.9697052774136
0.22979178845039605061,447.57918950657096957,-355947.54889523179736,-355499.96970572520513
0.22991793721017489416,447.43578563733149167,-355947.40549185714917,-355499.96970621979563
0.23004421740149688658,447.19313204316489418,-355947.16283969912911,-355499.96970765595324
0.23017063994650732717,446.84910703621096673,-355946.81881636660546,-355499.96970933041302
0.23029721671393710292,446.40120363647446311,-355946.37091479380615,-355499.96971115731867
0.230423960662514693,445.84674810092963071,-355945.81646125682164,-355499.96971315587871
0.23055088593585365553,445.18286426216405971,-355945.15257997188019,-355499.96971570973983
0.23067800796944931685,444.40594940151771652,-355944.37566867726855,-355499.96971927577397
0.23080534372658126352,443.51133331589153386,-355943.48105636384571,-355499.96972304797964
0.23093291202774027249,442.49400345532558276,-355942.46373050729744,-355499.96972705196822
0.23106073371971896924,441.34865162256011217,-355941.31838288920699,-355499.96973126666853
0.23118883185405869618,440.06988608536823904,-355940.03961958753644,-355499.96973350219196
0.23131723183338365191,438.65422940452577905,-355938.62396439060103,-355499.96973498607986
0.23144596108671397494,437.09926246636399583,-355937.06899914576206,-355499.96973667939892
0.23157504896593766874,435.4023035580385681,-355935.37204214511439,-355499.9697385870968
0.23170452698500923483,433.56037965797298739,-355933.53012046031654,-355499.96974080236396
0.23183442909358514816,431.56990999651191032,-355931.53965441556647,-355499.96974441903876
0.23196479206686376751,429.41734738919683423,-355929.3870984595269,-355499.96975107031176
0.2320956561262453588,427.10060500868610234,-355927.0703598735272,-355499.96975486486917
0.23222706539912096879,424.61917313338375379,-355924.5889317614492,-355499.96975862805266
0.23235906837240030698,421.96759230164303744,-355921.93735471088439,-355499.96976240922231
0.23249171840237553566,419.14033144455373758,-355919.11009754403494,-355499.9697660994716
0.23262507433472001672,416.11716815884051357,-355916.08678062527906,-355499.96961246646242
0.23275920119981435841,412.87847745306243041,-355912.8480928229983,-355499.96961536991876
0.23289417093162259609,409.44384539943968093,-355909.41346276574768,-355499.96961736632511
0.2330300631639170561,405.76991965661301265,-355905.7391460192157,-355499.96922636259114
0.23316696611028248087,401.89516192026115959,-355901.86438789404929,-355499.96922597376397
0.23330497753107881653,397.82525499737454311,-355897.7944785260479,-355499.96922352869296
0.23344420577645261239,393.56265273846702257,-355893.53187132347375,-355499.96921858499991
0.23358477092009968801,389.11326625752212749,-355889.08247687935364,-355499.96921062184265
0.23372680598370421112,384.48728608473834356,-355884.45648528099991,-355499.96919919626089
0.23387045823262353483,379.70006316987553419,-355879.66924679768272,-355499.96918362780707
0.23401589053105772975,374.77325776561502835,-355874.74242106860038,-355499.96916330297245
0.2341632826605497264,369.73607998684053655,-355869.70521765586454,-355499.96913766901707
0.23431283250577078503,364.62654008411146833,-355864.59564648440573,-355499.96910640026908
0.23446475699710969676,359.49260302115521881,-355859.46167243126547,-355499.96906941011548
0.23461929265184761073,354.39316788715433404,-355854.36219477455597,-355499.96902688738192
0.23477669547173432574,349.39883711955525314,-355849.36781657312531,-355499.96897945355158
0.2349372398513344673,344.59217915890155837,-355844.56110779521987,-355499.96892863634275
0.23510121603095754383,340.06696550513191823,-355840.03584204509389,-355499.96887653996237
0.23526892554200015684,335.92646022331558697,-355835.89528642816003,-355499.96882620482938
0.23544067396557172289,332.28019562862385783,-355832.24897719349246,-355499.96878156485036
0.23561676036130638212,329.23895858020836158,-355829.20770595944487,-355499.96874737925828
0.23579746287379424463,326.90782458589023918,-355826.87655331211863,-355499.96872872620588
0.23598302047688540783,325.37745127666516964,-355825.34618168580346,-355499.96873040916398
0.23617361155040395015,324.71429275155719552,-355824.68304887489649,-355499.96875612332951
0.23636933110190311291,324.95092056090379629,-355824.91972793941386,-355499.96880737849278
0.23657016986991760699,326.07826268948110737,-355826.04714558459818,-355499.96888289513299
0.23677408099030181066,328.02013076121943413,-355827.98910591710592,-355499.96897515590535
0.2369793421519215959,330.6405860375721204,-355830.60966072877636,-355499.96907469118014
0.23718607375978087437,333.79558276009055362,-355833.76475596695673,-355499.96917320688954
0.23739238454410371837,337.30237487414035513,-355837.27163652610034,-355499.9692616519751
0.23759105267524513461,340.88113842659026886,-355840.85046675143531,-355499.96932832483435
0.2377834041510022145,344.42622911153438281,-355844.39560549717862,-355499.9693763856194
0.23797047758110931315,347.8672747425491707,-355847.83668452897109,-355499.96940978639759
0.23815309987769400779,351.15919761774875951,-355851.12862872314872,-355499.96943110541906
0.23833193901145124927,354.27569248322186013,-355854.24513524048962,-355499.969442757254
0.23850754128448065083,357.20429814762201204,-355857.17374525533523,-355499.96944710769458
0.23868035821446831335,359.94240685145740599,-355859.91185295965988,-355499.96944610821083
0.23885076644674704816,362.4942589157283237,-355862.46369955519913,-355499.96944063948467
0.2390190828217917951,364.86935470058193687,-355864.83878689160338,-355499.96943219105015
0.23918557590603467533,367.08053907715418518,-355867.04996118822601,-355499.96942211105488
0.23935047497316416787,369.1423160486820052,-355869.1117269070819,-355499.96941085840808
0.23951397698728330021,371.07019908066234848,-355871.0395981540787,-355499.96939907339402
0.2396762520486219461,372.87986365910632003,-355872.84925147233298,-355499.96938781323843
0.23983744788051764019,374.58624619037777848,-355874.55562308197841,-355499.96937689161859
0.23999769369537787833,376.20348659987860174,-355876.17285310989246,-355499.96936650999123
0.24015710317464597501,377.74479646746721073,-355877.71415328257717,-355499.96935681509785
0.24031577682048871347,379.22231763057186527,-355879.19166546099586,-355499.96934783039615
0.24047380389751346619,380.6471280579607992,-355880.6164672630257,-355499.96933920506854
0.24063126404747864351,382.02977653664970603,-355881.99910676700529,-355499.96933023037855
0.24078822829710555542,383.38073795702916868,-355883.3500602717977,-355499.96932231477695
0.24094475964824577097,384.70919949219052114,-355884.67851483577397,-355499.96931534359464
0.24110091406362513244,386.02299811384926898,-355885.9923075036495,-355499.96930938982405
0.24125674133908375785,387.32858583770939731,-355887.29789021494798,-355499.96930437721312
0.24141228582634635669,388.63108902754134988,-355888.60038959491067,-355499.96930056734709
0.24156758701813588197,389.93405559273287508,-355889.90335351001704,-355499.9692979172687
0.2417226802581231293,391.23952269264788129,-355891.20881870063022,-355499.96929600799922
0.24187759739138559034,392.54851138556875867,-355892.51780611631693,-355499.96929473074852
0.24203236717047185711,393.86114618067398396,-355893.83044027467258,-355499.96929409401491
0.24218701560476546542,395.17669047725706832,-355895.14598452864448,-355499.96929405140691
0.24234156626970923543,396.49359930039980782,-355896.46289396838984,-355499.96929466800066
0.24249604060211327194,397.80950418315489969,-355897.77879969298374,-355499.96929550979985
0.24265045823920589063,399.12165751715963324,-355899.09095405018888,-355499.96929653303232
0.2428048372976334135,400.39923098392853262,-355900.36967142077629,-355499.9704404368531
0.24295920781825613988,401.63969353291912512,-355901.61013669794193,-355499.97044316504616
0.24311359620590836106,402.87902577638988078,-355902.84935860545374,-355499.97033282904886
0.24326801165164277374,404.06550849093974875,-355904.03628399595618,-355499.97077550500399
0.24342248614863934431,405.2323608016585581,-355905.20313918747706,-355499.97077838581754
0.24357703274735539867,406.37633767131444529,-355906.34711886977311,-355499.97078119846992
0.24373166358070189053,407.49230509554809032,-355907.46308897004928,-355499.97078387450892
0.24388639091574357276,408.57531454023239803,-355908.5461010314757,-355499.97078649123432
0.24404122720079751696,409.62057631860170659,-355909.59136526857037,-355499.97078894998413
0.24419618509675303231,410.62355505187207427,-355910.59434611932375,-355499.97079106746241
0.24435127750785731737,411.5801320607650382,-355911.55092499579769,-355499.97079293505521
0.24450651761975705778,412.48657747865507872,-355912.45737199654104,-355499.97079451789614
0.24466191893024680226,413.33956161681874164,-355913.31035744393012,-355499.97079582710285
0.24481749526361112901,414.136152319763994,-355914.10694916656939,-355499.97079684678465
0.24497326077751510609,414.87382307969767226,-355914.84462071279995,-355499.97079763311194
0.24512922996423100463,415.55038820454774395,-355915.52118641114794,-355499.97079820657382
0.24528541764917166645,416.16397856912811903,-355916.1347771716537,-355499.97079860250233
0.24544183898188368098,416.71300873724692337,-355916.68380758201238,-355499.97079884476261
0.24559850942249555894,417.19614246059200013,-355917.16694131400436,-355499.97079885343555
0.24575544473462163086,417.61237232872207414,-355917.5831709242193,-355499.97079859551741
0.24591266096977021371,417.96101921379494115,-355917.93181779666338,-355499.97079858288635
0.24607017445325990446,418.23553424461431405,-355918.2063287019846,-355499.97079445736017
0.24622800199899716467,418.39710441049430756,-355918.36678448121529,-355499.96968007070245
0.24638617064946155555,418.42755230215988149,-355918.39723259827588,-355499.96968029614072
0.24654471874798566944,418.35493773380983384,-355918.32455514976755,-355499.96961741597624
0.24670366972487323132,418.19567054669170147,-355918.16528812161414,-355499.96961757494137
0.24686304803111216999,417.95665920890382949,-355917.92627709358931,-355499.96961788466433
0.24702287940558367851,417.63684368776756628,-355917.6064616922522,-355499.9696180044557
0.24718319110034711605,417.23540377648578215,-355917.20502167911036,-355499.9696179026505
0.24734401189315866065,416.75180599867366027,-355916.7214235732099,-355499.96961757453391
0.24750537209263015481,416.18583596391806623,-355916.15545211441349,-355499.96961615048349
0.24766730352592619679,415.5386461652107073,-355915.50825941713993,-355499.9696132519166
0.24782983895891852466,414.8130253406011434,-355914.78263555851299,-355499.96961021790048
0.24799301132760684374,414.01207812582237011,-355913.98168506822549,-355499.96960694238078
0.24815685366473172468,413.13919202049879686,-355913.10879558685701,-355499.96960356633645
0.24832139907501102338,412.19793375556628234,-355912.16753406706266,-355499.96960031148046
0.24848668070545507081,411.19168349815748797,-355911.16128124645911,-355499.96959774830611
0.24865273187055872417,410.12323072284419823,-355910.0928258865606,-355499.96959516371135
0.24881958643467991243,408.99534402798360588,-355908.96493654721417,-355499.9695925192209
0.24898727886302265966,407.81089533701509708,-355907.78048520238372,-355499.96958986535901
0.24915584422006734067,406.57281650879554036,-355906.54240372480126,-355499.96958721597912
0.24932531820616962714,405.28405745055107445,-355905.25364219461335,-355499.96958474407438
0.24949573722623033523,403.94744278190586328,-355903.91702513303608,-355499.96958235115744
0.24966713855829142377,402.56573125575766881,-355902.53531127644237,-355499.96958002069732
0.24983956049308203573,401.11420395214764767,-355901.0838108836324,-355499.96960693149595
0.25001304245779931712,399.60959479778739478,-355899.57920000958256,-355499.96960521180881
0.25018762515961462389,398.07421363299368977,-355898.04381719924277,-355499.96960356622003
0.25036335075346510814,396.51025973550503068,-355896.47986152907833,-355499.96960179356392
0.25054026302944265581,394.91296338396489318,-355894.882444499759,-355499.9694811158115
0.2507184076403946027,393.27179969309531771,-355893.24127895117272,-355499.9694792580558
0.25089783234420842684,391.60862908127916171,-355891.57784099201672,-355499.96921191073488
0.25107858722385023587,389.89006868481004631,-355889.85926252003992,-355499.9691938352189
0.25126072490548356786,388.15336203508888957,-355888.12255399598507,-355499.96919196087401
0.25144430077232698961,386.38726414598050951,-355886.35636835015612,-355499.96910420415225
0.25162937317752070987,384.58191402303111772,-355884.55101613135776,-355499.96910210832721
0.25181600359802314149,382.76371297876789868,-355882.73281261476222,-355499.96909963601502
0.25200425669832343667,380.93688563629751798,-355880.90598233864876,-355499.96909670234891
0.25219420029131939254,379.10646020790954935,-355879.07555353234056,-355499.96909332444193
0.25238590518455333855,377.27835665139696175,-355877.24744595610537,-355499.96908930473728
0.25257944481417893279,375.45960282974823485,-355875.42868749779882,-355499.96908466803143
0.25277489467172925552,373.63569494414002747,-355873.60449918091763,-355499.96880423679249
0.25297233163146959356,371.83191396069543089,-355871.80071290489286,-355499.96879894420272
0.2531718330587323651,370.06740124191611585,-355870.03619441780029,-355499.96879317588173
0.2533734756737615057,368.35328585742183805,-355868.32207289349753,-355499.96878703607945
0.25357733415236072272,366.7016877693091601,-355866.67046848527389,-355499.96878071594983
0.25378347937764156317,365.12548346934795518,-355865.09425797493896,-355499.96877450559987
0.25399197643565601945,363.63793129153890504,-355863.60669994994532,-355499.9687686584075
0.2542028824615529814,362.25230882231755913,-355862.22107195376884,-355499.96876313147368
0.25441624434416304501,360.98184899066296794,-355860.9506071995711,-355499.96875820891
0.25463209638935491164,359.83923971489593896,-355859.8079946381622,-355499.96875492326217
0.25485045806826372994,358.83531836600008091,-355858.80407182546332,-355499.96875345945591
0.25507133187955505216,357.97856768994080312,-355857.94732162845321,-355499.96875393850496
0.25529470155256667185,357.27442577936011503,-355857.2434277497232,-355499.9690019703703
0.25552053088758652777,356.70489866025457104,-355856.67375704960432,-355499.9688583893585
0.25574876333211910007,356.29104647048006882,-355856.25991124787834,-355499.96886477741646
0.25597932219990887637,356.02988733423097756,-355855.99876115843654,-355499.96887382422574
0.25621211182910830217,355.91374114902703241,-355855.8826255252352,-355499.96888437622692
0.25644701958527588159,355.93186261609463372,-355855.90075854223687,-355499.96889592614025
0.25668391856655264904,356.07119908354957261,-355856.04010716459015,-355499.968908081064
0.25692267104336014016,356.31707284053237572,-355856.28599279833725,-355499.96891995781334
0.25716313253537009809,356.65417311083518825,-355856.62310394068481,-355499.96893082984025
0.25740515577707095973,357.06790214198605327,-355857.0368419442093,-355499.96893980220193
0.25764859450838190069,357.52453277306955215,-355857.4935379109229,-355499.96900513785658
0.25789330710878244357,358.00978590486681696,-355857.9787981287227,-355499.9690122238826
0.25813916005806586407,358.53104395272077909,-355858.50006160495104,-355499.96901765221264
0.25838603097960316513,359.07937237941945341,-355859.04839381203055,-355499.9690214326256
0.25863381050876843581,359.64794052495744836,-355859.61696451337775,-355499.96902398840757
0.25888240335020229477,360.2316205773299771,-355860.20062891655834,-355499.96900833921973
0.25913172872018147563,360.81269531273778739,-355860.78171889693476,-355499.96902358421357
0.25938171933103743028,361.37928788988392625,-355861.34853615122847,-355499.96924826136092
0.25963231709404099856,361.94560990520653831,-355861.91485492535867,-355499.96924502012553
0.25988347143440521103,362.52392475514159287,-355862.49316617811564,-355499.96924142295029
0.26013513837558843722,363.11721889542178587,-355863.08645685855299,-355499.96923796314513
0.26038727945613404646,363.72811309006391411,-355863.69734898023307,-355499.9692358901957
0.26063986073826234113,364.357759526047289,-355864.32699403382139,-355499.96923450776376
0.26089285347135510174,365.00616806681335902,-355864.97540201549418,-355499.96923394867918
0.26114623380367518735,365.67217201728948339,-355865.64140621165279,-355499.96923419437371
0.26139997154422622838,366.35332969716341722,-355866.32256515114568,-355499.96923545398749
0.26165249869391604687,367.04146564677574816,-355867.01070369256195,-355499.96923804580001
0.26190398623023869451,367.73136043851798149,-355867.70060134085361,-355499.96924090234097
0.26215458805104263629,368.41721174802501082,-355868.38645576871932,-355499.96924402069999
0.26240444335302703927,369.09278241861665038,-355869.06203008268494,-355499.96924766409211
0.26265367872527067838,369.75113096084214703,-355869.72038261085982,-355499.96925165003631
0.26290240989556423745,370.37955373150686,-355870.34861487924354,-355499.96906114771264
0.26315074323605475159,370.93510255179268142,-355870.90399410465034,-355499.96889155288227
0.26339877709180514742,371.43411779282456564,-355871.40301252470817,-355499.96889473189367
0.26364660222102526133,371.88838147747355833,-355871.85727930342546,-355499.96889782598009
0.26389430182800116542,372.24918478794450039,-355872.21918306383304,-355499.96999827586114
0.26414202827775284943,372.54169293367192495,-355872.51169481186662,-355499.97000187821686
0.26438986747096809848,372.78370046084825162,-355872.75370559724979,-355499.97000513639068
0.26463786385642157351,372.95993475127613692,-355872.92882348457351,-355499.96888873330317
0.26488607894792842723,373.01917189226270466,-355872.98806343803881,-355499.96889154578093
0.26513466931034901375,372.98934199204728657,-355872.95811567408964,-355499.96877368201967
0.26538370027180685495,372.8421807284534566,-355872.8109563983744,-355499.96877566992771
0.26563323991150089576,372.60873554279811515,-355872.57751272327732,-355499.96877718047472
0.26588335983832589449,372.26837984797418812,-355872.23737939674174,-355499.96899954875698
0.26613413583223821668,371.80872699376328683,-355871.77772770263255,-355499.96900070889387
0.26638564852424689855,371.26089766117445379,-355871.22989903215785,-355499.96900137100602
0.2666379841014519525,370.62266310264402591,-355870.59166464349255,-355499.96900154085597
0.26689123499529432415,369.88983981294501291,-355869.85788533580489,-355499.9680455228663
0.26714550059478425759,369.00147638503597136,-355868.96949841588503,-355499.96802203083644
0.26740088801616362923,368.00786415782880567,-355867.97588605072815,-355499.96802189288428
0.26765751312401303563,366.90785716173132869,-355866.87587860267377,-355499.96802144096
0.2679155015892943914,365.70064737303391667,-355865.66866813477827,-355499.96802076173481
0.26817498985485499485,364.38572409219028714,-355864.35374374897219,-355499.96801965677878
0.26843612611249229039,362.96308103776260623,-355862.93109909957275,-355499.96801806183066
0.26869907137235909955,361.41965423519525302,-355861.38749115646351,-355499.96783692127792
0.26896400121548452722,359.74587860009631868,-355859.71371407725383,-355499.96783547714585
0.26923110863064614318,357.96177758306316719,-355857.92961115867365,-355499.96783357561799
0.26950060589376012565,356.06813837880491747,-355856.03596896526869,-355499.96783058647998
0.26977272637105037534,354.03580156444303384,-355854.00398092711112,-355499.96817936265143
0.27004772659228271081,351.88362702580218411,-355851.85180221125484,-355499.96817518543685
0.27032515216022845461,349.6315289730118252,-355849.59969878959237,-355499.96816981659504
0.27060489935964537889,347.28880687537622407,-355847.25697012001183,-355499.96816324465908
0.27088723045521195809,344.83510021863088468,-355844.80364557955181,-355499.96854536089813
0.27117244222520014985,342.28980652575904742,-355842.25834018772002,-355499.9685336619732
0.27146087060585438744,339.67076687435854865,-355839.63994601275772,-355499.96917913842481
0.27175289501247990032,337.00640656586131172,-355836.97557262051851,-355499.96916605468141
0.27204894522192041295,334.33690339551333182,-355834.30603350210004,-355499.96913010656135
0.27234950989433304169,331.67176488432050974,-355831.64090179273626,-355499.96913690841757
0.27265514679098390438,329.05006784008548948,-355829.01918866543565,-355499.96912082534982
0.27296644610670639519,326.49888811718119541,-355826.46799208025914,-355499.96910396305611
0.27327836858152659838,324.09087300387119512,-355824.05996091559064,-355499.96908791171154
0.27359095644403391701,321.85321489599579081,-355821.82228795881383,-355499.96907306282083
0.27390424979823430052,319.81147947965052936,-355819.78053905547131,-355499.96905957581475
0.27421828772933820595,317.98913620584380624,-355817.95818383101141,-355499.96904762514168
0.27453310856804441498,316.40719378618729252,-355816.37623139994685,-355499.96903761377325
0.2748487503079407035,315.08356784604012546,-355815.05259793362347,-355499.9690300875809
0.27516525084204024321,314.03222806625706198,-355814.00125377590302,-355499.96902570966631
0.27548264809713784995,313.26236904161697794,-355813.23139345186064,-355499.96902441023849
0.2758009801106810488,312.77161680973415514,-355812.74127888015937,-355499.96966207044898
0.27612028499618090915,312.52434929975095201,-355812.49401648389176,-355499.96966718416661
0.27644060095263012222,312.55008830966698952,-355812.51976389461197,-355499.96967558492906
0.27676196624473314856,312.83725895556125352,-355812.80694618902635,-355499.96968723344617
0.27708441909981101903,313.3689435350365784,-355813.33864536607871,-355499.96970183105441
0.27740799753019285134,314.12327497050148395,-355814.09299366711639,-355499.96971869660774
0.27773273975985612871,315.06748655685265703,-355815.03702990920283,-355499.96954335237388
0.27805868563994523557,316.14917799742931948,-355816.11897002143087,-355499.96979202399962
0.27838587823871929761,317.34011781472054281,-355817.30992063158192,-355499.9698028168641
0.27871450128532293533,318.63300220010893327,-355818.60282343794825,-355499.96982123784255
0.27904461897613463961,319.99797444214073039,-355819.967746681883,-355499.96977223973954
0.2793762938565561571,321.37719172274790935,-355821.34677165700123,-355499.96957993425895
0.27970959659136712672,322.76400209333479552,-355822.73359662893927,-355499.96959453559248
0.28004034309021469396,324.11638040878898437,-355824.08679632662097,-355499.97041591780726
0.2803668795124488744,325.36448403779166938,-355825.33391607413068,-355499.96943203633418
0.28068972115014079183,326.54220662004865972,-355826.51164341997355,-355499.96943679993274
0.28100931156810715628,327.64203401939789728,-355827.61147358303424,-355499.96943956363248
0.2813260346775873777,328.65816958673184445,-355828.62761030672118,-355499.96944071998587
0.28164022444348235652,329.58722072657582203,-355829.55666146898875,-355499.96944074239582
0.28195217277981698967,330.42752730078103696,-355830.3969670982915,-355499.96943979751086
0.28226213603991945345,331.17877803456678976,-355831.14821665157797,-355499.96943861700129
0.28257034042641948623,331.84129667803529173,-355831.81073388963705,-355499.96943721157731
0.28287698663990989978,332.41586222972421183,-355832.38529752974864,-355499.96943530003773
0.28318225381780104399,332.8682581368050819,-355832.83767626690678,-355499.96941813011654
0.28348624890147905431,333.18344600699293778,-355833.15279024641495,-355499.96934423944913
0.28378905606577808918,333.41828993153126248,-355833.38763200526591,-355499.96934207371669
0.28409079771227668809,333.52936976758576293,-355833.49700729025062,-355499.96763752266997
0.28439106143225528767,333.56058056708224058,-355833.5282168132253,-355499.96763624611776
0.28469005482920684003,333.52992708675731137,-355833.49756176170195,-355499.96763467491837
0.2849880005543902195,333.41810052330123426,-355833.38561861106427,-355499.96751808776753
0.28528510251703953493,333.24466934249153383,-355833.21218359126942,-355499.96751424879767
0.28558154374738342618,332.9931668305224548,-355832.95969323930331,-355499.9665264087962
0.28587748645621913202,332.65533947493094047,-355832.62186296260916,-355499.96652348770294
0.28617307409517439565,332.23021837436021997,-355832.19641190755647,-355499.96619353321148
0.28646843291908330453,331.69917198389339319,-355831.66485498147085,-355499.96568299760111
0.2867637301412178652,331.07962701256786886,-355831.04530980292475,-355499.96568279038183
0.28705918977990430019,330.40736212873974864,-355830.37311927479459,-355499.96575714607025
0.28735486138094412656,329.69164376778064707,-355829.65740095428191,-355499.96575718652457
0.28765079004694660281,328.94073171133129563,-355828.90648916660575,-355499.96575745526934
0.28794701678232925701,328.14005912083615613,-355828.10555998404743,-355499.96550086321076
0.28824357881370077372,327.28762794618688758,-355827.25312949129147,-355499.96550154511351
0.28854050996266938922,326.39611451389941976,-355826.36161685152911,-355499.96550233761081
0.28883784169219955951,325.46451741954876979,-355825.43002044374589,-355499.96550302417018
0.28913560386745279507,324.49201956879818454,-355824.45752318506129,-355499.9655036162585
0.28943382505847264907,323.47802021224822511,-355823.44352425757097,-355499.96550404530717
0.28973253280752425676,322.42222292502759728,-355822.38772703474388,-355499.96550410974305
0.29003175392429508817,321.3246138145899522,-355821.29019724606769,-355499.96558343147626
0.29033151493426523349,320.16722370170771228,-355820.13272707350552,-355499.96550337178633
0.29063184237409750432,318.9694142004732953,-355818.93491692934185,-355499.96550272888271
0.2909327630224168848,317.73342116631874887,-355817.69892261899076,-355499.96550145267975
0.29123430414553830303,316.46198233935552935,-355816.4274816911784,-355499.96549935184885
0.29153649369109685408,315.14013494209757482,-355815.10596022580285,-355499.96582528372528
0.29183936043873859312,313.76335649426061991,-355813.72917835204862,-355499.96582185779698
0.2921429340831028787,312.36551577650595846,-355812.33123791124672,-355499.96572213474428
0.29244727015335697518,310.91090256620003629,-355810.8766576575581,-355499.96575509133982
0.2927525135273425505,309.44514807532300438,-355809.4109163871035,-355499.9657683117548
0.29305871089870760837,307.96311194067010319,-355807.92874985339586,-355499.96563791274093
0.29336591252247029571,306.49970529470220981,-355806.46533589006867,-355499.96563059533946
0.29367417244733462489,305.071322748351065,-355805.03694549796637,-355499.96562274958706
0.29398354874827054006,303.69132484605643185,-355803.65693918452598,-355499.96561433846364
0.29429410401175215561,302.3718577768017326,-355802.33766526920954,-355499.9658074923791
0.29460590846821532729,301.10234724925362571,-355801.06810051691718,-355499.96575326763559
0.29491904268582452842,299.91937857343305041,-355799.88512664940208,-355499.9657480759779
0.29523359814707383908,298.80519459131278381,-355798.77097659400897,-355499.96578200272052
0.29554981674552643911,297.76808001034186191,-355797.73385686404072,-355499.96577685367083
0.29586796680124605174,296.83004008753061953,-355796.79581325495383,-355499.96577316743787
0.29618822502432062826,295.99855273414760859,-355795.96432388573885,-355499.96577115159016
0.29651077635256384291,295.28703708598243338,-355795.25280827574898,-355499.96577118977439
0.29683581506140371831,294.69713095233765898,-355794.66290431260131,-355499.96577336027985
0.29716354604392858363,294.22725262443651673,-355794.19303110445617,-355499.96577847999288
0.29749418687514511683,293.87198257403161961,-355793.837768035708,-355499.96578546165256
0.29782797333154975572,293.60302816837020146,-355793.56856999441516,-355499.96554182603722
0.29816516338154697152,293.41105549499172866,-355793.3766067745164,-355499.96555127954343
0.29850604012411335875,293.30662148731067873,-355793.27216925972607,-355499.96554777241545
0.29885091517894585289,293.21753477579477476,-355793.18342878634576,-355499.96589401055826
0.29920013296333369812,293.17373480529590779,-355793.13963865162805,-355499.96590384631418
0.29955407649880833043,293.16851920670944764,-355793.13443207042292,-355499.96591286372859
0.29990022255880932622,293.18677287804547404,-355793.15269218152389,-355499.96591930347495
0.30023802789652109801,293.20267715087510396,-355793.16882647539023,-355499.96614932449302
0.30056857785284901707,293.19980114240797775,-355793.16595167171909,-355499.96615052933339
0.30089278746189623837,293.18965287052174062,-355793.15580610430334,-355499.96615323377773
0.30121143486718937599,293.16730803568782449,-355793.13346275873482,-355499.96615472302074
0.30152518681056184047,293.12991699225767661,-355793.09607222885825,-355499.96615523658693
0.30183461847353398877,293.07623842326643171,-355793.04236612224486,-355499.96612769895
0.30214022929640554915,292.97859853097105542,-355792.94489278842229,-355499.96629425743595
0.30244245561030125291,292.86613627721123976,-355792.83242898155004,-355499.96629270433914
0.30274168091291903115,292.74345264012134749,-355792.70974346972071,-355499.9662908295868
0.30303824411971413966,292.61273675298161834,-355792.57902529358398,-355499.96628854062874
0.30333244631597122698,292.47666343739001604,-355792.442949369899,-355499.96628593251808
0.3036245564993286794,292.33829887892017041,-355792.30458215042017,-355499.96628327149665
0.30391481629856231805,292.20079063916460882,-355792.16707133583259,-355499.96628069668077
0.30420344391329073863,292.06716751987374892,-355792.03344578074757,-355499.96627826086478
0.30449063746772486727,291.94025456696817855,-355791.9065283848322,-355499.96627381787403
0.3047765778685173621,291.82063120813597834,-355791.78690751129761,-355499.96627630316652
0.30506143127650953151,291.69121961771594442,-355791.65755098941736,-355499.96633137168828
0.30534535125064982131,291.56715828940218671,-355791.53364711347967,-355499.96648882405134
0.30562848065747288961,291.43200710194435032,-355791.39806772931479,-355499.96606062736828
0.3059109537061519557,291.31261333743077557,-355791.27870315901237,-355499.96608982159523
0.30619289796691478989,291.14793014438430419,-355791.11566349293571,-355499.96773334854515
0.30647463740613017924,290.98558979414048054,-355790.95332406891976,-355499.96773427480366
0.30675632448364753557,290.82678785867392435,-355790.79452314903028,-355499.96773529035272
0.30703810794597985456,290.66980262140316427,-355790.63756371743511,-355499.96776109602069
0.30732014620564757079,290.46904092412682985,-355790.43759674945613,-355499.968555825355
0.30760277070694397317,290.27014677133723808,-355790.23870511731366,-355499.96855834597955
0.30788613581137758146,290.07241626302993609,-355790.04097708908375,-355499.96856082603335
0.30817039554098285548,289.87226980624302541,-355789.84083306300454,-355499.96856325678527
0.30845571537907207071,289.66613026613731563,-355789.63469614868518,-355499.96856588253286
0.30874227358894895668,289.45021602111131642,-355789.4187845721608,-355499.96856855106307
0.30903026330292709956,289.22076571781354914,-355789.1892224123003,-355499.96845669450704
0.3093198948668309245,288.94286399604305871,-355788.91127152729314,-355499.96840753126889
0.30961139845720087038,288.64057673423360484,-355788.60897866892628,-355499.96840193471871
0.30990502707566197627,288.3104947089984762,-355788.27890219545225,-355499.968407486449
0.31020105999909758365,287.95559569594223603,-355787.92400481982622,-355499.9684091238887
0.31049980677286093123,287.57332843725731664,-355787.54173863405595,-355499.96841019677231
0.31080161187414934165,287.16186979825289427,-355787.13028031797148,-355499.96841051970841
0.31110686028402961822,286.72048494630132609,-355786.68889448442496,-355499.96840953815263
0.31141598429884964627,286.2500972680110749,-355786.2185046087252,-355499.96840734069701
0.31172947118520205612,285.75337846249669838,-355785.7217823076644,-355499.96840384515235
0.31204787192188104816,285.23495349227647466,-355785.20335262443405,-355499.96839913213626
0.3123718115121494332,284.70149812206972229,-355784.6698911312269,-355499.96839300915599
0.31270200109281487411,284.16211560216123644,-355784.13049945601961,-355499.96838385384763
0.31303925209352145842,283.62621019344720708,-355783.59458699059905,-355499.96837679715827
0.31338449267122975295,283.10673806573055344,-355783.07510398968589,-355499.96836592396721
0.31373878649080388925,282.61396753439913709,-355782.58256237296155,-355499.96859483857406
0.31410335379848058901,282.13852258266496165,-355782.10683214274468,-355499.96830956009217
0.31447959436708050607,281.7355419514341861,-355781.70383934269194,-355499.96829739125678
0.31485986985233710422,281.44285760610307534,-355781.41114067321178,-355499.96828306710813
0.31523790401646523129,281.25306127390342681,-355781.22138472931692,-355499.96832345542498
0.31561403547846089701,281.18088369704992147,-355781.14920089353109,-355499.96831719647162
0.31598856015977500045,281.27003095056653592,-355781.23834593442734,-355499.96831498388201
0.31636173558772723302,281.52073334651299774,-355781.48905015771743,-355499.96831681119511
0.31673378515840378,281.9037464494056735,-355781.87280884291977,-355499.9690623935312
0.31710509755840338153,282.40608574155152155,-355782.37515796604566,-355499.96907222451409
0.317476001748408454,283.04519783811826983,-355783.01428261876572,-355499.96908478066325
0.31784658066159487966,283.8000344361529983,-355783.76913328567753,-355499.9690988495131
0.31821690841629157731,284.6431156576303465,-355784.61224384699017,-355499.96912818937562
0.31858705075773063875,285.53561363303668941,-355785.50474700925406,-355499.96913337620208
0.31895706560119385653,286.46860057412834522,-355786.43774934607791,-355499.96914877195377
0.31932700502850941415,287.41658301262071973,-355787.38574566214811,-355499.96916264953325
0.31969691734508987047,288.35599346772136187,-355788.32516818714794,-355499.96917471941561
0.32005972457991993529,289.24872368144684742,-355789.21787814761046,-355499.96915446617641
0.32041406707565212031,290.03541752041877544,-355790.00480933010112,-355499.96939180966001
0.32076114620779005993,290.74492834886677883,-355790.71432540938258,-355499.96939706051489
0.32110196615508662665,291.3696963584468449,-355791.33929257222917,-355499.96959621377755
0.3214373742398442535,291.89579587641259195,-355791.86539334815461,-355499.96959747176152
0.32176809156264496448,292.34791373380085133,-355792.31751140183769,-355499.96959766803775
0.32209473653761633294,292.71428885051369662,-355792.68414548179135,-355499.96985663130181
0.32241784325728495286,292.9980677154408113,-355792.96792282984825,-355499.96985511441017
0.32273787597064840238,293.215787312495479,-355793.18564043845981,-355499.96985312597826
0.32305524057640616631,293.37069194066219779,-355793.34054273139918,-355499.96985079074511
0.32337029388390514661,293.46628577862935572,-355793.43613415077562,-355499.96984837215859
0.3236833511589577439,293.50605831276635627,-355793.47590426605893,-355499.96984595328104
0.32399469235272837508,293.49340727456592504,-355793.46325083391275,-355499.96984355937457
0.32430456728913459319,293.43159654223143207,-355793.40143784484826,-355499.96984130260535
0.32461320012381039701,293.32365542472865627,-355793.29349455423653,-355499.96983912948053
0.3249207931378891856,293.17244640887531659,-355793.14228346309392,-355499.9698370542028
0.32522752994666320747,292.98059958099304367,-355792.9504349642084,-355499.96983538323548
0.32553357835153007294,292.75030816973441006,-355792.72014202881837,-355499.96983385906788
0.32583909303502878174,292.48348460467570931,-355792.45331721263938,-355499.96983260795241
0.32614421779414792812,292.1755608474132373,-355792.14546469732886,-355499.96990384993842
0.32644912088767857883,291.78395332559426834,-355791.75405997043708,-355499.97010664484696
0.3267541045213331885,291.31723032218354774,-355791.28570326243062,-355499.9684729402652
0.32705926753915959271,290.75773027532045489,-355790.72620395413833,-355499.968473678804
0.327364935702058657,290.15520953262961257,-355790.1236761167529,-355499.96846658410504
0.32767124247239420853,289.49890743786198755,-355789.46738495846512,-355499.96847752062604
0.32797832980075147802,288.79829300769188194,-355788.76677205599844,-355499.9684790482861
0.32828634981991955399,288.0512081840597034,-355788.01968892029254,-355499.96848073625006
0.32859546670327999252,287.24968834814399088,-355787.21846865146654,-355499.96878030331573
0.32890585878652872642,286.37465929136538989,-355786.34344142820919,-355499.96878213685704
0.32921772123884546213,285.44771360457104947,-355785.41649741394212,-355499.96878380939597
0.32953126864960019526,284.46645379887115723,-355784.43523850268684,-355499.96878470381489
0.3298467378176921927,283.42912880012397636,-355783.39791417878587,-355499.96878537867451
0.33016439093734928356,282.33429368708902985,-355782.30307938769693,-355499.96878570062108
0.33048451928391231469,281.18086482012284932,-355781.14965040876996,-355499.96878558862954
0.33080744751450646968,279.96824131596815732,-355779.93702612782363,-355499.96878481184831
0.33113353886243551694,278.69655330568804175,-355778.66533672524383,-355499.96878341957927
0.3314632011714492843,277.36665128876182962,-355777.33543299447047,-355499.9687817057129
0.33179689390172750763,275.97991969762210829,-355775.94869899109472,-355499.96877929347102
0.33213513649155101959,274.53871594560547464,-355774.50749287311919,-355499.96877692750422
0.33247851832219182944,273.02265555811129616,-355772.99171534337802,-355499.96905978524592
0.33282771044914599701,271.4544642056417274,-355771.42340976849664,-355499.96894556283951
0.33318347967700129297,269.82526940801955107,-355769.79428603337146,-355499.9690166253713
0.333546706628276457,268.1507358589890373,-355768.11981333448784,-355499.96907747548539
0.33391840934803462826,266.45667187607659798,-355766.42573565762723,-355499.96906378155109
0.33429976987631754293,264.76880289152995829,-355764.73785714688711,-355499.96905425534351
0.33468157438543688631,263.14266365925220725,-355763.11169606010662,-355499.96903240086976
0.33506373121280813576,261.61463418231977585,-355761.58365067478735,-355499.96901649248321
0.33544626656262965803,260.21508250471077872,-355760.18408439209452,-355499.96900188736618
0.33582919716299930446,258.96781519257086757,-355758.93680470786057,-355499.96898951526964
0.33621253437920162188,257.89322389604564023,-355757.86220355640398,-355499.9689796603634
0.33659628845341699188,257.00760183217226995,-355756.97657494735904,-355499.96897311520297
0.33698046866333536409,256.32211611450708233,-355756.29108586534858,-355499.96896975085838
0.33736508326249858847,255.84268447830436344,-355755.81165413826238,-355499.96896965993801
0.33775013942496012742,255.56963652273108778,-355755.53861030098051,-355499.96897377824644
0.33813564339189344787,255.49689358579522036,-355755.46587529062526,-355499.96898170484928
0.33852160129369546215,255.6123701768673584,-355755.58136290498078,-355499.96899272809969
0.33890801942395609725,255.88057163759907553,-355755.84946324088378,-355499.9688916032901
0.3392949045668751662,256.24636909811664509,-355756.21527670160867,-355499.96890760347014
0.33968226445777799372,256.73547982042327931,-355756.70433638955001,-355499.96885656914674
0.34007010798730491485,257.30874608493081723,-355757.27769112674287,-355499.96894504182274
0.34045844545006609394,257.95979795603625462,-355757.92875760485185,-355499.96895964880241
0.34084728904036581953,258.66632112250778164,-355758.63529422017746,-355499.96897309768246
0.34123665322012342038,259.40533125816529036,-355759.37431607535109,-355499.96898481721291
0.34162655500080207904,260.15607765147041164,-355760.12507261347491,-355499.9689949619933
0.34200808453412784305,260.87569077357488823,-355760.84472686133813,-355499.96903608774301
0.34238228838555201383,261.54763249887844268,-355761.5166745610768,-355499.96904206217732
0.34275019558013852805,262.17617563457548613,-355762.14522221928928,-355499.96904658473795
0.343112678301888685,262.75510933603277408,-355762.72415895009181,-355499.96904961403925
0.34347048210491371023,263.28036292843432875,-355763.24941435514484,-355499.96905142668402
0.34382424909806286184,263.74955986981279921,-355763.71861214243108,-355499.96905227261595
0.34417453581377788208,264.15882746351707056,-355764.12787084176671,-355499.96904337825254
0.34452182737329883899,264.49946365544906257,-355764.46851778053679,-355499.96905412507476
0.34486654907200453568,264.7833258263220273,-355764.75237958302023,-355499.96905375667848
0.34520907585610721702,265.00019574678896106,-355764.96956031868467,-355499.96936457190895
0.34554974008478051006,265.14278967794501796,-355765.11215331504354,-355499.96936363709392
0.34588883789508967359,265.2193389236210237,-355765.18844661983894,-355499.96910769620445
0.34622663463683589491,265.21466287777548132,-355765.18415710120462,-355499.96949422342004
0.34656336960479139364,265.10626310624854796,-355765.07589329656912,-355499.96963019034592
0.34689926004685123218,264.93748031642695651,-355764.90710826712893,-355499.96962795068976
0.34723450453937193538,264.71056518514825484,-355764.68019087193534,-355499.96962568676099
0.34756928596373221074,264.3944594774815755,-355764.3655270995223,-355499.97106762201292
0.34790395321753486702,264.00713890821708674,-355763.97820519394008,-355499.97106628573965
0.34823873625836121448,263.58005623875442325,-355763.55112118582474,-355499.97106494707987
0.34857373255564005898,263.11477095834777629,-355763.08583459287183,-355499.97106363449711
0.34890903938073092316,262.59085024922910634,-355762.56245113944169,-355499.97160089021781
0.34924487029160167229,261.95608274208865396,-355761.92784186964855,-355499.97175912756938
0.3495815816135818821,261.26060241314542054,-355761.23236205114517,-355499.97175963799236
0.34991935095161436076,260.52296696177307922,-355760.49472694809083,-355499.97175998630701
0.35025837070751503211,259.74265240908778196,-355759.71441247977782,-355499.97176007070811
0.35059885055999773229,258.91941781416414869,-355758.89117778954096,-355499.97175997536397
0.35094101998837107237,258.05322712327404133,-355758.02498688956257,-355499.97175976628205
0.35128513146401502132,257.14423988953456046,-355757.11599901883164,-355499.97175912931561
0.3516314641104476002,256.19309411810667143,-355756.16485217690933,-355499.97175805881852
0.35198032786987631937,255.20096924969067231,-355755.17272582516307,-355499.97175657545449
0.35233206832151697796,254.16956382307628814,-355754.14131848613033,-355499.97175466304179
0.35268707229060736186,253.10122170319866086,-355753.07297373272013,-355499.97175202949438
0.35304577353110211391,251.99921915250124016,-355751.97097061725799,-355499.97175146476366
0.35340865977367164064,250.86355720742020026,-355750.83530652284389,-355499.97174931544578
0.35377628206404043709,249.69938291993736357,-355749.67112518259091,-355499.97174226265633
0.35414926605164342988,248.51776916515854055,-355748.48950552463066,-355499.9717363594682
0.35452832564807024163,247.30092636694013208,-355747.27246014442062,-355499.97153377748327
0.35491427977082934397,246.07039150547760187,-355746.04191777732922,-355499.97152627183823
0.35530807541973630226,244.85348254316684802,-355744.82500023604371,-355499.97151769290213
0.35570689164703522822,243.67586076784184002,-355743.64736867236206,-355499.97150790452724
0.35610696647995521147,242.55136217532390219,-355742.52305994823109,-355499.97169777291128
0.35650836263080598609,241.47999126255444935,-355741.45151463401271,-355499.9715233714669
0.35691114649715666163,240.51039390490436176,-355740.48190832405817,-355499.97151441912865
0.35731538880801427815,239.66276309837257941,-355739.63426948647248,-355499.97150638810126
0.3577211653702647709,238.95166684807693969,-355738.9231647925335,-355499.97149794443976
0.35812855804640414403,238.38292784832154325,-355738.35442351887468,-355499.97149567055749
0.358537655408220024,237.96930391316149667,-355737.94079711311497,-355499.97149319993332
0.35894855339266235061,237.7209941183029116,-355737.69248631037772,-355499.97149219206767
0.35936135601785201832,237.61433363879598346,-355737.58458959771087,-355499.97025595890591
0.3597764562853768,237.63499377983507088,-355737.60525537852664,-355499.97026159870438
0.3601944252309379757,237.80773059082457621,-355737.77800085430499,-355499.97027026349679
0.36061555878686879506,238.12207158534701534,-355738.09235323936446,-355499.97028165403754
0.36104019209765308984,238.56328387912753897,-355738.53357915056404,-355499.97029527142877
0.3614687050890596498,239.11302824214160978,-355739.08333858655533,-355499.97031034441898
0.36190152910996942204,239.75024625841138004,-355739.72057297913125,-355499.97032672073692
0.36233915472247835154,240.42482549506635792,-355740.39525548450183,-355499.97042998945108
0.36278214473805747708,241.13450908369497938,-355741.10495532903587,-355499.97044624533737
0.36323114918756077563,241.86084063676997857,-355741.83130192838144,-355499.97046129161026
0.36367075922799263488,242.55494079219360515,-355742.52541372535052,-355499.97047293314245
0.36409833034781785566,243.19475106140095022,-355743.16523233684711,-355499.97048127546441
0.36451567671584772512,243.77123945494730606,-355743.74172664555954,-355499.97048719058512
0.3649242928450250889,244.27909194856630393,-355744.24958257254912,-355499.970490623964
0.3653254267988603754,244.7162087190715738,-355744.68670046364423,-355499.97049174457788
0.36572013187853241734,245.08318181534369273,-355745.05367316532647,-355499.97049134998815
0.3661093045976573368,245.38237249802921269,-355745.35286226327298,-355499.97048976522638
0.3664937139087335316,245.61741453416667014,-355745.58790170738939,-355499.97048717323923
0.36687402419928044628,245.7929083202466245,-355745.76339226175332,-355499.97048394149169
0.36725081333533199368,245.90113008766141434,-355745.87152621545829,-355499.97039612778462
0.36762458709624623587,245.94645278080173512,-355745.91684489080217,-355499.97039211000083
0.3679957907207668244,245.95069863460616943,-355745.92108655942138,-355499.9703879248118
0.36836481830116202252,245.91730271770560989,-355745.88757240143605,-355499.97026968374848
0.36873202052671333329,245.79243510811755868,-355745.76339826453477,-355499.97096315643284
0.36909771117348388891,245.63994711252317416,-355745.61090707097901,-355499.97095995844575
0.36946217268199410544,245.46341046588347012,-355745.43413885624614,-355499.97072839038447
0.36982566103838554472,245.23588349663901909,-355745.20659803558374,-355499.97071453894023
0.3701884098900444231,244.99241961735000928,-355744.96317394694779,-355499.97075432958081
0.37055063478488997619,244.69061470397087987,-355744.66263270995114,-355499.97201800596667
0.3709129012755067456,244.39427982509923254,-355744.36629779997747,-355499.97201797488378
0.37127532186072342846,244.10594054828712274,-355744.07795900589554,-355499.97201845759992
0.3716380109779321983,243.82453851248675392,-355743.79659921542043,-355499.97206070291577
0.37200108318899005599,243.53291255002369553,-355743.50490506528877,-355499.97199251526035
0.37236465451123856862,243.17374406020732636,-355743.14716702059377,-355499.97342296037823
0.37272922180653439428,242.79550006882965363,-355742.76892536168452,-355499.97342529287562
0.37309505353906402547,242.40231011088758351,-355742.37576607544906,-355499.97345596458763
0.37346238006011173161,241.98192857664145095,-355741.95535902236588,-355499.9734304457088
0.37383145275325846413,241.53863207065373331,-355741.51206487434683,-355499.97343280370114
0.374202547837929278,241.06876637483756554,-355741.042201463948,-355499.97343508910853
0.37457597062103770158,240.56745656930178257,-355740.54095882986439,-355499.97350226057461
0.37495206031236139044,240.01999553453006797,-355739.99344494851539,-355499.97344941401388
0.37533119563245553874,239.43528988871707952,-355739.40874063433148,-355499.97345074563054
0.37571380178076779766,238.81041428797229287,-355738.78386589343427,-355499.97345160547411
0.37610035876830671953,238.12504229864501326,-355738.09844188549323,-355499.97339958685916
0.37649141076118847193,237.38783859864867054,-355737.36123760777991,-355499.97339900914812
0.37688757730116323463,236.60431365444213725,-355736.57771114585921,-355499.97339749144157
0.37728956698217530619,235.77475316888296675,-355735.7481481062714,-355499.97339493740583
0.37769819430874185251,234.90073536742849569,-355734.87412665080046,-355499.97339128336171
0.37811440063351797747,233.98507056867399001,-355733.95870028738864,-355499.97362971870461
0.37853928020093874363,232.99689866725390175,-355732.97039715416031,-355499.97349848691374
0.3789741152687279846,231.97276323233657536,-355731.94625494978391,-355499.97349171742098
0.37942042295698075183,230.92180058286774624,-355730.89528406789759,-355499.97348348505329
0.37988001242087854337,229.85442425876715333,-355729.82789157325169,-355499.97346731449943
0.38034466243267062158,228.80076946836646812,-355728.77423301595263,-355499.97346354759065
0.38080706893506727218,227.79658075401459882,-355727.7700359687442,-355499.97345521475654
0.38126778158145396835,226.85739254791633357,-355726.83083922648802,-355499.97344667854486
0.38172731395672698795,225.98161530764176064,-355725.95345377642661,-355499.97183846880216
0.38218635490934671495,225.15722581685983528,-355725.12905889766989,-355499.97183308081003
0.38264578676203891971,224.43846252675459141,-355724.41029184794752,-355499.97182932117721
0.38310583820288313106,223.83135411713209351,-355723.80318090377841,-355499.97182678664103
0.38356670620868410504,223.33962974583499772,-355723.31144022522494,-355499.97181047941558
0.38402855739789309997,222.94780946461995086,-355722.91963902651332,-355499.97182956186589
0.38449153533058849641,222.66357346385134974,-355722.6354072294198,-355499.97183376556495
0.38495577010174936161,222.48320917285607834,-355722.45504899160005,-355499.97183981875423
0.38542137967780037977,222.3967536134657621,-355722.36860056396108,-355499.97184695047326
0.38588847083205130017,222.39221855717681819,-355722.36407359933946,-355499.97185504215304
0.38635713994728732024,222.45579396952234674,-355722.42767597857164,-355499.97188200906385
0.3868274742039683467,222.56098261219489132,-355722.5327398275258,-355499.97175721533131
0.38729871191292758459,222.68402643707270272,-355722.65586275688838,-355499.97183631983353
0.38775658950314961793,222.82756010178221118,-355722.79949511110317,-355499.97193500929279
0.38820314706281033867,222.9530452971664829,-355722.92484744859394,-355499.9718021514127
0.38864006083891367016,223.07337110204841224,-355723.04525767004816,-355499.97188656800427
0.38906872755946020348,223.16896077626000761,-355723.1407494226587,-355499.97178864642046
0.38949032434887637111,223.23355593452376411,-355723.20537246821914,-355499.97181653371081
0.38990585255833482003,223.27556404831574355,-355723.24738120206166,-355499.97181715373881
0.39031617105074217777,223.29593702051516857,-355723.2677542520687,-355499.97181723156245
0.39072202197385280664,223.29374187205456792,-355723.26555871230084,-355499.97181684023235
0.39112405097378899477,223.26871482340624198,-355723.24053093267139,-355499.97181610926054
0.39152282324736265018,223.200845864493715,-355723.17249809636269,-355499.97165223187767
0.39191883631008428424,223.08739240237036938,-355723.05905195948435,-355499.97165955713717
0.39231253037265534367,222.94024655818094516,-355722.91189643973485,-355499.97164988156874
0.39270429726239247659,222.7712696250438853,-355722.74291848536814,-355499.97164886031533
0.3930944878984608537,222.58507773341676739,-355722.55672557424987,-355499.97164784080815
0.39348341861192870361,222.38238513641979921,-355722.35403213417158,-355499.97164699772839
0.39387137651199666255,222.16372179698200284,-355722.13536813354585,-355499.97164633654756
0.39425862414120210753,221.88663517106161294,-355721.85651106550358,-355499.9698758944287
0.39464576275142515538,221.58813366311161985,-355721.55801006802358,-355499.96987640490988
0.39503302988179450628,221.28346112866177009,-355721.2533383788541,-355499.96987725020153
0.39542055921632901505,220.97122881804301642,-355720.94110715761781,-355499.96987833955791
0.39580848351750880232,220.64975143340964792,-355720.61963094212115,-355499.96987950871699
0.3961969362406530526,220.31723782179881255,-355720.28711857832968,-355499.96988075651461
0.39658605311832084706,219.92832276621223286,-355719.89761764626019,-355499.96929488005117
0.39697634136492798707,219.47577400764325262,-355719.44491901464062,-355499.96914500702405
0.39736821053787241276,218.95728915690807526,-355718.92639820114709,-355499.96910904423567
0.39776193987412078457,218.40107305769529944,-355718.37018384842668,-355499.96911079075653
0.39815783629533230137,217.8024132767711194,-355717.77152447210392,-355499.96911119535798
0.39855623955407132319,217.14057702273518657,-355717.10955058276886,-355499.96897356002592
0.39895752827321639966,216.4273669919377312,-355716.39634086698061,-355499.96897387504578
0.39936212636342810489,215.67037216498266616,-355715.63934594136663,-355499.96897377638379
0.39977051068470986772,214.86881833467896286,-355714.83779477723874,-355499.9689764425857
0.40018322020356084101,214.00849470200557789,-355713.97746694227681,-355499.96897224028362
0.40060086699563368651,213.09948692686774052,-355713.06845746422186,-355499.96897053736029
0.40102414969000649281,212.14653700010902071,-355712.11550501734018,-355499.96896801725961
0.40145387016590156071,211.15164301780336586,-355711.12060779210879,-355499.96896477427799
0.40189095410290698318,210.09925843393492073,-355710.06803718511946,-355499.96877875120845
0.40233647664467925287,208.99801303153694221,-355708.96678640518803,-355499.96877337363549
0.40279169494765326709,207.87087224553295073,-355707.83963933179621,-355499.96876708627678
0.40325809169187132319,206.7257900133107853,-355706.69454942410812,-355499.96875941078179
0.40373743478868412415,205.57317367313868317,-355705.54192393401172,-355499.96875026088674
0.40423185176059095447,204.42641688674856937,-355704.39515671308618,-355499.96873982634861
0.40474392763108685278,203.27871089327072696,-355703.24700580374338,-355499.96829491044628
0.40527683953374132875,202.10828940315940372,-355702.0765617536963,-355499.96827235055389
0.40583454900210513827,200.9942986436399508,-355700.96255910472246,-355499.96826046105707
0.40642209086285230324,199.96492513381534195,-355699.93317514308728,-355499.96825000928948
0.40703351927926828546,199.06950372286772222,-355699.03774616518058,-355499.96824244229356
0.40765283283417763638,198.34379009177376929,-355698.31194588087965,-355499.96815578913083
0.4082809369289982504,197.79229580806418198,-355697.76045459188754,-355499.96815878379857
0.4089188525076811187,197.43626827248502309,-355697.40443655150011,-355499.96816827903967
0.409528319458931922,197.27421955750122606,-355697.24239379283972,-355499.9681742353132
0.41010385699474849464,197.24678686746329959,-355697.21497649443336,-355499.96818962699035
0.41065201403372658673,197.32751616909317249,-355697.29571850982029,-355499.96820234070765
0.41117773230654230954,197.48506597742519375,-355697.45327918010298,-355499.96821320266463
0.41168484161281321265,197.68217531420205546,-355697.65039913414512,-355499.9682238199166
0.41217636991175327088,197.90394587777865354,-355697.87217649014201,-355499.96823061234318
0.41265475202140888822,198.14480954823662273,-355698.11304552992806,-355499.96823598170886
0.41312197464090216759,198.37058242249446494,-355698.33869572868571,-355499.96811330621131
0.41357968194536753881,198.58524329315829959,-355698.55335953773465,-355499.96811624459224
0.41402925272939883339,198.79361498246296946,-355698.76173626299715,-355499.96812128054444
0.41447185488136933929,198.97491684405196111,-355698.9430411598878,-355499.96812431584112
0.41490848642751781972,199.14139812745796121,-355699.10952271847054,-355499.96812459098874
0.41534000699127171519,199.2962459277978553,-355699.26437021314632,-355499.96812428534031
0.4157671622704352532,199.43905780504232439,-355699.40718146105064,-355499.96812365599908
0.416190603170961404,199.56995995040179537,-355699.538082705345,-355499.96812275494449
0.41661090122481808651,199.68945039199076064,-355699.65757208794821,-355499.96812169597251
0.41702856129466475688,199.79825593895662905,-355699.76637652516365,-355499.96812058618525
0.41744403202199864555,199.89717243656033929,-355699.86529205110855,-355499.96811961452477
0.41785771445376063138,199.98686317506405885,-355699.95497376675485,-355499.96811059169704
0.4182699693195615076,200.05374089227302647,-355700.02185933466535,-355499.9681184423971
0.41868112335657559075,200.10569219069998326,-355700.07525956252357,-355499.96956737182336
0.41909153209918248439,200.09675605696367029,-355700.06617451563943,-355499.96941845869878
0.4195019392651299639,200.06028297564401441,-355700.02971087867627,-355499.96942790300818
0.4199124947259808005,200.01947503271779283,-355699.98890394112095,-355499.96942890842911
0.42032334916156499638,199.98101325883470736,-355699.95044331770623,-355499.96943005884532
0.42073465167788942631,199.93966393292956241,-355699.90909122233279,-355499.96942728938302
0.42114655180518889566,199.89151224295321185,-355699.86094440618763,-355499.96943216322688
0.42155920174911581944,199.83153266860446706,-355699.79966072825482,-355499.96812805964146
0.42197284866057505059,199.70868667702768562,-355699.67681644688128,-355499.96812976984074
0.42238825415830344445,199.56774386163300505,-355699.5358749133884,-355499.96813105174806
0.4228057342463868995,199.40661759734206271,-355699.37474973296048,-355499.96813213563291
0.42322563712656491308,199.22341365561487692,-355699.19154684682144,-355499.96813319122884
0.42364834899163755777,199.01625734102123033,-355698.98439154436346,-355499.96813420334365
0.42407430058841510956,198.78328177364755902,-355698.75141680485103,-355499.96813503123121
0.4245039751866688249,198.52278803593100065,-355698.49092361761723,-355499.96813558170106
0.42493791793242213783,198.23337965744858025,-355698.20151529076975,-355499.96813563333126
0.4253767471014044399,197.90147474074791489,-355697.8694427193841,-355499.96796797862044
0.42582116763917454705,197.52844496784445028,-355697.49641212134156,-355499.96796715346863
0.42627198776929892121,197.12627202044149044,-355697.0942377098836,-355499.96796568942955
0.42673013959203631718,196.69598963971878902,-355696.66396842023823,-355499.96797878050711
0.42719670503891393754,196.20819911021905568,-355696.17634944652673,-355499.96815033629537
0.42767294816265832846,195.69799604152495931,-355695.66614166821819,-355499.96814562671352
0.42816035644673661187,195.16580551344614491,-355695.13374798506266,-355499.96794247161597
0.42866069638485887472,194.60192058671839277,-355694.56985644833185,-355499.9679358616122
0.42917609072995210884,194.0444354531551312,-355694.01236359262839,-355499.96792813949287
0.42970911778078851873,193.48598499287896857,-355693.45376283163205,-355499.96777783875586
0.43026294563848554997,192.95550433558747727,-355692.92327274905983,-355499.96776841348037
0.43084151904657591592,192.47909737794776674,-355692.44685733452206,-355499.96775995654752
0.43144982878723803221,192.06074201683821912,-355692.02851528226165,-355499.96777326543815
0.43209432629312971574,191.73698760615533843,-355691.70475524500944,-355499.96776763885282
0.43278353782036860231,191.54290379970180425,-355691.51066958141746,-355499.9677657817374
0.43348078091210429097,191.47588348816742609,-355691.44462394743459,-355499.96874045924051
0.43417589348090185331,191.51854452161109066,-355691.48729447193909,-355499.96874995034887
0.43482385573983167726,191.67528677824603278,-355691.64404782571364,-355499.9687610474648
0.43543466452637985542,191.9091107806502805,-355691.87788335082587,-355499.96877257019514
0.43601558585455735262,192.19086302748132766,-355692.15964670840185,-355499.96878368093167
0.43657207750372339916,192.46615627173648022,-355692.43479284108616,-355499.96863656933419
0.43710835546374510185,192.74724517737271867,-355692.71588995552156,-355499.96864477812778
0.43762774433283507802,193.02642453913426834,-355692.99507598986384,-355499.96865145070478
0.43813291155879457994,193.28156738544012683,-355693.25019425008213,-355499.96862686466193
0.4386260295972486678,193.50800243175311266,-355693.47663337562699,-355499.96863094385481
0.43910889281297244002,193.7098200502216514,-355693.67845387884881,-355499.96863382862648
0.43958300430698549199,193.88340742104034575,-355693.85204283159692,-355499.96863541053608
0.44004963628560483935,194.02684928290921107,-355693.99548536457587,-355499.96863608167041
0.4405098751601850271,194.13949121098596606,-355694.10812710691243,-355499.96863589592976
0.4409646561440457857,194.22177381066418889,-355694.1904086926952,-355499.96863488201052
0.44141479017513796101,194.27504858724822157,-355694.2436821089359,-355499.96863352169748
0.44186098515500338291,194.30108392404878259,-355694.26971583184786,-355499.96863190777367
0.44230386291844370206,194.30189967043190791,-355694.2705298315268,-355499.96863016107818
0.44274397298119838595,194.27962325113193742,-355694.2482516609598,-355499.96862840984249
0.44318180383213129359,194.23636484529936297,-355694.20499148929957,-355499.96862664399669
0.44361779238434823069,194.17418552176141588,-355694.14281050441787,-355499.96862498263363
0.44405233198268295736,194.09500401826838356,-355694.06362748559332,-355499.96862346731359
0.44448577941172928707,193.95939197991944525,-355693.92873758188216,-355499.96934560197406
0.44491896148431253621,193.80257948589226658,-355693.77192478743382,-355499.96934530156432
0.44535221051886941801,193.64212507121320073,-355693.61147063365206,-355499.96934556245105
0.44578569631369652226,193.47762549363179119,-355693.44697168690618,-355499.96934619324747
0.44621958647797221875,193.30822009771853232,-355693.27756701596081,-355499.96934691822389
0.44665404754315812808,193.13286533694443392,-355693.10221307713073,-355499.96934774017427
0.44708924732108878963,192.95037009146318496,-355692.91971884283703,-355499.96934875135776
0.44752535721104269584,192.75904565293777182,-355692.72868677519727,-355499.96964112226851
0.44796255749801155988,192.48337912948915118,-355692.45160907233367,-355499.96822994283866
0.44840178443623035509,192.17797796300743585,-355692.14620947727235,-355499.96823151427088
0.44884343384474639782,191.84803788846392081,-355691.81627043365734,-355499.96823254518677
0.44928790778513361115,191.49180749970417992,-355691.46004100597929,-355499.96823350625345
0.44973565433488721377,191.10762545446362992,-355691.07585977460258,-355499.96823432011297
0.45018717608337338598,190.69394891276095905,-355690.66218369093258,-355499.96823477814905
0.45064304005886340887,190.24178193986784891,-355690.20980582304765,-355499.96802388317883
0.45110388940676482417,189.73942255102639365,-355689.7074455677066,-355499.96802301669959
0.45157045677833540509,189.20524202452799045,-355689.17326529324055,-355499.96802326873876
0.45204358114056214513,188.62794557919406202,-355688.59596600965597,-355499.96802043047501
0.45252422913831580331,188.01668612063502906,-355687.98470402462408,-355499.96801790397149
0.45301352204118550127,187.37863610794946112,-355687.34665059490362,-355499.96801448694896
0.45351276948042112958,186.71757714436733977,-355686.6855872151209,-355499.96801007073373
0.45402351253850953272,186.03880747453115418,-355686.00681222311687,-355499.96800474857446
0.4545475797067616841,185.34929332270687041,-355685.31729163177079,-355499.96799830906093
0.4550871661486741715,184.65810642693782029,-355684.62609729042742,-355499.96799086348619
0.45564493813398992961,183.97674877208322641,-355683.9447311933618,-355499.96798242127988
0.45622417227360861913,183.31972262660173101,-355683.28764203737956,-355499.96791941078845
0.45682894949100133486,182.66465022068504709,-355682.63213148224168,-355499.96748126158491
0.4574644329205922455,182.07323938366090488,-355682.04071258497424,-355499.96747320133727
0.45813729669610142592,181.57253277681434156,-355681.53999890742125,-355499.96746613061987
0.45885637982153626435,181.19258029443349756,-355681.16004262503702,-355499.96746233059093
0.45962063532796987309,180.97070369787530808,-355680.93816844996763,-355499.96746475208784
0.46035457689277542448,180.93000366272954693,-355680.89747667033225,-355499.96747300762217
0.46103820125342998004,181.03206106618341664,-355680.9995440513012,-355499.96748298511375
0.46168223633418548069,181.23281684789066048,-355681.20031381689478,-355499.96749696898041
0.46229446598953377601,181.49575463379866846,-355681.46326961263549,-355499.96751497883815
0.46288072988516482109,181.80474853146444048,-355681.77227338816738,-355499.96752485667821
0.46344553569898877532,182.12769897969724298,-355682.09524748212425,-355499.96754850243451
0.463992435912707335,182.45208024103868638,-355682.41963580116862,-355499.9675555601134
0.46452427937264517688,182.77528287587637124,-355682.74284422851633,-355499.96756135264877
0.46504338537031048029,183.08817688212451458,-355683.05574316671118,-355499.96756628458388
0.46555166950044152285,183.38363024853194361,-355683.35120036301669,-355499.96757011447335
0.46605073657975593093,183.65630276543265609,-355683.62387586012483,-355499.96757309470559
0.46654194514563707141,183.90223015593173272,-355683.8698054785491,-355499.96757532260381
0.46702645558062944042,184.11862155356109838,-355684.08619822037872,-355499.96757666679332
0.46750526704717354498,184.30374734190226604,-355684.27132487663766,-355499.96757753472775
0.46797924626488462962,184.45654331697326711,-355684.42412132094614,-355499.96757800399791
0.4684491501918863765,184.57640988685105299,-355684.54398818779737,-355499.9675783009734
0.46891564414484998569,184.6629788714143956,-355684.63055730145425,-355499.96757843001978
0.46937931651933628707,184.71606128106182609,-355684.68363958352711,-355499.9675783024868
0.46984069086814833627,184.7357131665934844,-355684.70329113595653,-355499.96757796936436
0.47030023597715858719,184.7222694366242024,-355684.68984665756579,-355499.96757722093025
0.47075837444987966851,184.63759466415561405,-355684.60648435057374,-355499.96888968639541
0.47121595823909467882,184.49377617555191478,-355684.46266566135455,-355499.96888948581181
0.47167352899729625415,184.32816077303982638,-355684.29705009318423,-355499.96888932015281
0.47213127488542999677,184.14071672361097853,-355684.10960595385404,-355499.96888923022198
0.47258938464187782991,183.92677383145280601,-355683.89572808647063,-355499.96895425498951
0.47304804421012797144,183.66364587018733801,-355683.63257327844622,-355499.96892740827752
0.47350743922147109366,183.37986105962966121,-355683.34878855600255,-355499.96892749634571
0.47396775747453412375,183.07546448349236812,-355683.0443920257967,-355499.96892754232977
0.4744291914885290784,182.74674599044161027,-355682.71567204617895,-355499.96892605576431
0.4748919414125839511,182.33730734859659606,-355682.30628783529392,-355499.96898048667936
0.47535700427796206968,181.88625592129369579,-355681.85523680062033,-355499.96898087934824
0.47582492691137384666,181.40119801735343685,-355681.37017920659855,-355499.96898118924582
0.47629617805480745085,180.88120390597376286,-355680.85018518642755,-355499.96898128045723
0.47677128239025950984,180.31586632158146699,-355680.28484949399717,-355499.96898317243904
0.47725083096683201811,179.70738385213783772,-355679.67636625817977,-355499.96898240601877
0.47773549360737710412,179.06271020881283107,-355679.031691500335,-355499.96898129151668
0.47822603348469100437,178.38233169302930037,-355678.3513114367961,-355499.96897974377498
0.47872332471045675462,177.66720042883281394,-355677.63617824186804,-355499.96897781302687
0.47922837438304222157,176.91871687754340314,-355676.88769228884485,-355499.96897541132057
0.47974235018365424255,176.13889820570662437,-355676.10787035245448,-355499.96897214674391
0.48026661452119107087,175.33081704624078156,-355675.29978508071508,-355499.96896803448908
0.48080276817182188154,174.49875520603168866,-355674.4677185351029,-355499.96896332909819
0.48135270772426352881,173.64803141578934742,-355673.61698948388221,-355499.96895806811517
0.48191870611206960584,172.78521849847479075,-355672.75417003314942,-355499.96895153465448
0.4825035220044951445,171.91902495574095155,-355671.88797091081506,-355499.96894595510093
0.48311054370457240381,171.05426834796003277,-355671.02319309470477,-355499.96892474673223
0.4837439884704116122,170.2048929601621694,-355670.17380935477559,-355499.96891639463138
0.48440918658189602297,169.39065357325034711,-355669.35956261632964,-355499.96890904306201
0.48511301474329093786,168.62982625561718919,-355668.59872712625656,-355499.96890087064821
0.48586457299626917283,167.94544294795727524,-355667.91433776472695,-355499.96889481676044
0.48667622686281652999,167.36461666934448544,-355667.33351086999755,-355499.96889420063235
0.48745158564958884773,166.9634358596950392,-355666.93233496398898,-355499.96889910427853
0.48817344535421619556,166.71741509159343764,-355666.68632108432939,-355499.96890599274775
0.48885325769782450589,166.58035239550562778,-355666.54925821698271,-355499.96890582150081
0.48949932395932299611,166.52372309143814277,-355666.49263820867054,-355499.96891511720605
0.49011786913501820262,166.52707375519187849,-355666.49599726172164,-355499.9689235065016
0.49071369755258315015,166.57024772849780447,-355666.53917833033483,-355499.96893060184084
0.49129059493258131486,166.63776423357271028,-355666.60670069803018,-355499.96893646445824
0.49185159686783819222,166.71782000249407929,-355666.68676118168514,-355499.96894117916236
0.49239917462710924845,166.80141714696870281,-355666.77036215504631,-355499.96894500806229
0.49293536969459622599,166.86938281702344966,-355666.83839920547325,-355499.96901638846612
0.49346189314371147194,166.91956624840125301,-355666.88858454878209,-355499.96901830035495
0.49398019405451321084,166.95840899150545056,-355666.92742848943453,-355499.96901949791936
0.49449151071048880191,166.98364475740038415,-355666.95266484329477,-355499.96902008587494
0.49499690993165446073,166.99395396802319169,-355666.96297413448337,-355499.96902016643435
0.49549731770411625797,166.98875891895272616,-355666.95777878997615,-355499.96901987103047
0.49599354333023520924,166.96804851169719086,-355666.93706763524096,-355499.96901912352769
0.4964862987604657385,166.92480400007011099,-355666.89381915150443,-355499.96901515143691
0.49697621430286381683,166.85796992753955692,-355666.826983899693,-355499.9690139721497
0.49746385154254435523,166.77833908112302197,-355666.74735182896256,-355499.96901274786796
0.49794971414580291302,166.66103254026637615,-355666.63135561445961,-355499.97032307420159
0.49843472944889460896,166.50887219107471537,-355666.47919483779697,-355499.97032264672453
0.49891964456965104402,166.35644364678657325,-355666.32676605822053,-355499.97032241144916
0.49940467072069760768,166.20394711634227747,-355666.1742694194545,-355499.9703223031247
0.49989002243704222517,166.05094341852137063,-355666.02128469420131,-355499.97034127567895
0.50037590935295550576,165.88965757947241286,-355665.85997715080157,-355499.97031957132276
0.50086253904142929994,165.72736204305536489,-355665.69768162991386,-355499.97031958686421
0.50135011987539657152,165.56421891841617366,-355665.53453867603093,-355499.97031975758728
0.50183886392718657365,165.39998786918579299,-355665.3703080995474,-355499.9703202303499
0.5023289899967311456,165.2340886498512873,-355665.2044096213067,-355499.97032097144984
0.50282072683883993758,165.02348941512332203,-355664.99338321865071,-355499.96989380352898
0.50331507210273807029,164.78188435505643383,-355664.75177940994035,-355499.96989505487727
0.50381282631934898308,164.52512837500438536,-355664.49502469354775,-355499.96989631856559
0.50431454098190475754,164.25159139091886118,-355664.22148878779262,-355499.96989739686251
0.50482083647977127328,163.95979924037851561,-355663.92969754274236,-355499.96989830234088
0.50533241500331749219,163.64850337234989297,-355663.61840188130736,-355499.96989850897808
0.50585007618822219744,163.31723377285376841,-355663.28713180136401,-355499.96989802853204
0.50637473604556326734,162.96635233687774758,-355662.93624944752082,-355499.96989711065544
0.50690745019687477591,162.59680725328357198,-355662.56670290703187,-355499.96989565377589
0.50744944174763773059,162.21029608024832669,-355662.18018954480067,-355499.96989346452756
0.50800213675370420319,161.79494961325468694,-355661.76501024339814,-355499.97006063011941
0.50856721001421811845,161.35786173649253783,-355661.32793412613682,-355499.97007238963852
0.50914664399981035547,160.90916934591319887,-355660.87922236253507,-355499.97005301661557
0.50974281116825326254,160.46337893599888957,-355660.43342629086692,-355499.9700473548728
0.51035858827263935744,160.0301744581862522,-355660.00021511886735,-355499.97004066070076
0.51099750550249434244,159.62174003176528458,-355659.59177322278265,-355499.97003319102805
0.51166395263385477943,159.25333057181137519,-355659.22335589292925,-355499.97002532111946
0.51236347192334352751,158.94349766347707487,-355658.9135160355363,-355499.97001837205607
0.51310319947865246082,158.69633637108964308,-355658.66663084097672,-355499.97029446990928
0.51389256723156107043,158.54300377241082742,-355658.5132934426656,-355499.97028967028018
0.51474438047251458439,158.52897492612777341,-355658.49926466750912,-355499.97028974140994
0.51556573224019330848,158.66377278082910607,-355658.63406792480964,-355499.97029514395399
0.51633028372307920861,158.91229793978334328,-355658.88260033808183,-355499.97030239831656
0.51705022212972473472,159.24352164227173034,-355659.21383223321754,-355499.97031059092842
0.51773438118983960976,159.63149092094599268,-355659.60183301870711,-355499.97034209774574
0.51838938781525001342,160.04580917537219875,-355660.01612132368609,-355499.9703121483326
0.51902035881340813361,160.4703432422481626,-355660.44068058219273,-355499.97033733996795
0.51963132746992091171,160.90692251358288445,-355660.8772651742911,-355499.97034266073024
0.52022552891215478876,161.3465608841399046,-355661.31690796889598,-355499.9703470847453
0.52080559790799252351,161.78235668526093605,-355661.75270751753123,-355499.97035083227092
0.52137371248958142012,162.20442752599518599,-355662.17477481276728,-355499.97034728678409
0.52193169950827622561,162.59958445426184426,-355662.56993367371615,-355499.97034921945306
0.52248110722361607028,162.97992296515059252,-355662.95027347345604,-355499.97035050828708
0.52302325972450525171,163.34387775902911244,-355663.31422904651845,-355499.97035128751304
0.52355929873845918898,163.69058754233958553,-355663.66093920520507,-355499.97035166289425
0.52409021621569629179,164.01974555307396031,-355663.99009716860019,-355499.97035161551321
0.52461688006414852747,164.33152375359435382,-355664.30187505797949,-355499.97035130439326
0.52514005475494807129,164.62643623189563868,-355664.59678699495271,-355499.97035076306202
0.5256604180997280773,164.90522922685227059,-355664.87557938345708,-355499.9703501565964
