# Fix print output for fix printe
0.20010912628348520581,499.99432327548583999,-355999.96485364361433,-355499.97053036815487
0.20021825318340302768,499.97741016173739581,-355999.94794030138291,-355499.97053013963159
0.20032738192906984764,499.9493499117612032,-355999.91988049272913,-355499.97053058096208
0.20043651373720802744,499.90965567176073137,-355999.8801873230841,-355499.97053165134275
0.2005456498780157637,499.85713561432885399,-355999.82766842964338,-355499.97053281532135
0.20065479175230632736,499.79040982017284023,-355999.76094374555396,-355499.97053392539965
0.20076394091231419825,499.7081448639237351,-355999.67867981037125,-355499.97053494642023
0.20087309905697284251,499.60949322124253058,-355999.58002702490194,-355499.97053380368743
0.2009822679792562794,499.49543383380444084,-355999.46596637682524,-355499.97053254302591
0.20109144936695272365,499.36747545807588722,-355999.33800674707163,-355499.97053128900006
0.20120064474484550265,499.22709777384125118,-355999.19762793148402,-355499.97053015761776
0.20130985547784963074,499.07581079784898748,-355999.04633897577878,-355499.970528177917
0.20141908276757730656,498.91571358525982305,-355998.88624068774516,-355499.97052710247226
0.20152832758763186694,498.74820483285520822,-355998.71873113821493,-355499.97052630537655
0.20163759075997672587,498.57424247785928628,-355998.54476800648263,-355499.97052552859532
0.20174687300299973258,498.39474879246250794,-355998.36527375387959,-355499.97052496141987
0.20185617493523347332,498.21038881173768686,-355998.18091347941663,-355499.97052466770401
0.20196549710337721728,498.02151905698150358,-355997.99204361491138,-355499.97052455792436
0.20207484001601414003,497.8282650902543196,-355997.7987897566054,-355499.97052466636524
0.20218420416890930946,497.63050325208632785,-355997.60102823935449,-355499.97052498726407
0.20229359007239383628,497.4276399065470855,-355997.39816663879901,-355499.97052673227154
0.20240299830311878071,497.21779330317872336,-355997.18832185823703,-355499.97052855504444
0.20251242964608781594,496.99879696632132209,-355996.96932719048345,-355499.97053022414912
0.20262188512667450579,496.76861647378029829,-355996.73914840811631,-355499.9705319343484
0.20273136599685942505,496.52551658875250951,-355996.49604744266253,-355499.9705308538978
0.202840873703070107,496.27045722964641072,-355996.24098616105039,-355499.97052893141517
0.20295040958940321896,496.00572528183954546,-355995.97625236131717,-355499.97052707948023
0.20305997475082107617,495.73353367650008749,-355995.70405899634352,-355499.97052531986265
0.20316957004060154368,495.45597315476538824,-355995.42649746953975,-355499.97052431479096
0.20327919608307981614,495.17422207979819859,-355995.14474632614292,-355499.97052424633875
0.20338885337398468489,494.88843462677306206,-355994.8589587288443,-355499.97052410210017
0.20349854239364909003,494.59875748523859329,-355994.56928155280184,-355499.97052406758303
0.20360826360785136413,494.30524692827975741,-355994.27577098034089,-355499.97052405204158
0.20371801747787518511,494.00784296620884106,-355993.97836745053064,-355499.97052448434988
0.20382780447351422914,493.70609859243000983,-355993.67662359343376,-355499.97052500100108
0.2039376251163138587,493.39939599246957869,-355993.36992155271582,-355499.97052556026028
0.20404747999893579902,493.08706222675613162,-355993.05758838227484,-355499.97052615549183
0.20415736979173323973,492.76837944262331348,-355992.73890623194166,-355499.97052678931504
0.20426729524824957518,492.44258357258632941,-355992.41311103414046,-355499.97052746155532
0.20437725721092470099,492.10886306969121051,-355992.07939125754638,-355499.97052818787051
0.20448725661701153133,491.76629832952875176,-355991.73685059743002,-355499.97055226791417
0.20459729451136773881,491.36572928427347051,-355991.33683533663861,-355499.97110605234047
0.20470737748643255682,490.94366725915790539,-355990.91477444430348,-355499.97110718511976
0.20481750804458026538,490.50220692038641346,-355990.4733151634573,-355499.971108243044
0.20492768846562883778,490.04006401086775213,-355990.01117332710419,-355499.97110931621864
0.20503792118931069011,489.5559382643174331,-355989.52704870840535,-355499.97111044410849
0.20514820881934736629,489.04847633369604409,-355989.01958787615877,-355499.97111154248705
0.20525855413194313281,488.51635307255844509,-355988.487465664919,-355499.97111259237863
0.20536896007538021913,487.9583017981373132,-355987.92941538413288,-355499.9711135859834
0.20547942976642122326,487.37312250535529756,-355987.34423702512868,-355499.9711145197507
0.20558996648599517365,486.75969010549863469,-355986.73080548096914,-355499.97111537546152
0.20570057367416105798,486.06050442243679299,-355986.03120742680039,-355499.97070300433552
0.20581126138857927521,485.29774653356741965,-355985.26845173584297,-355499.9707052022568
0.20592203723089416711,484.48588214969765886,-355984.45658960653236,-355499.97070745681413
0.20603290721587599887,483.62215882353933694,-355983.59286859200802,-355499.97070976847317
0.20614387774769069028,482.70374567926978671,-355982.67445785034215,-355499.97071217105258
0.20625495564001156135,481.72768271479696978,-355981.69839749170933,-355499.97071477689315
0.2063661481434297118,480.69079427149881667,-355980.66151175054256,-355499.97071747906739
0.20647746298462654746,479.5897584681756598,-355979.56047875876538,-355499.97072029061383
0.20658890839962434915,478.42111610344210249,-355978.39183932042215,-355499.97072321700398
0.20670049316831545783,477.18125732600975653,-355977.15198359789792,-355499.97072627191665
0.20681222665319018428,475.86640837440711493,-355975.83713785221335,-355499.97072947781999
0.20692411884269357181,474.47260406283800194,-355974.44333691732027,-355499.9707328545046
0.20703618040141757994,472.99565912398367118,-355972.96639553637942,-355499.97073641238967
0.2071484227279278556,471.43116196807886809,-355971.40190210263245,-355499.97074013453675
0.2072608580183524507,469.77448583248457226,-355969.74522987718228,-355499.97074404469458
0.2073734993345216493,468.02076866714850212,-355967.99151682434604,-355499.97074815718224
0.20748636068140130506,466.16489120034168536,-355966.13564370071981,-355499.97075250040507
0.20759945709533780822,464.20146280651022153,-355964.17221973114647,-355499.97075692465296
0.2077128047437367675,462.12497221931130298,-355962.09573367208941,-355499.97076145280153
0.20782642101772105803,459.92979551555720263,-355959.90056161530083,-355499.97076609975193
0.20794032463673506328,457.61017523230378856,-355957.58094605064252,-355499.97077081835596
0.20805453577104546237,455.16029666916944052,-355955.1310721761547,-355499.97077550698305
0.20816907617284555188,452.57442047182041733,-355952.54520053463057,-355499.97078006283846
0.20828396931164516737,449.84703771835933139,-355949.81782207207289,-355499.9707843537326
0.20839924051396582771,446.97304404062759886,-355946.94383225974161,-355499.97078821912874
0.20851491710802166901,443.94800720064324651,-355943.91879848588724,-355499.97079128521727
0.20863102856449661227,440.76863486352561949,-355940.73942810739391,-355499.97079324384686
0.20874760660964755687,437.43322708363797346,-355937.4040208075894,-355499.97079372394364
0.20886468531364515977,433.94220795843062888,-355933.91300026525278,-355499.97079230681993
0.20898230114365684562,430.29874126988931948,-355930.26952976634493,-355499.97078849643003
0.20910049296834445909,426.50946502772291069,-355926.48024674964836,-355499.97078172193142
0.2092193019923802022,422.58530093085892076,-355922.55607241945108,-355499.97077148861717
0.20933877160094274683,418.54233460570890202,-355918.51309157331707,-355499.97075696761021
0.20945894708886989011,414.40288046435614433,-355914.37361841031816,-355499.97073794598691
0.2095798752244346641,410.19611661146495862,-355910.16683062107768,-355499.97071400959976
0.20970160367827597736,405.95880788440348397,-355905.92949278332526,-355499.9706848989008
0.20982418026577928649,401.73587322612496564,-355901.70652386598522,-355499.97065063985065
0.20994765197533335477,397.58064454697745305,-355897.5512559809722,-355499.97061143402243
0.21007206376853770902,393.55479960158123731,-355893.5253674989217,-355499.97056789731141
0.21019745713423937383,389.72774728385422804,-355889.69826838397421,-355499.97052110009827
0.21032386841114977805,386.17530249035007728,-355886.14577523164917,-355499.97047274129
0.21045132692590112766,382.97754255303391346,-355882.94796721031889,-355499.97042465728009
0.21057985303172893632,380.21608359840058711,-355880.186462838843,-355499.97037924046163
0.2107094561247178921,377.97054663932362928,-355877.94088583963457,-355499.9703392002848
0.21084013279661634188,376.31436154107041148,-355876.2846688585123,-355499.97030731744599
0.21097186531857420322,375.31024177786889595,-355875.2805279676104,-355499.9702861897531
0.211104620656132419,375.0057109629290153,-355874.97598900320008,-355499.97027804027312
0.21123835020716258404,375.42910352265448637,-355875.39938788756263,-355499.97028436488472
0.21137299042222393308,376.58648093539733281,-355876.55678679386619,-355499.97030585847097
0.21150846439378551134,378.46005621889781878,-355878.43039753707126,-355499.97034131817054
0.21164468436491629122,381.00891167300954976,-355880.97930059535429,-355499.97038892231649
0.21178155487374980548,384.17129200328895422,-355884.14173807657789,-355499.97044607327553
0.21191897630204270531,387.86791491992426018,-355887.83842645736877,-355499.97051153745269
0.21205684862087431641,392.00552285542903519,-355891.97610259789508,-355499.97057974245399
0.21219507521978472897,396.48356741595659969,-355896.45421532011824,-355499.97064790414879
0.21233356603953409958,401.19964848822701242,-355901.17036095180083,-355499.97071246354608
0.21247223997844941201,406.0557516635710158,-355906.0265177146066,-355499.97076605103211
0.21261102617985419561,410.96562108789197509,-355910.9364331937395,-355499.97081210586475
0.2127498637642328827,415.85409988840962114,-355915.82494990859414,-355499.97085002018139
0.21288870053568603735,420.65752920347961208,-355920.62840873684036,-355499.97087953338632
0.21302749407653337466,425.32418266570687138,-355925.29508522164542,-355499.9709025559132
0.21316621179254971463,429.81285507480686192,-355929.78377369907685,-355499.97091862425441
0.21330482903796482708,434.09278277054147566,-355934.06371022027452,-355499.97092744975816
0.21344332807729199386,438.14367117955379172,-355938.11460214073304,-355499.97093096119352
0.21358169681526431583,441.95343683580847483,-355941.9243679830106,-355499.9709311472252
0.2137199278136156233,445.51578928061638862,-355945.48671717412071,-355499.97092789353337
0.21385801760574307817,448.82973720882824864,-355948.80065912829014,-355499.9709219194483
0.2139959659336467257,451.89865740419901385,-355951.86957139166771,-355499.97091398749035
0.21413377503318214989,454.72913601273558015,-355954.70004091830924,-355499.97090490558185
0.21427144904790657032,457.32991213322998192,-355957.30080717615783,-355499.97089504293399
0.21440899354533246579,459.71113788046324089,-355959.68202295235824,-355499.97088507190347
0.21454641514122846369,461.88360849087803217,-355961.85448364750482,-355499.97087515663588
0.21468372124733900441,463.85833018801451999,-355963.82919576537097,-355499.97086557734292
0.21482091987883600304,465.64618626254031142,-355965.61704258673126,-355499.97085632418748
0.21495801951514989514,467.2578187596296857,-355967.22866637230618,-355499.97084761265432
0.21509502897663712595,468.70338379640492121,-355968.67422326060478,-355499.97083946422208
0.21523195734038150229,469.99245084766118907,-355969.96328275150154,-355499.97083190386184
0.21536881388534939719,471.1339447863474561,-355971.1047697411268,-355499.97082495479845
0.21550560805712787316,472.13613155888060646,-355972.10695006727474,-355499.97081850841641
0.21564234943048329884,473.00667237478899096,-355972.97748504608171,-355499.97081267129397
0.21577904768010439107,473.73088218830662299,-355973.70012629794655,-355499.96924410964129
0.21591571817071134043,474.26426760549628625,-355974.23350935196504,-355499.96924174646847
0.21605238560262812753,474.66238883128556836,-355974.63162912928965,-355499.96924029802904
0.21618906437327925496,474.92690736834833842,-355974.89614727941807,-355499.96923991106451
0.21632577032728755873,475.05823047142592941,-355975.02747095259838,-355499.96924048115034
0.21646252037289806514,475.05557941926679177,-355975.02482141857035,-355499.96924199932255
0.21659933265485045717,474.91700473226507029,-355974.88624926493503,-355499.96924453269457
0.2167362267455673619,474.63930395225617076,-355974.60855209938018,-355499.96924814709928
0.2168732238643440724,474.17620957153417294,-355974.14598435186781,-355499.96977478032932
0.2170103508576289586,473.5436750482097068,-355973.51345767220482,-355499.96978262398625
0.21714763487977264966,472.77077330871878758,-355972.74056473199744,-355499.96979142329656
0.21728510234795994638,471.84660685186173623,-355971.81640812003752,-355499.96980126819108
0.21742278273436654867,470.75895423182993227,-355970.72876634262502,-355499.96981211082311
0.21756070897983834089,469.45923601624724597,-355969.43017891474301,-355499.97094289847882
0.21769891797484886009,467.94129395076157607,-355967.91225026373286,-355499.97095631295815
0.21783745111465196986,466.20590293219561318,-355966.17687393655069,-355499.97097100433894
0.21797635490667374714,464.23446001886219392,-355964.20544704369968,-355499.97098702483345
0.21811568171112807879,462.00658099206026463,-355961.97758526820689,-355499.97100427612895
0.21825549062334789752,459.50013988662880138,-355959.47116266348166,-355499.9710227768519
0.21839584850065107968,456.66197561138358196,-355956.63304122572299,-355499.97106561431428
0.21853683596252224119,453.48753765759875023,-355953.45862390648108,-355499.97108624887187
0.21867854082611798416,449.96336982327932219,-355949.93447730701882,-355499.97110748372506
0.21882106087828415153,446.06126176137649963,-355946.03239050670527,-355499.97112874535378
0.21896450811259510205,441.75253704850769054,-355941.7236863488215,-355499.97114930034149
0.21910901114351960528,437.00855157630184067,-355936.97972169879358,-355499.97117012250237
0.21925471811247818077,431.8007502918683258,-355931.77193818753585,-355499.97118789568776
0.21940180031219155832,426.10359695522799939,-355926.07479753147345,-355499.97120057622669
0.21955045636735320835,419.89758058763851523,-355919.8687870730646,-355499.97120648541022
0.21970091712769446168,413.17152838188519581,-355913.14273201487958,-355499.97120363300201
0.2198534516371603853,405.92622470894042408,-355905.89741120499093,-355499.97118649602635
0.22000837434673528592,398.18164964121064031,-355898.15280046034604,-355499.97115081915399
0.22016605330558478015,389.98487584318428389,-355889.95596197835403,-355499.97108613519231
0.22032691949358287897,381.42337672522626235,-355881.39436916902196,-355499.97099244379206
0.22049147645479105773,372.63171803959465933,-355872.60258600232191,-355499.97086796275107
0.220660310944153365,363.79897722833288753,-355863.76969024311984,-355499.97071301477263
0.2208341036848963379,355.17612808196719243,-355855.14665979426354,-355499.97053171228617
0.22101363811467689136,347.08095097463478851,-355847.05128352268366,-355499.97033254802227
0.22119980346833750806,339.89800755344350591,-355839.86814304417931,-355499.97013549075928
0.22139358552022858628,334.06412352628558438,-355834.03409569768701,-355499.96997217141325
0.22159603520123125064,330.03461985199220408,-355830.00450357515365,-355499.96988372318447
0.22180820124656117076,328.22572647768743082,-355828.19564373604953,-355499.96991725836415
0.22203101162865743201,328.93073341968215573,-355828.90084503404796,-355499.97011161438422
0.22225805554176450429,332.09028898224977411,-355832.06073126703268,-355499.97044228477171
0.22248847735018625893,337.29408658231807294,-355837.26493696356192,-355499.97085038124351
0.22271067474836528377,343.62060404722143403,-355843.59181253123097,-355499.97120848402847
0.222920202599878714,350.23688582956185655,-355850.20834940078203,-355499.97146357124439
0.22312000758897349018,356.73279848815735704,-355856.70442803268088,-355499.97162954451051
0.22331218671054500757,362.8727304060415122,-355862.84445531968959,-355499.97172491363017
0.22349828133781626804,368.53745730921059476,-355868.50922627781983,-355499.9717689686222
0.2236794538725804804,373.68345638077050808,-355873.65523222368211,-355499.97177584288875
0.22385659971611834851,378.31625952349889985,-355878.28801769274287,-355499.97175816923846
0.22403042068548173482,382.47123894144044698,-355882.44296452775598,-355499.97172558633611
0.22420147498376918893,386.20023011487734266,-355886.17191472416744,-355499.97168460930698
0.22437021226881756486,389.5629102570366058,-355889.53455039777327,-355499.97164014074951
0.22453699872475185728,392.62075916662649888,-355892.59235510695726,-355499.97159594035475
0.22470213544105258063,395.43251723303762901,-355895.40407315467019,-355499.97155592165655
0.2248658723186990338,398.05061937411875306,-355898.02213924220996,-355499.97151986806421
0.22502841895998840216,400.52068983929382284,-355900.49217850679997,-355499.97148866747739
0.22518995269603522824,402.88109359080510785,-355902.85255625669379,-355499.97146266588243
0.22535062469639152716,405.16312932625731946,-355905.13456780079287,-355499.97143847454572
0.22551056457920287679,407.39390683767032897,-355907.36532519559842,-355499.9714183579199
0.2256698831078552403,409.59497627962451816,-355909.56637919176137,-355499.97140291210962
0.22582867490024238766,411.78143906795952489,-355911.75283072993625,-355499.97139166196575
0.22598702095497533171,413.96253249838088095,-355913.93391756375786,-355499.97138506534975
0.22614499073166069443,416.14148179882624845,-355916.11286380077945,-355499.97138200193876
0.22630264418291792805,418.31674614571289794,-355918.28812747308984,-355499.97138132737018
0.22646003331939437708,420.48357019568936721,-355920.4549526827177,-355499.97138248704141
0.22661720333318866039,422.63477036570463952,-355922.60615567356581,-355499.97138530784287
0.22677419355498770748,424.76108352904657295,-355924.73247278213967,-355499.97138925309991
0.22693103839871231475,426.8519196416638124,-355926.82331313716713,-355499.97139349550707
0.22708776815350337208,428.8963610951791452,-355928.86775899759959,-355499.97139790240908
0.22724440953304506086,430.88349359928719196,-355930.85489564907039,-355499.97140204976313
0.22740098616310999713,432.80291844988465755,-355932.77432413434144,-355499.97140568448231
0.22755751901371396029,434.64511125345069331,-355934.61651995376451,-355499.97140870033763
0.22771402677145982651,436.34980626880746968,-355936.31925209320616,-355499.96944582439028
0.22787054120556632375,437.92647690232053037,-355937.89599973981967,-355499.96952283749124
0.22802707969089541784,439.39859011321544813,-355939.36811674718047,-355499.96952663396951
0.22818365061747469813,440.77591017038491827,-355940.74543976451969,-355499.9695295941201
0.22834026206390670155,442.05129730542222433,-355942.02082918141969,-355499.96953187597683
0.22849692190814088755,443.21880163679463749,-355943.18833505921066,-355499.96953342243796
0.22865363791692872031,444.27366251909484163,-355944.24319685646333,-355499.96953433734598
0.22881041782418812258,445.21218463225835649,-355945.18171932641417,-355499.96953469415894
0.22896726940685477314,446.03138581152563802,-355946.00112592615187,-355499.96974011464044
0.22912420055096124893,446.6885185599895749,-355946.65800046455115,-355499.96948190458352
0.22928122490225055774,447.1659921785702636,-355947.13796438922873,-355499.971972210682
0.22943836886419693988,447.45969224131818009,-355947.43166526663117,-355499.97197302529821
0.22959566067328041061,447.60546937199677586,-355947.5774432035978,-355499.97197383159073
0.22975311716147825414,447.60101638305235383,-355947.5729910627706,-355499.97197467973456
0.22991075645779060488,447.44410331250725221,-355947.4160789399175,-355499.97197562741349
0.23006859813794247605,447.1322249755630196,-355947.10420340724522,-355499.97197843168397
0.2302266634634661524,446.66125667133667321,-355946.63323846261483,-355499.97198179125553
0.23038497601079055421,446.02621137604717205,-355945.99819692084566,-355499.97198554477654
0.23054356208724741117,445.22166202908101695,-355945.19365224853391,-355499.97199021943379
0.23070245103525438557,444.24087349540656078,-355944.21287070523249,-355499.97199720982462
0.23086167581004155003,443.0747903279741422,-355943.04679503920488,-355499.97200471122051
0.23102127389644080968,441.71346472176554698,-355941.68547748267883,-355499.97201276093256
0.23118128785467695341,440.14639403278442842,-355940.11841228767298,-355499.97201825486263
0.23134176584017987488,438.36592019416127641,-355938.33794137102086,-355499.97202117688721
0.23150276115459192394,436.36719929819446406,-355936.3392239108216,-355499.9720246126526
0.23166433185855664356,434.14484962940571222,-355934.1168781913002,-355499.97202856186777
0.23182654148502415681,431.69251773145981588,-355931.66455277486239,-355499.97203504340723
0.23198946000240211474,428.98997920919930493,-355928.96201834600652,-355499.97203913680278
0.23215316546639949702,426.03165421889713116,-355926.00370075041428,-355499.97204653150402
0.23231774551373790549,422.81272387703910454,-355922.78477770375321,-355499.97205382672837
0.23248329877098816709,419.32254688153545885,-355919.29460801772075,-355499.9720611362136
0.2326499365393837615,415.52730659679366454,-355915.49986107397126,-355499.97255447716452
0.23281778484156578912,411.40664875792685962,-355911.37920839199796,-355499.97255963407224
0.23298698660645833503,406.9523987399201701,-355906.92426196101587,-355499.9718632210861
0.23315770412471270578,402.16045572557584364,-355902.13231885724235,-355499.97186313167913
0.23333012182217716113,397.0648492390733395,-355897.03670734225307,-355499.97185810317751
0.23350444933757505406,391.67095863500713904,-355891.64280540845357,-355499.97184677346377
0.2336809249198629479,385.99295235199139142,-355885.96478001523064,-355499.9718276632484
0.23385981914819531369,380.05630159354228681,-355880.02810066216625,-355499.97179906861857
0.23404143890593251398,373.90086741143551308,-355873.87262646190356,-355499.97175905044423
0.23422613137214837176,367.58457656251016488,-355867.55628261144739,-355499.97170604893472
0.23441428756627702423,361.18710708852108837,-355861.15874636510853,-355499.97163927659858
0.23460634492025483899,354.81316418841851146,-355854.78472316230182,-355499.97155897389166
0.23480278805182536184,348.59500372146368363,-355848.56647046416765,-355499.97146674268879
0.23500414640947173139,342.69340184231293733,-355842.66476903873263,-355499.97136719641276
0.23521098680804289338,337.29523024080526739,-355837.26649761584122,-355499.97126737504732
0.23542389830348267599,332.60694469339694024,-355832.57812269881833,-355499.97117800544947
0.23564346632994670472,328.84200872865795873,-355828.81312141753733,-355499.97111268888693
0.23587023347114965954,326.20143548682727896,-355826.17252205137629,-355499.97108656453202
0.23610464595152644285,324.84796661745986057,-355824.81907985394355,-355499.97111323650461
0.23634698892685987448,324.87706855732261602,-355824.84826911712298,-355499.97120055981213
0.23659732003997185901,326.29098290264357729,-355826.26232958491892,-355499.97134668228682
0.23685242694677624553,328.94717736222565918,-355828.91870873444714,-355499.97153137222631
0.2371096890397920709,332.57664932072935926,-355832.54837496799883,-355499.97172564727953
0.23736934815318222469,336.89445144422688827,-355836.86635870061582,-355499.97190725640394
0.23761857266850666681,341.38232473204431017,-355841.35436316567939,-355499.97203843365423
0.23785792534815158872,345.79824996395160497,-355845.77037487167399,-355499.97212490771199
0.23808938990487107934,350.01797848178517825,-355849.99015628476627,-355499.97217780299252
0.23831446139011799867,353.97335975762780436,-355853.94556441903114,-355499.97220466140425
0.23853429167432524394,357.63454999374647514,-355857.60676293179858,-355499.97221293806797
0.23874978426347218119,360.99694560098606644,-355860.96915428270586,-355499.97220868169097
0.23896165859713885959,364.07219266425767046,-355864.04438679059967,-355499.97219412634149
0.23917049517752872467,366.88298826725849722,-355866.85516333836131,-355499.97217507107416
0.2393767679374075863,369.45730023083297056,-355869.42945322801825,-355499.97215299715754
0.23958086789713808895,371.82561329692634899,-355871.7977434786153,-355499.97213018167531
0.23978312045785593609,374.01834431496229172,-355873.99045278190169,-355499.97210846695816
0.23998379898175020708,376.06397205133072248,-355876.03605992725352,-355499.97208787593991
0.24018313553573580887,377.98881685768935768,-355877.96088582940865,-355499.97206897172146
0.24038132873083131735,379.81660385766372201,-355879.78865568171022,-355499.97205182403559
0.24057854979954634844,381.56863557646170193,-355881.54066992271692,-355499.97203434625408
0.24077494723526460252,383.26559006547859099,-355883.23760848294478,-355499.97201841749484
0.24097064919013921891,384.92603436872275324,-355884.89803923328873,-355499.97200486453949
0.24116576608853901309,386.56518757731782898,-355886.5371813759557,-355499.97199379862286
0.24136039334431691472,388.19491246898564896,-355888.16689754702384,-355499.97198507800931
0.24155461349028353735,389.82362721597502286,-355889.79560681176372,-355499.97197959577898
0.24174849810495135927,391.45591396181362143,-355891.42788986186497,-355499.97197590005817
0.24194210991263256916,393.09371494062008878,-355893.06568872055504,-355499.97197377996054
0.2421355041185614676,394.73678266082288246,-355894.70875582279405,-355499.9719731619698
0.24232872945577721424,396.38282576000591462,-355896.35479985055281,-355499.97197409055661
0.24252182910792366433,398.02757884814087674,-355897.99955460510682,-355499.97197575698374
0.24271484169098211936,399.66566841839409108,-355899.63764633599203,-355499.9719779175939
0.24290780211912069153,401.22763556245041627,-355901.19827951455954,-355499.97064395208145
0.24310077822677400583,402.77726606525726538,-355902.74791532196105,-355499.97064925672021
0.24329379372141118898,404.26372111042218194,-355904.23370787070598,-355499.96998676029034
0.24348689953960395149,405.71431941087706718,-355905.68431175494334,-355499.96999234409304
0.24368012351355608502,407.12579955912934793,-355907.09579728246899,-355499.96999772335403
0.24387348943659237221,408.48832782812729647,-355908.45833066856721,-355499.97000284044771
0.24406702149266690238,409.79249808760476981,-355909.76250567822717,-355499.97000759060029
0.24426074436877004414,411.02951438722681132,-355910.99952597951051,-355499.97001159226056
0.24445468334956557688,412.1915571614114242,-355912.16157209617086,-355499.97001493477728
0.2446488644294096404,413.27177033667106798,-355913.24178794084582,-355499.97001760418061
0.24484331438335205089,414.26427081247408069,-355914.23429038492031,-355499.97001957247267
0.24503806079555534581,415.16415091963648365,-355915.13417193252826,-355499.97002101287944
0.2452331320650667501,415.96732220107429612,-355915.93734411423793,-355499.97002191317733
0.24542855739680080607,416.6704515176284076,-355916.64047396497335,-355499.97002244734904
0.24562436676722673723,417.27083409198235131,-355917.24085653480142,-355499.97002244280884
0.24582059089418661912,417.7665417334732183,-355917.73656360484893,-355499.97002187138423
0.24601726119019903805,418.15569588895073139,-355918.12582195870345,-355499.97012606973294
0.24621440986849099652,418.38870151014100429,-355918.36117889056914,-355499.97247738041915
0.2464120812813647976,418.42318795217641991,-355918.39564063434955,-355499.97245268215192
0.24661034682377749871,418.29629029723417943,-355918.26863836485427,-355499.97234806761844
0.24680925253728847046,418.0437648871698002,-355918.01611371105537,-355499.97234882391058
0.24700884711064205468,417.6656219577849356,-355917.63797111052554,-355499.97234915272566
0.24720918271398331645,417.16016538912299438,-355917.13251432683319,-355499.97234893770656
0.2474103152297933983,416.52638656622104918,-355916.49873473879416,-355499.97234817256685
0.24761230426781166702,415.76450566309409851,-355915.73684895393671,-355499.97234329086496
0.24781521282326407496,414.87866718055283854,-355914.8510046263691,-355499.97233744582627
0.24801910506026647596,413.87484142775696228,-355913.84717248479137,-355499.97233105701162
0.24822404538721851153,412.75964164836364034,-355912.73196609015577,-355499.97232444176916
0.24843009837964893927,411.539986738846153,-355911.5123056495795,-355499.97231891076081
0.24863732875688759894,410.22183031317291579,-355910.19414419395616,-355499.97231388080399
0.24884580215433427242,408.81056039944598979,-355908.7828691235045,-355499.9723087240709
0.24905558566264751619,407.31178089914544671,-355907.28408445313107,-355499.97230355400825
0.24926674783576202588,405.73123280782209577,-355905.70353136147605,-355499.97229855367914
0.24947935881056748642,404.07455524848728601,-355904.04684911487857,-355499.97229386639083
0.249693490642098892,402.34715288212538553,-355902.31944221328013,-355499.97228933114093
0.24990921777661678771,400.50954990523956667,-355900.4820021049818,-355499.97245219972683
0.25012661743359332345,398.60971812193332653,-355898.58216706349049,-355499.97244894155301
0.25034577005360664215,396.66417653014059397,-355896.63662210648181,-355499.9724455763353
0.25056675983165738186,394.6659180410572958,-355894.6384227204835,-355499.97250467940466
0.25078967536013790918,392.60962833768797964,-355892.58212936948985,-355499.97250103182159
0.25101461035434979863,390.49582656132531611,-355890.46784064418171,-355499.97201408282854
0.2512416643228382318,388.33198031293403574,-355888.30399079795461,-355499.97201048501302
0.25147094322248175757,386.1236632641313804,-355886.09606272395467,-355499.97239945980255
0.25170256010194447249,383.86468247045354474,-355883.83707765617874,-355499.97239518573042
0.25193663558489470811,381.58828037821365342,-355881.56067030015402,-355499.97238992195344
0.25217329801145249579,379.30348784617245883,-355879.27587140561081,-355499.97238355944864
0.25241268318587817276,377.02142504572458392,-355876.99380076222587,-355499.97237571649021
0.25265493350875595224,374.75195549455946775,-355874.72440788208041,-355499.97245238750475
0.2529001963245215423,372.48118062695527897,-355872.45361403602874,-355499.97243340907153
0.25314862176591534926,370.26588127669327832,-355870.23830366344191,-355499.97242238675244
0.2534003597641401595,368.12720542347545916,-355868.09961587539874,-355499.97241045191186
0.25365555609705081608,366.08868978535548422,-355866.06108796573244,-355499.97239818039816
0.2539143472393396439,364.17556000255495974,-355864.14794641442131,-355499.97238641185686
0.2541768542522177543,362.41362630600582406,-355862.38600190868601,-355499.97237560269423
0.25444317609116090528,360.82859060037441168,-355860.80095664656255,-355499.97236604616046
0.25471338256806552724,359.44490032716595351,-355859.41726090630982,-355499.97236057912232
0.25498750749429077711,358.28247164498947086,-355858.25483117869589,-355499.97235953371273
0.2552655423636279175,357.35521596070657324,-355857.32758097851183,-355499.97236501780571
0.25554743159217774284,356.64556164972407259,-355856.61821215774398,-355499.97265050804708
0.25583307039380853709,356.17578729649329716,-355856.14845154457726,-355499.97266424808186
0.256122305221564317,355.93997116684232651,-355855.91265460994327,-355499.97268344310578
0.25641493754170519015,355.92017295014653655,-355855.89287842286285,-355499.97270547272637
0.25671073065530797264,356.09218183573904071,-355856.0649108865764,-355499.97272905084537
0.257009419240609438,356.42764702427336942,-355856.40039906738093,-355499.97275204310426
0.25731072131739035624,356.89700100943406369,-355856.86977205786388,-355499.97277104842942
0.25761435024135026506,357.45871182552883738,-355857.43131685565459,-355499.97260503011057
0.25792002602506486353,358.0638076755876682,-355858.0364264654927,-355499.97261878987774
0.25822748611930251839,358.72360003448733323,-355858.69622866425198,-355499.9726286297664
0.25853649470298112334,359.42163173555320554,-355859.39426637615543,-355499.97263464058051
0.25884684823412601462,360.14625177633331532,-355860.11889000667725,-355499.97263823036337
0.25915837800820856751,360.87369091753674866,-355860.84627957723569,-355499.9725886596716
0.2594709489724750795,361.57863358452584635,-355861.55140108976047,-355499.97276750521269
0.25978444934977379388,362.2930813382330939,-355862.26584213459864,-355499.97276079637231
0.26009878516281809135,363.02905653466609692,-355863.00181038596202,-355499.97275385126704
0.26041387728184528516,363.79192972288655028,-355863.76467933086678,-355499.97274960798677
0.26072965825679639273,364.58409576553657416,-355864.55684298730921,-355499.97274722176371
0.261046072980363697,365.40505284744341452,-355865.37779975362355,-355499.97274690616177
0.26136307785192436359,366.25136142883604862,-355866.22411019355059,-355499.97274876473239
0.2616789260258465255,367.11149291036019804,-355867.08424661873141,-355499.97275370836724
0.26199314635540632556,367.97334197652219245,-355867.94610127492342,-355499.97275929839816
0.26230603643367761402,368.8254211852587332,-355868.7981871124357,-355499.972765927203
0.26261785909998813793,369.65487158801221312,-355869.62764514156152,-355499.97277355357073
0.26292884846666109144,370.4378280338283389,-355870.41099995211698,-355499.97317191830371
0.2632392148069795379,371.11396578678994729,-355871.08700900606345,-355499.97304321924457
0.26354914857688394036,371.7115390993035362,-355871.68458836921491,-355499.97304926993093
0.26385882156341644578,372.20077811434271098,-355872.17368928372161,-355499.97291116940323
0.2641684618309541599,372.56717820827282139,-355872.54009646462509,-355499.97291825636057
0.26447827687972685906,372.85363190542648226,-355872.8265562937595,-355499.97292438830482
0.26478835316794735455,372.99852274689084197,-355872.97367779462365,-355499.97515504772309
0.26509890338859021242,372.99693860698067738,-355872.97241312242113,-355499.97547451546416
0.26541011427336380635,372.81470762490545212,-355872.79032620030921,-355499.97561857540859
0.26572211788927863063,372.49734900764269696,-355872.47297028725734,-355499.9756212796201
0.26603505484905459744,371.99531690257248329,-355871.9695316539146,-355499.9742147513316
0.26634907629621890068,371.34083464991050505,-355871.31505094486056,-355499.97421629494056
0.26666434600604527194,370.54574716794479627,-355870.51996381994104,-355499.97421665198635
0.26698104249651727349,369.5796497526322355,-355869.55583113053581,-355499.97618137788959
0.26729936117910618742,368.40717848432740311,-355868.38335996161913,-355499.97618147730827
0.26761951681547702098,367.0694444505051024,-355867.0456252094591,-355499.97618075896753
0.26794174668774123349,365.56472356308677263,-355865.54090299463132,-355499.97617943154182
0.26826631361787678376,363.89208371853572999,-355863.86826066370122,-355499.97617694514338
0.26859350892568334412,362.05089041837811692,-355862.02772396930959,-355499.97683355095796
0.26892365588817418454,360.00029277673536399,-355859.97623003990157,-355499.975937263167
0.26925711646697081392,357.77658662550612689,-355857.75252020475455,-355499.97593357926235
0.2695942982265491783,355.38024564410000039,-355855.35541164083406,-355499.97516599675873
0.26993565975162664428,352.76604049935411922,-355852.74121621937957,-355499.97517571999924
0.27028135571313721686,349.98759496896826704,-355849.96276082732948,-355499.97516585834092
0.27063057024372894066,347.06651677664763156,-355847.04166995058767,-355499.97515317396028
0.27098380468831712031,343.97547084568435594,-355843.94824433745816,-355499.9727734917542
0.27134164376639580141,340.76275352490438308,-355840.73599174775882,-355499.97323822288308
0.27170476908926255444,337.44370422360731254,-355837.41691777989035,-355499.97321355628083
0.27207397493407275979,334.11263471515860601,-355834.0858040668536,-355499.97316935169511
0.27245019189693558959,330.79765661835887158,-355830.77079607138876,-355499.97313945303904
0.27283451684990356334,327.56454161291634364,-355827.53764894860797,-355499.97310733568156
0.27322407456504355094,324.49929959917164979,-355824.47237517870963,-355499.97307557956083
0.27361465217268526873,321.6927304625211832,-355821.66577690985287,-355499.97304644732503
0.27400632854292011897,319.19481428643746312,-355819.16783502668841,-355499.97302074026084
0.27439917983075490238,317.05036013294409258,-355817.02335909649264,-355499.97299896355253
0.27479328056806301417,315.29771803894055893,-355815.27070081239799,-355499.97298277344089
0.27518870474727563646,313.96647890216115684,-355813.93945276970044,-355499.97297386755235
0.27558552634300031992,313.07503771642598167,-355813.04801023611799,-355499.97297251969576
0.27598381956666129255,312.5979643528370957,-355812.56985793635249,-355499.9718935835408
0.27638365882106180615,312.52744447599201294,-355812.49935251881834,-355499.97190804284764
0.27678511869775640486,312.86841534462303116,-355812.84034575335681,-355499.9719304087339
0.27718827378173926945,313.58846918936342263,-355813.5604291302152,-355499.97195994085632
0.27759319820685557367,314.64340940570610883,-355814.61540318862535,-355499.97199378290679
0.27799996745699939726,315.94221046689420973,-355815.91468888451345,-355499.97247841762146
0.2784086614054250286,317.42499072851461506,-355817.39728884317447,-355499.97229811467696
0.27881955293215354708,319.05911268566239869,-355819.0314469076111,-355499.97233422193676
0.27923279656620492162,320.77616562734658601,-355820.74839599750703,-355499.97223037015647
0.27964851905269344501,322.50693337640444724,-355822.47919358569197,-355499.9722602092661
0.2800629465496221604,324.20078345314414037,-355824.17337595345452,-355499.97259250032948
0.2804707422503728842,325.74458892817074229,-355825.71730958228,-355499.97272065409925
0.28087290588554397752,327.17555995804184477,-355827.14828816131921,-355499.97272820328362
0.28127026679431738065,328.47888738033640266,-355828.45161871996243,-355499.97273133962881
0.28166351881367779342,329.64662252104506024,-355829.61935400177026,-355499.97273148072418
0.2820532469510275142,330.67538833369377471,-355830.64811776275747,-355499.97272942907875
0.28243994813570355573,331.56488072817529655,-355831.53760773834074,-355499.97272701014299
0.28282404775313357836,332.31615203891897181,-355832.2888756422326,-355499.9727236033068
0.28320591320854354711,332.88889026040135377,-355832.8617233823752,-355499.97283312195214
0.28358578635271686208,333.26251015137131617,-355833.2353314969223,-355499.9728213455528
0.28396384446855033046,333.49115924337098704,-355833.46172819403,-355499.97056895063724
0.28433992213400866023,333.55353353680618511,-355833.5241001159884,-355499.97056657919893
0.28471390810015206885,333.51874430225262813,-355833.48930780228693,-355499.97056350001367
0.2850862443878279251,333.36051549318568732,-355833.33094399125548,-355499.97042849805439
0.28545732592660078009,333.11108154182829821,-355833.08170346240513,-355499.97062192059821
0.28582749630957543507,332.70929052169088891,-355832.67988001531921,-355499.97058949363418
0.28619705060239736261,332.18313899738444661,-355832.1536653310759,-355499.97052633366548
0.28656624074032405192,331.49245603215814526,-355831.46105537441326,-355499.96859934227541
0.28693542702351965135,330.69129607146453509,-355830.66010433016345,-355499.96880825870903
0.28730490303794931073,329.80974994607208828,-355829.77855822944548,-355499.96880828338908
0.28767476044681644654,328.8733535632661642,-355828.84216235706117,-355499.96880879381206
0.28804508065698708474,327.85716160032342259,-355827.8261159514077,-355499.96895435109036
0.28841593581458585538,326.76991201042778812,-355826.73886789625976,-355499.96895588585176
0.28878739027959948737,325.62073613261600258,-355825.58969344326761,-355499.96895731065888
0.28915950361785885958,324.40791850287592979,-355824.37687696947251,-355499.96895846660482
0.28953233202276634772,323.13027919552274625,-355823.09923842019634,-355499.96895922470139
0.2899059291475739597,321.78746331709800188,-355821.75642209179932,-355499.96895877469797
0.29028034709643540934,320.36412331516470431,-355820.33324110880494,-355499.96911779366201
0.29065563762648261026,318.8698601442264362,-355818.83897670847364,-355499.969116564258
0.29103185291707023286,317.31633993666048354,-355817.28545369766653,-355499.96911376097705
0.29140904629748515253,315.70808760643012647,-355815.67727479268797,-355499.96918718627421
0.29178727283165339923,313.99881099731840095,-355813.96859610767569,-355499.96978511038469
0.29216658971766557018,312.25213205215493417,-355812.22197428485379,-355499.96984223270556
0.29254710130030447957,310.43066757778223064,-355810.40067438856931,-355499.97000681079226
0.29292904454968865524,308.58833829955597139,-355808.55807269003708,-355499.96973439049907
0.29331251278362630019,306.75043612827511197,-355806.72015665576328,-355499.96972052747151
0.29369760828522467611,304.96380238597868129,-355804.93350757000735,-355499.96970518404851
0.29408444295909069721,303.25437308147650128,-355803.22406206047162,-355499.9696889789775
0.29447314005790720115,301.63256218258993613,-355801.60194969759323,-355499.96938751498237
0.29486384299641138496,300.12020426881616686,-355800.08956584299449,-355499.96936157415621
0.29525672102300820621,298.72570252902301036,-355798.69458499376196,-355499.96888246474555
0.29565216598669291637,297.45650190933872636,-355797.42533247696701,-355499.96883056760998
0.29605068029141073938,296.34002466320947633,-355796.30898974684533,-355499.96896508365171
0.29645261335044120754,295.40524061650552312,-355795.37420455453685,-355499.96896393800853
0.29685833567311425973,294.65980547132647871,-355794.6287733836798,-355499.96896791236941
0.29726824255020017906,294.10087095494088771,-355794.06984969612677,-355499.96897874120623
0.29768276031533691395,293.71394169455442125,-355793.68363698467147,-355499.96969529014314
0.29810236132963024991,293.43635321042756914,-355793.40614986646688,-355499.96979665604886
0.29852757486012626575,293.29913532814481414,-355793.26890867354814,-355499.96977334539406
0.29895899668385805814,293.19461527490159369,-355793.16507477755658,-355499.97045950265601
0.29939730157824712142,293.16242373404810451,-355793.13290165597573,-355499.97047792194644
0.2998350089217957648,293.17743308613302133,-355793.14792620873777,-355499.97049312258605
0.30025904941706466067,293.19810173806962439,-355793.16843299567699,-355499.97033125761664
0.30067163323897061478,293.19308636302355353,-355793.16342255263589,-355499.97033618960995
0.30107454142181422352,293.17403756040249618,-355793.14437790255761,-355499.97034034214448
0.30146922899487077485,293.13315399348493884,-355793.10349593724823,-355499.97034194378648
0.30185689854064495785,293.06646515360353078,-355793.03735912265256,-355499.97089396906085
0.30223855457426651583,292.93895855624964497,-355792.90918727428652,-355499.97022871801164
0.30261504447528581041,292.79226052299844696,-355792.76248586596921,-355499.97022534295684
0.30298708983107786041,292.63150780804738815,-355792.60172894387506,-355499.97022113582352
0.30335531036663532234,292.46165384575749613,-355792.43186992150731,-355499.97021607577335
0.30372024293700472519,292.28862687236835427,-355792.25883778824937,-355499.97021091589704
0.30408235664548116661,292.11853297976648491,-355792.08873895485885,-355499.97020597511437
0.30444206485675684437,291.95712474516159318,-355791.92732517316472,-355499.97020042798249
0.30479973498722839897,291.80724953233777796,-355791.77744322526269,-355499.97019369294867
0.30515569658933455743,291.64451727949699489,-355791.61489788233303,-355499.97038060281193
0.30551024810399279863,291.4826053783719999,-355791.45285792730283,-355499.97025254892651
0.30586366282655158555,291.32740389547541326,-355791.29765478789341,-355499.97025089239469
0.30621619499746827175,291.13165668317719792,-355791.10243173403433,-355499.97077505086781
0.30656835870158294366,290.92986157559289495,-355790.90063843881944,-355499.97077686322154
0.30692048913997327375,290.73277650667859007,-355790.70355568407103,-355499.97077917738352
0.3072728820198696309,290.50082079671307156,-355790.47216523985844,-355499.97134444315452
0.30762602496702223798,290.25210460788457567,-355790.22345395956654,-355499.97134935169015
0.30798031462190245122,290.00477663795817307,-355789.97613080602605,-355499.97135416808305
0.30833605330030766645,289.75186801168587181,-355789.72322704817634,-355499.9713590365136
0.30869357177592821051,289.48623544369189631,-355789.45759970095241,-355499.97136425727513
0.3090532341376813763,289.19889621430809257,-355789.17121192632476,-355499.97231571201701
0.30941544458243464,288.84525921986119101,-355788.81697834923398,-355499.97171912936028
0.30978065519934133709,288.45128338894909348,-355788.42302248196211,-355499.97173909301637
0.31014937514091239779,288.01779290520846644,-355787.98953547980636,-355499.97174257459119
0.31052218156997146714,287.54237112014192235,-355787.51411584031302,-355499.97174472018378
0.31089973284972027834,287.02145281951567313,-355786.99319765414111,-355499.97174483462004
0.31128278488498578591,286.45430749734316578,-355786.42604940989986,-355499.97174191253725
0.31167221168525938158,285.84426099397830967,-355785.81599690625444,-355499.97173591225874
0.31206902933879315798,285.1991582395377236,-355785.17088512599003,-355499.97172688646242
0.31247442486211290946,284.53180291764073218,-355784.50351735076401,-355499.97171443310799
0.31288979143634143565,283.86064735120339719,-355783.83235981565667,-355499.97171246446669
0.31331677112579292555,283.20402524865471605,-355783.17570488515776,-355499.97167963651009
0.31375730595490991526,282.58755274257345036,-355782.5591426466126,-355499.97158990404569
0.31421369739279669808,282.00717317385624483,-355781.97873198392335,-355499.9715588100953
0.31468867297919389525,281.55942919154864512,-355781.5310817231657,-355499.97165253158892
0.31516239259989070609,281.28493416823545203,-355781.2555390697089,-355499.97060490149306
0.31563297703334602939,281.17954935761230217,-355781.1501414696686,-355499.9705921120476
0.31610102072731011136,281.32626263798454147,-355781.29685182363028,-355499.97058918565745
0.31656702340449666133,281.72370299897420409,-355781.69404104567366,-355499.97033804672537
0.31703139703684374284,282.29453498186188654,-355782.26301678980235,-355499.96848180796951
0.31749508914086255196,283.0807793202988023,-355783.04928525496507,-355499.96850593463751
0.31795826510813157695,284.04589892072920065,-355784.01443261577515,-355499.96853369503515
0.31842106870928704732,285.12753229436361835,-355785.09611363959266,-355499.96858134522336
0.31888362347143683895,286.27999908619074176,-355786.24861077318201,-355499.96861168701435
0.31934603564375879658,287.46380234314477775,-355787.43244137067813,-355499.96863902756013
0.3198084008888699703,288.63264584267244572,-355788.60130778490566,-355499.96866194222821
0.3202583963155864466,289.69756489412850442,-355789.66614007216413,-355499.96857517806347
0.32069599619451394368,290.61504425083506931,-355790.58363102242583,-355499.96858677157434
0.32112333637511397688,291.40447792112723846,-355791.37262013927102,-355499.96814221813111
0.32154213506578394055,292.04571147163665046,-355792.0138557399041,-355499.96814426826313
0.32195379385482159051,292.5700582233674254,-355792.53815813962137,-355499.96809991623741
0.32235947009481552561,292.95167404072788031,-355792.91958597319899,-355499.9679119324428
0.3227601299402012569,293.22881618929085334,-355793.19672428176273,-355499.96790809248341
0.32315658777191397233,293.40798591433417641,-355793.37588936090469,-355499.96790344658075
0.3235495360441598689,293.49608446222077873,-355793.46398321137531,-355499.96789874916431
0.32393956833035386644,293.49988608994078731,-355793.46778008033289,-355499.96789399039699
0.32432719745026727942,293.4259006852875018,-355793.39379026275128,-355499.96788957744138
0.32471287010527027928,293.28010735612343751,-355793.24799271748634,-355499.96788536134409
0.32509697890604277726,293.06804437355668824,-355793.03592603956349,-355499.96788166603073
0.32547987216903551122,292.79448278547579321,-355792.76236138655804,-355499.96787860110635
0.32586186254754534453,292.46332065826163671,-355792.43119677697541,-355499.96787611872423
0.32624323448209896492,292.0508927139392199,-355792.02020561357494,-355499.96931289962959
0.3266243909648779975,291.52092582564461054,-355791.49158402218018,-355499.97065819654381
0.32700572949891820729,290.85417635552113325,-355790.82702490023803,-355499.97284854471218
0.32738771111282294335,290.10350068696442349,-355790.07633285562042,-355499.97283216862706
0.32777067940523063605,289.27267746716734109,-355789.24553302454296,-355499.97285555739654
0.32815491289176723644,288.37163761680864127,-355788.34449630929157,-355499.97285869246116
0.32854071574631971142,287.3948967117300981,-355787.36845378973521,-355499.97355707798852
0.32892842365716434827,286.30588238377833932,-355786.2789284826722,-355499.97304609889397
0.32931841122362798258,285.13496819215203004,-355785.10801716358401,-355499.97304897144204
0.32971109993513625369,283.87854994667679875,-355783.85160052438732,-355499.97305057768244
0.33010696672159201004,282.53354313026676436,-355782.50659457384609,-355499.97305144357961
0.3305065540581625938,281.09766740288347364,-355781.07071866816841,-355499.97305126528954
0.33091048213959983748,279.56979304085700733,-355779.54284256504616,-355499.97304952418199
0.33131946401363171484,277.95053440483093254,-355777.92358098505065,-355499.97304658021312
0.33173432396841290304,276.24207171561863561,-355776.21511406567879,-355499.97304235008778
0.33215601987199494527,274.44851712926987375,-355774.42154065362411,-355499.97302352433326
0.3325856709660287569,272.54401189669630412,-355772.51717552775517,-355499.97316363104619
0.33302459209366658266,270.5540149422668037,-355770.52690761041595,-355499.97289266815642
0.33347433662530012732,268.48545294320098265,-355768.45839767582947,-355499.97294473263901
0.3339367560670632451,266.37568123373330309,-355766.34859975468135,-355499.9729185209726
0.3344136391396517749,264.27928032382993706,-355764.2523739245371,-355499.97309360071085
0.3348910259515515131,262.29258190725767008,-355762.26540781528456,-355499.97282590804389
0.33536898200062553732,260.48808407844688873,-355760.46088025753852,-355499.97279617906315
0.33584754812290545933,258.9139862939636032,-355758.88675803638762,-355499.97277174243936
0.33632674815260210632,257.61056992527539933,-355757.58332344377413,-355499.97275351849385
0.33680660199269352173,256.60789339083873983,-355756.58063682721695,-355499.97274343640311
0.33728712716726239051,255.92341928891050884,-355755.89616033586208,-355499.97274104697863
0.33776833864503263971,255.56145098705533769,-355755.53419939253945,-355499.9727484054747
0.33825024895887068066,255.51117917640814881,-355755.48394412593916,-355499.97276494954713
0.33873287009332325725,255.74755409638265746,-355755.72018019662937,-355499.97262610023608
0.3392162145443385346,256.15950762357300619,-355756.13200952555053,-355499.97250190196792
0.33970029652322597524,256.75743230683053753,-355756.73023178998847,-355499.97279948316282
0.34018513290396162896,257.4904490428272652,-355757.46305719739757,-355499.97260815458139
0.34067074397179730738,258.33572119973854342,-355758.30835706624202,-355499.97263586649206
0.34115715479648101027,259.24788479378059947,-355759.22054470016155,-355499.97265990637243
0.3416443962651729005,260.18494644970166974,-355760.15762638190063,-355499.9726799321943
0.34212079132573358642,261.07522693131141978,-355761.04772149363998,-355499.97249456233112
0.34258602040148705692,261.89444353142096134,-355761.86694863508455,-355499.97250510368031
0.34304200662627742924,262.63978396878064814,-355762.61229595937766,-355499.97251199057791
0.34349031903290894174,263.30200603650769153,-355763.27452173642814,-355499.97251569991931
0.3439322540778358972,263.8762601148334852,-355763.84877718403004,-355499.97251706919633
0.34436889431128830941,264.35011984119171302,-355764.32263629429508,-355499.97251645312645
0.34480115199019178984,264.72770090110662977,-355764.70021664153319,-355499.97251574043185
0.34522980280407983278,265.00435315461623986,-355764.97705554700224,-355499.97270239237696
0.34565551212250050783,265.16968282043700356,-355765.14238333853427,-355499.97270051809028
0.34607885543324323763,265.21847828826321347,-355765.19117546197958,-355499.97269717371091
0.34650033496859017346,265.12636855010623549,-355765.098114543478,-355499.97174599335995
0.34692039355783671484,264.9200775634301408,-355764.89181946287863,-355499.97174189944053
0.34733942579887977509,264.62319342620054385,-355764.59493089281023,-355499.97173746663611
0.34775778741256568871,264.18066241318109633,-355764.14998986816499,-355499.96932745497907
0.34817618849629983213,263.66217156319140713,-355763.63149641349446,-355499.96932485030266
0.34859487475716371963,263.08356892251566705,-355763.05289126344724,-355499.96932234091219
0.34901403614937809294,262.40356651327982718,-355762.37536966794869,-355499.97180315467995
0.34943415580797132503,261.56673854728256856,-355761.53978309442755,-355499.97304454713594
0.34985576900514098186,260.66170370078975793,-355760.63474906072952,-355499.97304535994772
0.35027923801302152107,259.69028879836656643,-355759.66333434928674,-355499.97304555092705
0.35070496521428573544,258.6520093932290365,-355758.62505475175567,-355499.97304535855073
0.35113340079181515341,257.54688104673726912,-355757.51992566615809,-355499.97304461942986
0.35156505239805213581,256.3756379823454381,-355756.34868076455314,-355499.97304278222146
0.35200049668825283966,255.14029168768618661,-355755.11333164398093,-355499.97303995629773
0.35244039298992640985,253.84413672395564276,-355753.81717269960791,-355499.97303597565042
0.35288549964250170987,252.49213109340274741,-355752.46516136644641,-355499.97303027304588
0.35333669162582126422,251.08897392614821342,-355751.06201130081899,-355499.97303737467155
0.35379498397178971159,249.63863373615683372,-355749.61167132190894,-355499.97303758573253
0.3542615630347688005,248.16221852125303826,-355748.13537636736874,-355499.97315784613602
0.35473782606312576071,246.62831877988153906,-355746.6010546675534,-355499.97273588768439
0.35522543296088199272,245.10428750752484461,-355745.07700745051261,-355499.97271994297625
0.35572365010973971966,243.62736287163534143,-355743.60006393381627,-355499.97270106215728
0.35622382545169134493,242.23164768084214415,-355742.20444809045875,-355499.97280040959595
0.35672608168797176331,240.94080062453946312,-355740.91363171645207,-355499.97283109190175
0.35723055075943577208,239.82908120784932748,-355739.80189594964031,-355499.97281474177726
0.3577373758788326974,238.92579118365506474,-355738.89858443953563,-355499.97279325587442
0.35824671420263431987,238.24598731417944464,-355738.21877822815441,-355499.97279091394739
0.35875873911459410515,237.8138982815560496,-355737.78668562648818,-355499.97278734494466
0.35927364221586816084,237.62736350863255552,-355737.60053163731936,-355499.97316812869394
0.35979183699726685619,237.63562343841084612,-355737.6088019022136,-355499.97317846381338
0.36031447494918689145,237.88028478692257295,-355737.85348100383999,-355499.97319621691713
0.36084213579150170581,238.33955493313067109,-355738.31277523300378,-355499.97322029987117
0.36137549663406176581,238.9817237191916206,-355738.95497249870095,-355499.97324877948267
0.36191534975840161659,239.76747398288739532,-355739.74075434892438,-355499.97328036604449
0.36246262443582538681,240.61654645142513687,-355740.58945485157892,-355499.97290840017376
0.36301842191907796042,241.51361566215757648,-355741.48655487189535,-355499.97293920972152
0.36357584635724443656,242.40383343202557853,-355742.37679818831384,-355499.97296475630719
0.36411328020902372637,243.21275605046344026,-355743.18573781463783,-355499.97298176417826
0.36463446398756260702,243.92176904275129345,-355743.89476164663211,-355499.97299260389991
0.36514232222931186644,244.52160384352694678,-355744.49460119451396,-355499.97299735096749
0.3656391900950524132,245.01055208319959888,-355744.98354958323762,-355499.97299750003731
0.36612696214828621688,245.39227208449511863,-355745.36526665871497,-355499.97299457422923
0.36660719527105262161,245.67376259147195583,-355745.64675185485976,-355499.97298926336225
0.36708118400800654468,245.86309699124532813,-355745.83675741276238,-355499.97366042149952
0.36755001622973293429,245.93927375404078361,-355745.91243576270062,-355499.97316200868227
0.36801461504538895975,245.94867225764579644,-355745.92182607518043,-355499.9731538175256
0.36847577071408316174,245.88783513707886641,-355745.86050063034054,-355499.97266549326014
0.36893416553780650213,245.71056692959845691,-355745.68322567944415,-355499.97265874984441
0.36939039375468846194,245.50465877433214246,-355745.4778087863815,-355499.97315001202514
0.36984497806764038419,245.22319302936409713,-355745.19602426863275,-355499.97283123928355
0.37029838331264802731,244.9054655734709911,-355744.87658252276015,-355499.97111694928026
0.37075115961542853826,244.52921111991281578,-355744.50032742816256,-355499.97111630823929
0.37120407286814222081,244.16570169303884086,-355744.13681861752411,-355499.97111692448379
0.37165734745101169922,243.81319055236377835,-355743.78437576873694,-355499.97118521638913
0.37211120691385007886,243.43535090065626036,-355743.40730128064752,-355499.97195038001519
0.37256595451987062351,242.97094335211630778,-355742.94289805419976,-355499.97195470210863
0.37302248302244433997,242.4865480720453661,-355742.45853712281678,-355499.97198905079858
0.37348122572069447633,241.96441156976857201,-355741.93638507003197,-355499.97197350027272
0.37394266431231576453,241.40506289514385685,-355741.3770409746794,-355499.97197807952762
0.37440734015375859434,240.80249610167425089,-355740.77447860932443,-355499.97198250767542
0.37487586723279542333,240.13810493161855675,-355740.11009246530011,-355499.97198753367411
0.37534894742554286706,239.41165326133588565,-355739.38364344253205,-355499.97199018119136
0.37582738957215749975,238.62152480263358711,-355738.59370369603857,-355499.97217889339663
0.37631213376944894211,237.73484464813529371,-355737.70663251745282,-355499.97178786928998
0.37680427996916426858,236.77630421012193551,-355736.74808975635096,-355499.97178554622224
0.37730512382431830032,235.74617718947581579,-355735.71795795822982,-355499.97178076877026
0.37781620279701561005,234.64741431919389925,-355734.61918763507856,-355499.97177331586136
0.3783393562760758444,233.46788987990098008,-355733.43978670123033,-355499.97189682134194
0.37887680522460509547,232.20545188382192237,-355732.17733640177175,-355499.97188451793045
0.37943126746411537376,230.89907536780046371,-355730.87094426201656,-355499.97186889423756
0.38000611284962299008,229.56839025772947593,-355729.5402806858765,-355499.97189042816171
0.38058609812941157635,228.27130706129912596,-355728.24313402309781,-355499.97182696178788
0.38116293252265376346,227.06616854264390781,-355727.03797917219345,-355499.97181062953314
0.38173765327123049262,225.95946052222913636,-355725.93273449066328,-355499.97327396844048
0.38231155554717793921,224.94748962287312111,-355724.92075374396518,-355499.97326412110124
0.38288612338264771395,224.10337047240358288,-355724.07662782573607,-355499.97325735335471
0.38346178643013645315,223.43722915924738004,-355723.41048437886639,-355499.97325521963648
0.38403889808854274612,222.93612347314621047,-355722.90949748037383,-355499.97337400721153
0.38461774783805174893,222.60010654446281819,-355722.57348923932295,-355499.97338269487955
0.38519858918843474793,222.42241862779982853,-355722.39581437385641,-355499.97339574608486
0.38578164636060285897,222.38189776858553159,-355722.35530836530961,-355499.97341059672181
0.38636711716992461207,222.45285313761169732,-355722.42632945405785,-355499.97347631643061
0.38695517568373216655,222.58634988795051868,-355722.55971460550791,-355499.97336471755989
0.38753927970405777081,222.7528230519948238,-355722.72620206413558,-355499.97337901213905
0.38810379800822386587,222.92100197806226447,-355722.89460557885468,-355499.97360360081075
0.38865235386774615867,223.07258520370152155,-355723.04634284728672,-355499.97375764360186
0.38918780781604001007,223.18737718029126427,-355723.16107675380772,-355499.97369957354385
0.38971246251963403973,223.25531279906903137,-355723.22895021381555,-355499.97363741474692
0.39022819949413573015,223.2905043599846806,-355723.26414226379711,-355499.97363790380768
0.39073657589603122409,223.29059789679163828,-355723.26423511642497,-355499.97363721963484
0.3912388950351382011,223.2549620055693822,-355723.22859772876836,-355499.97363572317408
0.39173625877825518637,223.13986952824865284,-355723.11352222104324,-355499.97365269280272
0.39222960689087638109,222.97147365482462078,-355722.94517890422139,-355499.97370524937287
0.39271974780679386186,222.76226230792190108,-355722.73596554493997,-355499.97370323701762
0.39320738367925328616,222.52617718936147639,-355722.49987846170552,-355499.97370127233444
0.39369313055628391007,222.26455486413786389,-355722.23825466190465,-355499.97369979775976
0.39417753482624162675,221.94500450001694958,-355721.91904303408228,-355499.97403853404103
0.39466145099719901479,221.57248997835313276,-355721.54652948165312,-355499.974039503315
0.39514554946051860806,221.19023644139846851,-355721.16427769855363,-355499.97404125717003
0.39563009132716264737,220.79543450292408124,-355720.76947795355227,-355499.97404345060932
0.39611533604485510418,220.3847089274598261,-355720.35875476099318,-355499.97404583351454
0.39660154630624216976,219.9094116780659931,-355719.88191309006652,-355499.97250141197583
0.39708946906906650298,219.32809230335755046,-355719.30029239796568,-355499.9722000946058
0.39757992954118287487,218.66037589405891595,-355718.63260334194638,-355499.97222744789906
0.39807348717340951261,217.93229564750029681,-355717.9045443367213,-355499.9722486892133
0.39857077370143190187,217.11327906690488021,-355717.08527935767779,-355499.97200029075611
0.39907251015617717371,216.21393022514109816,-355716.18593098956626,-355499.97200076445006
0.39957952618313435922,215.24607549989380573,-355715.21807574742706,-355499.97200024750782
0.40009278330387942901,214.19873757743320652,-355714.17070646770298,-355499.97196889028419
0.40061340405717710267,213.06948252476723837,-355713.04144821298542,-355499.97196568822255
0.40114270893198972212,211.8721989277448472,-355711.84415953495773,-355499.97196060721762
0.40168226433853387869,210.60914875040379002,-355710.58057012484642,-355499.97142137441551
0.4022339449463933625,209.24914483428349854,-355709.22066858818289,-355499.97152375389123
0.40280001604838294726,207.84721062710875117,-355707.81872241594829,-355499.97151178884087
0.40338324711024947655,206.41843888281806585,-355706.38993542152457,-355499.97149653872475
0.403987078053606119,204.98391262380522448,-355704.95539051789092,-355499.97147789411247
0.40461584358133267925,203.56233765254901869,-355703.53363148996141,-355499.97129383741412
0.40527509091692043297,202.10691048772341105,-355702.07758389931405,-355499.97067341161892
0.40597205911474559814,200.733634906606909,-355700.70428573177196,-355499.97065082518384
0.40671645421630703288,199.50400370321523269,-355699.47463581355987,-355499.97063211037312
0.40748540471169852895,198.51742432581625053,-355698.48839620721992,-355499.97097188141197
0.40826749310421001082,197.79338947620908584,-355697.76436591154197,-355499.97097643534653
0.40906464128600350527,197.37320125963154283,-355697.34419729653746,-355499.97099603689276
0.40981521347903299146,197.23607237899256006,-355697.20722261571791,-355499.97115023672814
0.41051654807386606105,197.28916206218949014,-355697.26033834833652,-355499.97117628616979
0.4111799554365344056,197.47612941305050072,-355697.44732768763788,-355499.97119827457936
0.4118135171451483556,197.72730811315372534,-355697.69873367785476,-355499.97142556472681
0.41242321568756268313,198.01624708894161131,-355697.98768479184946,-355499.97143770288676
0.41301360306892614949,198.31047635872027968,-355698.28157364111394,-355499.97109728236683
0.41358822456250671218,198.58000471082459626,-355698.55110802582931,-355499.9711033150088
0.41414990330082457337,198.83858398330897899,-355698.80964741838397,-355499.97106343507767
0.41470092659181834183,199.05566952693953908,-355699.02649960317649,-355499.9708300762577
0.4152431739266110311,199.25509961395255232,-355699.22592947992962,-355499.97082986595342
0.41577820871995763152,199.43576559835659623,-355699.40659427829087,-355499.97082867991412
0.41630734529674068289,199.59782082119153301,-355699.56864769139793,-355499.97082687017974
0.4168316990977706249,199.74231262093135797,-355699.71313735056901,-355499.97082472965121
0.41735222581204939329,199.87074453323626244,-355699.84156726067886,-355499.97082272742409
0.41786975198355585936,199.9845676608252063,-355699.95534809865057,-355499.97078043781221
0.4183849993259142197,200.06543210335053118,-355700.03631082788343,-355499.97087872453267
0.41889860481371810064,200.09750875656999369,-355700.06908049772028,-355499.97157174116001
0.41941157642839216324,200.06719848684684848,-355700.03886963933473,-355499.97167115251068
0.41992469682671051956,200.01627251759782666,-355699.98794561927207,-355499.97167310165241
0.42043826148365437412,199.96892455278631928,-355699.94059364282293,-355499.97166909003863
0.4209525616534973147,199.9135118560677995,-355699.88520895806141,-355499.97169710200978
0.42146789043811233588,199.85174597842356548,-355699.82339680497535,-355499.97165082657011
0.42198454893500636498,199.70456410491718202,-355699.6756546695251,-355499.97109056462068
0.42250386063002293158,199.52527868763363017,-355699.49637170135975,-355499.97109301370801
0.42302649156199134683,199.31366871449864675,-355699.28476376953768,-355499.97109505505068
0.42355314019386602897,199.0660969767347126,-355699.03719407162862,-355499.97109709487995
0.42408460340069525918,198.77892856711045511,-355698.75002731534187,-355499.97109874821035
0.42462179852916670519,198.44885426180420041,-355698.41995394823607,-355499.97109968645964
0.42516579069771875954,198.07203218146452173,-355698.04306799825281,-355499.97103581676492
0.42571782691660386977,197.62008424089580672,-355697.59096201544162,-355499.97087777452543
0.42627937926582909478,197.12261952530775488,-355697.09349460172234,-355499.97087507642573
0.42685220087510666875,196.57517202648600119,-355696.54607836401556,-355499.97090633754851
0.42743839985217890742,195.95327082142696895,-355695.92416892049368,-355499.97089809906902
0.42804053692054983005,195.30555421565881602,-355695.27730345557211,-355499.97174923989223
0.42866175928245114912,194.60476801008670122,-355694.57567203388317,-355499.97090402379399
0.42930599859925105966,193.91229695006418865,-355693.88376368326135,-355499.97146673320094
0.42997825020581309508,193.22362717765957996,-355693.19461588596459,-355499.97098870831542
0.4306849742232795597,192.60286780801544637,-355692.57383941585431,-355499.97097160783596
0.43143470254119548057,192.07309191522949732,-355692.04427184548695,-355499.9711799302604
0.43223902909263922645,191.68586004475770324,-355691.65702982223593,-355499.97116977750557
0.4331041902455915471,191.50948770414356659,-355691.48073544632643,-355499.97124774218537
0.43397979706629763452,191.49333213287536637,-355691.46648011624347,-355499.97314798337175
0.43480473229310012684,191.66959199097291844,-355691.64276163501199,-355499.97316964401398
0.43556904131701051908,191.96987798425018923,-355691.94307059142739,-355499.97319260716904
0.43628736100933951381,192.32487354899149068,-355692.29705684556393,-355499.97218329657335
0.43696989661105772873,192.6735607452054353,-355692.6457612067461,-355499.97220046154689
0.43762407391701407811,193.02447417997836965,-355692.99668819899671,-355499.97221401904244
0.43825546567891610072,193.33943627887194339,-355693.31142873433419,-355499.97199245548109
0.43886836076439195153,193.61218426782320989,-355693.58418385213008,-355499.97199958428973
0.43946613633941217225,193.84318703026718822,-355693.81519062316511,-355499.97200359287672
0.44005150742146553755,194.02753227849260043,-355693.99953742139041,-355499.97200514288852
0.44062669041523772062,194.16367278166362098,-355694.13567729509668,-355499.97200451343087
0.44119351861142802607,194.25274730348198204,-355694.22474955121288,-355499.97200224775588
0.4417535261109768463,194.29776560383683659,-355694.2697648589965,-355499.97199925518362
0.44230801014717635589,194.30253767203777215,-355694.27453353704186,-355499.97199586499482
0.44285807835159807233,194.27121775800742398,-355694.24321018153569,-355499.97199242352508
0.44340468539461286301,194.20793761211604078,-355694.17992665141355,-355499.97198903927347
0.44394866214087658207,194.1166365619108376,-355694.0886225157883,-355499.97198595385998
0.44449073947592243616,193.96237835462437715,-355693.93188593222294,-355499.96950757759623
0.44503216458388539234,193.765925380246955,-355693.73543259501457,-355499.96950721478788
0.44557373038010766875,193.56364497843378558,-355693.5331529728137,-355499.96950799436308
0.44611576708082845144,193.35438170721445772,-355693.32389111595694,-355499.96950940875104
0.44665860046400951422,193.13620547618165801,-355693.10571644018637,-355499.96951096400153
0.44720255723778284951,192.90682353823601147,-355692.87633652449585,-355499.96951298625208
0.4477479721499412757,192.63079449327625525,-355692.5992126519559,-355499.96841815870721
0.44829563349388384941,192.25977607479498488,-355692.22819091507699,-355499.96841484028846
0.44884686366977405436,191.85128069133278927,-355691.81969754776219,-355499.96841685642721
0.44940242736399893531,191.40181481378920125,-355691.37023351620883,-355499.96841870242497
0.4499631988559110729,190.90819806850058171,-355690.87661820522044,-355499.96842013671994
0.45053018780188952563,190.36534698255769626,-355690.33392939122859,-355499.96858240867732
0.45110457052739566519,189.7429949222847938,-355689.71168889501132,-355499.96869397273986
0.45168772775646848228,189.07115022183700148,-355689.03991750662681,-355499.96876728476491
0.45228129242761777595,188.33174715489124651,-355688.30043609073618,-355499.96868893585633
0.45288721412650118081,187.54820779878772896,-355687.51689077232732,-355499.96868297352921
0.45350784470036076268,186.72756797637578075,-355686.69624266622122,-355499.96867468982236
0.45414605261987217588,185.8797878581970906,-355685.84845203056466,-355499.96866417239653
0.45480538039915663351,185.0189273397368197,-355684.98757834814023,-355499.96865100838477
0.45549027935016506152,184.16426268779528641,-355684.13289815827738,-355499.96863547048997
0.45620644257341319561,183.34138924758755707,-355683.3099538058741,-355499.96856455830857
0.45696129117223593941,182.53398726988535827,-355682.50302767491667,-355499.96904040500522
0.45776472393700934349,181.83431920000708715,-355681.80334484134801,-355499.96902564133052
0.45863037292717917515,181.29542658842805736,-355681.2644414290553,-355499.969014840608
0.45957771760563126406,180.97953981491144759,-355680.94855696172453,-355499.96901714679552
0.46049821097331589126,180.94228088394277165,-355680.9113147482276,-355499.96903386426857
0.46134093611430992965,181.11785800733863994,-355681.08690684649628,-355499.96904883917887
0.46212595223342661788,181.41885923593542884,-355681.38792868953897,-355499.9690694535966
0.46286677602192299874,181.79951356127489248,-355681.76860296342056,-355499.9690894021187
0.46357299726888018254,182.2052844246277914,-355682.17418293782976,-355499.96889851317974
0.46425167973423808743,182.61295585073199277,-355682.58186731068417,-355499.96891145996051
0.46490817672421913542,183.01129949486579562,-355682.98022136249347,-355499.9689218676067
0.46554664390779398886,183.38483786842269296,-355683.35376752598677,-355499.96892965753796
0.46617038290615869789,183.72263994986033708,-355683.69157528260257,-355499.96893533272669
0.46678206562643254074,184.01723183742970491,-355683.98617086000741,-355499.96893902256852
0.4673838856142174536,184.26397408564145053,-355684.23291514255106,-355499.96894105692627
0.46797766653683908755,184.46036375752663616,-355684.42930583527777,-355499.96894207777223
0.46856494174600527014,184.60513619580831346,-355684.57407880772371,-355499.96894261194393
0.4691470138102696863,184.69764469342737812,-355684.66658736986574,-355499.96894267643802
0.46972500015064111434,184.73774059899153599,-355684.70668278454104,-355499.96894218557281
0.47029986869804518701,184.72589821106737418,-355684.69483906688401,-355499.9689408558188
0.47087246656769365938,184.60623423650531549,-355684.57717922667507,-355499.97094499017112
0.47144437542376671502,184.41599563101527792,-355684.38694025785662,-355499.9709446268389
0.47201637487647751801,184.19168514587613572,-355684.16262952983379,-355499.97094438393833
0.47258883297606174567,183.92823254116729004,-355683.89898678066675,-355499.97075423947535
0.47316211386629036806,183.5958314482484468,-355683.56656188954366,-355499.97073044127319
0.47373658011555619396,183.23139160301042239,-355683.20212222205009,-355499.97073061903939
0.47431260028598903888,182.83357120133356943,-355682.80431196407881,-355499.97074076277204
0.47489055700227966739,182.34047786810188541,-355682.30936696066055,-355499.96888909256086
0.47547180485221740565,181.77177207712784934,-355681.74066194042098,-355499.9688898632885
0.47605760472312097509,181.14974791676834798,-355681.11863822472515,-355499.96889030793682
0.47664889590148629139,180.46701013515041723,-355680.43590388528537,-355499.96889375016326
0.47724676253089404199,179.71318779615964445,-355679.6820802417933,-355499.96889244561316
0.47785246798315800243,178.90317343224685942,-355678.87206362106372,-355499.96889018884394
0.47846749713162528561,178.03808921410342236,-355678.00697607727489,-355499.96888686314924
0.47909360956046742608,177.1201862240073126,-355677.08906886872137,-355499.96888264472364
0.47973290971398657723,176.15296036864270945,-355676.1218369473354,-355499.96887657867046
0.48038793901429399646,175.14217113225370781,-355675.11103956290754,-355499.96886843064567
0.48106179862357345556,174.09644486985078515,-355674.06530392437708,-355499.96885905449744
0.48175832238323629264,173.02696937916914521,-355672.99581683368888,-355499.96884745452553
0.48248233683611113642,171.94900925697174898,-355671.91784725652542,-355499.96883799956413
0.48324003210036425848,170.87460352880057712,-355670.84343066439033,-355499.96882713556988
0.48403950405621670727,169.83194322741934457,-355669.80075494223274,-355499.9688117147889
0.48489159395702918776,168.85702161695857626,-355668.8258185001323,-355499.96879688318586
0.48581130934921346043,167.98977737731698312,-355667.95856165688019,-355499.96878427953925
0.48682024571496967935,167.28012678360715881,-355667.24891062401002,-355499.96878384042066
0.48777498375077160686,166.84076050651822243,-355666.80955555988476,-355499.96879505336983
0.48865180263041702036,166.61690031714715587,-355666.58569540391909,-355499.96879508678103
0.48947048988419639137,166.52931476683602341,-355666.49814093869645,-355499.96882617188385
0.49024450621076887114,166.53840824773624263,-355666.5072507946752,-355499.96884254692122
0.49098347736862951729,166.60474555709535593,-355666.57360131217865,-355499.96885575505439
0.49169453329734652547,166.70020025643717076,-355666.6690660539316,-355499.96886579750571
0.49238310267933027564,166.80487202771286093,-355666.77374571480323,-355499.96887368708849
0.49305341839995142639,166.88651971329466051,-355666.85550787788816,-355499.96898816461908
0.4937088586663341272,166.94475157279430277,-355666.91374296456343,-355499.96899139176821
0.49435216660035613545,166.98333938810111476,-355666.95233241055394,-355499.96899302245583
0.49498560116920292673,166.9990005012944323,-355666.96799378783908,-355499.96899328654399
0.49561104596601507355,166.99041850140679344,-355666.95941110723652,-355499.9689926058054
0.49623008928373363302,166.95762617673068462,-355666.92677318444476,-355499.96914700773777
0.49684408439384453171,166.88208781581590756,-355666.85101796418894,-355499.96893014834495
0.49745419598942453021,166.78468466619384003,-355666.75361242023064,-355499.96892775403103
0.49806143674549441247,166.62992013713969186,-355666.60056620032992,-355499.9706460632151
0.49866756490390401479,166.43956133800173802,-355666.41020670137368,-355499.97064536338439
0.49927365903251114121,166.24899416573910571,-355666.21963924338343,-355499.97064507764298
0.49988013213939680446,166.05829210621078573,-355666.02897775452584,-355499.97068564832443
0.50048739568080347073,165.85710139899561,-355665.82775720808422,-355499.97065580909839
0.50109585504535891776,165.65410208599894304,-355665.62475804879796,-355499.97065596282482
0.5017059182724611377,165.44965021044103537,-355665.42030678514857,-355499.97065657470375
0.50231800497136069872,165.24291362008466422,-355665.21357159328181,-355499.97065797320101
0.5029325558445636446,164.97389058158324815,-355664.94498219958041,-355499.97109161800472
0.50355135759873170809,164.66585098273449717,-355664.63694505341118,-355499.97109407070093
0.50417577924460177385,164.33303872594214567,-355664.30413505563047,-355499.97109632968204
0.5048069575632216921,163.97247335731421458,-355663.94357150758151,-355499.97109815024305
0.50544621493810326651,163.58170909246180713,-355663.55280751478858,-355499.97109842230566
0.50609510419971459605,163.15999423970293947,-355663.13109147944488,-355499.97109723975882
0.5067554656079993336,162.70844194739675004,-355662.67953677754849,-355499.97109483013628
0.50742949961763161859,162.22978686862330733,-355662.20087771455292,-355499.97109084593831
0.50811986060632785556,161.70916214241520947,-355661.68021565466188,-355499.97105351224309
0.50882978510067333744,161.15858406960191473,-355661.12963130208664,-355499.97104723250959
0.50956326852795230664,160.60077382576176319,-355660.5718139433302,-355499.97104011755437
0.51032533179542893809,160.05825518083858583,-355660.0292827312951,-355499.97102755046217
0.51112240567267464009,159.55363898832990799,-355659.52465207967907,-355499.97101309132995
0.51196288889763930108,159.11673054364300128,-355659.0877290245262,-355499.97099848085782
0.51285800718807139642,158.77660343507906759,-355658.74768589960877,-355499.9710824645008
0.51382325963289432469,158.55780417699062923,-355658.52887628995813,-355499.97107211296679
0.51488091213556763659,158.54878120988360024,-355658.51985397364479,-355499.97107276378665
0.51589352125263288062,158.76440428079931166,-355658.73548943788046,-355499.97108515707077
0.51682309093689660084,159.1380903683451038,-355659.10919090622338,-355499.97110053786309
0.51769078781545063705,159.61406729436819774,-355659.58522724418435,-355499.97115994984051
0.51851100371876845951,160.13416603894225432,-355660.10530145093799,-355499.9711354119936
0.51929403103422344667,160.67266862500480329,-355660.64381604548544,-355499.97114742046688
0.52004749384046133898,161.22312812603405519,-355661.19428488390986,-355499.9711567578488
0.5207771976821696791,161.77033947827666793,-355661.74150389840361,-355499.97116442013066
0.52148767113847427357,162.29423981204988081,-355662.265514540195,-355499.97127472813008
0.52218253078237408804,162.78299208533931619,-355662.75427016237518,-355499.97127807704965
0.52286471545164370234,163.24716281638561099,-355663.2184427974862,-355499.97127998108044
0.52353664736212024433,163.68455411470625904,-355663.65583496261388,-355499.97128084790893
0.52420034824119687844,164.09442035733206922,-355664.06570108263986,-355499.9712807253236
0.52485752492537074421,164.47717090990062161,-355664.44845081033418,-355499.97127990040462
0.52550963384269289147,164.83400581691941511,-355664.80528460803907,-355499.97127879114123
0.52615793080832462536,165.14109784214952015,-355665.11428852111567,-355499.97319067898206
0.5268042316108291212,165.38988074667341266,-355665.36307091999333,-355499.97319017333211
0.52745026821339802137,165.63270241554215545,-355665.60585357045056,-355499.97315115493257
0.52809651611108932023,165.84323823243718721,-355665.81611084821634,-355499.97287261579186
0.52874344867333378239,166.04688072761345552,-355666.01975336333271,-355499.97287263569888
0.52939152743316908456,166.24576657062061713,-355666.21863953949651,-355499.97287296887953
0.53004121049693864176,166.43446579154215215,-355666.40733831503894,-355499.97287252347451
0.53069296274368293886,166.605627144227185,-355666.57849997183075,-355499.97287282760954
0.53134726622120376227,166.76943754045231572,-355666.74231097567827,-355499.97287343523931
0.53200463130907282849,166.88239977393061508,-355666.85408185678534,-355499.97168208286166
0.53266681533204829346,166.94387232259140319,-355666.91555540007539,-355499.97168307745596
0.53333578649247803671,166.9825090627608688,-355666.95419278100599,-355499.9716837182641
0.53401290727287142879,166.99785617718495701,-355666.9695401347708,-355499.971683957614
0.53469977267845236746,166.99010440416591905,-355666.96178778284229,-355499.97168337868061
0.53539826791707367803,166.96054850676412684,-355666.93223019898869,-355499.97168169223005
0.53611064296382615613,166.89847959606871086,-355666.87014678493142,-355499.97166718886001
0.53683960872640901218,166.82011843702474607,-355666.79178009007592,-355499.97166165307863
0.53758846378374924857,166.74001356357845793,-355666.71166802244261,-355499.97165445884457
0.53836126656550142844,166.67077795881567681,-355666.64242367690895,-355499.97164571809117
0.53916309203852896825,166.6290739588226586,-355666.60070923890453,-355499.97163528006058
